   1               		.file	"Descriptors.c"
   2               	__SP_H__ = 0x3e
   3               	__SP_L__ = 0x3d
   4               	__SREG__ = 0x3f
   5               	__tmp_reg__ = 0
   6               	__zero_reg__ = 1
   7               		.text
   8               	.Ltext0:
   9               		.section	.gnu.lto_.profile.8e8c72cfa7c7e9a0,"",@progbits
  10 0000 789C 6366 		.string	"x\234cf```a\200"
  10      6060 6061 
  10      8000 
  11 000a 4606 6129 		.string	"F\006a)"
  11      00
  12 000f 00        		.string	""
  13 0010 B400      		.string	"\264"
  14 0012 36        		.ascii	"6"
  15               		.text
  16               		.section	.gnu.lto_.jmpfuncs.8e8c72cfa7c7e9a0,"",@progbits
  17 0000 789C 6366 		.string	"x\234cf\300\016\270\2414#\0033###k=C=\003"
  17      C00E B8A1 
  17      3423 0333 
  17      2323 236B 
  17      3D43 3D03 
  18 0015 04CB 0119 		.ascii	"\004\313\001\031"
  19               		.text
  20               		.section	.gnu.lto_.inline.8e8c72cfa7c7e9a0,"",@progbits
  21 0000 789C 6366 		.string	"x\234cf\300\016\344\2404#\003\203\f\027##\210f\346\275\300\313\300\336\241\316\304\240r%\
  21      C00E E4A0 
  21      3423 0383 
  21      0C17 2323 
  21      8866 E6BD 
  22 0023 2D63 034E 		.ascii	"-c\003N"
  23               		.text
  24               		.section	.gnu.lto_.pureconst.8e8c72cfa7c7e9a0,"",@progbits
  25 0000 789C 6366 		.string	"x\234cf```f\200"
  25      6060 6066 
  25      8000 
  26 000a 4606 2B00 		.string	"F\006+"
  27 000e 00        		.string	""
  28 000f 9A00      		.string	"\232"
  29 0011 42        		.ascii	"B"
  30               		.text
  31               		.section	.gnu.lto_CALLBACK_USB_GetDescriptor.8e8c72cfa7c7e9a0,"",@progbits
  32 0000 789C 9556 		.string	"x\234\225VklTE\024\2363s\367\356\335G\273}hb\370S\022B\210\021\024\377\370O\243\2111\361\
  32      6B6C 5445 
  32      149E 3373 
  32      F7EE DD47 
  32      BB7D 6862 
  33 00a5 F4C2 802D 		.ascii	"\364\302\200-\346B\263\351v\264,\206\233\274\207\303\221\253"
  33      E642 B3E9 
  33      76B4 2C86 
  33      9BBC 87C3 
  33      91AB 
  34 00b7 03BD EE4E 		.ascii	"\003\275\356N\036\344,\205as\335\271\353}\202\232\300\251y\270"
  34      1EE4 2C85 
  34      6173 DDB9 
  34      EB7D 829A 
  34      C0A9 79B8 
  35 00cb F2F0 16CF 		.ascii	"\362\360\026\317\224\357L\323wo\327\340G\205\305\323\203\234"
  35      94EF 4CD3 
  35      776F D7E0 
  35      4785 C5D3 
  35      839C 
  36 00dd B35E CEA0 		.ascii	"\263^\316\240\022&@\025L\2401\267\301\024\364\274\263\351\302"
  36      1226 4015 
  36      4CA0 31B7 
  36      C114 F4BC 
  36      B3E9 C2
  37 00f0 525D A402 		.ascii	"R]\244\002\241v4\327\\vN\336l\226\370\002w\212\315\211\020\344"
  37      A176 34D7 
  37      5C76 4EDE 
  37      6C96 F802 
  37      778A CD89 
  38 0106 02BE 0711 		.ascii	"\002\276\007\021\215C\023\203\3550\031\275\2175\036\251t\213"
  38      8D43 1383 
  38      ED30 19BD 
  38      8F35 1EA9 
  38      748B 
  39 0118 A724 B261 		.ascii	"\247$\262a\273\277\315-\221m\177\337X\307Mw\220kP\255\240S'\300"
  39      BBBF CD2D 
  39      916D 7FDF 
  39      58C7 4D77 
  39      906B 50AD 
  40 0130 D304 D418 		.ascii	"\323\004\324\030\374 \201\335\3655gAdH"
  40      FC20 81DD 
  40      F535 6741 
  40      6448 
  41 013e 6075 F3E6 		.string	"`u\363\346B\207\002^<\320*\2016\3701>\246\215\301\016\230L\376\027wu\034p\213\347%v\331\3
  41      4287 025E 
  41      3CD0 2A81 
  41      36F8 313E 
  41      A68D C10E 
  42 023f 9376 A405 		.string	"\223v\244\005\314Phw\367\232\252g\264'\200Q\212\321\013\223,\200V\201\206\265i\330\360\34
  42      CC50 6877 
  42      F79A AA67 
  42      B427 8051 
  42      8AD1 0B93 
  43 02f8 9BD5 42C0 		.ascii	"\233\325B\300\251G\217\252\300\017+\363\nL#\310\235\214\365q"
  43      A947 8FAA 
  43      C00F 2BF3 
  43      0A4C 23C8 
  43      9D8C F571 
  44 030c 99E6 6634 		.ascii	"\231\346f4b\367\311u[\363=4\236&k\356\356\352\325\247\234\312"
  44      62F7 C975 
  44      5BF3 3D34 
  44      9E26 6BEE 
  44      EEEA D5A7 
  45 0322 BBAD 7B0E 		.ascii	"\273\255{\016\372\303~\214\321\307\201 \007\024\344x[\243_\356"
  45      FAC3 7E8C 
  45      D1C7 8120 
  45      0714 E478 
  45      5BA3 5FEE 
  46 0336 819A DCF4 		.ascii	"\201\232\334\364\266\227_\331l\005\250\030\264\023\344\240\204"
  46      B697 5FD9 
  46      6C05 A818 
  46      B413 E4A0 
  46      84
  47 0347 C845 7248 		.ascii	"\310ErHAvl|0\f\022\"\bRw\252d\271nAB\022rXB\004A\216 \204\221"
  47      4176 6C7C 
  47      300C 1222 
  47      0852 77AA 
  47      64B9 6E41 
  48 0366 1482 35A5 		.ascii	"\024\2025\245\213\363\220\227B\223!\n\224\214\036\177r8?8\320"
  48      8BF3 9097 
  48      4293 210A 
  48      948C 1E7F 
  48      7238 3F38 
  49 037b D7FE 963A 		.ascii	"\327\376\226:\341\0354Kin\256!\234;\213\316\221K6\267\371\277"
  49      E11D 344B 
  49      696E AE21 
  49      9C3B 8BCE 
  49      914B 36B7 
  50 0391 AC83 0D50 		.ascii	"\254\203\rP\226WB^n8\n^8F\005\212}\033\333\253J]r\200\3004\364"
  50      9657 425E 
  50      6E38 0A5E 
  50      3846 058A 
  50      7D1B DBAB 
  51 03ac 873F D111 		.ascii	"\207?\321\0219\034\007\257\214\326kES\271_\326\365\215\337E\343"
  51      391C 07AF 
  51      8CD6 6B45 
  51      53B9 5FD6 
  51      F58D DF45 
  52 03c1 1A69 0C4E 		.ascii	"\032i\fN\310\022\277\216!cXr\211\033\360$\"\2314\204\333j\f\311"
  52      C812 BF8E 
  52      2163 5872 
  52      891B F024 
  52      2299 3484 
  53 03d9 A451 4826 		.ascii	"\244QH&\303I$yjT\222IpZ\221l\261"
  53      C349 2479 
  53      6A54 9249 
  53      705A 916C 
  53      B1
  54 03ea 480E C690 		.string	"H\016\306\220l\277v\277T\nj\274\304\340\214E\322\026KR`\325\344\017\274\306\372y\272\252\
  54      6CBF 76BF 
  54      540A 6ABC 
  54      C4E0 8C45 
  54      D216 4B52 
  55 04eb 5D5C 064E 		.string	"]\\\006N7\3315\332|: C%b\247\031t\241\005n"
  55      37D9 35DA 
  55      7C3A 2043 
  55      2562 A719 
  55      74A1 056E 
  56 0500 6E67 2804 		.ascii	"ng(\004t\202\206\366\222\025\025\035\316\214<P\340'\310\365F"
  56      7482 86F6 
  56      9215 151D 
  56      CE8C 3C50 
  56      E027 C8F5 
  57 0515 6175 1797 		.ascii	"au\027\227\340\233\026\270\371B~\251\203\300\267\b\214J\303m"
  57      E09B 16B8 
  57      F942 7EA9 
  57      83C0 B708 
  57      8C4A C36D 
  58 0529 D01E B3AA 		.ascii	"\320\036\263\252'V\206\312g\237\265\027;\310B\016V\311\367S\276"
  58      2756 86CA 
  58      679F B517 
  58      3BC8 420E 
  58      56C9 F753 
  59 053e 5073 7BAC 		.ascii	"Ps{\254\346v\251yy\332\030\222;G\315\363\23514\356R"
  59      E676 A979 
  59      79DA 1892 
  59      3B47 CDF3 
  59      9D31 34EE 
  60 0553 1ADF 0D6B 		.string	"\032\337\rk\274\377P\274\306x\310\320\021\023\326\270\233\030'\215;\366\275D\032\367$\324
  60      BCFF 50BC 
  60      C678 C8D0 
  60      1113 D6B8 
  60      9B18 278D 
  61 0654 DEB9 78F5 		.ascii	"\336\271x\365PV\214\232m\003\225\256\360\355\002Vp\2578(b\373"
  61      5056 8C9A 
  61      6D03 95AE 
  61      F0ED 0256 
  61      70AF 3828 
  62 066a 1F51 BF3A 		.ascii	"\037Q\277:\330a%\367j\361\375\313o\272\302\033;|\301\275z\247"
  62      D861 25F7 
  62      6AF1 FDCB 
  62      6FBA C21B 
  62      3B7C C1BD 
  63 0680 C030 B611 		.ascii	"\3000\266\021a\312,7J\275\237{\215\316\270a\374V?e\267\204{\355"
  63      61CA 2C37 
  63      4ABD 9F7B 
  63      8DCE B861 
  63      FC56 3F65 
  64 0698 9DA2 03D3 		.ascii	"\235\242\003\323\207w@^?\224E\367\021\261>\224MG\276\326\262"
  64      8777 405E 
  64      3F94 45F7 
  64      11B1 3E94 
  64      4D47 BED6 
  65 06ad 1877 45FD 		.ascii	"\030wE\375\350\252E\324k\303^L\256qt\315\"\\G\366\2025\200\327"
  65      E8AA 45D4 
  65      6BC3 5E4C 
  65      AE71 74CD 
  65      225C 47F6 
  66 06c5 5DA0 2CE3 		.ascii	"]\240,\343\224\223_\315\314\235\225\363q\366\274Osr\237\235\305"
  66      9493 5FCD 
  66      CC9D 95F3 
  66      71F6 BC4F 
  66      7372 9F9D 
  67 06da F485 EFCC 		.ascii	"\364\205\357\314\314\232\237\251/|\375\223\331\231\237\245F:"
  67      CC9A 9FA9 
  67      2F7C FD93 
  67      D999 9FA5 
  67      463A 
  68 06ec 5F99 3D3B 		.ascii	"_\231=;'377\312\375\355E\331\231)\221\346\033\363\347~\230\231"
  68      2733 3737 
  68      CAFD ED45 
  68      D999 2991 
  68      E61B F3E7 
  69 0703 63B7 FCB4 		.ascii	"c\267\374\264\031\037\177\236i|\360\301Ll>\377\002\276\240q~"
  69      191F 7F9E 
  69      697C F0C1 
  69      4C6C 3EFF 
  69      02BE A071 
  70 0718 D63C 7756 		.ascii	"\326<wV\366\334\211\223\247O\235\370\236\323\301\304\2139\214"
  70      F6DC 8993 
  70      A74F 9DF8 
  70      9ED3 C1C4 
  70      8B39 8C
  71 072b 7FCE FE05 		.ascii	"\177\316\376\005\225I<j"
  71      9549 3C6A 
  72               		.text
  73               		.section	.gnu.lto_.symbol_nodes.8e8c72cfa7c7e9a0,"",@progbits
  74 0000 789C 2DC5 		.string	"x\234-\305\333\r@@\020"
  74      DB0D 4040 
  74      1000 
  75 000a C0B1 E712 		.ascii	"\300\261\347\022=)n;\020%\320\212\347\237\232\304\305\374L\301"
  75      3D29 6E3B 
  75      1025 D08A 
  75      E79F 9AC4 
  75      C5FC 4CC1 
  76 001e E817 B764 		.ascii	"\350\027\267d~\3104-\203z\260F\252\247\256}\211\366\246\264w"
  76      7EC8 342D 
  76      837A B046 
  76      AAA7 AE7D 
  76      89F6 A6B4 
  77 0033 FDB7 17D4 		.ascii	"\375\267\027\324\330\016\272"
  77      D80E BA
  78               		.text
  79               		.section	.gnu.lto_.refs.8e8c72cfa7c7e9a0,"",@progbits
  80 0000 789C 6366 		.string	"x\234cf``\220f\200"
  80      6060 9066 
  80      8000 
  81 000a 0E06 2646 		.string	"\016\006&F\021&&\031&f\025&\026-&V-&F-&f-&&-\006"
  81      1126 2619 
  81      2666 1526 
  81      162D 2656 
  81      2D26 462D 
  82 0026 140E 0172 		.ascii	"\024\016\001r"
  83               		.text
  84               		.section	.gnu.lto_.decls.8e8c72cfa7c7e9a0,"",@progbits
  85 0000 789C AD5A 		.string	"x\234\255ZyTTW\232\257\373.kQ\200\221\004m\346\314\304\220ib\322i\315\344t;\351\177fbt\24
  85      7954 5457 
  85      9AAF FB2E 
  85      6B51 8091 
  85      046D E6CC 
  86 00a3 E82C 60CE 		.string	"\350,`\316\001\235\007\372\024\312e@+\200>\224\344\324B}0P\035P\032P=\320\025\250o\200g#\
  86      019D 07FA 
  86      14CA 6540 
  86      2B80 3E94 
  86      E4D4 427D 
  87 00cd 3AE7 A213 		.ascii	":\347\242\023\223\321\t\205.\240n\240K\304\251\327e\306\007\250"
  87      93D1 0985 
  87      2EA0 6EA0 
  87      4BC4 A9D7 
  87      65C6 07A8 
  88 00e1 8728 F576 		.ascii	"\207(\365v\375\334\023H\323\215\251\373\272\021\201\370i\347"
  88      FDDC 1348 
  88      D38D A9FB 
  88      BA11 81F8 
  88      69E7 
  89 00f3 B062 EAA5 		.ascii	"\260b\352\245\233\023\024\212:\255\300\212{\032\323\266\271S"
  89      9B13 148A 
  89      3AAD C08A 
  89      7B1A D3B6 
  89      B953 
  90 0105 81B0 EF19 		.ascii	"\201\260\357\031\311\327;\265o\347\212\242\030/\232\243\234\034"
  90      C9D7 3BB5 
  90      6FE7 8AA2 
  90      182F 9AA3 
  90      9C1C 
  91 0117 D61D 3DBD 		.ascii	"\326\035=\275\305\023\272\254\320bq\337\350\324\t/,\332\355\024"
  91      C513 BAAC 
  91      D062 71DF 
  91      E8D4 092F 
  91      2CDA ED14 
  92 012b 2A84 E4BA 		.ascii	"*\204\344\272\341lw\022\242\315\204\236\266\334\351\270y\242"
  92      E16C 7712 
  92      A2CD 849E 
  92      B6DC E9B8 
  92      79A2 
  93 013d 2890 02A2 		.ascii	"(\220\002\242%9\204\222\\\3626\263\207\365e\237xQ\\/\266\213"
  93      2539 8492 
  93      5CF2 36B3 
  93      87F5 659F 
  93      7851 5C2F 
  94 0153 D6F5 8468 		.ascii	"\326\365\204hH\026\t\"\331$HC\362I\b \020K\362\240\362\030T\202"
  94      4816 0922 
  94      D924 4843 
  94      F249 0820 
  94      104B F2A0 
  95 016b A4CA CCB3 		.ascii	"\244\312\314\2636o\372[T\256{W\351&\352\006>\"\277\016B5\254"
  95      366F FA5B 
  95      54AE 7B57 
  95      E926 EA06 
  95      3E22 BF0E 
  96 0182 476E 6DD2 		.ascii	"Gnm\322\321\337c\343\217\355"
  96      D1DF 63E3 
  96      8FED 
  97 018c 8F9B FCA0 		.string	"\217\233\374\240\221X\b\345:g\235\265\357\020XM!\350p\234\270\221\"\342\206\312_\270\\\35
  97      9158 08E5 
  97      3A67 9DB5 
  97      EF10 584D 
  97      21E8 709C 
  98 028d 33F8 C056 		.string	"3\370\300Vq~<\262\006$x\240Eg\200y-\t\220]\370&\363\310[\360O\303\260\346\2068\222<\037q5
  98      717E 3CB2 
  98      0624 78A0 
  98      4567 8079 
  98      2D09 905D 
  99 02d1 46CE C370 		.ascii	"F\316\303p\235#\301\344,\t\226\202^x\224k\271KI@\310L\035I=\340"
  99      9D23 C1E4 
  99      2C09 9682 
  99      5E78 946B 
  99      B94B 4940 
 100 02eb 67EB 8B5A 		.ascii	"g\353\213Z\264\324A\310\325\001\302\352\214\027\246\224<\245"
 100      B4D4 41C8 
 100      D501 C2EA 
 100      8C17 A694 
 100      3CA5 
 101 02fd CCED 966A 		.ascii	"\314\355\226j_Z\316]\324\275}\353M\177Z\303\013\023\367;;\265"
 101      5F5A CE5D 
 101      D4BD 7DEB 
 101      4D7F 5AC3 
 101      0B13 F73B 
 102 0313 1085 1F6A 		.ascii	"\020\205\037jE\361\251\035?\344\377\240\276\246\364\207<\212"
 102      45F1 A91D 
 102      3FE4 FFA0 
 102      BEA6 F487 
 102      3C8A 
 103 0325 F576 1E9E 		.ascii	"\365v\036\2367\273'z\b\321\206\304s\005U3\252\025\264\372P\n"
 103      37BB 277A 
 103      08D1 86C4 
 103      7305 5533 
 103      AA15 B4FA 
 104 033b C026 A86C 		.ascii	"\300&\250l\206J\234\237)q\203\037l\020\027\220\026\360d\243S"
 104      864A 9C9F 
 104      2971 831F 
 104      6C10 1790 
 104      16F0 64A3 
 105 0350 B90F B50E 		.ascii	"\271\017\265\016\335\n~\3549\346\247ua\013\271\302\305gm\004"
 105      DD0A 7EEC 
 105      39E6 A775 
 105      610B B9C2 
 105      C567 6D04 
 106 0364 A0E8 75C0 		.ascii	"\240\350u\300\016ol\315\365\230\273\235a\341\337\034\302\330"
 106      0E6F 6CCD 
 106      F598 BB9D 
 106      61E1 DF1C 
 106      C2D8 
 107 0376 6250 B493 		.ascii	"bP\264\223\2712\226\341F\216==\353C\307y\024\234\254\311\375"
 107      B932 96E1 
 107      468E 3D3D 
 107      EB43 C779 
 107      149C ACC9 
 108 038b 1504 4140 		.ascii	"\025\004A@\210\231)TqsP\227\276^\034\370\023\353C.\200J\235\350"
 108      8899 2954 
 108      7173 5097 
 108      BE5E 1CF8 
 108      13EB 432E 
 109 03a3 2849 9C1C 		.ascii	"(I\234\034\001\342\300\326\342\t\262Q<\376\016\372\265\201\343"
 109      01E2 C0D6 
 109      E209 B251 
 109      3CFE 0EFA 
 109      B581 E3
 110 03b6 9C06 3BC3 		.ascii	"\234\006;\303`\007\327F5\324\235\322pu\201c:`\270.\272\016Wb"
 110      6007 D746 
 110      35D4 9DD2 
 110      7075 8163 
 110      3A60 B82E 
 111 03ce F15A 96B3 		.ascii	"\361Z\226\263:\237\t\033P=;m\333\204?\0251E\n%\242\315\342KB"
 111      3A9F 091B 
 111      503D 3B6D 
 111      DB84 3F15 
 111      3145 0A25 
 112 03e7 02B0 576E 		.ascii	"\002\260Wn\361\374\367\311e\340\333\355\364c\247<\3103iA.\201"
 112      F1FC F7C9 
 112      65E0 DBED 
 112      F463 A73C 
 112      C833 6941 
 113 03fd F0D9 1401 		.ascii	"\360\331\024\001Q\305\375\347\017\351\002\244\236;g\353\251Q"
 113      51C5 FDE7 
 113      0FE9 02A4 
 113      9E3B 67EB 
 113      A951 
 114 040f 773B 5F6E 		.ascii	"w;_n\331Mh2O\342\247\n&Z|0\335/`\305\362\235\365\311\036\230"
 114      D94D 6832 
 114      4FE2 A70A 
 114      265A 7C30 
 114      DD2F 60C5 
 115 0429 EE31 3314 		.ascii	"\35613\024Mn\375\037\232\305\221\335\225w\207\335X\212\354\227"
 115      4D6E FD1F 
 115      9AC5 91DD 
 115      9577 87DD 
 115      588A EC97 
 116 043d 93A6 0C0E 		.ascii	"\223\246\f\016\344\340\244\202\314\373\376Xdi\236T\355H\177\350"
 116      E4E0 A482 
 116      CCFB FE58 
 116      6469 9E54 
 116      ED48 7FE8 
 117 0451 BBE4 8418 		.ascii	"\273\344\204\030o\236\203C\300\202\376\032\350\007\201O\006x"
 117      6F9E 8343 
 117      C082 FE1A 
 117      E807 814F 
 117      0678 
 118 0463 7EB3 F427 		.ascii	"~\263\364'Uyc\220&x\261\262\355lW\201'v\361\302\321}+\210\334"
 118      5579 6390 
 118      2678 B1B2 
 118      ED6C 5781 
 118      2776 F1C2 
 119 047c E0C8 E66B 		.ascii	"\340\310\346k\027\263\251\304\354\n0c&]'K\230Yd\220,\301\330"
 119      17B3 A9C4 
 119      EC0A 3063 
 119      265D 274B 
 119      9859 6490 
 120 0493 BAF5 64D2 		.ascii	"\272\365d\322\353\365C\242\315l\353\315\270\361\375n\226\212"
 120      EBF5 43A2 
 120      CD6C EBCD 
 120      B8F1 FD6E 
 120      968A 
 121 04a5 C429 FBAB 		.ascii	"\304)\373\253\257b\207\036\356s\322\013\032\364\001]e\211\255"
 121      AF62 871E 
 121      EE73 D20B 
 121      1AF4 015D 
 121      6589 AD
 122 04b8 8759 4286 		.ascii	"\207YB\206\240?\271I^\007\036\265}U\331:Z\314\rnN\311\314\344"
 122      A03F B949 
 122      5E07 1EB5 
 122      7D55 D93A 
 122      5ACC 0D6E 
 123 04d0 2BA1 190D 		.ascii	"+\241\031\r\262\227\\\272N\3207\277\233\331\037Y\245C\335\004"
 123      B297 5CBA 
 123      4ED0 37BF 
 123      9BD9 1F59 
 123      A543 DD04 
 124 04e4 1DF0 2EF6 		.ascii	"\035\360.\366\257\033M\364T9\340\266\322\001\351\235\266\021"
 124      AF1B 4DF4 
 124      5439 E0B6 
 124      D201 E99D 
 124      B611 
 125 04f6 B757 6B85 		.ascii	"\267Wk\205t1y\001\316\001\026@"
 125      7431 7901 
 125      CE01 1640 
 126 0502 035B 327C 		.string	"\003[2|U\246\216J\246\336!\257b\3024\357\032\240h\252y\377\033\311\020Zv;\267\362\226d\34
 126      55A6 8E4A 
 126      A6DE 21AF 
 126      62C2 34EF 
 126      1AA0 68AA 
 127 0603 6FDB 3A7D 		.string	"o\333:}\257\205\363\324bz\357\370y\314\235\336\226xn\264%h\261M\307\212\243\rI\327\005:\3
 127      AF85 F3D4 
 127      627A EFF8 
 127      79CC 9DDE 
 127      9678 6EB4 
 128 06f3 4A07 DA07 		.ascii	"J\007\332\007\224\006\264\013(\005h\017\320^\240\235@;\200v\003"
 128      9406 B40B 
 128      2805 680F 
 128      D05E A09D 
 128      403B 8076 
 129 0708 6D17 F892 		.ascii	"m\027\370\222\202\266mq\330\366Ti\233\235(7\\O\330\206\013\332"
 129      82B6 6D71 
 129      D8F6 5469 
 129      9B9D 2837 
 129      5C4F D886 
 130 071e 552B 27DA 		.ascii	"U+'\332\262\271!\016mal\036)\331\364\021\245/\023\034n\237V;"
 130      B2B9 210E 
 130      6D61 6C1E 
 130      29D9 F411 
 130      A52F 131C 
 131 0736 C865 23C0 		.ascii	"\310e#\300\322\325\346=G\275i-F\264\360`\247\265\310[\336\245"
 131      D2D5 E63D 
 131      47BD 692D 
 131      46B4 F060 
 131      A7B5 C85B 
 132 074c A99C 410E 		.ascii	"\251\234A\016\201\017\376\026\376\340;\272\006\330\321\231\201"
 132      810F FE16 
 132      FEE0 3BBA 
 132      06D8 D199 
 132      81
 133 075d DB41 C1B1 		.ascii	"\333A\301\261\3303\253\345Ex_\365\225V\345\332=\223\036\232\277"
 133      D833 ABE5 
 133      4578 5FF5 
 133      9556 E5DA 
 133      3D93 1E9A 
 134 0772 5A09 B63C 		.ascii	"Z\t\266<7\247\037w\243W\335fY\275\345|\030\310\363a]\372H\221"
 134      37A7 1F77 
 134      A357 DD66 
 134      59BD E57C 
 134      18C8 F361 
 135 078a 1B16 116F 		.ascii	"\033\026\021o\313\332{\305G\225\326\217\b<\255\037\0250\255["
 135      CBDA 7BC5 
 135      4795 D68F 
 135      083C AD1F 
 135      1530 AD5B 
 136 079e C7A6 9BB4 		.ascii	"\307\246\233\264x\260\333.\270\036\025\003\371QQ\316r\201<\313"
 136      78B0 DB2E 
 136      B81E 1503 
 136      F951 51CE 
 136      7281 3CCB 
 137 07b2 4D95 25B6 		.ascii	"M\225%\266\271#z\0243b\331\350\205\022_,7\275\357*\177\005\227"
 137      B923 7A14 
 137      3362 D9E8 
 137      8512 5F2C 
 137      37BD EF2A 
 138 07c9 DFD7 7F71 		.ascii	"\337\327\177q\212\037\266"
 138      8A1F B6
 139 07d0 FAB0 7C6F 		.string	"\372\260|o\330\232(\240>#\204\034\006\3570\307d\tK\3209\331\240\030sP\016<\231\223\330\02
 139      D89A 28A0 
 139      3E23 841C 
 139      06EF 30C7 
 139      6409 4BD0 
 140 08a6 9ED0 4382 		.string	"\236\320C\202]\347E18\341\004\346\217\niR\234\205\300\254\001\267T\002\235\001\252\002:\0
 140      5DE7 4531 
 140      38E1 04E6 
 140      8F0A 6952 
 140      9C85 C0AC 
 141 09a3 5D02 EA02 		.string	"]\002\352\002\352"
 141      EA00 
 142 09a9 6A75 5DA7 		.string	"ju]\247No\225#\243A)N\035\224\r\016`\263\022\250^\211*\034\300F%\260I\025\224-[]\227\310\
 142      4E6F 9523 
 142      A341 294E 
 142      1D94 0D0E 
 142      60B3 12A8 
 143 0a86 EFDC 00   		.string	"\357\334"
 144 0a89 1A72 895B 		.string	"\032r\211[\361\007\361\035\212\352\365\t\234\365\263a\313<)\262{\211\3533\215\261(nd,\300
 144      F107 F11D 
 144      8AEA F509 
 144      9CF5 B361 
 144      CB3C 29B2 
 145 0b80 2F4C 3FEE 		.ascii	"/L?\356\312p\2479\274pr\304\366\310\223\226`\301s\250}C\212?"
 145      CA70 A739 
 145      BC70 72C4 
 145      F6C8 9396 
 145      60C1 73A8 
 146 0b98 C1B3 6770 		.ascii	"\301\263gp\b\337jl\314\322\035\210g\327\201\314\332)P\325>{N"
 146      08DF 6A6C 
 146      CCD2 1D88 
 146      67D7 81CC 
 146      DA29 50D5 
 147 0baf CFB5 BC   		.ascii	"\317\265\274"
 148 0bb2 0C40 3C34 		.string	"\f@<4H@\207M\352\254~\3202G\342\371P\311\263i\346e\351\001\214\r\317\343vil\326\323\020\"
 148      4840 874D 
 148      EAAC 7ED0 
 148      3247 E2F9 
 148      50C9 B369 
 149 0cb3 DA03 B417 		.ascii	"\332\003\264\027h\227K\020\230\323\231L6\273"
 149      6897 4B10 
 149      98D3 994C 
 149      36BB 
 150 0cc1 26D4 327F 		.string	"&\3242\177V&1\363\001\206d\303\265\221r\244cX6Q%r\377 K,,}\335\225\231JI\225\374\244b\232
 150      5626 31F3 
 150      0186 64C3 
 150      B591 72A4 
 150      6358 3651 
 151 0dc2 71ED 12DB 		.string	"q\355\022\333\213\322\363\202$\356\222$\276KzvH\365\255\034\347zU\033\310\257j\017\r66\36
 151      8BD2 F382 
 151      24EE 9224 
 151      BE4B 7A76 
 151      48F5 AD1C 
 152 0eb9 27B6 EE0C 		.ascii	"'\266\356\f\200\266l\3559\teX\177\344\237\316_ \006\345\253\366"
 152      80B6 6CED 
 152      3909 6558 
 152      7FE4 9FCE 
 152      5F20 06E5 
 153 0ecf 407E D5DE 		.ascii	"@~\325\336\336_\336\245S\207d\251\024\222l\340]C2G\n\3112\312"
 153      DE5F DEA5 
 153      5387 64A9 
 153      1492 6CE0 
 153      5D43 3247 
 154 0ee7 4392 D577 		.ascii	"C\222\325wHO\227\220|\001\027\310?\247\254\340?\247\334-n\235"
 154      484F 9790 
 154      7C01 17C8 
 154      3FA7 ACE0 
 154      3FA7 DC2D 
 155 0efd F456 995C 		.ascii	"\364V\231\\.\231\314\002\346\251$\234\231|Z2Y\032\251\027\020"
 155      2E99 CC02 
 155      E6A9 249C 
 155      997C 5A32 
 155      591A A917 
 156 0f12 D69A 6096 		.ascii	"\326\232`\226\246\310\006\364wQ\306\221\022o\024\216wpq\275\r"
 156      A6C8 06F4 
 156      7751 C691 
 156      126F 148E 
 156      7770 71BD 
 157 0f27 47D5 FEAE 		.ascii	"G\325\376\256\224\204WQ\245\360j\245\360K[\246\246x\002\252'"
 157      9484 5751 
 157      A5F0 6AA5 
 157      F04B 5BA6 
 157      A678 02AA 
 158 0f3c 240D FAB2 		.ascii	"$\r\372\262Dw\030\372\262d\227\tO\226\360r\341\311\222^\001<"
 158      4477 18FA 
 158      B264 9709 
 158      4F96 F072 
 158      E1C9 925E 
 159 0f52 59E2 B3C0 		.ascii	"Y\342\263\300\223%\277\022x\262\004x\n\236,\tV\300\023\022!\261"
 159      9325 BF12 
 159      78B2 0478 
 159      0A9E 2C09 
 159      56C0 1312 
 160 0f68 F2B8 EADA 		.ascii	"\362\270\352\332 \246\270\313\367o\243k\3678\177\331c\202\366"
 160      20A6 B8CB 
 160      F76F A36B 
 160      F738 7FD9 
 160      6382 F6
 161 0f7b F3EC 2EE7 		.ascii	"\363\354.\347[\222N\3354\254\022\262}\r\364'g(\273\177;S\330"
 161      5B92 4EDD 
 161      34AC 12B2 
 161      7D0D F427 
 161      6728 BB7F 
 162 0f92 5DEA AB95 		.ascii	"]\352\253\225^'9\367\227_'!g\251"
 162      5E27 39F7 
 162      975F 2721 
 162      67A9 
 163 0fa0 9639 A8A9 		.ascii	"\2269\250\251\362\201\227Vze\343\334_ze\203\234\303N\r\351\233"
 163      F281 9756 
 163      7A65 E3DC 
 163      5F7A 6583 
 163      9CC3 4E0D 
 164 0fb6 F6FA CBAF 		.ascii	"\366\372\313\257m\234\233\355\265\rr\236\352X\036/\272vP\247"
 164      6D9C 9BED 
 164      B50D 729E 
 164      EA58 1E2F 
 164      BA76 50A7 
 165 0fca 78C7 E3B0 		.ascii	"x\307\343\260\3136PCj)G\327\"\272n\360`\247\207\002\315\\\340"
 165      CB36 5043 
 165      6A29 47D7 
 165      22BA 6EF0 
 165      60A7 8702 
 166 0fe1 44D7 49E8 		.ascii	"D\327I\350:D\017\354\2752\250D_!\256\350z\t]\217\350\215\345"
 166      3A44 0FEC 
 166      BD32 A844 
 166      5F21 AEE8 
 166      7A09 5D8F 
 167 0ff8 A35D EE01 		.ascii	"\243]\356\001\322\013\f;"
 167      D20B 0C3B 
 168 1000 677B 8141 		.string	"g{\201A\243x{\2014\320"
 168      A378 7B81 
 168      34D0 00
 169 100b 3462 A85B 		.ascii	"4b\250[P\b\002O\270\bj\224\0045\242\240\372\274\364?\321\013"
 169      5008 024F 
 169      B808 6A94 
 169      0435 A2A0 
 169      FABC F43F 
 170 1021 DEFC C7FD 		.ascii	"\336\374\307\375\206\311"
 170      86C9 
 171 1027 2DFE 2424 		.string	"-\376$$(\b\337\233\211\027\027\2206\350\331D\251s\221\327$C\375\324\277\262\006\370\352\2
 171      2808 DF9B 
 171      8917 1790 
 171      36E8 D944 
 171      A973 91D7 
 172 1128 C8A2 AF34 		.string	"\310\242\2574\236\206h\203!6*j\356\267aFCh\254!6F\037\021j\324\307\304F\231<\031\227\367B
 172      9E86 6883 
 172      2136 2A6A 
 172      EEB7 6146 
 172      4368 AC21 
 173 1173 6755 E80A 		.ascii	"gU\350\n}X\204\336\030jr[\035\371g\275\333g\337\257\325\377="
 173      7D58 84DE 
 173      186A 725B 
 173      1DF9 67BD 
 173      DB67 DFAF 
 174 118a 207E BBDC 		.ascii	" ~\273\334\030\371\215\336\030\263x\265)\302\265\377W\032\017"
 174      18F9 8DDE 
 174      18B3 78B5 
 174      29C2 B5FF 
 174      571A 0F
 175 119d DEC1 F3DB 		.ascii	"\336\301\363\333\360\257\302\240\333BT;*\362\213\305k\302\303"
 175      F0AF C2A0 
 175      DB42 543B 
 175      2AF2 8BC5 
 175      6BC2 C3
 176 11b0 51FD DF2D 		.ascii	"Q\375\337-\372\303\242w]\215\210\320\177\t\375|?7D\206GG\350"
 176      FAC3 A277 
 176      5D8D 88D0 
 176      7F09 FD7C 
 176      3F37 4486 
 177 11c7 579B      		.ascii	"W\233"
 178 11c9 8C91 8635 		.string	"\214\221\2065j-xm\250\311\357\2430\303\232\330\2605\022\314'4t\2551z\315\327\372\257CC\34
 178      6A2D 786D 
 178      A8C9 EFA3 
 178      30C3 9AD8 
 178      B035 12CC 
 179 12ca 0582 6BF6 		.string	"\005\202k\366\212\262\227\244\366\034^\273\324\004\316\376\"\326\004]?\016\373nU\364\267z
 179      8AB2 97A4 
 179      F61C 5EBB 
 179      D404 CEFE 
 179      22D6 045D 
 180 138f 6BC0 DA4F 		.ascii	"k\300\332OcM2j\256\\\267\322\321\361\037\236\033*\246y\212\262"
 180      634D 326A 
 180      AE5C B7D2 
 180      D1F1 1F9E 
 180      1B2A A679 
 181 13a5 13E7 C6D2 		.ascii	"\023\347\306\322\301\377\003g\214\223\212"
 181      C1FF 0367 
 181      8C93 8A
 182               		.text
 183               		.section	.gnu.lto_.symtab.8e8c72cfa7c7e9a0,"",@progbits
 184 0000 4341 4C4C 		.string	"CALLBACK_USB_GetDescriptor"
 184      4241 434B 
 184      5F55 5342 
 184      5F47 6574 
 184      4465 7363 
 185 001b 00        		.string	""
 186 001c 00        		.string	""
 187 001d 00        		.string	""
 188 001e 00        		.string	""
 189 001f 00        		.string	""
 190 0020 00        		.string	""
 191 0021 00        		.string	""
 192 0022 00        		.string	""
 193 0023 00        		.string	""
 194 0024 00        		.string	""
 195 0025 00        		.string	""
 196 0026 BF00      		.string	"\277"
 197 0028 00        		.string	""
 198 0029 00        		.string	""
 199 002a 4C61 6E67 		.string	"LanguageString"
 199      7561 6765 
 199      5374 7269 
 199      6E67 00
 200 0039 00        		.string	""
 201 003a 00        		.string	""
 202 003b 00        		.string	""
 203 003c 00        		.string	""
 204 003d 00        		.string	""
 205 003e 00        		.string	""
 206 003f 00        		.string	""
 207 0040 00        		.string	""
 208 0041 00        		.string	""
 209 0042 00        		.string	""
 210 0043 00        		.string	""
 211 0044 E500      		.string	"\345"
 212 0046 00        		.string	""
 213 0047 00        		.string	""
 214 0048 4D61 6E75 		.string	"ManufacturerString"
 214      6661 6374 
 214      7572 6572 
 214      5374 7269 
 214      6E67 00
 215 005b 00        		.string	""
 216 005c 00        		.string	""
 217 005d 00        		.string	""
 218 005e 00        		.string	""
 219 005f 00        		.string	""
 220 0060 00        		.string	""
 221 0061 00        		.string	""
 222 0062 00        		.string	""
 223 0063 00        		.string	""
 224 0064 00        		.string	""
 225 0065 00        		.string	""
 226 0066 EE00      		.string	"\356"
 227 0068 00        		.string	""
 228 0069 00        		.string	""
 229 006a 5072 6F64 		.string	"ProductString"
 229      7563 7453 
 229      7472 696E 
 229      6700 
 230 0078 00        		.string	""
 231 0079 00        		.string	""
 232 007a 00        		.string	""
 233 007b 00        		.string	""
 234 007c 00        		.string	""
 235 007d 00        		.string	""
 236 007e 00        		.string	""
 237 007f 00        		.string	""
 238 0080 00        		.string	""
 239 0081 00        		.string	""
 240 0082 00        		.string	""
 241 0083 F700      		.string	"\367"
 242 0085 00        		.string	""
 243 0086 00        		.string	""
 244 0087 4465 7669 		.string	"DeviceDescriptor"
 244      6365 4465 
 244      7363 7269 
 244      7074 6F72 
 244      00
 245 0098 00        		.string	""
 246 0099 00        		.string	""
 247 009a 00        		.string	""
 248 009b 00        		.string	""
 249 009c 00        		.string	""
 250 009d 00        		.string	""
 251 009e 00        		.string	""
 252 009f 00        		.string	""
 253 00a0 00        		.string	""
 254 00a1 00        		.string	""
 255 00a2 00        		.string	""
 256 00a3 3001 00   		.string	"0\001"
 257 00a6 00        		.string	""
 258 00a7 436F 6E66 		.string	"ConfigurationDescriptor"
 258      6967 7572 
 258      6174 696F 
 258      6E44 6573 
 258      6372 6970 
 259 00bf 00        		.string	""
 260 00c0 00        		.string	""
 261 00c1 00        		.string	""
 262 00c2 00        		.string	""
 263 00c3 00        		.string	""
 264 00c4 00        		.string	""
 265 00c5 00        		.string	""
 266 00c6 00        		.string	""
 267 00c7 00        		.string	""
 268 00c8 00        		.string	""
 269 00c9 00        		.string	""
 270 00ca C201 00   		.string	"\302\001"
 271 00cd 00        		.string	""
 272               		.text
 273               		.section	.gnu.lto_.opts,"",@progbits
 274 0000 272D 666E 		.string	"'-fno-trapv' '-mmcu=atmega16u2' '-gdwarf-2' '-O3' '-funsigned-char' '-fpack-struct' '-fno
 274      6F2D 7472 
 274      6170 7627 
 274      2027 2D6D 
 274      6D63 753D 
 275               		.text
 276               		.comm	__gnu_lto_v1,1,1
 277               		.comm	__gnu_lto_slim,1,1
 278               		.ident	"GCC: (GNU) 4.9.2 20141224 (prerelease)"
DEFINED SYMBOLS
                            *ABS*:0000000000000000 Descriptors.c
     /tmp/ccxqRgSy.s:2      *ABS*:000000000000003e __SP_H__
     /tmp/ccxqRgSy.s:3      *ABS*:000000000000003d __SP_L__
     /tmp/ccxqRgSy.s:4      *ABS*:000000000000003f __SREG__
     /tmp/ccxqRgSy.s:5      *ABS*:0000000000000000 __tmp_reg__
     /tmp/ccxqRgSy.s:6      *ABS*:0000000000000001 __zero_reg__
                            *COM*:0000000000000001 __gnu_lto_v1
                            *COM*:0000000000000001 __gnu_lto_slim

NO UNDEFINED SYMBOLS
