   1               		.file	"fast-usbserial.c"
   2               	__SP_H__ = 0x3e
   3               	__SP_L__ = 0x3d
   4               	__SREG__ = 0x3f
   5               	__tmp_reg__ = 0
   6               	__zero_reg__ = 1
   7               		.text
   8               	.Ltext0:
   9               		.section	.gnu.lto_.profile.b6dacaae0ba72c45,"",@progbits
  10 0000 789C 6361 		.ascii	"x\234ca```\003bF\206=L\217\031\001\005E\001\256"
  10      6060 6003 
  10      6246 863D 
  10      4C8F 1901 
  10      0545 01AE 
  11               		.text
  12               		.section	.gnu.lto_.icf.b6dacaae0ba72c45,"",@progbits
  13 0000 789C 6361 		.string	"x\234ca\200\200h\006\004\340g\230sr\201*\343\205\327\347\037p0]{\323\177\213\207\371@\367
  13      8080 6806 
  13      04E0 6798 
  13      7372 812A 
  13      E385 D7E7 
  14 0038 B339 9B5A 		.string	"\2639\233Z\333O\261q\201\331\334\257\247\256\332\306\304\003&y_\256\271\372\216\223\257y\
  14      DB4F B171 
  14      81D9 DCAF 
  14      A7AE DAC6 
  14      C403 2679 
  15 005d 54F4 2DE1 		.ascii	"T\364-\341"
  16               		.text
  17               		.section	.gnu.lto_.jmpfuncs.b6dacaae0ba72c45,"",@progbits
  18 0000 789C 6361 		.string	"x\234ca\200\200u\f\b\300\301\300\310\310"
  18      8080 750C 
  18      08C0 C1C0 
  18      C8C8 00
  19 000f C48C 8CF5 		.string	"\304\214\214\365LL\225\f@6\023P\224\031\210\231\030\37721\356\334\371\3466{\375\337\206\2
  19      4C4C 950C 
  19      4036 1350 
  19      9419 8899 
  19      18FF 3231 
  20 0056 00        		.string	""
  21 0057 7313 2AD1 		.ascii	"s\023*\321"
  22               		.text
  23               		.section	.gnu.lto_.inline.b6dacaae0ba72c45,"",@progbits
  24 0000 789C 7590 		.string	"x\234u\220?K\003A\020\305\337\314\356\335m\314]<[\tX^\252\244\263\266J\351\347\020-\375\0
  24      3F4B 0341 
  24      10C5 DFCC 
  24      EEDD 6DCC 
  24      5D3C 5B09 
  25 0053 BE47 607F 		.ascii	"\276G`\177\324\204\237\255p\311\baHd\017\265\241\375\307\272"
  25      D484 9FAD 
  25      70C9 0861 
  25      4864 0FB5 
  25      A1FD C7BA 
  26 0067 E3F4 1968 		.ascii	"\343\364\031hF\360\272\252K\013W\255m\177\235\221\264ls{t\244"
  26      46F0 BAAA 
  26      4B0B 57AD 
  26      6D7F 9D91 
  26      B46C 737B 
  27 007d E7DD 0B56 		.ascii	"\347\335\013V\024\2760\030\332\b~\242\347\376[\005\032\223G\373"
  27      14BE 3018 
  27      DA08 7EA2 
  27      E7FE 5B05 
  27      1A93 47FB 
  28 0091 B70A 255C 		.ascii	"\267\n%\\T\334Ux\021\211a\032\"\371\b\377\341\021Z\r\333\270"
  28      54DC 5578 
  28      1189 611A 
  28      22F9 08FF 
  28      E111 5A0D 
  29 00a7 F9C3 7471 		.ascii	"\371\303tq{\3375\005w\024\331:\246\272\312H\370\335\357\370f"
  29      7BDF 3505 
  29      7714 D93A 
  29      A6BA CA48 
  29      F8DD EFF8 
  30 00bc D171 A67C 		.ascii	"\321q\246|\302\345\322#lM/\245\363\375\373\354\252\346\234>\235"
  30      C2E5 D223 
  30      6C4D 2FA5 
  30      F3FD FBEC 
  30      AAE6 9C3E 
  31 00d1 589E 3B5E 		.ascii	"X\236;^\354u\306\312\361\200N\347\374\340\272x\360\03474p\334"
  31      EC75 C6CA 
  31      F180 4EE7 
  31      FCE0 BA78 
  31      F01C 3734 
  32 00e7 4E93 89F6 		.ascii	"N\223\211\366Ds\n\033\375\256\202\0316eq\251\335\\\264\233\244"
  32      4473 0A1B 
  32      FDAE 8219 
  32      3665 71A9 
  32      DD5C B49B 
  33 00fc 1AF4 11A4 		.ascii	"\032\364\021\244\206\341\355$\251\001\237\353XH\314X:l\2471\270"
  33      86E1 ED24 
  33      A901 9FEB 
  33      5848 CC58 
  33      3A6C A731 
  34 0111 5029 8B52 		.ascii	"P)\213R\251k\345\3105\304\025;\370\362\313\366l\013\370\003\263"
  34      A96B E5C8 
  34      35C4 153B 
  34      F8F2 CBF6 
  34      6C0B F803 
  35 0126 4950 99   		.ascii	"IP\231"
  36               		.text
  37               		.section	.gnu.lto_.pureconst.b6dacaae0ba72c45,"",@progbits
  38 0000 789C 6361 		.string	"x\234ca``\020\006b\016\006)F)\246]\214\314[\031\271%x$x\245\370\244"
  38      6060 1006 
  38      620E 0629 
  38      4629 A65D 
  38      8CCC 5B19 
  39 001d 1972 0261 		.ascii	"\031r\002a"
  40               		.text
  41               		.section	.gnu.lto_EVENT_CDC_Device_ControLineStateChanged.part.0.b6dacaae0ba72c45,"",@progbits
  42 0000 789C 7D50 		.ascii	"x\234}PKK\033Q\024\276\337\271\223\304GK\"t\231\205\233(\"\026"
  42      4B4B 1B51 
  42      14BE DFB9 
  42      93C4 474B 
  42      2274 9985 
  43 0018 B1FD 0771 		.ascii	"\261\375\007q\343V\373\007F\231\200PRI\306\2657\217A(]\204\212"
  43      E356 FB07 
  43      4699 8050 
  43      5249 C6B5 
  43      378F 4128 
  44 002f 2E4A 45B0 		.ascii	".JE\260H\264\276\r\b\202\320!`QZ\024\037\340\302\215\2246\224"
  44      48B4 BE0D 
  44      0882 D021 
  44      6051 5A14 
  44      1FE0 C28D 
  45 0046 2E4A 14AD 		.ascii	".J\024\255h\037\323sg\366^\230\371\3169|\347;\3379\206\b\336"
  45      681F D373 
  45      67F6 5E98 
  45      F9CE 397C 
  45      E73B DF39 
  46 005d 3184 78CA 		.ascii	"1\204x\312\330\305\037B\002Fi\237\003\003\344#Aj\3145H@\007\252"
  46      D8C5 1F42 
  46      0246 699F 
  46      0303 E423 
  46      416A CC35 
  47 0075 0162 CC20 		.ascii	"\001b\314 \2111\\\323_Bu\274\266E\035e\305\357|n\245G\315\273"
  47      8931 5CD3 
  47      5F42 75BC 
  47      B645 1D65 
  47      C5EF 7C6E 
  48 008d 70A4 101E 		.ascii	"p\244\020\036\005\342(\243\203Y;\336\215\033\275\"\207Et\323"
  48      05E2 28A3 
  48      8359 3BDE 
  48      8D1B BD22 
  48      8745 74D3 
  49 00a1 51FD F374 		.ascii	"Q\375\363t\263N\t1N\277\215/\374\214\312G\020\034\237\277\332"
  49      B34E 0931 
  49      4EBF 8D2F 
  49      FC8C CA47 
  49      101C 9FBF 
  50 00b6 3E6B 6E9F 		.ascii	">kn\237S\245\274R\207\037Iu;R\342=$\013b\001q\314#.\270$\260"
  50      53A5 BC52 
  50      871F 4975 
  50      3B52 E23D 
  50      240B 6201 
  51 00d1 8876 CD9F 		.ascii	"\210v\315\237}[9} \023~\357\311\233\275\315\306\304;\245\362"
  51      7D5B 397D 
  51      2013 7EEF 
  51      C99B BDCD 
  51      C6C4 3BA5 
  52 00e6 CABD 3992 		.ascii	"\312\2759\222E\345\346Z\035i`)h\177\022Gw\334w\305\334/\353\377"
  52      45E5 E65A 
  52      1D69 6029 
  52      687F 1247 
  52      77DC 77C5 
  53 00fe 261F 868B 		.ascii	"&\037\206\213\332w+\226\221\b\034c\005a>\007te\265_)\317+\250"
  53      DA77 2B96 
  53      9108 1C63 
  53      0561 3E07 
  53      7465 B55F 
  54 0116 52B9 0D21 		.ascii	"R\271\r!\360\320\020\351\237\020uf\352S\324\311\320(/\210|\254"
  54      F0D0 10E9 
  54      9F10 7566 
  54      EA53 D4C9 
  54      D028 2F88 
  55 012c A17A F7F2 		.ascii	"\241z\367\362\327\247\021-R\220\340!SN\365 \242\367\f\373\376"
  55      D7A7 112D 
  55      5290 E021 
  55      534E F520 
  55      A2F7 0CFB 
  56 0141 96BE 5EDE 		.ascii	"\226\276^\3366\005i'\247\257\277W\314\031L\347\2129\025sd\004"
  56      3605 6927 
  56      A7AF BF57 
  56      CC19 4CE7 
  56      8A39 1573 
  57 0157 6BBC DE2A 		.ascii	"k\274\336*\257'\260\216\031\210\032\n\177\302\201\026\005r\277"
  57      AF27 B08E 
  57      1988 1A0A 
  57      7FC2 8116 
  57      0572 BF
  58 016a 776B 1FFC 		.ascii	"wk\037\374+F\340\tl0\225GNAs\356\225\253\260\034\213\360~\027"
  58      2B46 E009 
  58      6C30 9547 
  58      4E41 73EE 
  58      95AB B01C 
  59 0182 247D AB3F 		.ascii	"$}\253?\220w'\006t\243\177\217:A\227\231\321\2222\263v\327hv"
  59      9077 2706 
  59      74A3 7F8F 
  59      3A41 9799 
  59      D192 32B3 
  60 019a 306B 6586 		.ascii	"0ke\206\315\347\217\207D,\331\233\354K\333V&e\016Y}\351\324\213"
  60      CDE7 8F87 
  60      442C D99B 
  60      EC4B DB56 
  60      2665 0E59 
  61 01b2 6872 3493 		.ascii	"hr4\223\261\322v\357\263\376\001\333\264\255\377\255\250\262"
  61      B1D2 76EF 
  61      B3FE 01DB 
  61      B4AD FFAD 
  61      A8B2 
  62 01c4 34        		.ascii	"4"
  63               		.text
  64               		.section	.gnu.lto_EVENT_CDC_Device_ControLineStateChanged.b6dacaae0ba72c45,"",@progbits
  65 0000 789C 7D52 		.string	"x\234}R[KTQ\030\335k\35733\307\231\221\231./\301 \276\210H\330\330\345\265'%\360U\373\003
  65      5B4B 5451 
  65      18DD 6BEF 
  65      3333 C799 
  65      9199 2E2F 
  66 0085 B591 3A58 		.string	"\265\221:X\214\013\315\201\030v\370\036\307lW!\313k\006%\215\225t\346\224\0342aP\203\022\
  66      8C0B CD81 
  66      1876 F81E 
  66      C76C 5721 
  66      CB6B 0625 
  67 00df 4308 30BA 		.string	"C\b0\272bx\204j\225\177\377\336\304\007\257\250\262j\227\357.L\227U=\2202!\315\342\222HI3
  67      6278 846A 
  67      957F FFDE 
  67      C407 AFA8 
  67      B26A 97EF 
  68 010a EA02 162B 		.ascii	"\352\002\026+\312]\035\337\277U\356L)\336\225\030E\225\315\030"
  68      CA5D 1DDF 
  68      BF55 EE4C 
  68      29DE 9518 
  68      4595 CD18 
  69 011e 1938 41EB 		.ascii	"\0318A\353X\223)K\245\2444w\016\277\350=\342\346P\355\0045vh"
  69      5893 294B 
  69      A5A4 3477 
  69      0EBF E83D 
  69      E2E6 50ED 
  70 0136 6A72 A949 		.ascii	"jr\251IW\023c\233T\247\234\331\342\\\255\242\200\304\314\326"
  70      5713 639B 
  70      54A7 9CD9 
  70      E25C ADA2 
  70      80C4 CCD6 
  71 014a A7C9 930A 		.ascii	"\247\311\223\n*)\004\265\3523f\337\272\224Za\261,\316\277\356"
  71      2A29 04B5 
  71      EA33 66DF 
  71      BA94 5A61 
  71      B12C CEBF 
  72 015f F60E A03F 		.ascii	"\366\016\240?\256zO\201P(\217c\214\204\251pz-\221q\005k\r\341"
  72      AE7A 4F81 
  72      5028 8F63 
  72      8C84 A970 
  72      7A2D 9171 
  73 0177 C263 0C60 		.ascii	"\302c\f`\237\037\020~\337#\357 8\252\212\344{\362X\3078\202\373"
  73      9F1F 107E 
  73      DF23 EF20 
  73      38AA 8AE4 
  73      7BF2 58C7 
  74 018e 1C76 34FD 		.ascii	"\034v4\375=\277\355<\210\336v\032\242\fOT\324\3224\201 + \371"
  74      3DBF ED3C 
  74      88DE 761A 
  74      A20C 4F54 
  74      D4D2 3481 
  75 01a6 E71C 4B0A 		.ascii	"\347\034K\n\315\2464\371r\376\232\256(\321\263b\222:\257\"!}"
  75      CDA6 34F9 
  75      72FE 9AAE 
  75      28D1 B362 
  75      923A AF22 
  76 01bc 967A F282 		.ascii	"\226z\362\202\022\3066\262\273\345v\202\202\377\370u(\351i\273"
  76      12C6 36B2 
  76      BBE5 7682 
  76      82FF F875 
  76      28E9 69BB 
  77 01d0 64A8 7A0D 		.ascii	"d\250z\rS\364\016\031\365\353L\243\215}F*\237,\246\035\266^+"
  77      53F4 0E19 
  77      F5EB 4CA3 
  77      8D7D 462A 
  77      9F2C A61D 
  78 01e7 6879 BCC5 		.ascii	"hy\274\305\005\313U\210u\244\374V2\241d\263\033yWlOvK\3517\204"
  78      05CB 5588 
  78      75A4 FC56 
  78      32A1 64B3 
  78      1B79 576C 
  79 0201 BBA4 C8E3 		.ascii	"\273\244\310\343)b\304\213:y\254\"\215-\007\311\303\331\337\327"
  79      2962 C48B 
  79      3A79 AC22 
  79      8D2D 07C9 
  79      C3D9 DFD7 
  80 0215 E716 AFDA 		.ascii	"\347\026\257\332\230\256\177=\364Z|F\326~\356\272\355\343q:\366"
  80      98AE 7F3D 
  80      F45A 7C46 
  80      D67E EEBA 
  80      EDE3 713A 
  81 022a AE4F 8494 		.ascii	"\256O\204\224\243)\362\245\034Y\242\367L\261\300\f\031\250\244"
  81      A329 F2A5 
  81      1C59 A2F7 
  81      4CB1 C00C 
  81      19A8 A4
  82 023d FF72 DA48 		.ascii	"\377r\332H\272\r6]X\230s\333\342$\360\234R\251a\037T\316\177"
  82      BA0D 365D 
  82      5898 73DB 
  82      E224 F09C 
  82      52A9 611F 
  83 0254 C072 0446 		.ascii	"\300r\004F\020\026K\207\365\324\337\2200o6[\352\324\330$=tM\236"
  83      1016 4B87 
  83      F5D4 DF90 
  83      306F 365B 
  83      EAD4 D824 
  84 026c 1F6A 0D75 		.ascii	"\037j\ruDk;;.t\204#\027C\227O\2640\177}C}c{4\034i\r\265\204\033"
  84      446B 3B3B 
  84      2E74 8423 
  84      1743 974F 
  84      B430 7F7D 
  85 028b DB5B AFF8 		.ascii	"\333[\257\370\352;#\221p{\264\341|Ss4\024\r\377\005~;\032\022"
  85      EA3B 2391 
  85      707B B4E1 
  85      7C53 7334 
  85      140D FF05 
  86               		.text
  87               		.section	.gnu.lto_SetupHardware.b6dacaae0ba72c45,"",@progbits
  88 0000 789C 8596 		.string	"x\234\205\226{LSW\030\300\317wo)\355-\024\320e1\202\206\232\360\207\033\nn\311\262d\361\0
  88      7B4C 5357 
  88      18C0 CF77 
  88      6F29 ED2D 
  88      14D0 6531 
  89 0083 27B2 0E48 		.string	"'\262\016H\216"
  89      8E00 
  90 0089 39F0 5C78 		.string	"9\360\\x#\200wm\240F\230\273O\246?\377\037\265\013\344\375\036p\213\204\214\b\034\005\373
  90      2380 776D 
  90      A046 98BB 
  90      4FA6 3FFF 
  90      1FB5 0BE4 
  91 00df 8854 0F3E 		.string	"\210T\017>\214\203\3448\216>\b\t\025K<\362\310\210K\3667|\262\271\261\013f\013\304-\n\"\0
  91      8C83 E438 
  91      8E3E 0809 
  91      154B 3CF2 
  91      C888 4BF6 
  92 012a EFD0 3A5F 		.string	"\357\320:_E2\272\356\0221\372\"\267\367R\3703\301-\212\314\371\241\252\303\017#\370\362\0
  92      4532 BAEE 
  92      1231 FA22 
  92      B7F7 52F8 
  92      33C1 2D8A 
  93 0162 AED7 5ACE 		.string	"\256\327Z\316\0229ng\307\343\200\021\3655\360\002\3400\025\245&\213"
  93      1239 6E67 
  93      C7E3 8011 
  93      F535 F002 
  93      E030 15A5 
  94 0179 65A6 A255 		.string	"e\246\242UP\032e\220\007\220\3379\\yF\034\233oO\313\3539,\333#\002\214?\nL\005\201J\320R\
  94      501A 6590 
  94      0790 DF39 
  94      5C79 461C 
  94      9B6F 4FCB 
  95 0267 7389 A9C5 		.string	"s\211\251\305\034\320\275h\224o\313\257,\021\321E\035#>\271P\334\305\216Z\017\361t\351\31
  95      1CD0 BD68 
  95      946F CBAF 
  95      2C11 D145 
  95      1D23 3EB9 
  96 02aa 0954 A337 		.ascii	"\tT\2437O.\bC\232\004r\013\001\037\375:j\267\371\361\340^\255"
  96      4F2E 0843 
  96      9A04 720B 
  96      011F FD3A 
  96      6AB7 F9F1 
  97 02c1 F884 93BB 		.ascii	"\370\204\223\273\366\226v\0338Y\246\235\005\3105\300\371\t\255"
  97      F696 761B 
  97      3859 A69D 
  97      05C8 35C0 
  97      F909 AD
  98 02d4 D5C8 A86A 		.ascii	"\325\310\250ju\033\200@\223R\215\257\202[\252\263\306U\330/\301"
  98      751B 8040 
  98      9352 8DAF 
  98      825B AAB3 
  98      C655 D82F 
  99 02e9 39A8 82CE 		.ascii	"9\250\202\316(\225&LhzhfU\326\302JY%G0\267\266\235>\321n\344"
  99      2895 264C 
  99      687A 6866 
  99      55D6 C24A 
  99      5925 4730 
 100 0304 CB56 BC10 		.ascii	"\313V\274\020\212\216\366\235\017c\225\236+G\273\305H\270@Cn"
 100      8A8E F69D 
 100      0F63 959E 
 100      2B47 BBC5 
 100      48B8 4043 
 101 0319 65E7 418B 		.ascii	"e\347A\213\006%*[6TK\250\021\t\017\b\\\342\276={\031\254\252"
 101      0625 2A5B 
 101      3654 4BA8 
 101      1109 0F08 
 101      5CE2 BE3D 
 102 0331 CE52 4CDC 		.ascii	"\316RL\334\033z\263[\351\305f\324\270SX\260;\342-S\003\227\325"
 102      1B7A B35B 
 102      E9C5 66D4 
 102      B853 58B0 
 102      3BE2 2D53 
 103 0348 FE69 E3CC 		.ascii	"\376i\343\314\373\373\353\273$\336}Z\270\242\204\273\351.(\300"
 103      FBFB EBBB 
 103      24DE 7D5A 
 103      B8A2 84BB 
 103      E92E 28C0 
 104 035c 2BEB F267 		.ascii	"+\353\362gs^#J\237\3355\274^\037\312\273\252\362\256q\236\032"
 104      735E 234A 
 104      9FDD 35BC 
 104      5E1F CABB 
 104      AAF2 AE71 
 105 0372 A486 A6EF 		.ascii	"\244\206\246\357\272\342\342e\225\367t\373o\255Q\034\330\204"
 105      BAE2 E265 
 105      95F7 74FB 
 105      6FAD 511C 
 105      D884 
 106 0384 E225 B737 		.ascii	"\342%\2677\216hB\201\177\251\300\033\0348X~\343W\305\301\031"
 106      8E68 4281 
 106      7FA9 C01B 
 106      1C38 587E 
 106      E357 C5C1 
 107 0399 7093 0387 		.ascii	"p\223\003\207\326\005w~\204D\2278\023\313\372pK\201\002}\017"
 107      D605 777E 
 107      8444 9738 
 107      13CB FA70 
 107      4B81 027D 
 108 03ae 8BCE 1DE8 		.ascii	"\213\316\035\350\327\2062o\251\314\333\312\025\364R\313\265c"
 108      D786 326F 
 108      A9CC DBCA 
 108      15F4 52CB 
 108      B563 
 109 03c0 39A0 B8F6 		.ascii	"9\240\270\366Ys\030\357$\035\264\2537\020wy\n\334\337\354\016"
 109      5973 18EF 
 109      241D B4AB 
 109      3710 7779 
 109      0ADC DFEC 
 110 03d5 8AE5 2E79 		.ascii	"\212\345.y\34383\216\352\224w?}%q\217\336\247\313\315=U\226P"
 110      E338 338E 
 110      EA94 773F 
 110      7D25 718F 
 110      DEA7 CBCD 
 111 03ed C21D 9570 		.ascii	"\302\035\225pw\234C\263\270\276\3327\002\355\311\216q\016MN\363"
 111      779C 43B3 
 111      B8BE DA37 
 111      02ED C98E 
 111      710E 4D4E 
 112 0402 337F 6671 		.ascii	"3\177fq\177\206\033\213\265\343/\305\340\350\245(N,\325{\254"
 112      7F86 1B8B 
 112      B5E3 2FC5 
 112      E0E8 A528 
 112      4E2C D57B 
 113 0417 543B D18B 		.ascii	"T;\321\213\260\251\303\356\032u\372\247\221\306b_$\327\211\341"
 113      B0A9 C3EE 
 113      1A75 FAA7 
 113      91C6 625F 
 113      24D7 89E1 
 114 042b 6AB5 D5A7 		.ascii	"j\265\325\247}J*\223\241[\365\274\363\377Ry\237\271\036\303]"
 114      7D4A 2A93 
 114      A15B F5BC 
 114      F3FF 5279 
 114      9FB9 1EC3 
 115 0440 7F3A 8333 		.ascii	"\177:\2033\247M\031m\340m\356\230\364t\2520\301\344\344\352\017"
 115      A74D 196D 
 115      E06D EE98 
 115      F474 AA30 
 115      C1E4 E4EA 
 116 0455 98C5 E9A4 		.ascii	"\230\305\351\244\007\\\376\206\272\030\314\013&\245\246\346Q"
 116      075C FE86 
 116      BA18 CC0B 
 116      26A5 A6E6 
 116      51
 117 0466 7B78 CE1B 		.ascii	"{x\316\033\274)\250\202qD\320P\331\036\310\241\257c\024+\346"
 117      BC29 A882 
 117      7144 D050 
 117      D91E C8A1 
 117      AF63 142B 
 118 047b 8173 5B44 		.ascii	"\201s[D\345q\332\346y\035T^\302\006\324\275Zsp\320\240X\223\303"
 118      E571 DAE6 
 118      791D 545E 
 118      C206 D4BD 
 118      5A73 70D0 
 119 0493 D0DC 43D5 		.ascii	"\320\334C\325\\//\347\202\222\035eJ\177\210\360\317h9\007N~\303"
 119      5C2F 2FE7 
 119      8292 1D65 
 119      4A7F 88F0 
 119      CF68 3907 
 120 04aa DF44 29D4 		.ascii	"\337D)\324e\030\353\360\243\267\3612Y\003\027?\021h\362I<\343"
 120      6518 EBF0 
 120      A3B7 F132 
 120      5903 173F 
 120      1168 F249 
 121 04c0 32C0 E371 		.ascii	"2\300\343q\357\347d\260>\026\275\201\233\357\375\230\023#\307"
 121      EFE7 64B0 
 121      3E16 BD81 
 121      9BEF FD98 
 121      1323 C7
 122 04d3 9C11 8C3D 		.ascii	"\234\021\214=\241\376q\346\215T~\202\271I\265\007\230=#\351\205"
 122      A1FE 71E6 
 122      8D54 7E82 
 122      B949 B507 
 122      983D 23E9 
 123 04e8 3CCF AE2F 		.ascii	"<\317\256/Y\262\3617@\237g\372\277\f\372\242\304|kq8\347e;V8"
 123      59B2 F137 
 123      409F 67FA 
 123      BF0C FAA2 
 123      C47C 6B71 
 124 0502 6CF6 744B 		.ascii	"l\366tK\306\3744\242s\332Ve\231\355\266\357\222\222Vf\256\262"
 124      C6FC 34A2 
 124      73DA 5665 
 124      99ED B6EF 
 124      9292 5666 
 125 0518 2565 DBBF 		.ascii	"%e\333\277\267\254\262\254N\262\374`w\246\315s\332\034N\234&"
 125      B7AC B2AC 
 125      4EB2 FC60 
 125      77A6 CD73 
 125      DA1C 4E9C 
 126 052d A5AF 4ECB 		.ascii	"\245\257N\313\310\266\332\330|\215\3259\177%q\246\257\2167\233"
 126      C8B6 DAD8 
 126      7C8D D539 
 126      7F25 71A6 
 126      AF8E 379B 
 127 0541 9D5C D96C 		.ascii	"\235\\\331lN4\233\227.I\375\314l\226\364i\031\351\222~\215\325"
 127      4E34 9B97 
 127      2E49 FDCC 
 127      6C96 F469 
 127      19E9 927E 
 128 0557 2EE9 33AC 		.ascii	".\3513\254\216\370\204\344\304\204\005\222>\323\236\316\246\037"
 128      8EF8 84E4 
 128      C484 0592 
 128      3ED3 9ECE 
 128      A61F 
 129 0569 487A 8793 		.ascii	"Hz\207\223\356.HLHV\247f\363\2176{&\007Q\321lg\374(-1\304\204"
 129      EE2E 484C 
 129      4856 A766 
 129      F38F 367B 
 129      2607 51D1 
 130 0585 A427 E242 		.ascii	"\244'\342B;\t_\226\272\370+\372QXL\264\313S\226\341\354s\242"
 130      3B09 5F96 
 130      BAF8 2BFA 
 130      5158 4CB4 
 130      CB53 96E1 
 131 059c 5B9E F269 		.ascii	"[\236\362i\252yyJ\252hO&\272E\226l\353\022\213\323fH\311\314"
 131      AA79 794A 
 131      AA68 4F26 
 131      BA45 966C 
 131      EB12 8BD3 
 132 05b4 5E91 615B 		.ascii	"^\221a[\232e\263Y\365Ky\310+I\324\374\244E\231\026\2735\351\213"
 132      9A65 B359 
 132      F54B 79C8 
 132      2B49 D4FC 
 132      A445 9916 
 133 05cc D414 075D 		.ascii	"\324\024\007]\377\007\324\343s\311"
 133      FF07 D4E3 
 133      73C9 
 134               		.text
 135               		.section	.gnu.lto_main.b6dacaae0ba72c45,"",@progbits
 136 0000 789C 9D59 		.string	"x\234\235YiTTW\022~u_ol\r*\213(\"\214QGG\203\211N\346\250\211\211F\2233\311$'\306hL\214\2
 136      6954 5457 
 136      127E 755F 
 136      6F6C 0D2A 
 136      8B28 228C 
 137 00b2 044A 7581 		.string	"\004Ju\201\"\210\247\255<\035\004V9m\205`\371\020,b\367U*\310\020R\256\"C\254\234\037\034
 137      2288 A7AD 
 137      3C1D 0456 
 137      396D 8560 
 137      F910 2C62 
 138 015c 9CC0 835F 		.ascii	"\234\300\203_\305=\001;\2357\035\301\215\"M\305|\342\360\320"
 138      C53D 013B 
 138      9D37 1DC1 
 138      8D22 4DC5 
 138      7CE2 F0D0 
 139 0170 F53D 8B03 		.ascii	"\365=\213\003h\b\020\202\303\223\225\033s,=\226\331\360\357l"
 139      6808 1082 
 139      C393 951B 
 139      732C 3D96 
 139      D9F0 EF6C 
 140 0184 DAB5 3FA6 		.ascii	"\332\265?\246-w@\232*\024\247P`9D\3012\210B=\260\002z(\310\\"
 140      2D77 409A 
 140      2A14 A750 
 140      6039 44C1 
 140      3288 423D 
 141 019e 54B8 ECBA 		.ascii	"T\270\354\272\237\032\n\364\274\271q\341\371\240\256_\333l)6"
 141      9F1A 0AF4 
 141      BCB9 71E1 
 141      F9A0 AE5F 
 141      DB6C 2936 
 142 01b2 C7BD F4A0 		.ascii	"\307\275\364\240T\233#9&MUa%\250$\3347\n\372D\261\021\310[\223"
 142      549B 2339 
 142      264D 5561 
 142      25A8 24DC 
 142      370A FA44 
 143 01cb 7F7F 6E90 		.ascii	"\177\177n\220)\2256\211\201<\350J\352Q\353*0\241\235\026\232"
 143      2995 3689 
 143      813C E84A 
 143      EA51 EB2A 
 143      30A1 9D16 
 144 01e0 41A6 3539 		.ascii	"A\24659s\216\371\251]Xy\355\274\214\005VM\371\302\212f\345\253"
 144      738E F9A9 
 144      5D58 79ED 
 144      BC8C 0556 
 144      4DF9 C28A 
 145 01f7 3D95 C31A 		.ascii	"=\225\303\032\226\255oZ3#@\355\303\262[\016gop\311\226fX\335"
 145      96AD 6F5A 
 145      3323 40ED 
 145      C3B2 5B0E 
 145      676F 70C9 
 146 020f B26B BD64 		.ascii	"\262k\275d\327\261\354\225\023\325\205\001\352S,\273rGA\265Y"
 146      D7B1 EC95 
 146      13D5 8501 
 146      EA53 2CBB 
 146      7247 41B5 
 147 0224 933D 5861 		.ascii	"\223=XaM\223\262\006\310\227\262\315\021A\351\365,]{lE\211Q\035"
 147      4D93 B206 
 147      C897 B2CD 
 147      1141 E9F5 
 147      2C5D 7B6C 
 148 023c C0D2 738F 		.ascii	"\300\322s\217n\255v\205\344h\206\260\255\263Yh\343\r^\033\027"
 148      6EAD 7685 
 148      E468 86B0 
 148      ADB3 5968 
 148      E30D 5E1B 
 149 0251 B068 7AE3 		.ascii	"\260hz\343\336.\352\323,Y\274,\357S\225$m6Gq\245&i\204\215>\266"
 149      DE2E EAD3 
 149      2C59 BC2C 
 149      EF53 9524 
 149      6D36 4771 
 150 026c 2D94 C1DA 		.ascii	"-\224\301\332\331t\307\242\376\225\205\347\025\3178\341\332\366"
 150      D974 C7A2 
 150      FE95 85E7 
 150      15CF 38E1 
 150      DAF6 
 151 027e 6065 B0DB 		.ascii	"`e\260\333\341\"\257}\213Y\366\324\345\003?[\325WX\366\263\215"
 151      E122 AF7D 
 151      8B59 F6D4 
 151      E503 3F5B 
 151      D557 58F6 
 152 0294 971C 4293 		.ascii	"\227\034B\223\275\231\325,[\342%\273\t\272\256}\335as:\3556\307"
 152      BD99 D52C 
 152      5BE2 25BB 
 152      09BA AE7D 
 152      DD61 733A 
 153 02ab 1DD3 B6C3 		.ascii	"\035\323\266\303\001\023@\241\314\t\246*S\003\307\324\310\324"
 153      0113 40A1 
 153      CC09 A62A 
 153      5303 C7D4 
 153      C8D4 
 154 02bd C4D4 CC71 		.ascii	"\304\324\314q\nQ\322TS(\2210\316X\004\257E\2623\035\330\254\216"
 154      0A51 D254 
 154      5328 9130 
 154      CE58 04AF 
 154      45B2 331D 
 155 02d4 B828 A288 		.ascii	"\270(\242\210#\2325u\346\331\030\246]x\3461Z\354\312vt#\346\356"
 155      239A 3575 
 155      E6D9 18A6 
 155      5D78 E631 
 155      5AEC CA76 
 156 02ec 34EE C1E3 		.ascii	"4\356\301\343\236L{1[o\232\216#\322\207\310\223D\372\022\351"
 156      9E4C 7B31 
 156      5B6F 9A8E 
 156      23D2 87C8 
 156      9344 FA12 
 157 0301 47A4 3F91 		.ascii	"G\244?\221\001D\006\262\tO\323\3433H\314\203\330\320g\361\321"
 157      0144 06B2 
 157      094F D3E3 
 157      3348 CC83 
 157      D8D0 67F1 
 158 0316 F21C 2768 		.ascii	"\362\034'h0-\r\241\245\347\211\f\345\365a,\365\002-\275H\344"
 158      302D 0DA1 
 158      A5E7 890C 
 158      E5F5 612C 
 158      F502 2DBD 
 159 032c 2522 2F13 		.ascii	"%\"/\023y\225\310kD\206\023\031A\344\r\"#\221\370\215\"\362&"
 159      7995 C86B 
 159      4486 1319 
 159      41E4 0D22 
 159      2391 F88D 
 160 0343 0D47 1379 		.ascii	"\rG\023y\213\206o\023\031C\303w\210\214%\242(\327\351d(\365\002"
 160      8B86 6F13 
 160      1943 C377 
 160      888C 25A2 
 160      28D7 E964 
 161 035a FFA9 3590 		.ascii	"\377\2515\220BG\213\317\211<#\271i\345\373\315txU\f~)B\242\026"
 161      4247 8BCF 
 161      893C 23B9 
 161      69E5 FBCD 
 161      7478 550C 
 162 0373 EC        		.ascii	"\354"
 163 0374 0E67 3A10 		.string	"\016g:\020\013\245\263\244\244\256\332\234t\3176\335f\013IS\375\235\202\n\371fHB\335\001\
 163      0BA5 B3A4 
 163      A4AE DA9C 
 163      74CF 36DD 
 163      660B 4953 
 164 0475 E364 540E 		.string	"\343dT\016\030U\fM\343\272\313\371f\222\3660\3226\306\303\304\n4Qo\220\025\r\372\216\325\
 164      1855 0C4D 
 164      E3BA CBF9 
 164      6692 F630 
 164      D236 C6C3 
 165 04e3 E0AA 45A9 		.string	"\340\252E\251\025ru\213\313D\335\252\237\222jVk!\325QT\241\311\366\367r \330I\207\001\366
 165      1572 758B 
 165      CB44 DDAA 
 165      9F92 6A56 
 165      6B21 D551 
 166 0533 24A5 A96D 		.string	"$\245\251m\311\357\023\350\367t\315\332\376:k\375\225rUe\\\037[T|\310\352\211P\254\fT#\03
 166      C9EF 13E8 
 166      F774 CDDA 
 166      FE3A 6BFD 
 166      9572 5565 
 167 0576 09E3 064A 		.string	"\t\343\006J\377\246o\326l0h\020\341\334\035v\003\344\210\206\341\371\351\027\200\324\333\
 167      FFA6 6FD6 
 167      6C30 6810 
 167      E1DC 1D76 
 167      03E4 8886 
 168 05b7 5CA2 E263 		.ascii	"\\\242\342c\373\270\231=\202W\002)\002\362\230\363\254Q*q\272"
 168      FBB8 993D 
 168      8257 0229 
 168      02F2 98F3 
 168      AC51 2A71 
 169 05cc 9418 2523 		.ascii	"\224\030%#\"\037\237\006\372\237,\235\212\023\001u\245uT#\202"
 169      221F 9F06 
 169      FA9F 2C9D 
 169      8A13 0175 
 169      A575 5423 
 170 05e1 34B5 8EAD 		.ascii	"4\265\216\255\025Q\254\330!U\220bk\263b\2365(\304\210W03\312"
 170      1551 ACD8 
 170      2155 9062 
 170      6BB3 629E 
 170      3528 C488 
 171 05f9 ABB6 E162 		.ascii	"\253\266\341b\362-A>\031\300&\340\030z\177\tRr\353\033\223U\271"
 171      F22D 413E 
 171      19C0 26E0 
 171      187A 7F09 
 171      5272 EB1B 
 172 0610 F9D3 7A78 		.ascii	"\371\323zxX|\300\303\222\211\235\215\017x\250p\034\341\361\003"
 172      587C C0C3 
 172      9289 9D8D 
 172      0F78 A870 
 172      1CE1 F103 
 173 0624 87F3 840C 		.ascii	"\207\363\204\fgJ\203\346\3213\250\227\302{\313$\307\203p\212"
 173      674A 83E6 
 173      D133 A897 
 173      C27B CB24 
 173      C783 708A 
 174 0638 F776 0573 		.ascii	"\367v\005s=\231;\210\\6\240\257\2013K'\241OAwK/\220\313\301\n"
 174      3D99 3B88 
 174      5C36 A0AF 
 174      8133 4B27 
 174      A14F 4177 
 175 0652 F670 9A5F 		.ascii	"\366p\232_\314hVt\3213\361F\031\247\227\214\362\204R\001\301"
 175      CC68 5674 
 175      D133 F146 
 175      19A7 978C 
 175      F284 5201 
 176 0667 E820 63A2 		.ascii	"\350 c\242\232v}\226$\221\271)\253\016\344\314s(r\263\242rz\240"
 176      9A76 7D96 
 176      2491 B929 
 176      AB0E E4CC 
 176      7328 72B3 
 177 067f E686 8D6E 		.ascii	"\346\206\215n\034\02595?N\312#\235b\033H\374\244\020e\330\350"
 177      1C15 3935 
 177      3F4E CA23 
 177      9D62 1B48 
 177      FCA4 1065 
 178 0695 6A2E 3AD7 		.ascii	"j.:\327\252>+1\250\377\341(}~\177\333u\003\326\344l\254\311\267"
 178      AA3E 2B31 
 178      A8FF E128 
 178      7D7E 7FDB 
 178      7503 D6E4 
 179 06ad 7709 AD26 		.ascii	"w\t\255&\267\203S^M\300i\251\006\317\300\202\222\213\333\026"
 179      B783 535E 
 179      4DC0 69A9 
 179      06CF C082 
 179      928B DB16 
 180 06c1 A77B 9C01 		.ascii	"\247{\234\001\307\214\033"
 180      C78C 1B
 181 06c8 B3C1 405C 		.string	"\263\301@\\l\267\023\257\005/\244\237a\257\316\262\021\316\306\246D\211\362zByE\332\352\0
 181      6CB7 13AF 
 181      052F A49F 
 181      61AF CEB2 
 181      11CE C6A6 
 182 07c9 09FD 79B7 		.ascii	"\t\375y\267\316\373\313"
 182      CEFB CB
 183 07d0 A8BC 2863 		.ascii	"\250\274(c\233\222\313E\254\025G\367g\367\321\275\312\232_\344"
 183      9B92 CB45 
 183      AC15 47F7 
 183      67F7 D1BD 
 183      CA9A 5FE4 
 184 07e4 3EE7 97   		.ascii	">\347\227"
 185 07e7 0CA1 9D1F 		.string	"\f\241\235\037%\351\021\215\3165nt\256cu\346\253\364~\276QZ\364R+\256\322z\367U\332\340*\
 185      25E9 118D 
 185      CE35 6E74 
 185      AE63 75E6 
 185      ABF4 7EBE 
 186 08e8 EC22 0E39 		.string	"\354\"\01692\027}\236\247u\374*\244\n\366aS\376\256\024\355zz\255\025\033\247ym\334\233\3
 186      3217 7D9E 
 186      A775 FC2A 
 186      A40A F661 
 186      53FE AE14 
 187 090e 3244 9C6C 		.ascii	"2D\234lm\2435\355\272\346\247\r\335\336\\\374\366h\007d81\\\322"
 187      6DA3 35ED 
 187      BAE6 A70D 
 187      DDDE 5CFC 
 187      F668 0764 
 188 0926 AEE1 2FBB 		.ascii	"\256\341/\273\371\004w\313\326Lo!\f7\201\214\312l6*K\304\341"
 188      F904 77CB 
 188      D64C 6F21 
 188      0C37 818C 
 188      CA6C 362A 
 189 093d 5EB2 2F5B 		.ascii	"^\262/[/\264\255u\206\265U\352\265+\2665\200\236!\b\320\245\277"
 189      2FB4 AD75 
 189      86B5 55EA 
 189      B52B B635 
 189      809E 2108 
 190 0954 DCAD 1212 		.ascii	"\334\255\022\022\320!0S\270\001}\300\013\320U\273\336#\031\r"
 190      D021 3053 
 190      B801 7DC0 
 190      0BD0 55BB 
 190      DE23 190D 
 191 0968 D066 6F40 		.ascii	"\320fo@\177*\b\320\263\004Z\367\352C\341\364_!+\304\255t\336"
 191      7F2A 08D0 
 191      B304 5AF7 
 191      EA43 E1F4 
 191      5F21 2BC4 
 192 097f 478A      		.ascii	"G\212"
 193 0981 8C46 2997 		.string	"\214F)\227\001\bI\234{\250\216lA\220\034\315\376\267SN\233\251\303\336\277\275jo\202lZ\25
 193      0108 499C 
 193      7BA8 8E6C 
 193      4190 1CCD 
 193      FEB7 534E 
 194 0a82 570C 9B9F 		.string	"W\f\233\237\177\264\306\250y\360[\003\267\304\035\270\245l_\214\326\257\271\202\325\005\2
 194      7FB4 C6A8 
 194      79F0 5B03 
 194      B7C4 1DB8 
 194      A56C 5F8C 
 195 0b40 DBFF BCC0 		.string	"\333\377\274\300\026G\333/\3434vc\230-\027Opu:\027D\352\221\357\310\331\033\277jw\366>\n\
 195      1647 DB2F 
 195      E334 7663 
 195      982D 174F 
 195      7075 3A17 
 196 0c30 5F87 4538 		.ascii	"_\207E8\032(\"\220\364j?\363\370:\252\023\035d\235H\331T\177"
 196      1A28 2290 
 196      F46A 3FF3 
 196      F83A AA13 
 196      1D64 9D48 
 197 0c47 3947 9389 		.ascii	"9G\223\211k\205\315\205\276\273\250\242\346\306\255\330\325E"
 197      6B85 CD85 
 197      BEBB A8A2 
 197      E6C6 ADD8 
 197      D545 
 198 0c59 6985 224E 		.ascii	"i\205\"NW(:\312B\201x;l\224\253}\210\301\325E\235\353\246}\023"
 198      5728 3ACA 
 198      4281 783B 
 198      6C94 AB7D 
 198      88C1 D545 
 199 0c72 FCAD D694 		.ascii	"\374\255\326\224\264\020\301\333\334Emj6\252\224\272\250>\262"
 199      B410 C1DB 
 199      DC45 6D6A 
 199      36AA 94BA 
 199      A83E B2
 200 0c85 8B2A D4BE 		.ascii	"\213*\324\276\265\365\321\031\026\245\334\375\035]\324f\004\270"
 200      B5F5 D119 
 200      16A5 DCFD 
 200      1D5D D466 
 200      04B8 
 201 0c97 EE3D C0BB 		.ascii	"\356=\300\273m\232Q\227@L\\\377|\266Me\f\357-\004\274\336\017"
 201      6D9A 5197 
 201      404C 5CFF 
 201      7CB6 4D65 
 201      0CEF 2D04 
 202 0cae C5DA 568F 		.ascii	"\305\332V\217\266\211E\336A)\227\001\210\327-\217\300\253\203"
 202      B689 45DE 
 202      4129 9701 
 202      88D7 2D8F 
 202      C0AB 83
 203 0cc1 F1FA 0E3B 		.ascii	"\361\372\016;\334\311\005\203\222\335\253\265\266\251o+\002\277"
 203      DCC9 0583 
 203      92DD ABB5 
 203      B6A9 6F2B 
 203      02BF 
 204 0cd3 CD37 0CCA 		.ascii	"\3157\f\312\233A\273\335\003\006}u\321\216\366\202A?b\370\335"
 204      9B41 BBDD 
 204      0306 7D75 
 204      D18E F682 
 204      413F 62F8 
 205 0ce8 30D8 F150 		.ascii	"0\330\361P\030\354l6j\027\301\240\337\2030\350\2473\254\363\357"
 205      18EC 6C36 
 205      6A17 C1A0 
 205      DF83 30E8 
 205      A733 ACF3 
 206 0cfd 8241 C583 		.ascii	"\202A\305\203u\316\007\f~N \246\226a\360\035\303`7\345\364\311"
 206      75CE 070C 
 206      7E4E 20A6 
 206      9661 F01D 
 206      C360 37E5 
 207 0d13 87A6 B0D2 		.ascii	"\207\246\260\322\003\006,2\026\245t\335\363\356G\300\240\212"
 207      0306 2C32 
 207      16A5 74DD 
 207      F3EE 47C0 
 207      A08A 
 208 0d25 6130 961D 		.ascii	"a0\226\035\216\241rR\013\366\263iE\261|I{E\335\337)\374\350\373"
 208      8EA1 7252 
 208      0BF6 B369 
 208      45B1 7C49 
 208      7B45 DDDF 
 209 0d3d B390 BFA2 		.ascii	"\263\220\277\242\320O4\362\327\3256\357\217\233\226\330\373_"
 209      D04F 34F2 
 209      D7D5 36EF 
 209      8F9B 96D8 
 209      FB5F 
 210 0d4f D3DE 9B16 		.ascii	"\323\336\233\026\2370q\334\244\307\307+\326\221#\206$N\0319b"
 210      9F30 71DC 
 210      A4C7 C72B 
 210      D691 2386 
 210      244E 1939 
 211 0d64 F0EB 6FBC 		.ascii	"\360\353o\274;\376\303\304\300\304\211\223\343\023\336\235\362"
 211      3BFE C3C4 
 211      C0C4 8993 
 211      E313 DE9D 
 211      F2
 212 0d75 51C2 FB93 		.ascii	"Q\302\373\223>6&\376\033\247\324\304\311SaB\340\353\361\343\343"
 212      3E36 26FE 
 212      1BA7 D4C4 
 212      C953 6142 
 212      E0EB F1E3 
 213 0d8a 277E 143F 		.ascii	"'~\024?a\310'\211\361\352\307\tS\325\204\tS\r\323\342'*\346\311"
 213      61C8 2789 
 213      F1EA C709 
 213      53D5 8409 
 213      530D D3E2 
 214 0da2 F193 A724 		.ascii	"\361\223\247$|\242\250\310\033\201\332z\017M@\276\204iq\303>"
 214      7CA2 A8C8 
 214      1B81 DA7A 
 214      0F4D 40BE 
 214      8469 71C3 
 215 0db7 9C30 75CA 		.ascii	"\2340u\312\304\017\023\037\377@1\220\224a\374$\344\376\333\260"
 215      C40F 131F 
 215      FF40 3190 
 215      9461 FC24 
 215      E4FE DBB0 
 216 0dcb A1AF 8C9B 		.ascii	"\241\257\214\233\366\317\340\307\343\206L\031\2270!\016\307\323"
 216      F6CF E0C7 
 216      E386 4C19 
 216      9730 210E 
 216      C7D3 
 217 0ddd 90E3 FFB6 		.ascii	"\220\343\377\266\016\370C"
 217      0EF8 43
 218               		.text
 219               		.section	.gnu.lto_VirtualSerial_CDC_Interface.b6dacaae0ba72c45,"",@progbits
 220 0000 789C 2D8C 		.ascii	"x\234-\214\273\n\302@\020EswW\243\321\240\245\205\037\342\347"
 220      BB0A C240 
 220      1045 7377 
 220      57A3 D1A0 
 220      A585 1FE2 
 221 0015 5964 D12F 		.ascii	"Yd\321/\260\020\013\273\370N,T\304&\004\004\021A\374\003\033"
 221      B010 0BBB 
 221      F84E 2C54 
 221      C426 0404 
 221      1141 FC03 
 222 002a 0B51 2C44 		.ascii	"\013Q,D\360\001Fg\\\207e\017g\356p\225\365\037\374\336o\336\002"
 222      F001 4667 
 222      5C87 650F 
 222      67EE 7095 
 222      F51F FCDE 
 223 0041 0D1D 6FED 		.ascii	"\r\035o\355\233\320\222\226\244\315\305m\235b\0052\244\313\317"
 223      9BD0 9296 
 223      A4CD C56D 
 223      9D62 0532 
 223      A4CB CF
 224 0054 3D2A B00A 		.ascii	"=*\260\n\b\322\213w\330\347LZ\"\335yaK\232T\221Nj\233\261c\252"
 224      08D2 8B77 
 224      D8E7 4C5A 
 224      22DD 7961 
 224      4B9A 5491 
 225 006e 403A BBF4 		.ascii	"@:\273\364g\2569\216\270:\276\206~\336\\K\322\340<\177\272F9"
 225      67AE 398E 
 225      B83A BE86 
 225      7EDE 5C4B 
 225      D2E0 3C7F 
 226 0085 3DBE 5F81 		.ascii	"=\276_\201]\231V\353\355j[j)\023a!@9\021\300\210!0dH\f\030\n"
 226      5D99 56EB 
 226      ED6A 5B6A 
 226      2913 6121 
 226      4039 11C0 
 227 00a1 7D46 0A3D 		.ascii	"}F\n=F\032>\303F\227\221A\207\221\345%7\367N\217\2252\315E-U"
 227      461A 3EC3 
 227      4697 9141 
 227      8791 E525 
 227      37F7 4E8F 
 228 00bb 221C 84A8 		.ascii	"\"\034\204\250X\030\323\367\005\242\217X\275"
 228      5818 D3F7 
 228      05A2 8F58 
 228      BD
 229               		.text
 230               		.section	.gnu.lto_EVENT_USB_Device_ConfigurationChanged.b6dacaae0ba72c45,"",@progbits
 231 0000 789C 654F 		.ascii	"x\234eO=K\003A\020\2357\033\222\303\217\240Xja\233B\301?b\341"
 231      3D4B 0341 
 231      109D 371B 
 231      92C3 8FA0 
 231      586A 619B 
 232 0019 3F88 A220 		.ascii	"?\210\242 XyZ\357F\263\250\215\330h'\261\221\304/\304B\364\272"
 232      5879 5AEF 
 232      46B3 A88D 
 232      D868 27B1 
 232      91C4 2FC4 
 233 0030 4B48 295A 		.ascii	"KH)Z\245\262\021\213 \301\"\202\026\n\361\234\271+\035Xfx\357"
 233      A5B2 118B 
 233      20C1 2282 
 233      160A F19C 
 233      B92B 1D58 
 234 0047 CD7B B339 		.ascii	"\315{\2639\312j\030D\023\322'\345\301\020\370\340\221\250\022"
 234      CA6A 1844 
 234      13D2 27E5 
 234      C110 F8E0 
 234      91A8 12
 235 005a 30A0 830B 		.ascii	"0\240\203\013@\226a\361\305\003Fk\247\033q\251\356\244^N\273"
 235      4096 61F1 
 235      C503 466B 
 235      A71B 71A9 
 235      EEA4 5E4E 
 236 006f 73AE 11C3 		.ascii	"s\256\021\303\033\242\2043+\324Q\"\221\275\336\374\036\216\346"
 236      1BA2 8433 
 236      2BD4 5122 
 236      91BD DEFC 
 236      1E8E E6
 237 0082 AB2A 9BCE 		.ascii	"\253*\233\316H4\220\227\034\272^\210]\222l\273\370\266\330\274"
 237      4834 9097 
 237      1CBA 5E88 
 237      5D92 6CBB 
 237      F8B6 D8BC 
 238 0096 2FCA 6A5F 		.ascii	"/\312j_X\315\371`\326n\336P\215\357\366\241zu\212\242\367\347"
 238      58CD F960 
 238      D66E DE50 
 238      8DEF F6A1 
 238      7A75 8AA2 
 239 00ac 821D B85D 		.ascii	"\202\035\270]\347\306\274A\302b\2023X\345\216|\353\251\360\311"
 239      E7C6 BC41 
 239      C262 8233 
 239      58E5 8E7C 
 239      EBA9 F0C9 
 240 00c0 DE08 F84F 		.ascii	"\336\b\370O\312{b\256p\357\241\323\036\252\341\270\342R\334\340"
 240      CA7B 62AE 
 240      70EF A1D3 
 240      1EAA E1B8 
 240      E252 DCE0 
 241 00d4 423E 738E 		.ascii	"B>s\216\251\224<\371\371\356\214\310N\240&\227\250e\271\270\202"
 241      A994 3CF9 
 241      F9EE 8CC8 
 241      4EA0 2697 
 241      A865 B9B8 
 242 00e9 F526 473D 		.ascii	"\365&G=l\305\321|\ni\365%GN\224\203\307W\312\341\306\314f\270"
 242      6CC5 D17C 
 242      0A69 F525 
 242      474E 9483 
 242      C757 CAE1 
 243 0101 182E AFAF 		.ascii	"\030.\257\257\226\327f\227\350\017\255\320gW"
 243      96D7 6697 
 243      E80F ADD0 
 243      6757 
 244               		.text
 245               		.section	.gnu.lto_EVENT_USB_Device_UnhandledControlRequest.b6dacaae0ba72c45,"",@progbits
 246 0000 789C 654F 		.ascii	"x\234eO=K\003A\020\2357\033\222\303\217\240Xja\233B\301?b\341"
 246      3D4B 0341 
 246      109D 371B 
 246      92C3 8FA0 
 246      586A 619B 
 247 0019 3F88 A220 		.ascii	"?\210\242 XyZ\357Fs\250\215\330h'\261K\374B,\257[\203\245(\242"
 247      5879 5AEF 
 247      4673 A88D 
 247      D868 27B1 
 247      4BFC 422C 
 248 0033 57D9 88E0 		.ascii	"W\331\210\340\007\301\"\202\026\n\361\234\271+\035Xfx\357\315"
 248      07C1 2282 
 248      160A F19C 
 248      B92B 1D58 
 248      6678 EFCD 
 249 0047 7BB3 05CA 		.ascii	"{\263\005\312\253\037D#\322G\345\301\020x\347\232\250\0260\240"
 249      AB1F 4423 
 249      D247 E5C1 
 249      1078 E79A 
 249      A816 30A0 
 250 005b 830B 4096 		.ascii	"\203\013@\226a\361\305=F{\343%\346J\323I=>\277N\271\226Gd\210"
 250      61F1 C53D 
 250      467B E325 
 250      E64A D349 
 250      3D3E BF4E 
 251 0074 52CE ADD0 		.ascii	"R\316\255\320D\205D\366t\376\273;X\254\253l<'\321BQr\350l\306"
 251      4485 44F6 
 251      74FE BB3B 
 251      58AC AB6C 
 251      3C27 D142 
 252 008d BB34 5D77 		.ascii	"\2734]w\376\266|q_\226\325\256\260\232\363\301\254\335\274\241"
 252      FEB6 7C71 
 252      5F96 D5AE 
 252      B09A F3C1 
 252      ACDD BCA1 
 253 00a1 EEEF B6A1 		.ascii	"\356\357\266\241zu\212\343\367\207\222\355\271M\347\206\"\203"
 253      7A75 8AE3 
 253      F787 92ED 
 253      B94D E786 
 253      2283 
 254 00b3 94C5 0487 		.ascii	"\224\305\004\207\260\312\355E\355\233\322'GF\300\177R\336\022"
 254      B0CA ED45 
 254      ED9B D227 
 254      4746 C07F 
 254      52DE 12
 255 00c6 7385 3B57 		.ascii	"s\205;W\311e_\003\3735\227\341\006\307\362\231#\214e\344\301"
 255      C965 5F03 
 255      FB35 97E1 
 255      06C7 F299 
 255      238C 65E4 
 256 00db CF77 3220 		.ascii	"\317w2 ;\201\232\234\240\221\347\342\02462\005\352`\315'\323"
 256      3B81 9A9C 
 256      A091 E7E2 
 256      1436 3205 
 256      EA60 CD27 
 257 00f0 19A4 D595 		.ascii	"\031\244\325\225\0349Q\016\036^\250\206+\023\253\341l8\277\274"
 257      1C39 510E 
 257      1E5E A886 
 257      2B13 ABE1 
 257      6C38 BFBC 
 258 0104 585D 9A9C 		.ascii	"X]\232\234\243?6\367h\b"
 258      A33F 36F7 
 258      6808 
 259               		.text
 260               		.section	.gnu.lto_EVENT_CDC_Device_LineEncodingChanged.b6dacaae0ba72c45,"",@progbits
 261 0000 789C 9556 		.string	"x\234\225V[LTW\024=\373\236{\347y\347\316\b\342\003I5M\214\361\303b\333\217\372Q\375\261?
 261      5B4C 5457 
 261      143D FB9E 
 261      7BE7 79E7 
 261      CE08 E203 
 262 00ff 8760 2E66 		.string	"\207`.f]\212\217\204\2741%\310\001\b\024\211v\324\270\351Q\001\037>>\252<2\350\345\223\20
 262      5D8A 8F84 
 262      BC31 25C8 
 262      0108 1489 
 262      76D4 B8E9 
 263 01cc ED58 9B49 		.ascii	"\355X\233I\217\214E\261L\352\311\220\242\3207\357\203r\332\253"
 263      8F8C 45B1 
 263      4CEA C990 
 263      A2D0 37EF 
 263      8372 DAAB 
 264 01e0 281C C971 		.ascii	"(\034\311qg\325\301\326\353v\022W\305\222\217\243\\\003P\336"
 264      67D5 C1D6 
 264      EB76 1257 
 264      C592 8FA3 
 264      5C03 50DE 
 265 01f4 D478 F7A1 		.ascii	"\324x\367\241\233r\374\334\221\232\302\205n#m\355\237\353\265"
 265      9B72 FCDC 
 265      919A C285 
 265      6E23 6DED 
 265      9FEB B5
 266 0207 5053 466A 		.ascii	"PSFj\254\305\367\270\374\334\016\r\b\245\350\201\376\362c\366"
 266      ACC5 F7B8 
 266      FCDC 0E0D 
 266      08A5 E881 
 266      FEF2 63F6 
 267 021b C279 41EE 		.ascii	"\302yA\356\206F\250\2051"
 267      8646 A885 
 267      31
 268 0224 25A1 E08D 		.string	"%\241\340\215*s\017\024\036%\214\271\003\233\256\303\t(\034S@F\017\374\325\033\263%\242\0
 268      2A73 0F14 
 268      1E25 8CB9 
 268      039B AEC3 
 268      0928 1C53 
 269 0325 F89F      		.ascii	"\370\237"
 270 0327 558C BE2B 		.string	"U\214\276+qX%\365\344\253\363\261vM\366\304\001!d\352\003\305\222\b\223\204$v!I\212\f\212
 270      7158 25F5 
 270      E4AB F3B1 
 270      764D F6C4 
 270      0121 64EA 
 271 0428 BA49 C30B 		.ascii	"\272I\303\013\035~\304\237\232\016\362\022t\242}R\031\360\367"
 271      1D7E C49F 
 271      9A0E F212 
 271      74A2 7D52 
 271      19F0 F7
 272 043b 01AE 8B5B 		.ascii	"\001\256\213[\2655"
 272      B535 
 273 0441 D6F0 22F9 		.string	"\326\360\"\371\206\310\346\300k\222\361\n\245\267\324<\337\342Lc\374)\311\330\205\214I\21
 273      86C8 E6C0 
 273      6B92 F10A 
 273      A5B7 D43C 
 273      DFE2 4C63 
 274 0542 9792 EF37 		.string	"\227\222\3577\204\337\3211\325\220\351i\257\360\364\356\346\323\275\206|\354\020\206=1\33
 274      84DF D131 
 274      D590 E969 
 274      AFF0 F4EE 
 274      E6D3 BD86 
 275 05cb 3CC6 D0EF 		.ascii	"<\306\320\357\370?\300\356\245\304 +\324\350\320\032{\267\027"
 275      F83F C0EE 
 275      A5C4 202B 
 275      D4E8 D01A 
 275      7BB7 17
 276 05de A7DA DA86 		.ascii	"\247\332\332\206\266~\002\005^\252\031\250X\024iRIQ\351\232y"
 276      B67E 0205 
 276      5EAA 19A8 
 276      5814 6952 
 276      4951 E99A 
 277 05f3 6B4B 3F2A 		.ascii	"kK?*-^\275\274\350\3237\2261\337\342\367\026/Y\271\246xuI\321"
 277      2D5E BDBC 
 277      E8D3 3796 
 277      31DF E2F7 
 277      162F 59B9 
 278 060c B2E2 252B 		.ascii	"\262\342%+KV\271\026\257ZY\262\374\343\367\213JW\374\017\b*\302"
 278      4B56 B916 
 278      AF5A 59B2 
 278      FCE3 F78B 
 278      4A57 FC0F 
 279 0623 0B        		.ascii	"\013"
 280               		.text
 281               		.section	.gnu.lto___vector_23.b6dacaae0ba72c45,"",@progbits
 282 0000 789C 8D94 		.string	"x\234\215\224[KTQ\024\307\367\332\373\234\271\234\2311\225\212\002\005_$|(\204\354\261>\2
 282      5B4B 5451 
 282      14C7 F7DA 
 282      FB9C B99C 
 282      9931 958A 
 283 00b0 A0A8 F9FC 		.string	"\240\250\371\374\\\267\217\266\034\312q\273\36253\341\023\207\201<\007f\3062\356\332\207R
 283      5CB7 8FB6 
 283      1CCA 71BB 
 283      F235 33E1 
 283      1387 813C 
 284 0140 2D65 B430 		.ascii	"-e\2640\226G4\265\257\3009\335E\016\022\277n/\246\032H-,\004"
 284      9647 34B5 
 284      AFC0 39DD 
 284      450E 12BF 
 284      6E2F A61A 
 285 0158 6614 8D24 		.ascii	"f\024\215$>\270\251%\036U\314\302\322\346\206\245\267i\240\006"
 285      3EB8 A925 
 285      1E55 CCC2 
 285      D2E6 86A5 
 285      B769 A006 
 286 016c 8E7D 9AF4 		.ascii	"\216}\232\364\366@w\320\016Jy\026\241^\030\306V\fQ+`\004z\200"
 286      F640 77D0 
 286      0E4A 7916 
 286      A15E 18C6 
 286      560C 512B 
 287 0184 6521 24CF 		.ascii	"e!$\317\250\3541Ad2\245\361-\345\327\032\006\r+\336yB3\317\341"
 287      A8EC 3141 
 287      6432 A5F1 
 287      2DE5 D71A 
 287      060D 2BDE 
 288 019d 2E57 BC9B 		.ascii	".W\274\233\017($\020\356Y\t7J\270e\2603\341\243\177b?\332\303"
 288      0F28 2410 
 288      EE59 0937 
 288      4AB8 65B0 
 288      33E1 A37F 
 289 01b5 0F04 059B 		.ascii	"\017\004\005\233`\300\2303\201\002\027,Y-P\232f\245\304\261z"
 289      60C0 9833 
 289      8102 172C 
 289      592D 509A 
 289      66A5 C4B1 
 290 01ca F45E FB1E 		.ascii	"\364^\373\036\334\346\344-@r\030G\367\034\204\242\205t\263\006"
 290      DCE6 E42D 
 290      4072 1847 
 290      F71C 84A2 
 290      8574 B306 
 291 01de 9AFB 0B76 		.ascii	"\232\373\013v\253\202c\261\325\214\273mG\336\222\262\034m\035"
 291      AB82 63B1 
 291      D58C BB6D 
 291      47DE 92B2 
 291      1C6D 1D
 292 01f1 420F 6A65 		.ascii	"B\017jena"
 292      6E61 
 293 01f7 C6A2 24A5 		.string	"\306\242$\245\262\0330\211'oB\245\371\234\322D\354\232[C\211\213\373\360\266K\357\335hR\3
 293      B21B 3089 
 293      276F 42A5 
 293      F99C D244 
 293      EC9A 5B43 
 294 02f8 9184      		.ascii	"\221\204"
 295               		.text
 296               		.section	.gnu.lto_.symbol_nodes.b6dacaae0ba72c45,"",@progbits
 297 0000 789C 55D0 		.string	"x\234U\320;N\0031\020\306\361\277=\353\204\220\200 \220\032\270\003\027\341(\234`6\322\21
 297      3B4E 0331 
 297      10C6 F1BF 
 297      3DEB 8490 
 297      8020 901A 
 298 006a 6D1F 70B7 		.ascii	"m\037p\267\3304\310=R\312%I)\327\2702\\Q\t\301>\243I<\342\005"
 298      D834 C83D 
 298      52CA 2549 
 298      29D7 B832 
 298      5C51 09C1 
 299 0084 75B1 BCA2 		.ascii	"u\261\274\242\225\370b\003\264\372\333\323\366\342n\250\206\003"
 299      95F8 6203 
 299      B4FA DBD3 
 299      F6E2 6EA8 
 299      8603 
 300 0096 CD3B 3A13 		.ascii	"\315;:\023\266 -\236er\264\026\301\b\235\215`\210\326#\030\243"
 300      B620 2D9E 
 300      6572 B416 
 300      C108 9D8D 
 300      6088 D623 
 301 00ac 8D08 26E8 		.ascii	"\215\b&\350\334\177\020\377\211\007\307\353b\027\310v>WD,g\203"
 301      DC7F 10FF 
 301      8907 C7EB 
 301      6217 C876 
 301      3E57 442C 
 302 00c2 2F23 B244 		.ascii	"/#\262Do;\357o\21249\237\234\034\355\316\213,\222\037\236\026"
 302      6F3B EF6F 
 302      8A34 399F 
 302      9C1C EDCE 
 302      8B2C 921F 
 303 00d8 A9BE 4CAF 		.ascii	"\251\276L\257hj\264Be\n\316\337`'"
 303      686A B442 
 303      650A CEDF 
 303      6027 
 304               		.text
 305               		.section	.gnu.lto_.refs.b6dacaae0ba72c45,"",@progbits
 306 0000 789C 0D8C 		.ascii	"x\234\r\2141\n\302@\024\005\347\255\177w\223(n\024\254=\206\004"
 306      310A C240 
 306      1405 E7AD 
 306      7F77 9328 
 306      6E14 AC3D 
 307 0016 4FE4 3584 		.ascii	"O\3445\204\234,\202] E\032[\301*m\n\301\302_\fS\314\343\031p"
 307      9C2C 825D 
 307      2045 1A5B 
 307      C12A 6D0A 
 307      C1C2 5F0C 
 308 002f 734E 1B6C 		.ascii	"sN\033l\027\342\201tV\272`\235\354\252<@~\240\374$\304\021\252"
 308      17E2 8174 
 308      56BA 609D 
 308      ECAA 3C40 
 308      7EA0 FC24 
 309 0046 09D5 33AA 		.ascii	"\t\3253\252^\320\274\241\376\240f\361\276\372\356\353\376\271"
 309      5ED0 BCA1 
 309      FEA0 66F1 
 309      BEFA EEEB 
 309      FEB9 
 310 0058 EF52 EEA5 		.ascii	"\357R\356\245m\210\222?\312\366\224\244R\260Vv\344\017_\203\016"
 310      6D88 923F 
 310      CAF6 94A4 
 310      52B0 5676 
 310      E40F 5F83 
 311 006d E9        		.ascii	"\351"
 312               		.text
 313               		.section	.gnu.lto_.decls.b6dacaae0ba72c45,"",@progbits
 314 0000 789C 9D59 		.string	"x\234\235YyTTW\232\257\373n\261\025\005\030M\214I3}\222Nr\344\234>\021\2733gNg\316\234N\2
 314      7954 5457 
 314      9AAF FB6E 
 314      B115 0518 
 314      4D8C 4933 
 315 00a6 BD07 3417 		.string	"\275\0074\027\350\237\201\376\025\350\337\200<a\355o\341w\036\320B\240?"
 315      E89F 81FE 
 315      15E8 DF80 
 315      3C61 ED6F 
 315      E177 1ED0 
 316 00be 7D0A B40A 		.ascii	"}\n\264\n\350\277\200\376\214TN\2277_C\354\230\016\364*\320\177"
 316      E8BF 80FE 
 316      8C54 4E97 
 316      375F 43EC 
 316      980E F42A 
 317 00d4 C358 998A 		.ascii	"\303X\231\212\331\363?p\377\021_\203\270\274\353E\354\364\375"
 317      D9F3 3F70 
 317      FF11 5F83 
 317      B8BC EB45 
 317      ECF4 FD
 318 00e7 110C 01EE 		.ascii	"\021\f\001\356G\340\367\031P\021\320"
 318      47E0 F719 
 318      5011 D0
 319 00f2 67C0 6B90 		.string	"g\300k\220\214\215al\002h\030\3509\217\007\301|\231.\022\217i\\W\221\213\215k\210\257\300
 319      8C8D 616C 
 319      0268 18E8 
 319      398F 07C1 
 319      7C99 2E12 
 320 01f3 D4A7 627A 		.string	"\324\247bz\337\340qO\206\337]@)@\273\201R\201\366"
 320      DFE0 714F 
 320      86DF 5D40 
 320      2940 BB81 
 320      5281 F600 
 321 0207 ED75 B1EB 		.string	"\355u\261\353m\276\247J\273H\036I\271,\345\221k\335\275\315\363\342\317\274\266\225\327\2
 321      6DBE A74A 
 321      BB48 1E49 
 321      B92C E591 
 321      6BDD BDCD 
 322 0285 41FD 5483 		.string	"A\375T\203\354v\f\003\307\036\236\035\366a\003d\276\276k\274\003\315\311\021\341\212\023E
 322      EC76 0C03 
 322      C71E 9E1D 
 322      F661 0364 
 322      BEBE 6BBC 
 323 02e4 A28F C8A1 		.ascii	"\242\217\310\241\3430\230\017\203\240\341r~\302\237p\0205\343"
 323      E330 980F 
 323      83A0 E172 
 323      7EC2 9F70 
 323      1035 E3
 324 02f7 58D4 FDC3 		.ascii	"X\324\375\303\236`\225?\230\211\024V\3723+\017\357\313\252\360"
 324      9E60 953F 
 324      9889 1456 
 324      FA33 2B0F 
 324      EFCB AAF0 
 325 030b C1DF 525B 		.ascii	"\301\337R[\n\272\037\324\013H"
 325      0ABA 1FD4 
 325      0B48 
 326 0315 1340 35D9 		.string	"\023@5\331\322Dw\320\364\201?\232\013z\212A\217?\327s\026\364\234\001=\324d\333\240\207(\
 326      D244 77D0 
 326      F481 3F9A 
 326      0B7A 8A41 
 326      8F3F D773 
 327 0416 3503 3500 		.string	"5\0035"
 328 041a 3501 35A2 		.ascii	"5\0015\242w\251\257\351$jm\373\222B\036g\204\213ysi.U\302\336"
 328      77A9 AFE9 
 328      246A 6DFB 
 328      9242 1E67 
 328      848B 7973 
 329 0433 103C 47DE 		.ascii	"\020<G\336TP\025\277\362\227\344m)\233\004\"L\342v\211\013\363"
 329      5450 15BF 
 329      F297 E46D 
 329      299B 0422 
 329      4CE2 7689 
 330 0449 905F 7415 		.ascii	"\220_t\025-`\242d\317O;\213\036q\025M\222Ek\234E\347\272H\026"
 330      2D60 A264 
 330      CF4F 3B8B 
 330      1E71 154D 
 330      9245 6B9C 
 331 0462 CAFA EB9C 		.ascii	"\312\372\353\234%s]A\317\\\020$\277\362\\\375:&\013\263\364\264"
 331      2573 5D41 
 331      CF5C 1024 
 331      BFF2 5CFD 
 331      3A26 0BB3 
 332 0478 57F9 8890 		.ascii	"W\371\210\220N \244\342\331\351\210\221\355\304\005\277H\321"
 332      4E20 A4E2 
 332      D9E9 8891 
 332      EDC4 05BF 
 332      48D1 
 333 048a 5686 A8D6 		.ascii	"V\206\250\326Rg\255%\256Z\223e\255\325\256Z\017\271\n\357\225"
 333      5267 AD25 
 333      AE5A 9365 
 333      ADD5 AE5A 
 333      0FB9 0AEF 
 334 049f FDBE E08C 		.ascii	"\375\276\340\214[\345*\232 \213\326:\213\006:$!\207\252N\326"
 334      5BE5 2A9A 
 334      208B D63A 
 334      8B06 3A24 
 334      2187 AA4E 
 335 04b4 27B8 CDE0 		.ascii	"'\270\315\340\251r\361\345\251\242\372\207\362\004@\237\017\307"
 335      A972 F1E5 
 335      A9A2 FA87 
 335      F204 409F 
 335      0FC7 
 336 04c6 F67B B1DC 		.ascii	"\366{\261\334\236\tl\323\376\235m\274\251\346\221V\321X{e\020"
 336      9E09 6CD3 
 336      FE9D 6DBC 
 336      A9E6 9156 
 336      D158 7B65 
 337 04db E19B 2C89 		.ascii	"\341\233,\211\237\305F\275\340u\340\001lVg\3526-\223\375\r\260"
 337      9FC5 46BD 
 337      E075 E001 
 337      6C56 67EA 
 337      362D 93FD 
 338 04f1 7B9B 7A22 		.ascii	"{\233z\"\275q\033\023\275<4\232\255\301}\2149\360\370\322\210"
 338      BD71 1B13 
 338      BD3C 349A 
 338      ADC1 7D8C 
 338      39F0 F8D2 
 339 0506 1B1E 64CC 		.ascii	"\033\036d\314xE\361\r5\016\307\224y\\\227\322\356\313 \336\002"
 339      7845 F10D 
 339      350E C794 
 339      795C 97D2 
 339      EECB 20DE 
 340 051b F650 7EFF 		.ascii	"\366P~\377\220\027\336\312\346\356\\<\234M\264\315&\315\325n"
 340      9017 DECA 
 340      E6EE 5C3C 
 340      9C4D B4CD 
 340      26CD D56E 
 341 052f F753 34AE 		.ascii	"\367S4\256\331\274q\035"
 341      D9BC 711D 
 342 0537 884F 77C7 		.string	"\210Ow\307\311T\\(\215ij\364\224:\327\200(N\207\316u\037\302Cr\027\365B\001\315\346\275\2
 342      C954 5C28 
 342      8D69 6AF4 
 342      943A D780 
 342      284E 87CE 
 343 0638 1D81 5F29 		.string	"\035\201_)L.\265\016\342C\2541\020\315\217\271\260\2431\310\326:\305<\033\346Y\257\034\34
 343      4C2E B50E 
 343      E243 AC31 
 343      10CD 8FB9 
 343      B0A3 31C8 
 344 0664 0D26 8F4C 		.string	"\r&\217L2\371\\je\034\0048\300\345\341q\033poQ\3341\216;\016\270v\300\235p\302\035\215\36
 344      32F9 5C6A 
 344      651C 0438 
 344      C0E5 E171 
 344      1B70 6F51 
 345 0721 7448 709C 		.ascii	"tHp\234{\221\212)E\210\234\336\025K\251&D\307%\033T\n`\027\323"
 345      7B91 8A29 
 345      4588 9CDE 
 345      154B A926 
 345      44C7 251B 
 346 073a 24E3 257D 		.ascii	"$\343%}\\\0038\037\271\375Q\277\032w\263\022.Kz\332\356\253\026"
 346      5C03 381F 
 346      B9FD 51BF 
 346      1A77 B312 
 346      2E4B 7ADA 
 347 0751 5864 D06A 		.ascii	"Xd\320j5\031\313\315\031\315\323\320\261_\372\323\025\317n\357"
 347      3519 CBCD 
 347      19CD D3D0 
 347      B15F FAD3 
 347      15CF 6EEF 
 348 0765 2A76 C33B 		.ascii	"*v\303;\325t\305\356\323\345\035^0\213b`\3376\tj*\221\267/\263"
 348      D574 C5EE 
 348      D3E5 1D5E 
 348      308B 6260 
 348      DF36 096A 
 349 077e C973 5612 		.ascii	"\311sV\022\335ZQ|\013\241U3YI\242\315 \201b\205Y\200\026M\204"
 349      DD5A 517C 
 349      0BA1 5533 
 349      5949 A2CD 
 349      2081 6285 
 350 0797 8974 6775 		.ascii	"\211tguW\205\360\2134\321\226'\266M\334[T\023k\023#`\245;\221"
 350      5785 F08B 
 350      34D1 9627 
 350      B64D DC5B 
 350      5413 6B13 
 351 07b0 4351 723A 		.ascii	"CQr:\300-\371\211\024n\201\017[\204_\300\322kQI\333\334p>3e|"
 351      C02D F989 
 351      146E 810F 
 351      5B84 5FC0 
 351      D26B 5149 
 352 07cb EBA5 515F 		.ascii	"\353\245Q_\300"
 352      C0
 353 07d0 49CB 1345 		.string	"I\313\023E\330y\024.\212\341\002\005\331*\203lU\202|GA\322zK\237b\334\302@z[*\322}_f:,\37
 353      D879 142E 
 353      8AE1 0205 
 353      D92A 836C 
 353      5582 7C47 
 354 080b 4B7E 4764 		.ascii	"K~Gd\3206Y\3356\245\2728\252nWm\315v\214\273\246P\267T\343P\227"
 354      D036 59DD 
 354      36A5 BA38 
 354      AA6E 576D 
 354      CD76 8CBB 
 355 0826 E0A4 6EC2 		.ascii	"\340\244n\302\276\277\324\223x\227/\332\206\253\204(\321\006"
 355      BEBF D493 
 355      7897 2FDA 
 355      86AB 8428 
 355      D106 
 356 0838 FEC1 B91B 		.ascii	"\376\301\271\033\244P\274\2540^\251p;U\330s\361\362\016?\374"
 356      A450 BCAC 
 356      305E A970 
 356      3B55 D873 
 356      F1F2 0E3F 
 357 084d 9029 BCD2 		.ascii	"\220)\274\322\231\177W\313\202d;\261\r;`\210\335\2112L\242\022"
 357      997F 57CB 
 357      8264 3BB1 
 357      0D3B 6088 
 357      DD89 324C 
 358 0863 6607 85B9 		.ascii	"f\007\205\271\272\373z\237\006'\270Q\230\212\374L\273\027\207"
 358      BAFB 7A9F 
 358      0627 B851 
 358      988A FC4C 
 358      BB17 87
 359 0876 29BD AC74 		.ascii	")\275\254t>I\006IR\202\354\244 \365\342p3\306E\f\244\360A\353"
 359      3E49 0649 
 359      5282 ECA4 
 359      20F5 E270 
 359      33C6 450C 
 360 088e 56C4 4106 		.ascii	"V\304A\006\034 d\303\222e\220d%\310.\n\222\264\323^\353\203\333"
 360      1C20 64C3 
 360      9265 9064 
 360      25C8 2E0A 
 360      92B4 D35E 
 361 08a5 1848 526E 		.ascii	"\030HRnQ\2367~\310\230\370\366\332>7\222\215\273\351*\030\311"
 361      519E 377E 
 361      C898 F8F6 
 361      DA3E 3792 
 361      8DBB E92A 
 362 08bb 29DF 55ED 		.ascii	")\337U\355\215\237\262\351\326\201\276?\222\331=0\213R\005\232"
 362      8D9F B2E9 
 362      D681 BE3F 
 362      92D9 3D30 
 362      8B52 059A 
 363 08cf DE5B F2B3 		.ascii	"\336[\362\263K\004<\304\004\232\222\223\316 \"\261\217H\354e"
 363      4B04 3CC4 
 363      049A 9293 
 363      CE20 22B1 
 363      8F48 EC65 
 364 08e3 1215 BD3D 		.ascii	"\022\025\275=\221<\257l\371\313\242\3042h\216<b)"
 364      913C AF6C 
 364      F9CB A2C4 
 364      3268 8E3C 
 364      6229 
 365 08f5 929D 284D 		.string	"\222\235(MP\023N6u?5\2655:k\217\007\336\342N\321\023\233so\320\214!\347\216'\377[s<Q\214q
 365      5013 4E36 
 365      753F 35B5 
 365      353A 6B8F 
 365      07DE E24E 
 366 09f6 5BC1 15C1 		.ascii	"[\301\025\3016\227\b\240|Yy\276\244\374$U\276\257h\360\262'\336"
 366      3697 08A0 
 366      7C59 79BE 
 366      A4FC 2455 
 366      BEAF 68F0 
 367 0a0d EAF1 FFDC 		.ascii	"\352\361\377\334\252\323|\253\322\036Et;\365\024\362n\303\302"
 367      AAD3 7CAB 
 367      D21E 4574 
 367      3BF5 14F2 
 367      6EC3 C2
 368 0a20 7486 84E9 		.ascii	"t\206\204\351,\265\262@\262\362\366\205\3422\036&\333\323jm\224"
 368      2CB5 B240 
 368      B2F2 F685 
 368      E232 1E26 
 368      DBD3 6A6D 
 369 0a35 588E 8808 		.ascii	"X\216\210\b:%\333yJ\262\263\220\332\231\333Z|\327\017\037av^"
 369      3A25 DB79 
 369      4AB2 B390 
 369      DA99 DB5A 
 369      7CD7 0F1F 
 370 0a4c 6E9E 48F3 		.ascii	"n\236H\363\344\313\343j\210\223\244\200\213\344\305E\322\342"
 370      E4CB E36A 
 370      8893 A480 
 370      8BE4 C545 
 370      D2E2 
 371 0a5e 62BA F8D0 		.ascii	"b\272\370\320\375\233p\236\253a\213\305\370\246\335n\357e\210"
 371      FD9B 709E 
 371      AB61 8BC5 
 371      F8A6 DD6E 
 371      EF65 88
 372 0a71 6DB0 DE7E 		.ascii	"m\260\336~\357\213\344\241H\322\367\311\263\272\204\001(\316"
 372      EF8B E4A1 
 372      48D2 F7C9 
 372      B3BA 8401 
 372      28CE 
 373 0a83 3364 6405 		.ascii	"3dd\005\270Z*\274\007+k\252\007\216\371j {\"~\302g\nRF5q]\344"
 373      B85A 2ABC 
 373      072B 6BAA 
 373      078E F96A 
 373      207B 227E 
 374 0aa0 4DE3 9CC0 		.ascii	"M\343\234\300\336\035\022\363\036\247B\027ffte\235\373\032\254"
 374      DE1D 12F3 
 374      1EA7 4217 
 374      6666 7465 
 374      9DFB 1AAC 
 375 0ab4 88CC 106D 		.ascii	"\210\314\020m\217;\020\034<\021\225+\3436H\333Kx\033\244\"*\247"
 375      8F3B 101C 
 375      3C11 952B 
 375      E336 48DB 
 375      4B78 1BA4 
 376 0acb 2634 DEED 		.ascii	"&4\336\3558B\276G\221\f (=9\267\n\264x\220A\326\3369{\007\003"
 376      3842 BE47 
 376      910C 2028 
 376      3D39 B70A 
 376      B478 9041 
 377 0ae5 A698 2EDA 		.ascii	"\246\230.\332\356\354g\230D\260\302\005\223\360\347\tf%\305\334"
 377      EEEC 6798 
 377      44B0 C205 
 377      93F0 E709 
 377      6625 C5DC 
 378 0af9 291E EB44 		.ascii	")\036\353D8\312\223b\\\035\312\310\022p\022c\312RK\312\274\360"
 378      38CA 9362 
 378      5C1D CAC8 
 378      1270 1263 
 378      CA52 4BCA 
 379 0b0f 7ECA A86F 		.ascii	"~\312\250o7o\356\321\376\330\351"
 379      376F EED1 
 379      FED8 E9
 380 0b1a FA92 C08E 		.string	"\372\222\300\216F\265PI\325\302\273\250FP\236\256G\215\362\341\372\"\030@\244\2478\\\217\
 380      46B5 5049 
 380      D5C2 BBA8 
 380      4650 9EAE 
 380      478D F2E1 
 381 0c1b 2E65 8F85 		.string	".e\217\205K\321\274)\001\264\270"
 381      4BD1 BC29 
 381      01B4 B800 
 382 0c27 B448 00   		.string	"\264H"
 383 0c2a 3729 40FB 		.ascii	"7)@\373\321\364'j\3514\0357\345i\372\026=M\027\265e\336p:z\223"
 383      D1F4 276A 
 383      E934 1D37 
 383      E569 FA16 
 383      3D4D 17B5 
 384 0c44 5292 856F 		.ascii	"R\222\205os\341\333T8\371\371\223h'a\322<d\341;\\\370\016\025"
 384      73E1 DB54 
 384      38F9 F993 
 384      6827 61D2 
 384      3C64 E13B 
 385 0c5c AEBF 53BA 		.ascii	"\256\277S\272\331k\312m\371A\332\226C\254\342\313\237\344\035"
 385      D96B CA6D 
 385      F941 DA96 
 385      43AC E2CB 
 385      9FE4 1D
 386 0c6f E27B 4A3E 		.ascii	"\342{J>\315\366GvH_6f\221-\036*\031\321\342nVN\251;.\354\362"
 386      CDF6 4776 
 386      485F 3666 
 386      912D 1E2A 
 386      19D1 E26E 
 387 0c8a 4601 FE88 		.ascii	"F\001\376\210|\177\324(\276!v\200\351w\005\3077D\372\241q\340"
 387      7C7F D428 
 387      BE21 7680 
 387      E977 05C7 
 387      3744 FAA1 
 388 0ca0 6F64 5845 		.ascii	"odXE\276P\222\337\227|)\275\007E\327A\255\271\017\033\332\316"
 388      BE50 92DF 
 388      977C 29BD 
 388      0745 D741 
 388      ADB9 0F1B 
 389 0cb6 B264 7B65 		.ascii	"\262d{ee\022bi\322F\323\204`\267\301|+\335\360N\232&\324\007"
 389      6512 6269 
 389      D246 D384 
 389      60B7 C17C 
 389      2BDD F04E 
 390 0cce CA90 F36C 		.ascii	"\312\220\363l\301\365\023S\273\333%\271;\227\302?\037o\031\367"
 390      C1F5 1353 
 390      BBDB 25B9 
 390      3B97 C23F 
 390      1F6F 19F7 
 391 0ce2 60F0 F50E 		.ascii	"`\360\365\016xY\272\233\302w1\370n\n/\326\016\237\320j\370\347"
 391      7859 BA9B 
 391      C277 31F8 
 391      6E0A 2FD6 
 391      0E9F D06A 
 392 0cf8 92B8 BFFB 		.ascii	"\222\270\277\373\271\004\365\b\344\363\367\205x\361\n\362\342"
 392      B904 F508 
 392      E4F3 F785 
 392      78F1 0AF2 
 392      E2
 393 0d09 9F65 F37E 		.ascii	"\237e\363~\364\263,\352\025\310\247\367\007\275\233\242\324\254"
 393      F4B3 2CEA 
 393      15C8 A7F7 
 393      07BD 9BA2 
 393      D4AC 
 394 0d1b 53FF C44F 		.ascii	"S\377\304O\327\021\275\266\027\356\312\244x\340\344\313C\236"
 394      D711 BDB6 
 394      17EE CAA4 
 394      78E0 E4CB 
 394      439E 
 395 0d2d 140F 5906 		.ascii	"\024\017Y\006\035.\214\021\224\302\337;eP\037\027\356c\302\366"
 395      1D2E 8C11 
 395      94C2 DF3B 
 395      6550 1F17 
 395      EE63 C2F6 
 396 0d41 C73F 08B8 		.ascii	"\307?\b\270\217U\302\251\241\254V5\036f\314\321K\317\217j\311"
 396      8F55 C2A9 
 396      A1AC 5635 
 396      1E66 CCD1 
 396      4BCF 8F6A 
 397 0d56 93F4 9174 		.ascii	"\223\364\221tr\254\315M/q\347\257%\247\217\030\037\345\204\223"
 397      72AC CD4D 
 397      2F71 E7AF 
 397      25A7 8F18 
 397      1FE5 8493 
 398 0d6a 036A DA22 		.ascii	"\003j\332\"D5\364;N~\003p\362\353W\236\374\036\323\347\334\216"
 398      4435 F43B 
 398      4E7E 0370 
 398      F2EB 579E 
 398      FC1E D3E7 
 399 0d80 12D1 0EED 		.ascii	"\022\321\016\355\207\375G\301)\373\343]\336\364\301M\236\305"
 399      87FD 47C1 
 399      29FB E35D 
 399      DEF4 C14D 
 399      9EC5 
 400 0d92 EC61 BEE7 		.ascii	"\354a\276\347LM\274\226\216\221O>O\331Y\263\352\273N\233f\212"
 400      4C4D BC96 
 400      8E91 4F3E 
 400      4FD9 59B3 
 400      EABB 4E9B 
 401 0da8 D78F E7F4 		.ascii	"\327\217\347\364\271\375Lzn\237\036\261\267\373r\373\366\345"
 401      B9FD 4C7A 
 401      6E9F 1EB1 
 401      B7FB 72FB 
 401      F6E5 
 402 0dba 7E95 F243 		.ascii	"~\225\362C\242(F\213b$R\023I\364D~\002?QZ7H\255;v82\323\0137"
 402      A228 468B 
 402      6224 5213 
 402      49F4 447E 
 402      023F 515A 
 403 0dd8 30EB B2EE 		.ascii	"0\353\262\356\355\377\031\007\032\314\375Sr,\331*\261\\M\375"
 403      EDFF 1907 
 403      1ACC FD53 
 403      722C D92A 
 403      B15C 4DFD 
 404 0dec 7C21 C3BC 		.ascii	"|!\303\274P\302\f\261\367\257\246G\345X\031|\322L\344\340\017"
 404      50C2 0CB1 
 404      F7AF A647 
 404      E558 197C 
 404      D24C E4E0 
 405 0e01 F3E0 0F93 		.ascii	"\363\340\017\223\340\343\246\247}yP^\254\312b\270\213r\331\250"
 405      E0E3 A6A7 
 405      7D79 505E 
 405      ACCA 62B8 
 405      8B72 D9A8 
 406 0e15 D008 4DE9 		.ascii	"\320\bM\351Q\250\2111\201\177\325\027\033\020\035f\225\367\021"
 406      51A8 8931 
 406      817F D517 
 406      1B10 1D66 
 406      95F7 11
 407 0e28 BD27 7F40 		.ascii	"\275'\177@wI\304\375\211\251\233\364\270T\036\025,\247\2123\233"
 407      7749 C4FD 
 407      89A9 9BF4 
 407      B854 1E15 
 407      2CA7 8A33 
 408 0e3d EE23 6597 		.ascii	"\356#e\227&\365!\177\370\232\240\3651\316\352c\202\326G\311\341"
 408      26F5 217F 
 408      F89A A0F5 
 408      31CE EA63 
 408      82D6 47C9 
 409 0e52 B81A A7D6 		.ascii	"\270\032\247\326t\302)\261\354\3347;M\254\272\363iun\032\336"
 409      74C2 29B1 
 409      ECDC 373B 
 409      4DAC BAF3 
 409      6975 6E1A 
 410 0e67 0BE2 FECE 		.ascii	"\013\342\376\316q\004\211\230\226R\241x\333S\251\340\222SW\r"
 410      7104 8998 
 410      9652 A178 
 410      DB53 A9E0 
 410      9253 570D 
 411 0e7b C74C 01FC 		.ascii	"\307L\001\374\222#J\365\330\240S\232\037s\262f#\027\336H\205"
 411      9223 4AF5 
 411      D8A0 539A 
 411      1F73 B266 
 411      2317 DE48 
 412 0e90 376F 3AD5 		.ascii	"7o:\325\240Q\n\223\207\214\242_s\341\b*|<\372\312-?\374\200\245"
 412      A051 0A93 
 412      878C A25F 
 412      73E1 082A 
 412      7C3C FACA 
 413 0ea9 C291 A37B 		.ascii	"\302\221\243{\363|q$;\320l)?\237\352Nj\"\n\363\232\210\276\025"
 413      F37C 7124 
 413      3BD0 6C29 
 413      3F9F EA4E 
 413      6A22 0AF3 
 414 0ec1 9E8E 7102 		.ascii	"\236\216q\002\233>\271\371\352\031:\275I\232\256L\352x\356t@"
 414      9B3E B9F9 
 414      EA19 3ABD 
 414      499A AE4C 
 414      EA78 EE74 
 415 0ed6 2F90 0EC7 		.ascii	"/\220\016\307(\006\303\311s3V\276\321f\214Um\221\336\373w\237"
 415      2806 C3C9 
 415      7333 56BE 
 415      D166 8C55 
 415      6D91 DEFB 
 416 0eec 305E 1C94 		.ascii	"0^\034\224\022\370U\"\210\"\261Ta\321XM89\371b1I\276\221\243"
 416      12F8 5522 
 416      8822 B154 
 416      61D1 584D 
 416      3839 F962 
 417 0f05 878F 79E0 		.ascii	"\207\217y\340\222\251l\035z\330pL\240\365E\222\222\325\\\355"
 417      92A9 6C1D 
 417      7AD8 704C 
 417      A0F5 4592 
 417      92D5 5CED 
 418 0f19 D58A 44EF 		.ascii	"\325\212D\357)\312k\0335\356;\314\255\213\313\216\031\362c\326"
 418      29CA 6B1B 
 418      35EE 3BCC 
 418      AD8B CB8E 
 418      19F2 63D6 
 419 0f2d D9AE B57F 		.ascii	"\331\256\265\177sU\024\223!u\016 \"\207\2668l\333\n\266mQ\332"
 419      7355 1493 
 419      2175 0E20 
 419      2287 B638 
 419      6CDB 0AB6 
 420 0f44 F63D B5ED 		.ascii	"\366=\265\355\321\371\373{\265\270a*\333z\013k\217xs\360\224"
 420      D1F9 FB7B 
 420      B5B8 612A 
 420      DB7A 0B6B 
 420      8F78 73F0 
 421 0f59 1FE8 9B6F 		.ascii	"\037\350\233o\332E\366J\031\347\200\216\007\3508%t\002\205N~"
 421      DA45 F64A 
 421      19E7 808E 
 421      07E8 3825 
 421      7402 854E 
 422 0f6e 5219 EB8B 		.ascii	"R\031\353\213\3571\350\333/\342/j\035\265\273x\227\243v\211\225"
 422      EF31 E8DB 
 422      2FE2 2F6A 
 422      1DB5 BB78 
 422      97A3 7689 
 423 0f83 DBB1 A376 		.ascii	"\333\261\243v\267+q\022)N]^~\232\017~\302pv\331Zk\334\270A\305"
 423      B72B 7112 
 423      294E 5D5E 
 423      7E9A 0F7E 
 423      C270 76D9 
 424 0f9d 5502 EF   		.ascii	"U\002\357"
 425 0fa0 7404 6487 		.ascii	"t\004d\207\f\262C\t\222DA\242\216\336\315\365Pf\332Y\247\264"
 425      0CB2 4309 
 425      9244 41A2 
 425      8EDE CDF5 
 425      5066 DA59 
 426 0fb6 DCC9 336D 		.ascii	"\334\3113m'\315\264\232\261\206l\267w\366\263\032\214\205x\254"
 426      27CD B49A 
 426      B186 6CB7 
 426      77F6 B31A 
 426      8C85 78AC 
 427 0fca 9A49 5FE9 		.ascii	"\232I_\351\331\353A2~\207|\237\310\350\353\367e2\360F\260\256"
 427      D9EB 4132 
 427      7E87 7C9F 
 427      C8E8 EBF7 
 427      6532 F046 
 428 0fe0 281A 049D 		.ascii	"(\032\004\235\345vQ\271\013\367\256\214j\231\234-\301\317U&\205"
 428      E576 51B9 
 428      0BF7 AE8C 
 428      6A99 9C2D 
 428      C1CF 5526 
 429 0ff5 CA34 6DD9 		.ascii	"\3124m\331Q\352>\245\276\335T"
 429      51EA 3EA5 
 429      BEDD 54
 430 1000 A67B F446 		.ascii	"\246{\364F\206\007\307)\230\204\223Je\266f>\331\350\311e\212"
 430      8607 C729 
 430      9884 934A 
 430      65B6 663E 
 430      D9E8 C965 
 431 1015 27C9 ECA1 		.ascii	"'\311\354\2412\375\327sj}\270\314\325I2{\361;*\367\371\241\246"
 431      32FD D773 
 431      6A7D B8CC 
 431      D549 327B 
 431      F13B 2AF7 
 432 102c 35C6 CF67 		.ascii	"5\306\317g-\t\265\032\327\030\203\364Vc\250i\241)x]\250\321d"
 432      2D09 B51A 
 432      D718 83F4 
 432      5663 A869 
 432      A129 785D 
 433 1043 5D6E FCAB 		.ascii	"]n\374\253\301\363\343%+\337\232\377\341\207*\3170\030\371\325"
 433      C1F3 E325 
 433      2BDF 9AFF 
 433      E187 2ACF 
 433      3018 F9D5 
 434 1057 BFE8 AC73 		.ascii	"\277\350\254s\002\277\b]k\b\f3\377E\277Vo\n\324\2577[\203\336"
 434      02BF 085D 
 434      6B08 0C33 
 434      FF45 BF56 
 434      6F0A D4AF 
 435 106f B71A 2C56 		.ascii	"\267\032,Vr\033h4\005\205\204\005\033\002-\326`\220\237\363\205"
 435      721B 6834 
 435      0585 8405 
 435      1B02 2DD6 
 435      6090 9FF3 
 436 1084 EACD 9721 		.ascii	"\352\315\227!/\t[\273\332`\366 \220\277\321Y\337X\240\267\352"
 436      2F09 5BBB 
 436      DA60 F620 
 436      90BF D159 
 436      DF58 A0B7 
 437 1099 3F5D B942 		.ascii	"?]\271B\232]\020\032\266:\3040Oo\372\322M7/44d\206\313<\261\353"
 437      9A5D 101A 
 437      B63A C430 
 437      4F6F FAD2 
 437      4D37 2F34 
 438 10b4 3597 3186 		.ascii	"5\2271\2068\213\214.^2\031h\272\363\004Ax\325y\210\001\314\204"
 438      388B 8C2E 
 438      5E32 1968 
 438      BAF3 0441 
 438      78D5 7988 
 439 10cb 7058 CDA1 		.ascii	"pX\315\241!\213MV\203y\215>\310\300\206\177\3762'\024\350+\227"
 439      218B 4D56 
 439      8379 8D3E 
 439      C8C0 867F 
 439      FE32 2714 
 440 10e2 CF7B 7F81 		.ascii	"\317{\177\201\331\270\336`\266\004\316_0\037\334v[n\325[\r\332"
 440      D9B8 DE60 
 440      B604 CE5F 
 440      301F DC76 
 440      5B6E D55B 
 441 10f8 4F8C 26C3 		.ascii	"O\214&\303BSP(\004\343sO\242p\236\321j\321,\325\233\215\326\r"
 441      4253 5028 
 441      04E3 734F 
 441      A270 9ED1 
 441      6AD1 2CD5 
 442 1110 2B36 AC33 		.ascii	"+6\2543h\346\177\2417\377G\250y\255\336\352=O\037\026\274\f\026"
 442      68E6 7FA1 
 442      37FF 47A8 
 442      79AD DEEA 
 442      3D4F 1F16 
 443 1127 CD5B BA9C 		.ascii	"\315[\272\234\006\373\203_\353\254\257p{\b\016E\264h\027\030"
 443      06FB 835F 
 443      EBAC AF70 
 443      7B08 0E45 
 443      B468 1718 
 444 113b D61B 830C 		.ascii	"\326\033\203\f+B\027\205Z\254Z\362gE(\033z\023\254\320\315\017"
 444      2B42 1785 
 444      5AAC 5AF2 
 444      6745 281B 
 444      7A13 ACD0 
 445 1151 D15B 2C8B 		.ascii	"\321[,\213MkBu`\207\216M\300\236-\\\265p\311\n\345\020\303u\300"
 445      4D6B 4275 
 445      6087 8E4D 
 445      C09E 2D5C 
 445      B570 C90A 
 446 116a 8219 A6CF 		.ascii	"\202\031\246\317\r\301s\326\351\315\3269s=L\241&SXH\310+k\364"
 446      0DC1 73D6 
 446      E9CD D639 
 446      733D 4CA1 
 446      2653 5848 
 447 1182 16EB FB61 		.ascii	"\026\353\373a\226\325\026\203\331\250\017\231\023\244\232\375"
 447      96D5 1683 
 447      D9A8 0F99 
 447      13A4 9AFD 
 448 1192 1381 7C96 		.ascii	"\023\201|\226\033\254a\353\026\351\315\301_\353\315\006\365Z"
 448      1BAC 61EB 
 448      16E9 CDC1 
 448      5FEB CD06 
 448      F55A 
 449 11a4 BDD1 F41E 		.ascii	"\275\321\364\036[J\214\224\227B\352\205\231iT\371\302\200IR+"
 449      5B4A 8C94 
 449      9742 EA85 
 449      9969 54F9 
 449      C280 4952 
 450 11b9 4D30 131C 		.ascii	"M0\023\034b\b\346\241Xf\370*\f\262\355\335I\226(c\315\321\274"
 450      6208 E6A1 
 450      5866 F82A 
 450      0CB2 EDDD 
 450      4996 2863 
 451 11d0 75BA F586 		.ascii	"u\272\365\206 k\250Y\367\353\017\334-\306\317M\372\020u\230\305"
 451      206B A859 
 451      F7EB 0FDC 
 451      2DC6 CF4D 
 451      FA10 7598 
 452 11e5 103C DDF0 		.ascii	"\020<\335\360\r\354/p!\033t\353\215\026#\354\243'Q\271\330d\264"
 452      0DEC 2F70 
 452      211B 74EB 
 452      8D16 23EC 
 452      A327 51B9 
 453 11fc FA2B 3713 		.ascii	"\372+7\023\356\271\332\020\203\031\266\325\233H\001\255\320["
 453      EEB9 DA10 
 453      8319 B6D5 
 453      9B48 01AD 
 453      D05B 
 454 120e BE9C E922 		.ascii	"\276\234\351\"H\306@d\246\302\244e\206 \003\314\317\333`5x\360"
 454      48C6 4064 
 454      A6C2 A465 
 454      8620 03CC 
 454      CFDB 6035 
 455 1224 F299 A598 		.ascii	"\362\231\245\230^n0\005\2239\335R\263a\335?9\007\225F\306 \345"
 455      5E6E 3005 
 455      9339 DD52 
 455      B361 DD3F 
 455      3907 9546 
 456 123b 9AE5 2DC5 		.ascii	"\232\345-\305\354Rsh\220\301bq\216\307\317V\031\315\3260}\310"
 456      EC52 7368 
 456      90C1 6271 
 456      8EC7 CF56 
 456      19CD D630 
 457 1251 72BA 5534 		.ascii	"r\272U4.\216$\366]\271\374\337\227\255\260\206\022\343\203LV"
 457      2E8E 24F6 
 457      5DB9 FCDF 
 457      97AD B086 
 457      12E3 834C 
 458 1266 256B 0E5E 		.ascii	"%k\016^7miX\210\305\360\207\345\313\fd\233 x\232e\337|\262p\001"
 458      376D 6958 
 458      88C5 F087 
 458      E5CB 0C64 
 458      9B20 789A 
 459 1280 1DD5 AC70 		.ascii	"\035\325\254p\334\302\252yd\r,\325}m^\247dW\207\255Q\262\200"
 459      DCC2 AA79 
 459      640D 2CD5 
 459      7D6D 5EA7 
 459      6457 87AD 
 460 1297 A954 01C2 		.ascii	"\251T\001\302\352 Hs\357\257\203\255\272`\243E\017\321~E\247"
 460      EA20 4873 
 460      EFAF 83AD 
 460      BA60 A345 
 460      0FD1 7E45 
 461 12ac D387 7CAD 		.ascii	"\323\207|\255\337`\321\031M!\260o:]\340Oj+\344\036`\310NpG\311"
 461      DF60 D119 
 461      4D21 B06F 
 461      3A5D E04F 
 461      6A2B E41E 
 462 12c6 9679 B17B 		.ascii	"\226y\261{\030\365\002k-t\314oN\340\274P\310\277@2\0023\263\244"
 462      18F5 026B 
 462      2D74 CC6F 
 462      4EE0 BC50 
 462      C8BF 4032 
 463 12de 50EA 48C4 		.ascii	"P\352H\304\241D$\336\307\311\220\351\220\257&]\230\211d\211\316"
 463      A144 24DE 
 463      C7C9 90E9 
 463      90AF 265D 
 463      9889 6489 
 464 12f3 6CB0 8485 		.ascii	"l\260\204\205X_W\356\263\264\n\020g8\020\377\b\345l\240\270\323"
 464      585F 57EE 
 464      B3B4 0A10 
 464      6738 10FF 
 464      08E5 6CA0 
 465 1309 1C63 F343 		.ascii	"\034c\363C\fz\363\342%~\324\240\025af\323\247&r;M\346\327\254"
 465      0C7A F3E2 
 465      257E D4A0 
 465      1561 66D3 
 465      A726 723B 
 466 1321 21F7 FF07 		.ascii	"!\367\377\007\2548B\237"
 466      AC38 429F 
 467               		.text
 468               		.section	.gnu.lto_.symtab.b6dacaae0ba72c45,"",@progbits
 469 0000 4556 454E 		.string	"EVENT_CDC_Device_ControLineStateChanged"
 469      545F 4344 
 469      435F 4465 
 469      7669 6365 
 469      5F43 6F6E 
 470 0028 00        		.string	""
 471 0029 00        		.string	""
 472 002a 00        		.string	""
 473 002b 00        		.string	""
 474 002c 00        		.string	""
 475 002d 00        		.string	""
 476 002e 00        		.string	""
 477 002f 00        		.string	""
 478 0030 00        		.string	""
 479 0031 00        		.string	""
 480 0032 00        		.string	""
 481 0033 0D01 00   		.string	"\r\001"
 482 0036 00        		.string	""
 483 0037 5365 7475 		.string	"SetupHardware"
 483      7048 6172 
 483      6477 6172 
 483      6500 
 484 0045 00        		.string	""
 485 0046 00        		.string	""
 486 0047 00        		.string	""
 487 0048 00        		.string	""
 488 0049 00        		.string	""
 489 004a 00        		.string	""
 490 004b 00        		.string	""
 491 004c 00        		.string	""
 492 004d 00        		.string	""
 493 004e 00        		.string	""
 494 004f 00        		.string	""
 495 0050 1001 00   		.string	"\020\001"
 496 0053 00        		.string	""
 497 0054 6D61 696E 		.string	"main"
 497      00
 498 0059 00        		.string	""
 499 005a 00        		.string	""
 500 005b 00        		.string	""
 501 005c 00        		.string	""
 502 005d 00        		.string	""
 503 005e 00        		.string	""
 504 005f 00        		.string	""
 505 0060 00        		.string	""
 506 0061 00        		.string	""
 507 0062 00        		.string	""
 508 0063 00        		.string	""
 509 0064 1301 00   		.string	"\023\001"
 510 0067 00        		.string	""
 511 0068 5669 7274 		.string	"VirtualSerial_CDC_Interface"
 511      7561 6C53 
 511      6572 6961 
 511      6C5F 4344 
 511      435F 496E 
 512 0084 00        		.string	""
 513 0085 00        		.string	""
 514 0086 00        		.string	""
 515 0087 00        		.string	""
 516 0088 00        		.string	""
 517 0089 00        		.string	""
 518 008a 00        		.string	""
 519 008b 00        		.string	""
 520 008c 00        		.string	""
 521 008d 00        		.string	""
 522 008e 00        		.string	""
 523 008f 3E01 00   		.string	">\001"
 524 0092 00        		.string	""
 525 0093 5075 6C73 		.string	"PulseMSRemaining"
 525      654D 5352 
 525      656D 6169 
 525      6E69 6E67 
 525      00
 526 00a4 00        		.string	""
 527 00a5 04        		.ascii	"\004"
 528 00a6 00        		.string	""
 529 00a7 0200      		.string	"\002"
 530 00a9 00        		.string	""
 531 00aa 00        		.string	""
 532 00ab 00        		.string	""
 533 00ac 00        		.string	""
 534 00ad 00        		.string	""
 535 00ae 00        		.string	""
 536 00af 4D01 00   		.string	"M\001"
 537 00b2 00        		.string	""
 538 00b3 4556 454E 		.string	"EVENT_USB_Device_ConfigurationChanged"
 538      545F 5553 
 538      425F 4465 
 538      7669 6365 
 538      5F43 6F6E 
 539 00d9 00        		.string	""
 540 00da 00        		.string	""
 541 00db 00        		.string	""
 542 00dc 00        		.string	""
 543 00dd 00        		.string	""
 544 00de 00        		.string	""
 545 00df 00        		.string	""
 546 00e0 00        		.string	""
 547 00e1 00        		.string	""
 548 00e2 00        		.string	""
 549 00e3 00        		.string	""
 550 00e4 1501 00   		.string	"\025\001"
 551 00e7 00        		.string	""
 552 00e8 4556 454E 		.string	"EVENT_USB_Device_UnhandledControlRequest"
 552      545F 5553 
 552      425F 4465 
 552      7669 6365 
 552      5F55 6E68 
 553 0111 00        		.string	""
 554 0112 00        		.string	""
 555 0113 00        		.string	""
 556 0114 00        		.string	""
 557 0115 00        		.string	""
 558 0116 00        		.string	""
 559 0117 00        		.string	""
 560 0118 00        		.string	""
 561 0119 00        		.string	""
 562 011a 00        		.string	""
 563 011b 00        		.string	""
 564 011c 1701 00   		.string	"\027\001"
 565 011f 00        		.string	""
 566 0120 4556 454E 		.string	"EVENT_CDC_Device_LineEncodingChanged"
 566      545F 4344 
 566      435F 4465 
 566      7669 6365 
 566      5F4C 696E 
 567 0145 00        		.string	""
 568 0146 00        		.string	""
 569 0147 00        		.string	""
 570 0148 00        		.string	""
 571 0149 00        		.string	""
 572 014a 00        		.string	""
 573 014b 00        		.string	""
 574 014c 00        		.string	""
 575 014d 00        		.string	""
 576 014e 00        		.string	""
 577 014f 00        		.string	""
 578 0150 1901 00   		.string	"\031\001"
 579 0153 00        		.string	""
 580 0154 5F5F 7665 		.string	"__vector_23"
 580      6374 6F72 
 580      5F32 3300 
 581 0160 00        		.string	""
 582 0161 00        		.string	""
 583 0162 00        		.string	""
 584 0163 00        		.string	""
 585 0164 00        		.string	""
 586 0165 00        		.string	""
 587 0166 00        		.string	""
 588 0167 00        		.string	""
 589 0168 00        		.string	""
 590 0169 00        		.string	""
 591 016a 00        		.string	""
 592 016b 2101 00   		.string	"!\001"
 593 016e 00        		.string	""
 594 016f 5553 425F 		.string	"USB_Init"
 594      496E 6974 
 594      00
 595 0178 00        		.string	""
 596 0179 02        		.ascii	"\002"
 597 017a 00        		.string	""
 598 017b 00        		.string	""
 599 017c 00        		.string	""
 600 017d 00        		.string	""
 601 017e 00        		.string	""
 602 017f 00        		.string	""
 603 0180 00        		.string	""
 604 0181 00        		.string	""
 605 0182 00        		.string	""
 606 0183 2301 00   		.string	"#\001"
 607 0186 00        		.string	""
 608 0187 5553 425F 		.string	"USB_USBTask"
 608      5553 4254 
 608      6173 6B00 
 609 0193 00        		.string	""
 610 0194 02        		.ascii	"\002"
 611 0195 00        		.string	""
 612 0196 00        		.string	""
 613 0197 00        		.string	""
 614 0198 00        		.string	""
 615 0199 00        		.string	""
 616 019a 00        		.string	""
 617 019b 00        		.string	""
 618 019c 00        		.string	""
 619 019d 00        		.string	""
 620 019e 2501 00   		.string	"%\001"
 621 01a1 00        		.string	""
 622 01a2 4344 435F 		.string	"CDC_Device_ReceiveByte"
 622      4465 7669 
 622      6365 5F52 
 622      6563 6569 
 622      7665 4279 
 623 01b9 00        		.string	""
 624 01ba 02        		.ascii	"\002"
 625 01bb 00        		.string	""
 626 01bc 00        		.string	""
 627 01bd 00        		.string	""
 628 01be 00        		.string	""
 629 01bf 00        		.string	""
 630 01c0 00        		.string	""
 631 01c1 00        		.string	""
 632 01c2 00        		.string	""
 633 01c3 00        		.string	""
 634 01c4 3001 00   		.string	"0\001"
 635 01c7 00        		.string	""
 636 01c8 4344 435F 		.string	"CDC_Device_SendByte_Prep"
 636      4465 7669 
 636      6365 5F53 
 636      656E 6442 
 636      7974 655F 
 637 01e1 00        		.string	""
 638 01e2 02        		.ascii	"\002"
 639 01e3 00        		.string	""
 640 01e4 00        		.string	""
 641 01e5 00        		.string	""
 642 01e6 00        		.string	""
 643 01e7 00        		.string	""
 644 01e8 00        		.string	""
 645 01e9 00        		.string	""
 646 01ea 00        		.string	""
 647 01eb 00        		.string	""
 648 01ec 3401 00   		.string	"4\001"
 649 01ef 00        		.string	""
 650 01f0 4344 435F 		.string	"CDC_Device_ConfigureEndpoints"
 650      4465 7669 
 650      6365 5F43 
 650      6F6E 6669 
 650      6775 7265 
 651 020e 00        		.string	""
 652 020f 02        		.ascii	"\002"
 653 0210 00        		.string	""
 654 0211 00        		.string	""
 655 0212 00        		.string	""
 656 0213 00        		.string	""
 657 0214 00        		.string	""
 658 0215 00        		.string	""
 659 0216 00        		.string	""
 660 0217 00        		.string	""
 661 0218 00        		.string	""
 662 0219 3A01 00   		.string	":\001"
 663 021c 00        		.string	""
 664 021d 4344 435F 		.string	"CDC_Device_ProcessControlRequest"
 664      4465 7669 
 664      6365 5F50 
 664      726F 6365 
 664      7373 436F 
 665 023e 00        		.string	""
 666 023f 02        		.ascii	"\002"
 667 0240 00        		.string	""
 668 0241 00        		.string	""
 669 0242 00        		.string	""
 670 0243 00        		.string	""
 671 0244 00        		.string	""
 672 0245 00        		.string	""
 673 0246 00        		.string	""
 674 0247 00        		.string	""
 675 0248 00        		.string	""
 676 0249 3C01 00   		.string	"<\001"
 677 024c 00        		.string	""
 678               		.text
 679               		.section	.gnu.lto_.opts,"",@progbits
 680 0000 27        		.ascii	"'"
 681 0001 2D66 6D61 		.string	"-fmath-errno' '-fsigned-zeros' '-ftrapping-math' '-fno-trapv' '-fno-openmp' '-fno-openacc
 681      7468 2D65 
 681      7272 6E6F 
 681      2720 272D 
 681      6673 6967 
 682               		.text
 683               		.comm	__gnu_lto_v1,1,1
 684               		.comm	__gnu_lto_slim,1,1
 685               		.ident	"GCC: (GNU) 5.1.1 20150520"
DEFINED SYMBOLS
                            *ABS*:0000000000000000 fast-usbserial.c
     /tmp/cc8eyNKx.s:2      *ABS*:000000000000003e __SP_H__
     /tmp/cc8eyNKx.s:3      *ABS*:000000000000003d __SP_L__
     /tmp/cc8eyNKx.s:4      *ABS*:000000000000003f __SREG__
     /tmp/cc8eyNKx.s:5      *ABS*:0000000000000000 __tmp_reg__
     /tmp/cc8eyNKx.s:6      *ABS*:0000000000000001 __zero_reg__
                            *COM*:0000000000000001 __gnu_lto_v1
                            *COM*:0000000000000001 __gnu_lto_slim

NO UNDEFINED SYMBOLS
