   1               		.file	"ConfigDescriptor.c"
   2               	__SP_H__ = 0x3e
   3               	__SP_L__ = 0x3d
   4               	__SREG__ = 0x3f
   5               	__tmp_reg__ = 0
   6               	__zero_reg__ = 1
   7               		.text
   8               	.Ltext0:
   9               		.section	.gnu.lto_.profile.43152b9172bb4903,"",@progbits
  10 0000 789C 6366 		.string	"x\234cf```a\200"
  10      6060 6061 
  10      8000 
  11 000a 4686 8A38 		.string	"F\206\2128"
  11      00
  12 000f 01C2 00   		.string	"\001\302"
  13 0012 DF        		.ascii	"\337"
  14               		.text
  15               		.section	.gnu.lto_.jmpfuncs.43152b9172bb4903,"",@progbits
  16 0000 789C 6DCA 		.ascii	"x\234m\312\273\021\3000\f\002P0\316\271\364j\331\306%\253\007"
  16      BB11 C030 
  16      0C02 5030 
  16      CEB9 F46A 
  16      D9C6 25AB 
  17 0015 FFBA 5020 		.ascii	"\377\272P \235\364\204\377\274g>\250L\232mp\255\335\246\253F"
  17      9DF4 84FF 
  17      BC67 3EA8 
  17      4C9A 6D70 
  17      ADDD A6AB 
  18 002a 9E1A 9C55 		.ascii	"\236\032\234Uf\t(:R\027:p\337\030\031\207\017\246\350\n\""
  18      6609 283A 
  18      5217 3A70 
  18      DF18 1987 
  18      0FA6 E80A 
  19               		.text
  20               		.section	.gnu.lto_.inline.43152b9172bb4903,"",@progbits
  21 0000 789C 6366 		.string	"x\234cf\300\016Z\2404+\003\203\340lFF\006&\261\311w\371\030x\276\317ga\002\t32H.\007\211J
  21      C00E 5AA0 
  21      342B 0383 
  21      E06C 4646 
  21      0626 B1C9 
  22 0064 A024 18D0 		.ascii	"\240$\030\320"
  23               		.text
  24               		.section	.gnu.lto_.pureconst.43152b9172bb4903,"",@progbits
  25 0000 789C 6366 		.string	"x\234cf``\340f\200"
  25      6060 E066 
  25      8000 
  26 000a 5606 2946 		.string	"V\006)F)&)f)\026)"
  26      2926 2966 
  26      2916 2900 
  27 0016 0416 00   		.string	"\004\026"
  28 0019 A0        		.ascii	"\240"
  29               		.text
  30               		.section	.gnu.lto_USB_GetNextDescriptorOfTypeAfter.part.0.43152b9172bb4903,"",@progbits
  31 0000 789C 7D54 		.string	"x\234}TMlTU\024\276\337\275o\336\374\026H\023\215\351\246\306IC\fV\215;7&@\023]\270\022ML
  31      4D6C 5455 
  31      14BE DFBD 
  31      6FDE FC16 
  31      4813 8DE9 
  32 009b BB05 448B 		.ascii	"\273\005D\213T^\307\343\242Ezl\232\277\345\264D\"}8\031\\\377"
  32      545E C7E3 
  32      A245 7A6C 
  32      9ABF E5B4 
  32      4422 7D38 
  33 00b2 91D6 7AEA 		.ascii	"\221\326z\352@_R#\026\312K!f\244\r\301'XOA\375#\373\263!"
  33      405F 5223 
  33      16CA 4B21 
  33      66A4 0DC1 
  33      2758 4F41 
  34 00cb 751F 049D 		.string	"u\037\004\235\317]\237\233\tM\312\274\304:6\337\317N\314*6\2454fW\367\244\277\246K'b\351[
  34      CF5D 9F9B 
  34      094D CABC 
  34      C43A 36DF 
  34      CF4E CC2A 
  35 01cc 0705 C18A 		.string	"\007\005\301\212\204\330)\3048u4\345\212\t\232\"m\217\272\204\230\231nO\372\257\363\016\3
  35      84D8 29C4 
  35      3875 34E5 
  35      8A09 9A22 
  35      6D8F BA84 
  36 0230 9DBF B467 		.ascii	"\235\277\264g\202\006P\222q\311\032\315\207/\264W\022\276Bs\213"
  36      8206 5092 
  36      71C9 1ACD 
  36      872F B457 
  36      12BE 4273 
  37 0245 5620 3DBC 		.ascii	"V =\274K\342\033\204q\234\356o\0216\3130#Q\276(\350\203[\016"
  37      4BE2 1B84 
  37      719C EE6F 
  37      1136 CB30 
  37      2351 BE28 
  38 025d 4D9D 0137 		.ascii	"M\235\0017\313b\t\3643L\226\301xx\002)\206\342\004\334\234\344"
  38      CB62 09F4 
  38      334C 96C1 
  38      7878 0229 
  38      86E2 04DC 
  39 0273 1DBB 367E 		.ascii	"\035\2736~a\310\307\037Z\300\020\366\2358\376B\007\332[\265\366"
  39      61C8 C71F 
  39      5AC0 10F6 
  39      9D38 FE42 
  39      07DA 5BB5 
  40 0288 D140 4939 		.ascii	"\321@I9\fp\251H\243\303\210x,\177\265u\337\315\n\213W\245\370"
  40      0C70 A948 
  40      A3C3 8878 
  40      2C7F B575 
  40      DFCD 0A8B 
  41 029f A0C1 1F9D 		.ascii	"\240\301\037\235\373\360f\305<A\210r\340$\023\320\253\017f\337"
  41      FBF0 66C5 
  41      3C41 8872 
  41      E024 13D0 
  41      AB0F 66DF 
  42 02b3 BEBC B676 		.ascii	"\276\274\266vC^V\340\024\261\375C\253a\212\301i\3242\365\350"
  42      435E 56E0 
  42      14B1 FD43 
  42      AB61 8AC1 
  42      69D4 32F5 
  43 02c8 AE59 585E 		.ascii	"\256YX^\207\250i\332\222-.\232<\024\020O\356\274\224\371\265"
  43      87A8 69DA 
  43      922D 2E9A 
  43      3C14 104F 
  43      EEBC 94F9 
  44 02dd 18E2 2166 		.ascii	"\030\342!f\353\216\275\365\307\335\354[\245\370\357(\035A\354"
  44      EB8E BDF5 
  44      C7DD EC5B 
  44      A5F8 EF28 
  44      1D41 EC
  45 02f0 128C 669E 		.ascii	"\022\214f\236\265\024\336\322\352\3252\325S\214\213\357\r\303"
  45      B514 DED2 
  45      EAD5 32D5 
  45      538C 8BEF 
  45      0DC3 
  46 0302 19DB 7EFC 		.ascii	"\031\333~\374\035\327b}9\346\267\351Q\314\276\"\370\254I\357"
  46      1DD7 627D 
  46      39E6 B7E9 
  46      51CC BE22 
  46      F8AC 49EF 
  47 0316 B3E9 DFED 		.ascii	"\263\351\337\355\276\001\036ON\372K\363;+\250\377\203a\370\361"
  47      BE01 1E4F 
  47      4EFA 4BF3 
  47      3B2B A8FF 
  47      8361 F8F1 
  48 032a 8EFA 4568 		.ascii	"\216\372Eh`9\245\375\313)\2351J\303n\f\316\221\322\303h\033\211"
  48      6039 A5FD 
  48      CB29 9D31 
  48      4AC3 6E0C 
  48      CE91 D2C3 
  49 0341 5715 7972 		.ascii	"W\025yr<6\301\337\251\022\235g\205\032\227^\372^\351\341\360"
  49      3C36 C1DF 
  49      A912 9D67 
  49      851A 975E 
  49      FA5E E9E1 
  50 0356 6382 34A3 		.ascii	"c\2024\243\177ye\n\377\363\275G,(\264Z\257\347\271RJq9\376\374"
  50      7F79 650A 
  50      FFF3 BD47 
  50      2C28 B45A 
  50      AFE7 B952 
  51 036f 42F4 7C97 		.ascii	"B\364|\227\274y?\025W\177\202,\3121\212\326t\366q\336s[\007\310"
  51      BC79 3F15 
  51      577F 822C 
  51      CA31 8AD6 
  51      74F6 71DE 
  52 0387 499B 51FD 		.ascii	"I\233Q\375\314\226M\265u\321\206\327\"\321\246\20767\276\262"
  52      CC96 4DB5 
  52      75D1 86D7 
  52      22D1 A687 
  52      3637 BEB2 
  53 039b B5E1 C5BA 		.ascii	"\265\341\305\272HS}\264a[sc\364\301z\341\333\264\2759\322\364"
  53      4853 7DB4 
  53      615B 7363 
  53      F4C1 7AE1 
  53      DBB4 BD39 
  54 03b1 54E4 E58A 		.ascii	"T\344\345\212\315\257F\2436\340\311\306z\347\351\355\333\"\376"
  54      CDAF 46A3 
  54      36E0 C9C6 
  54      7AE7 E9ED 
  54      DB22 FE
  55 03c4 8D5B 9B23 		.ascii	"\215[\233#Q>U\362\313\005\334\226\206\035\221\325\211_\022\377"
  55      513E 55F2 
  55      CB05 DC96 
  55      861D 91D5 
  55      895F 12FF 
  56 03d8 0307 A955 		.ascii	"\003\007\251UD"
  56      44
  57               		.text
  58               		.section	.gnu.lto_USB_GetNextDescriptorOfTypeAfter.43152b9172bb4903,"",@progbits
  59 0000 789C 7D94 		.ascii	"x\234}\224]lTE\024\307"
  59      5D6C 5445 
  59      14C7 
  60 000a E7CC DCBD 		.string	"\347\314\334\275\373\375\001\211h\372@\215MC\fV\214o\276\230\b$\372\340\223h\342\263u\321
  60      FBFD 0189 
  60      68FA 408D 
  60      4D43 0C56 
  60      8C6F BE98 
  61 010b D430 9C62 		.ascii	"\3240\234bp\020\3521zr\347\256\375 V+\335\256\211X\306P\344\330"
  61      7010 EA31 
  61      7A72 E7AE 
  61      FD20 562B 
  61      DDAE 8958 
  62 0123 B5F0 352E 		.ascii	"\265\3605.\321\207\001_.D\r\006_)47\330\376\256S<\245\320\341"
  62      D187 015F 
  62      2E44 0D06 
  62      5F29 3437 
  62      D8FE AE53 
  63 013b 0119 F568 		.ascii	"\001\031\365h\364z\274S\241\026\350\325\350c5\360(\201\026\006"
  63      F47A BC53 
  63      A116 E8D5 
  63      E863 35F0 
  63      2881 1606 
  64 014f 7D0A 0CC5 		.ascii	"}\n\f\305?\037\361\210\247\025\330\233\376\357\204U\201\3357"
  64      3F1F F188 
  64      A715 D89B 
  64      FEEF 8455 
  64      81DD 37
  65 0162 C2F0 1061 		.ascii	"\302\360\020a_\337\207}\003\365\024;\035\271\233q\232\021L\224"
  65      5FDF 877D 
  65      03F5 143B 
  65      1DB9 9B71 
  65      9A11 4C94 
  66 0176 4FA7 070E 		.ascii	"O\247\007\016\201\tx\303\265\363\375\355i\273xNi\016\336:"
  66      8109 78C3 
  66      B5F3 FDED 
  66      69BB 784E 
  66      690E DE3A 
  67 018a 77C8 5DB7 		.string	"w\310]\267W\312\320T\"| 0,\345v\031\234+\324\326\346\271\t\337V\236\247\230\344\357\240\2
  67      57CA D054 
  67      227C 2030 
  67      2CE5 7619 
  67      9C2B D4D6 
  68 028b 33C7 EDB8 		.ascii	"3\307\355\270~s\374\334\260\215^8\207\022L\034?\372j\027t\006"
  68      7E73 FCDC 
  68      B08D 5E38 
  68      8712 4C1C 
  68      3FFA 6A17 
  69 02a1 A5B4 61E1 		.ascii	"\245\264a\341\321*\034'\3630\b]@\256\217\344o\004w\335qk\336"
  69      D12A 1C27 
  69      F330 085D 
  69      40AE 8FE4 
  69      6F04 77DD 
  70 02b8 51CE 3B15 		.ascii	"Q\316;\025\177x\356\223;\356\222\200\013\367\200$\t\340\322\307"
  70      7F78 EE93 
  70      3BEE 9280 
  70      0BF7 8024 
  70      09E0 D2C7 
  71 02cc B3EF 5FF1 		.ascii	"\263\357_\3616\254\316s7\234@\265\277\261\221\224\0318\t\r$="
  71      36AC CE73 
  71      379C 40B5 
  71      BFB1 9194 
  71      1938 090D 
  72 02e2 BA63 16B4 		.ascii	"\272c\026\264\256\023\2451\275\234Fd\032g0 \034\333~9u\261\030"
  72      AE13 A531 
  72      BD9C 4664 
  72      1A67 3020 
  72      1CDB 7E39 
  73 02f9 42CA 7A3A 		.ascii	"B\312z:\364\336\357+hn\t\363\247p;Dt\326GS/k\tw\271{Q\305=\306"
  73      F4DE EF2B 
  73      686E 09F3 
  73      A770 3B44 
  73      74D6 4753 
  74 0317 70F8 5129 		.ascii	"p\370Q)\374\244\217\037\376\300\324\254\007\361\371\355\241\270"
  74      FCA4 8F1F 
  74      FEC0 D4AC 
  74      07F1 F9ED 
  74      A1B8 
  75 0329 FBA2 F090 		.ascii	"\373\242\360\220\332\336\243\267\377\260\3476Pyr\334[\276\277"
  75      DADE A3B7 
  75      FFB0 E736 
  75      5079 72DC 
  75      5BBE BF
  76 033c B148 F64F 		.ascii	"\261H\366O+\205\237\347\263_D}\3252\355\255\226\351_T\246Aw\f"
  76      2B85 9FE7 
  76      B35F 447D 
  76      D532 EDAD 
  76      96E9 5F54 
  77 0354 A430 D397 		.ascii	"\2440\323\227 2\022\256\321:\006J\251\276\034\3476\326}\232A"
  77      2032 12AE 
  77      D13A 064A 
  77      A9BE 1CE7 
  77      36D6 7D9A 
  78 0369 168D E017 		.ascii	"\026\215\340\027^(\253\177\354~R\207-[\352tg\310\033\212^\t\277"
  78      5E28 AB7F 
  78      EC7E 5287 
  78      2D5B EA74 
  78      67C8 1B8A 
  79 0380 722F BA74 		.ascii	"r/\272t.\352\265\263\305\366\317\342\347\017\277\031J;\275\307"
  79      2EEA B5B3 
  79      C5F6 CFE2 
  79      E70F BF19 
  79      4A3B BDC7 
  80 0394 45BD 9DE3 		.ascii	"E\275\235\343\224\271\216\340\247\223V\322\366U(\377ZR^Q\214"
  80      94B9 8EE0 
  80      A793 56D2 
  80      F655 28FF 
  80      5A52 5E51 
  81 03a9 2D93 32D9 		.ascii	"-\2232\331nC\\\207\035>Z\242C\357\271\260\263\227o\373W\266\223"
  81      6E43 5C87 
  81      1D3E 5AA2 
  81      43EF B9B0 
  81      B397 6FFB 
  82 03c0 3FCF 0C55 		.ascii	"?\317\fU\024\322\260\215\241\036&2\307\255x\334<\367*\330J>F"
  82      14D2 B08D 
  82      A11E 2632 
  82      C7AD 78DC 
  82      3CF7 2AD8 
  83 03d7 2198 CC3C 		.ascii	"!\230\314<\253p\225\001\300I\354\311\332\2276\254mX\037hz\313"
  83      AB70 9501 
  83      C049 ECC9 
  83      DA97 36AC 
  83      6D58 1F68 
  84 03ed 1F68 59B3 		.ascii	"\037hY\263\256\371\215\215M\257\255\367\2674\006\2326\2676\007"
  84      AEF9 8D8D 
  84      4DAF ADF7 
  84      B734 069A 
  84      36B7 3607 
  85 0401 1E6F 64B6 		.ascii	"\036od\266\265[Z\375-/\3707\271\327\275\031\b\350\200\347\233"
  85      B55B 5AFD 
  85      2D2F F837 
  85      B9D7 BD19 
  85      08E8 80E7 
  86 0416 1B8D 17B7 		.ascii	"\033\215\027\267l\366\333\237\331\330\352\017\320\323rZ\274\307"
  86      6CF6 DB9F 
  86      D9D8 EA0F 
  86      D0D3 725A 
  86      BCC7 
  87 0428 6D68 DAEA 		.ascii	"mh\332\352_Z\370u\366?\310H}\360"
  87      5F5A F875 
  87      F63F C848 
  87      7DF0 
  88               		.text
  89               		.section	.gnu.lto_USB_GetNextDescriptorOfType.43152b9172bb4903,"",@progbits
  90 0000 789C 7D54 		.ascii	"x\234}TILSQ\024}\367\375\241\277\0234$\032\323\rFB\210Q\324\270"
  90      494C 5351 
  90      147D F7FD 
  90      A1BF 1334 
  90      241A D30D 
  91 001a 7363 E2B0 		.ascii	"sc\342\260t\345\220\270r!Ve\241\220\202&\272\341\265\305\211"
  91      74E5 90B8 
  91      7221 5665 
  91      A190 8226 
  91      BAE1 B5C5 
  92 002f 18D3 38C4 		.ascii	"\030\3238\304\202\022\347\bN8\341\004J\235\0234 N\025\027\210"
  92      8212 E708 
  92      4E38 E104 
  92      4A9D 1334 
  92      204E 1517 
  93 0044 4315 4D8C 		.ascii	"C\025M\214 \304\322\205\326{\337\373hE\264I\373\376\275\357\236"
  93      20C4 D285 
  93      D67B DFFB 
  93      6845 B449 
  93      FBFE BDEF 
  94 0059 73CF 3DEF 		.ascii	"s\317=\357\375j\354\357\3172\374z\r\306\312q\005\213\001\217"
  94      FD6A ECEF 
  94      CF32 FC7A 
  94      0DC6 CA71 
  94      058B 018F 
  95 006d 7630 16B2 		.ascii	"v0\026\2628\030\352A\003]=\350\334\274\2451\341rt\2643&<\016"
  95      3818 EA41 
  95      035D 3DE8 
  95      DCBC A531 
  95      E172 74B4 
  96 0085 5530 C7E0 		.ascii	"U0\307\340\232L\270\344\256\307\004\2404\003V\3055\335a\230P"
  96      9A4C B8E4 
  96      AEC7 04A0 
  96      3403 56C5 
  96      35DD 6198 
  97 009a C50D D5E9 		.ascii	"\305\r\325\351#\037\340\020\215\237\214\271\213\216\t!\372\303"
  97      231F E010 
  97      8D9F 8CB9 
  97      8B8E 0921 
  97      FAC3 
  98 00ac 1762 02C2 		.ascii	"\027b\002\302\2364gl\220\253\0228\016EX\324\372\342P\302\243"
  98      9E34 676C 
  98      90AB 1238 
  98      0E45 58D4 
  98      FAE2 50C2 
  99 00c1 4D02 86CF 		.ascii	"M\002\206\317\017\336\f\017z\372x\232\203\217\302\272DrH\243"
  99      0FDE 0C0F 
  99      7AFA 789A 
  99      838F C2BA 
  99      4472 48A3 
 100 00d5 9073 191E 		.ascii	"\220s\031\036i\350s\026\036\021\321p\374S\215\230\bi\256A\003"
 100      69E8 7316 
 100      1E11 D170 
 100      FC53 8D98 
 100      0869 AE41 
 101 00ea 68C8 078D 		.ascii	"h\310\007\215\340\207\023\340g\230bp\022\n\261\372\313\216=\215"
 101      E087 13E0 
 101      6798 6270 
 101      120A B1FA 
 101      CB8E 3D8D 
 102 00fe A04D 91BC 		.ascii	"\240M\221\274\365}\261\204.\221\275\265o\023\\\240\016\035N\215"
 102      F57D B184 
 102      2E91 BDB5 
 102      6F13 5CA0 
 102      0E1D 4E8D 
 103 0112 86EA 0C4E 		.ascii	"\206\352\fNKh\252m\353v\2676KB\273\256\213h\216\202\326E\352"
 103      4B68 AA6D 
 103      EB76 B736 
 103      4B42 BBAE 
 103      8B68 8E82 
 104 0129 24D4 8033 		.ascii	"$\324\2003\n:\325\017\223\th0h\202B\252\036\250\376\236p\233"
 104      0A3A D50F 
 104      9309 6830 
 104      6882 42AA 
 104      1EA8 FE9E 
 105 013f D538 B14F 		.ascii	"\3258\261O\315\tg\301\004\\p\357Q\353\326\016\2476[\262\266\275"
 105      CD09 67C1 
 105      045C 70EF 
 105      51EB D60E 
 105      A736 5BB2 
 106 0155 E93C EF2D 		.ascii	"\351<\357-8$D\270\2771r\"\330%\304f\021\032\316\344\347\247\271"
 106      3824 44B8 
 106      BF31 7222 
 106      D825 C466 
 106      111A CEE4 
 107 016c 09E7 FE14 		.ascii	"\t\347\376\024f\273u\036\n\232\362\342\"\223i\351\256\r\027\373"
 107      66BB 751E 
 107      0A9A F2E2 
 107      2293 69E9 
 107      AE0D 17FB 
 108 0180 F374 A041 		.ascii	"\363t\240A\rl\357\300s@\341\026>ZN\374q\272\200\364\270)\366"
 108      0D6C EFC0 
 108      7340 E116 
 108      3E5A 4EFC 
 108      71BA 80F4 
 109 0197 50EC 95E8 		.ascii	"P\354\225\350\034\212s\251\336G?\214\275C\201\375&.\034\027-"
 109      1C8A 73A9 
 109      DE47 3F8C 
 109      BD43 81FD 
 109      262E 1C17 
 110 01ac 89D6 E1E1 		.ascii	"\211\326\341\341j\317!,\315o\212\177x\250\243D\034<v{\\\257\210"
 110      6ACF 212C 
 110      CD6F 8A7F 
 110      78A8 A344 
 110      1C3C 767B 
 111 01c3 62EB AA31 		.ascii	"b\353\2521,\267\345]\200\202\024:8\202><\260\355\273K\016(6\211"
 111      2CB7 E55D 
 111      8082 143A 
 111      3882 3E3C 
 111      B0ED BB4B 
 112 01db 19D5 BD99 		.ascii	"\031\325\275\231\f\216\346\032\355\271\215\275HX\223\275\204"
 112      0C8E E61A 
 112      EDB9 8DBD 
 112      4858 93BD 
 112      84
 113 01ec F0B7 9ACE 		.ascii	"\360\267\232\316\272G\217\013\377p\262\367\356\207\tTB-\244\237"
 113      BA47 8F0B 
 113      FF70 B2F7 
 113      EE87 0954 
 113      422D A49F 
 114 0200 831C 4679 		.ascii	"\203\034FyM\3431h\006\023\311.\201\231\342n\334\177\365\256\263"
 114      4DE3 3168 
 114      0613 C92E 
 114      8199 E26E 
 114      DC7F F5AE 
 115 0215 CBA2 DBE3 		.ascii	"\313\242\333\343bT\336r\343\352\212z\330\027\022\302B\037\260"
 115      6254 DE72 
 115      E3EA 8A7A 
 115      D817 12C2 
 115      421F B0
 116 0228 1F5C 2605 		.ascii	"\037\\&\005p\005\352\201Z_J?\r\355\371\354UxO6\336-\361\315\303"
 116      7005 EA81 
 116      5A5F 4A3F 
 116      0DED F9EC 
 116      5578 4F36 
 117 0241 073E 7B7F 		.ascii	"\007>{\177\021x\260\007\\%\002\334\332?\264\253;\267xJ\232{\341"
 117      1178 B007 
 117      5C25 02DC 
 117      DA3F B4AB 
 117      3BB7 784A 
 118 0258 1AB2 7D45 		.ascii	"\032\262}E_\245\030h\201b\242\356\3312\004\212\327\213\324\350"
 118      5FA5 1868 
 118      8162 A2EE 
 118      D932 048A 
 118      D78B D4E8 
 119 026c 11A7 8844 		.ascii	"\021\247\210Dc\006\013\"\261\315\317\333\237\332%9\310\254\322"
 119      6306 0B22 
 119      B1CD CFDB 
 119      9FDA 2539 
 119      C8AC D2
 120 027f E19D AFC7 		.ascii	"\341\235\257\307S\356?\342[\261\035B\224u=\355K\025En\266zm\f"
 120      53EE 3FE2 
 120      5BB1 1D42 
 120      9475 3DED 
 120      4B15 456E 
 121 0297 F558 A3C3 		.ascii	"\365X\243\303u\311pC\215\037\331m*\254\017\341#\355\301\356\376"
 121      75C9 7043 
 121      8D1F D96D 
 121      2AAC 0FE1 
 121      23ED C1EE 
 122 02ac 4F70 9B6C 		.ascii	"Op\233l\357\3033L\342\331\323\355\221B\3666\274\005:\250\024"
 122      EFC3 334C 
 122      E2D9 D3ED 
 122      9142 F636 
 122      BC05 3AA8 
 123 02c1 B7B2 95E8 		.ascii	"\267\262\225\350R\311\217\303w\366\031D\346\263'\211K\252\233"
 123      52C9 8FC3 
 123      77F6 1944 
 123      E6B3 2789 
 123      4BAA 9B
 124 02d4 23C7 6023 		.ascii	"#\307`#\235Y}A\372m\215\345\367-\3517\320-\272\215f?\203\352"
 124      9D59 7D41 
 124      FA6D 8DE5 
 124      F72D E937 
 124      D02D BA8D 
 125 02ec 1711 BFCD 		.ascii	"\027\021\277\315\220\242\223gt\317\035\354\340}\006I|Q\361\377"
 125      90A2 9367 
 125      74CF 1DEC 
 125      E07D 0649 
 125      7C51 F1FF 
 126 0300 4A69 7C5F 		.ascii	"Ji|_;S\225\031HX\023:\372\305ak\312\032\357\016iB\312\356\310"
 126      3B53 9519 
 126      4858 133A 
 126      FAC5 616B 
 126      CA1A EF0E 
 127 0319 F2DF B5BF 		.ascii	"\362\337\265\277\306\241\313v\327\276\304I\214\360\035\352\201"
 127      C6A1 CB76 
 127      D7BE C449 
 127      8CF0 1DEA 
 127      81
 128 032a 50FC C93D 		.ascii	"P\374\311=N\305\2521`\026oC\376\222Es\213\347\007K\327\007\202"
 128      4EC5 AA31 
 128      6016 6F43 
 128      FE92 4573 
 128      8BE7 074B 
 129 0341 15D3 E795 		.ascii	"\025\323\347\225\255]Y\272j~\240\242$XZ^Y\026\234V\302\254\271"
 129      AD5D 59BA 
 129      6A7E A0A2 
 129      2458 5A5E 
 129      5916 9C56 
 130 0358 1B2A 0315 		.ascii	"\033*\003\025\013\003k\274\363\326\005\203\252`AY\211\276xCy"
 130      0B03 6BBC 
 130      F3D6 0583 
 130      AA60 4159 
 130      89BE 7843 
 131 036d 208F 52BF 		.ascii	" \217R\277\253\027\225n\f\374\237n5\373\t\013\001\350Q"
 131      AB17 956E 
 131      0CFC 9F6E 
 131      35FB 090B 
 131      01E8 51
 132               		.text
 133               		.section	.gnu.lto_USB_GetNextDescriptorOfTypeBefore.43152b9172bb4903,"",@progbits
 134 0000 789C 7D54 		.string	"x\234}T_l\223U\024\277\347\336\357\373\372\365\337V\0321d\206\fY\026Bpb|\343\205\204\301\
 134      5F6C 9355 
 134      14BF E7DE 
 134      EFFB FAF5 
 134      DF56 1A31 
 135 00a4 28CC 8035 		.ascii	"(\314\2005ra\230\266\345\202Fni\345\t>\315!\236\352l\365\256"
 135      7261 98B6 
 135      E582 466E 
 135      69E5 093E 
 135      CD21 9EEA 
 136 00bb F956 4A39 		.ascii	"\371VJ9u\263\273UB\324\227\347\214\315p]\002\035\260\006\213"
 136      75B3 BB55 
 136      42D4 97E7 
 136      8CCD 705D 
 136      021D B006 
 137 00d0 92B7 8EA4 		.ascii	"\222\267\216\244}b50|\277\372`n\3067\316\363\034\002\264=\234"
 137      7D62 3530 
 137      7CBF FA60 
 137      6EC6 37CE 
 137      F31C 02B4 
 138 00e6 1E9B 15B4 		.ascii	"\036\233\025\264\345\\m\333\217\215\273+\333e<\232\232k\221\253"
 138      E55C 6DDB 
 138      8F8D BB2B 
 138      DB65 3C9A 
 138      9A6B 91AB 
 139 00fa 20CF 051C 		.ascii	" \317\005\034\003\201|p\034\312\340\004\2241\f1\350\204J\254"
 139      0381 7C70 
 139      1CCA E004 
 139      9431 0C31 
 139      E884 4AAC 
 140 010e 9E3C 70E8 		.ascii	"\236<p\3508\210u\212\267m\2745m(\344\350\351\366\273\\b\037\006"
 140      3888 758A 
 140      B76D BC35 
 140      6D28 E4E8 
 140      E9F6 BB5C 
 141 0125 9C5C 0C35 		.ascii	"\234\\\f5\030\234R\320\334\300\276O\275b\203\202\016\367\311"
 141      189C 52D0 
 141      DCC0 BE4F 
 141      BD62 8382 
 141      0EF7 C9
 142 0138 7889 8676 		.ascii	"x\211\206v\r&\024\324\204\323\032\372J\031\254%\240\311\240K"
 142      0D26 14D4 
 142      84D3 1AFA 
 142      4A19 AC25 
 142      A0C9 A04B 
 143 014c 01D3 C9E6 		.ascii	"\001\323\311\346\016[lT\300\276\314\320\264G\001\277>\037\203"
 143      0E5B 6C54 
 143      C0BE CCD0 
 143      B447 01BF 
 143      3E1F 83
 144 015f 1504 3BF3 		.string	"\025\004;\363\f\354;\250\244\332\351\246'i\257\325\204F\005\264=p\026,\300\005s7\222\373\
 144      0CEC 3BA8 
 144      A4DA E9A6 
 144      2769 AFD5 
 144      8446 05B4 
 145 0260 3F41 1B90 		.ascii	"?A\033\220\364\271\236L\344\320#\277\306\227\024\343\275\n\337"
 145      F4B9 9E4C 
 145      E4D0 23BF 
 145      C697 14E3 
 145      BD0A DF
 146 0273 3DF7 D523 		.ascii	"=\367\325#\377S\002\037j@/\021`\352\313\331\317o\227V\255\313"
 146      FF53 021F 
 146      6A40 2F11 
 146      60EA CBD9 
 146      CF6F 9756 
 147 0289 6328 896C 		.ascii	"c(\211l\177\243\257\252\031\350\203*\242\316|2\013\232\267\024"
 147      7FA3 AFAA 
 147      19E8 832A 
 147      A2CE 7C32 
 147      0B9A B714 
 148 029d A9D1 234E 		.ascii	"\251\321#N;j\032#X\020k\335;r\345w\247$\200\314:\034\375\354"
 148      3B6A 1A23 
 148      5810 6BDD 
 148      3B72 E577 
 148      A724 80CC 
 149 02b5 FE8B 147B 		.ascii	"\376\213\024{N\363\375(\207\020m]\346\312;\232bYq\367b\211\356"
 149      4EF3 FD28 
 149      8710 6D5D 
 149      E6CA 3B9A 
 149      6259 71F7 
 150 02cc B1C6 8001 		.ascii	"\261\306\200\001\305\220\322\343\307\016Z\032\033D\370\274<8"
 150      C590 D2E3 
 150      C70E 5A1A 
 150      1B44 F8BC 
 150      3C38 
 151 02de EAFF 0BBE 		.ascii	"\352\377\013\276\240\344\203Z\376\213\376?\201\216'\307\355b"
 151      A0E4 835A 
 151      FE8B FE3F 
 151      818E 27C7 
 151      ED62 
 152 02f0 7D43 E9FF 		.ascii	"}C\351\377s\364b\302$\212\200\323\377\317\212`p\336|\007\351"
 152      73F4 62C2 
 152      248A 80D3 
 152      FFCF 8A60 
 152      70DE 7C07 
 153 0305 2E52 03E5 		.ascii	".R\003\345\262\275\224\313\027\225\313@w\347\027\264\370\017"
 153      B2BD 94CB 
 153      1795 CB40 
 153      77E7 17B4 
 153      F80F 
 154 0317 68BA 152B 		.ascii	"h\272\025+s\030rt\336\370\214\241\362\205!&T\262\363\300KO\323"
 154      7318 7274 
 154      DEF8 8CA1 
 154      F285 2126 
 154      54B2 F3C0 
 155 032e 5E27 6DB2 		.ascii	"^'m\262\303\\\240\366\324\231\277\356\013\312\242FK\344\233I"
 155      C35C A0F6 
 155      D499 BFEE 
 155      0BCA A246 
 155      4BE4 9B49 
 156 0342 17B5 1997 		.ascii	"\027\265\031\227)c\301\250\227P\262x,\272j\227\325\025\316r\233"
 156      2963 C1A8 
 156      9750 B278 
 156      2CBA 6A97 
 156      D515 CE72 
 157 0357 755C 6630 		.ascii	"u\\f0\2061\3743\025\312\214\221\304\353Z\320,f\r,\240\374\225"
 157      8631 FC33 
 157      15CA 8C91 
 157      C4EB 5AD0 
 157      2C66 0D2C 
 158 036e 86C7 F66E 		.ascii	"\206\307\366n\307\336uj\035F\352\316E\277\311\fD\002j\237\305"
 158      C7DE 756A 
 158      1D46 EACE 
 158      45BF C90C 
 158      4402 6A9F 
 159 0383 6127 2CBC 		.ascii	"a',\274W\345\333\266VWm\t\327~\030\n7\254\337\\_\267\243\366"
 159      57E5 DBB6 
 159      5657 6D09 
 159      D77E 180A 
 159      37AC DF5C 
 160 039b BD2D A186 		.ascii	"\275-\241\206\232p\355\256\335\365\341Wk\230]\275gw\250\341\255"
 160      9A70 EDAE 
 160      DDF5 E157 
 160      6B98 5DBD 
 160      6777 A8E1 
 161 03b0 D0FB FECD 		.ascii	"\320\373\376\315\037\204\303\272\340\315\372\032\343\355=\273"
 161      1F84 C3BA 
 161      E0CD FA1A 
 161      E3ED 3DBB 
 162 03c0 429E EAD0 		.ascii	"B\236\352\320\216\372p\210^\203\224\375\017\270\265\366\243\320"
 162      8EFA 7088 
 162      5E83 94FD 
 162      0FB8 B5F6 
 162      A3D0 
 163 03d2 F399 77B2 		.ascii	"\363\231w\262\177\001\177\"\033\""
 163      7F01 7F22 
 163      1B22 
 164               		.text
 165               		.section	.gnu.lto_USB_GetNextDescriptorComp.43152b9172bb4903,"",@progbits
 166 0000 789C 7D55 		.string	"x\234}U]L\024W\024\276\347\316\356\374\354\237\013*!4\rM\t1\246\2455M\232\324\307\202}j\0
 166      5D4C 1457 
 166      14BE E7CE 
 166      EEFC EC9F 
 166      0B2A 2134 
 167 00ad 0A33 60FB 		.ascii	"\n3`\373\270d2\313\232\242\302>\256\030%\374\316g8\234\371\271"
 167      B864 32CB 
 167      9AA2 C23E 
 167      AE18 25FC 
 167      CE67 389C 
 168 00c3 ED3E 6C38 		.ascii	"\355>l8\243\353\276\351\037\333\n\003e\233\242\234\261Y\316\340"
 168      A3EB BEE9 
 168      1FDB 0A03 
 168      659B A29C 
 168      B159 CEE0 
 169 00d7 C50C D898 		.ascii	"\305\f\330\230A\324/a\003\342Zo\237\034\266I\317\003\303\347"
 169      41D4 2F61 
 169      03E2 5A6F 
 169      9F1C B649 
 169      CF03 C3E7 
 170 00eb EB63 0BB3 		.ascii	"\353c\013\263\266\t\036\345\340\244\341\361\341\3619\211\206"
 170      B609 1EE5 
 170      E0A4 E1F1 
 170      E1F1 3989 
 170      86
 171 00fc 9C8B 61F0 		.ascii	"\234\213a\360\354\204\226\035\324\313}\241?\312\364\347 \312"
 171      EC84 961D 
 171      D4CB 7DA1 
 171      3FCA F4E7 
 171      20CA 
 172 010e 2538 0B12 		.ascii	"%8\013\022i\326B\006\324A\006\303\020\203z\310F\364\324\341c"
 172      69D6 4206 
 172      D441 06C3 
 172      1083 7AC8 
 172      46F4 D4E1 
 173 0123 B520 BD20 		.ascii	"\265 \275 t\253&*\207M\006\363x\020\322\243\334\004_\255$\232"
 173      74AB 262A 
 173      874D 06F3 
 173      7810 D2A3 
 173      DC04 5FAD 
 174 0139 187C 2D88 		.ascii	"\030|-\210c\203]\r\232\264Y\020\003u#\027\343\304IA4\303\271"
 174      6383 5D0D 
 174      9AB4 5910 
 174      0375 2317 
 174      E3C4 4941 
 175 0150 9544 3383 		.ascii	"\225D3\203\006\310&\364'\203\341v\213\364\246`\016\234\2761d"
 175      06C8 26F4 
 175      2783 E176 
 175      8BF4 A660 
 175      0E9C BE31 
 176 0165 CA3A 89D3 		.ascii	"\312:\211\323\217Lu\226r\375\020\372\020\213\255A\023\340\274"
 176      8F4C 7596 
 176      72FD 10FA 
 176      108B AD41 
 176      13E0 BC
 177 0178 A1B0 E803 		.ascii	"\241\260\350\003]H\230\t<\031\266\312\001]\327\235p\001\262\310"
 177      5D48 9809 
 177      3C19 B6CA 
 177      015D D79D 
 177      7001 B2C8 
 178 018c 2AF4 A811 		.ascii	"*\364\250\021d`L\242\bbb7\377>o\226\266\213\004\227\253\357\036"
 178      6460 4CA2 
 178      0862 6237 
 178      FF3E 6F96 
 178      B68B 0497 
 179 01a3 548C 048F 		.ascii	"T\214\004\217\374=\t\td\370&\271D\343\202\213B\342f\353\201>"
 179      FC3D 0909 
 179      64F8 26B9 
 179      44E3 828B 
 179      42E2 66EB 
 180 01b9 4DCA 1712 		.ascii	"M\312\027\022\355c\375\215v!1\375\247\277\316sK\327Ku\357B,3"
 180      ED63 FD8D 
 180      7621 31FD 
 180      A7BF CE73 
 180      4BD7 4B75 
 181 01d1 33CA 15B8 		.ascii	"3\312\025\270\264\252H\023d5\244\206\364X\254e\346\013\337\253"
 181      B4AA 4813 
 181      6435 A486 
 181      F458 AC65 
 181      E60B DFAB 
 182 01e5 1BD3 010D 		.ascii	"\033\323\001\r`2\220\347\n>\252\330\027\350\242&\262Y1\240\331"
 182      6032 90E7 
 182      0A3E AAD8 
 182      17E8 A226 
 182      B259 31A0 
 183 01fa 80DC 7130 		.ascii	"\200\334q0\232A\212\370O\305\260e\255\220ZG\210\365\304K\243"
 183      9A41 8AF8 
 183      4FC5 B065 
 183      AD90 5A47 
 183      88F5 C44B 
 184 020f 3FC6 1EE0 		.ascii	"?\306\036\340\244\247e\274q\274I\343\270\232\330t\322\b\370\036"
 184      A4A7 65BC 
 184      71BC 49E3 
 184      B89A D874 
 184      D208 F81E 
 185 0223 968D 56BF 		.ascii	"\226\215V\277\206%\177:P\353wH\025 \352\037\271w\370\261$\352"
 185      8625 7F3A 
 185      50EB 7748 
 185      1520 EA1F 
 185      B977 F8B1 
 186 0239 AF79 1C84 		.ascii	"\257y\034\204J=\020\211\305D\355\227W\253}\205\307X \\A\237\311"
 186      4A3D 1089 
 186      C544 ED97 
 186      57AB 7D85 
 186      C758 205C 
 187 0250 629C 5833 		.ascii	"b\234X3\310\363\\C\314\275\007\375\267Tj:\223\240\374s\252\353"
 187      C8F3 5C43 
 187      CCBD 07FD 
 187      B754 6A3A 
 187      93A0 FC73 
 188 0266 84B9 0A4E 		.ascii	"\204\271\nNx\313\365\310\243_\034X\357<W\341[R\205\026\250\002"
 188      78CB F5C8 
 188      A35F 1C58 
 188      EF3C 57E1 
 188      5B52 8516 
 189 027c 3604 3E7D 		.ascii	"6\004>}3\321I\021%(\020ZPD\344\nE\024\214p\032\242ZC\350\267"
 189      33D1 4911 
 189      2528 105A 
 189      5044 E40A 
 189      4514 8C70 
 190 0296 5EEA 8A72 		.ascii	"^\352\212r_d2\330\235\260hOur\334\357VR\220\205ft\277#\256rj"
 190      5F64 32D8 
 190      9DB0 684F 
 190      7572 DCEF 
 190      5652 9085 
 191 02b1 E6E0 138B 		.ascii	"\346\340\023\213\261\364\311*\326\225m\035Wi#\025\225\241\217"
 191      B1F4 C92A 
 191      D695 6D1D 
 191      5769 2315 
 191      95A1 8F
 192 02c4 4DCD 0FBD 		.ascii	"M\315\017\275\307&\355I^D\256\305\322\tB\311\204\021\263\034"
 192      C726 ED49 
 192      5E44 AEC5 
 192      D209 42C9 
 192      8411 B31C 
 193 02d8 56BA D544 		.ascii	"V\272\325D\257\256\n\247\332\311\251\324D\247l\302\251K\013\325"
 193      AFAE 0AA7 
 193      DAC9 A9D4 
 193      44A7 6CC2 
 193      A94B 0BD5 
 194 02ec 9376 724A 		.ascii	"\223vrJ\327\325(\267\243\025\020\242\022\360\325\347sG\357\254"
 194      D7D5 28B7 
 194      A315 10A2 
 194      12F0 D5E7 
 194      7347 EFAC 
 195 0300 C9A9 4725 		.ascii	"\311\251G%j\264w\237\241]\360\035\232\367\027.\267P\205\016\310"
 195      6AB4 779F 
 195      A15D F01D 
 195      9AF7 172E 
 195      B750 850E 
 196 0315 A1F2 46F7 		.ascii	"\241\362F\367\317\201\221`-\346\020\306\341\210\262c\004\001"
 196      CF81 9160 
 196      2DE6 10C6 
 196      E188 B263 
 196      0401 
 197 0327 FECA D2A1 		.ascii	"\376\312\322\241\360`\034\262n\236\026\203\302\276#\367\323("
 197      F060 1CB2 
 197      6E9E 1683 
 197      C2BE 23F7 
 197      D328 
 198 0339 9658 9455 		.ascii	"\226X\224Udn\271\332\\\270T\223X\272"
 198      646E B9DA 
 198      5CB8 5493 
 198      58BA 
 199 0347 4EB1 745D 		.string	"N\261t]\230\035\025\230\321Z\341w\f\305\365\211\002\322*\263Rp1\340\232P\350\246\305\307\
 199      981D 1598 
 199      D15A E177 
 199      0CC5 F589 
 199      02D2 2AB3 
 200 0448 29D8 C799 		.ascii	")\330\307\231\333\267\345\346l\361\024\355uy\212_\316s\357z\277"
 200      DBB7 E5E6 
 200      6CF1 14ED 
 200      7579 8A5F 
 200      CE73 EF7A 
 201 045d 68C7 1657 		.ascii	"h\307\026Wq\201\247hw\211\333\363R\001Ss?*q\025ou\355\264\347"
 201      7181 A768 
 201      7789 DBF3 
 201      5201 5373 
 201      3F2A 7115 
 202 0476 EDF1 780C 		.ascii	"\355\361x\f\300[\356\202\224<\367\316\335\371\236|\004mu\357"
 202      C05B EE82 
 202      943C F7CE 
 202      DDF9 9E7C 
 202      046D 75EF 
 203 048a 2929 DAE5 		.ascii	"))\332\345\322\336\360x\334\b(tY\337\366\270\366\222\b\342R\211"
 203      D2DE F078 
 203      DC08 2874 
 203      59DF F6B8 
 203      F692 08E2 
 204 04a0 B52C B8AD 		.ascii	"\265,\270\255\350c\327\377g\374\200\331\210\276\230\365_1p\250"
 204      E863 D7FF 
 204      67FC 80D9 
 204      88BE 98F5 
 204      5F31 70A8 
 205 04b4 93        		.ascii	"\223"
 206               		.text
 207               		.section	.gnu.lto_.symbol_nodes.43152b9172bb4903,"",@progbits
 208 0000 789C 55C8 		.string	"x\234U\310\275\021@0"
 208      BD11 4030 
 208      00
 209 0009 86E1 373F 		.string	"\206\3417?\356\254`C[|\245\302q&\3109\233\b\215Fo"
 209      EEAC 6043 
 209      5B7C A5C2 
 209      7126 C839 
 209      9B08 8D46 
 210 001f 2630 8014 		.ascii	"&0\200\024Q\344)\037\007\264d\366@0\235 \231a\251\261\03329\030"
 210      51E4 291F 
 210      07B4 64F6 
 210      4030 9D20 
 210      9961 A9B1 
 211 0037 E714 2BB2 		.ascii	"\347\024+\262ED\344\212\330\221\377#\244p\006b\1777\336\363v"
 211      4544 E48A 
 211      D891 FF23 
 211      A470 0662 
 211      7F37 DEF3 
 212 004c CF55 C107 		.ascii	"\317U\301\007+\033\036P"
 212      2B1B 1E50 
 213               		.text
 214               		.section	.gnu.lto_.refs.43152b9172bb4903,"",@progbits
 215 0000 789C 6366 		.string	"x\234cf```d\200\002"
 215      6060 6064 
 215      8002 00
 216 000b 00        		.string	""
 217 000c 3D00      		.string	"="
 218 000e 05        		.ascii	"\005"
 219               		.text
 220               		.section	.gnu.lto_.decls.43152b9172bb4903,"",@progbits
 221 0000 789C AD55 		.string	"x\234\255UiLTW\024~g\336\260\r#cb\004K\323\224\222\206.\261`\177\264i\177tSSI\177\250\211
 221      694C 5457 
 221      147E 67DE 
 221      B00D 2363 
 221      6204 4BD3 
 222 0040 B741 A983 		.ascii	"\267A\251\203\"0,-\025\034\031\020\005EqA\004\305eX\\\002\352"
 222      2230 2C2D 
 222      151C 1910 
 222      0545 7141 
 222      04C5 6558 
 223 0057 F4DC 7BDF 		.ascii	"\364\334{\337\233yC\007\250Ior\346\275w\356w\226\357\334s\317"
 223      9B79 4307 
 223      A849 6F72 
 223      E6BD 77EE 
 223      7796 EFDC 
 224 006d 8882 20AC 		.ascii	"\210\202 \254T\t\202\007W\\\230 \344\203 \004\243n\271\340[A"
 224      5409 8207 
 224      575C 9820 
 224      E483 2004 
 224      A36E B9E0 
 225 0083 280D 284D 		.ascii	"(\r(M(\347P\\(W\204\177/\212\211\220l\351S\213r\025\245\027\345"
 225      28E7 505C 
 225      2857 847F 
 225      2F8A 8990 
 225      6CE9 538B 
 226 009c 1A4A 25CA 		.ascii	"\032J%\3122\224H\224"
 226      3294 4894 
 227 00a4 4494 1328 		.string	"D\224\023(wP\006P\252Q0\r\341\026J\037\212(\371\243\361F\002\304\242\271\314\236!V\242\"\
 227      7750 0650 
 227      AA51 300D 
 227      E116 4A1F 
 227      8A28 F9A3 
 228 01a5 021C 8668 		.string	"\002\034\206h8\202,\3418\304!\202a\241\002\225\307P\211\221\232\207,\016\225\366\007\237\
 228      3882 2CE1 
 228      38C4 2182 
 228      61A1 0295 
 228      C750 8991 
 229 01e0 94BC 2239 		.string	"\224\274\"9\257-\255E\365\"\373\364\320m\225\247\245\366\271N\242e\231\020\001\2521\270\3
 229      AF2D AD45 
 229      F522 FBF4 
 229      D06D 95A7 
 229      A5F6 B94E 
 230 0258 1C10 85F8 		.ascii	"\034\020\205\370:\332$\024}7\333\331\254\023?a\364\037\327\344"
 230      3ADA 2414 
 230      7D37 DBD9 
 230      AC13 3F61 
 230      F41F D7E4 
 231 026c 5E8B 8829 		.ascii	"^\213\210)&\016\233\333\331\370x\301&\263\215\020\217\347{\002"
 231      260E 9BDB 
 231      D9F8 78C1 
 231      26B3 8D10 
 231      8FE7 7B02 
 232 0280 D408 EABD 		.ascii	"\324\b\352\275D\005\372\316\230B\003\304P\303\201\241\376\bq"
 232      4405 FACE 
 232      9842 03C4 
 232      50C3 81A1 
 232      FE08 71
 233 0293 1330 2FE5 		.ascii	"\0230/\345\007F\352g\241\027\213\215l\"\013\034\036O\235\344"
 233      0746 EA67 
 233      A117 8B8D 
 233      6C22 0B1C 
 233      1E4F 9DE4 
 234 02a7 A051 E1A0 		.ascii	"\240Q\341\240Qv\320\304\034\274l\217\377\025\250\307\377\304"
 234      5176 D0C4 
 234      1CBC 6C8F 
 234      FF15 A8C7 
 234      FFC4 
 235 02b9 1E6F E635 		.ascii	"\036o\3465\bT\326\232S]\375Zo\005\317p\240c\260\2776\330[\301"
 235      0854 D69A 
 235      535D FD5A 
 235      6F05 CF70 
 235      A063 B0BF 
 236 02d1 16AE CC2F 		.ascii	"\026\256\314/\356\355\n\\\301\277i\005\317\262\n\266\312\025"
 236      EEED 0A5C 
 236      C1BF 6905 
 236      CFB2 0AB6 
 236      CA15 
 237 02e3 2CDE F6E3 		.ascii	",\336\366\343FQ,\341\344\007\207\033\216j\220\374u\233\245p\037"
 237      4651 2CE1 
 237      E407 871B 
 237      8E6A 90FC 
 237      759B A570 
 238 02f8 1412 893E 		.ascii	"\024\022\211>\232\200SA\337)\323?\307\350\267X\037\245\210\r"
 238      9A80 5341 
 238      DF29 D33F 
 238      C7E8 B758 
 238      1FA5 880D 
 239 030c DC43 DBC4 		.ascii	"\334C\333\304p\245\212\225\317rX\362\360\031+_\233\302\276M\266"
 239      70A5 8A95 
 239      CF72 58F2 
 239      F019 2B5F 
 239      9BC2 BE4D 
 240 0321 7731 FB86 		.ascii	"w1\373\206\266\252\002`,\260\3119\333\213}C\326 %\007Z\b\336"
 240      B6AA 0260 
 240      2CB0 C939 
 240      DB8B 7D43 
 240      D620 2507 
 241 0338 8B02 7430 		.ascii	"\213\002t0\006\3552\203\256n\363P\260x\213\307\1778\266\373K"
 241      06ED 3283 
 241      AE6E F350 
 241      B078 8BC7 
 241      7F38 B6FB 
 242 034d BF7B 8360 		.ascii	"\277{\203`\305\305\351\3042\361,\360B\270\367\\\270\214\027B"
 242      C5C5 E9C4 
 242      32F1 2CF0 
 242      42B8 F75C 
 242      B88C 1742 
 243 0361 CBEE F978 		.ascii	"\313\356\371x\336\213\3659$\006.\"\342\274\357Rt\362\233&\bS"
 243      DE8B F539 
 243      2406 2E22 
 243      E2BC EF52 
 243      74F2 9B26 
 244 0377 F984 0B78 		.ascii	"\371\204\013x5\224n\301\234\375\300\246ct\250/\351R\354\335\372"
 244      3594 6EC1 
 244      9CFD C0A6 
 244      6374 A82F 
 244      E952 ECDD 
 245 038c A9F7 F0BA 		.ascii	"\251\367\360\272\3709\215\347\237\267Fx\017\257\233+\177\253"
 245      F839 8DE7 
 245      9FB7 4678 
 245      0FAF 9B2B 
 245      7FAB 
 246 039e D8BD 4533 		.ascii	"\330\275E3\025\361\313\214\370%\231\370\330\213\315O\"\304\""
 246      15F1 CB8C 
 246      F825 99F8 
 246      D88B CD4F 
 246      22C4 22
 247 03b1 3E76 47F6 		.ascii	">vG\366\366\026\350X\341\335\316}\023\211\355\204\344\022\267"
 247      F616 E858 
 247      E1DD CE7D 
 247      1389 ED84 
 247      E412 B7
 248 03c4 C7A3 6356 		.ascii	"\307\243cV\320\243\250~\217\\\375+\254\372\027\314\017\017F\310"
 248      D0A3 A87E 
 248      8F5C FD2B 
 248      ACFA 17CC 
 248      0F0F 46C8 
 249 03d8 256B 9A72 		.ascii	"%k\232r(\301U\320\"\372\314\236\334\002\235\037:\320`\202^\006"
 249      28C1 55D0 
 249      22FA CC9E 
 249      DC02 9D1F 
 249      3AD0 6082 
 250 03ee 3ED6 5AF3 		.ascii	">\326Z\3638T#\315\223\246\231\346\t\\\003\r\032\365\331\217\377"
 250      3854 23CD 
 250      93A6 99E6 
 250      095C 030D 
 250      1AF5 D98F 
 251 0403 AA11 2B39 		.ascii	"\252\021+9\253nW\305\\\361,\177\177Rg\336\034.\266\263\017\265"
 251      AB6E 57C5 
 251      5CF1 2C7F 
 251      7F52 67DE 
 251      1C2E B6B3 
 252 0419 DB5E 5AAB 		.ascii	"\333^Z\253\202\330\330\2709\026"
 252      82D8 D8B8 
 252      3916 
 253 0423 74EF 3ED2 		.string	"t\357>\322:b\250G\312\301\254^7\221\355m\230#\007c\265{\027\177\004\212\265\234\311\203\3
 253      3A62 A847 
 253      CAC1 AC5E 
 253      3791 ED6D 
 253      9823 0763 
 254 0524 FA0C 49CF 		.string	"\372\fI\317HO\317Z\263&4\313\220nz\377\303$S\360\222\245\253b\026\t\321\tY\231\306\204\34
 254      484F CF5A 
 254      B326 34CB 
 254      906E 7AFF 
 254      C324 53F0 
 255 05a2 DE98 666F 		.ascii	"\336\230fo\241>-\303\250\237\313C.\312\370\026\323I\306\315\345"
 255      A13E 2DC3 
 255      A89F CB43 
 255      2ECA F816 
 255      D349 C6CD 
 256 05b7 2663 9269 		.ascii	"&c\222i\372\244V\013\257\004\364K\235D\321\035\237*)Q\237\234"
 256      FAA4 560B 
 256      AF04 F44B 
 256      9D44 D11D 
 256      9F2A 2951 
 257 05cd AA47 8FEA 		.ascii	"\252G\217\352\025\206\rz5\215\373\232\322\367\nS\252\017\234"
 257      1586 0D7A 
 257      358D FB9A 
 257      D2F7 0A53 
 257      AA0F 9C
 258 05e0 899E E706 		.ascii	"\211\236\347\006\364\374\017_\177~/"
 258      F4FC 0F5F 
 258      7F7E 2F
 259               		.text
 260               		.section	.gnu.lto_.symtab.43152b9172bb4903,"",@progbits
 261 0000 5553 425F 		.string	"USB_GetNextDescriptorOfTypeAfter"
 261      4765 744E 
 261      6578 7444 
 261      6573 6372 
 261      6970 746F 
 262 0021 00        		.string	""
 263 0022 00        		.string	""
 264 0023 00        		.string	""
 265 0024 00        		.string	""
 266 0025 00        		.string	""
 267 0026 00        		.string	""
 268 0027 00        		.string	""
 269 0028 00        		.string	""
 270 0029 00        		.string	""
 271 002a 00        		.string	""
 272 002b 00        		.string	""
 273 002c C400      		.string	"\304"
 274 002e 00        		.string	""
 275 002f 00        		.string	""
 276 0030 5553 425F 		.string	"USB_GetNextDescriptorOfType"
 276      4765 744E 
 276      6578 7444 
 276      6573 6372 
 276      6970 746F 
 277 004c 00        		.string	""
 278 004d 00        		.string	""
 279 004e 00        		.string	""
 280 004f 00        		.string	""
 281 0050 00        		.string	""
 282 0051 00        		.string	""
 283 0052 00        		.string	""
 284 0053 00        		.string	""
 285 0054 00        		.string	""
 286 0055 00        		.string	""
 287 0056 00        		.string	""
 288 0057 CE00      		.string	"\316"
 289 0059 00        		.string	""
 290 005a 00        		.string	""
 291 005b 5553 425F 		.string	"USB_GetNextDescriptorOfTypeBefore"
 291      4765 744E 
 291      6578 7444 
 291      6573 6372 
 291      6970 746F 
 292 007d 00        		.string	""
 293 007e 00        		.string	""
 294 007f 00        		.string	""
 295 0080 00        		.string	""
 296 0081 00        		.string	""
 297 0082 00        		.string	""
 298 0083 00        		.string	""
 299 0084 00        		.string	""
 300 0085 00        		.string	""
 301 0086 00        		.string	""
 302 0087 00        		.string	""
 303 0088 D000      		.string	"\320"
 304 008a 00        		.string	""
 305 008b 00        		.string	""
 306 008c 5553 425F 		.string	"USB_GetNextDescriptorComp"
 306      4765 744E 
 306      6578 7444 
 306      6573 6372 
 306      6970 746F 
 307 00a6 00        		.string	""
 308 00a7 00        		.string	""
 309 00a8 00        		.string	""
 310 00a9 00        		.string	""
 311 00aa 00        		.string	""
 312 00ab 00        		.string	""
 313 00ac 00        		.string	""
 314 00ad 00        		.string	""
 315 00ae 00        		.string	""
 316 00af 00        		.string	""
 317 00b0 00        		.string	""
 318 00b1 DC00      		.string	"\334"
 319 00b3 00        		.string	""
 320 00b4 00        		.string	""
 321               		.text
 322               		.section	.gnu.lto_.opts,"",@progbits
 323 0000 272D 666E 		.string	"'-fno-trapv' '-mmcu=atmega16u2' '-gdwarf-2' '-O3' '-funsigned-char' '-fpack-struct' '-fno
 323      6F2D 7472 
 323      6170 7627 
 323      2027 2D6D 
 323      6D63 753D 
 324               		.text
 325               		.comm	__gnu_lto_v1,1,1
 326               		.comm	__gnu_lto_slim,1,1
 327               		.ident	"GCC: (GNU) 4.9.2 20141224 (prerelease)"
DEFINED SYMBOLS
                            *ABS*:0000000000000000 ConfigDescriptor.c
     /tmp/ccASbq80.s:2      *ABS*:000000000000003e __SP_H__
     /tmp/ccASbq80.s:3      *ABS*:000000000000003d __SP_L__
     /tmp/ccASbq80.s:4      *ABS*:000000000000003f __SREG__
     /tmp/ccASbq80.s:5      *ABS*:0000000000000000 __tmp_reg__
     /tmp/ccASbq80.s:6      *ABS*:0000000000000001 __zero_reg__
                            *COM*:0000000000000001 __gnu_lto_v1
                            *COM*:0000000000000001 __gnu_lto_slim

NO UNDEFINED SYMBOLS
