   1               		.file	"Device.c"
   2               	__SP_H__ = 0x3e
   3               	__SP_L__ = 0x3d
   4               	__SREG__ = 0x3f
   5               	__tmp_reg__ = 0
   6               	__zero_reg__ = 1
   7               		.text
   8               	.Ltext0:
   9               		.section	.gnu.lto_.profile.649245828da2dec6,"",@progbits
  10 0000 789C 6361 		.string	"x\234ca```\001bF\006\021a"
  10      6060 6001 
  10      6246 0611 
  10      6100 
  11 000e 00        		.string	""
  12 000f 9B00      		.string	"\233"
  13 0011 31        		.ascii	"1"
  14               		.text
  15               		.section	.gnu.lto_.icf.649245828da2dec6,"",@progbits
  16 0000 789C 6361 		.string	"x\234ca\200"
  16      8000 
  17 0006 0E06 0460 		.string	"\016\006\004`d\330\264\372\376\013~\006"
  17      64D8 B4FA 
  17      FE0B 7E06 
  17      00
  18 0013 0F09 0341 		.ascii	"\017\t\003A"
  19               		.text
  20               		.section	.gnu.lto_.jmpfuncs.649245828da2dec6,"",@progbits
  21 0000 789C 6361 		.string	"x\234ca\200"
  21      8000 
  22 0006 5606 0460 		.string	"V\006\004`\004\021"
  22      0411 00
  23 000d 00        		.string	""
  24 000e D700      		.string	"\327"
  25 0010 0B        		.ascii	"\013"
  26               		.text
  27               		.section	.gnu.lto_.inline.649245828da2dec6,"",@progbits
  28 0000 789C 6361 		.string	"x\234ca\200"
  28      8000 
  29 0006 7106 0460 		.string	"q\006\004`d`\020}\n$\231T&t\3620\260-\220g\002\013\003"
  29      6460 107D 
  29      0A24 9954 
  29      2674 F230 
  29      B02D 9067 
  30 001e 2D38 032A 		.ascii	"-8\003*"
  31               		.text
  32               		.section	.gnu.lto_.pureconst.649245828da2dec6,"",@progbits
  33 0000 789C 6361 		.string	"x\234ca```\006bF\006)"
  33      6060 6006 
  33      6246 0629 
  33      00
  34 000d 00        		.string	""
  35 000e 6900      		.string	"i"
  36 0010 23        		.ascii	"#"
  37               		.text
  38               		.section	.gnu.lto_USB_Device_SendRemoteWakeup.649245828da2dec6,"",@progbits
  39 0000 789C 7D53 		.string	"x\234}SKOSQ\020>s\316}I\037\352\302]\027nY\210.\\\272\001\211?@\343\037\220\324HB$Te\313\
  39      4B4F 5351 
  39      103E 73CE 
  39      7D49 1FEA 
  39      C25D 176E 
  40 00ca 2CC0 33B3 		.string	",\3003\263\333s\313\345\270\353\245\314A\265Q\211\244\002\203\214I\306&\343\220\251#\023 
  40      DB73 CBE5 
  40      B8EB A5CC 
  40      41B5 5189 
  40      A402 838C 
  41 0168 488A ABF6 		.ascii	"H\212\253\366\201\317\271F\271\021\364c\021\234tI*\201\262*M"
  41      81CF B946 
  41      B911 F463 
  41      119C 7449 
  41      2A81 B22A 
  42 017d E7EE EB1D 		.ascii	"\347\356\353\035k\0064\233\216\370\003\222\325\003\032\325\003"
  42      6B06 349B 
  42      8EF8 0392 
  42      D503 1AD5 
  42      03
  43 018e BA4A 7C54 		.ascii	"\272J|T\355~c>\375\345]\"\256B\f\037\2733\323\3430w\200q\204"
  43      ED7E 633E 
  43      FDE5 5D22 
  43      AE42 0C1F 
  43      BB33 D3E3 
  44 01a7 CD43 E265 		.ascii	"\315C\342e|?uC\f\0022\237r\337C\f\0200Au\004\351\352\b\334N("
  44      7C3F 7543 
  44      0C02 329F 
  44      72DF 430C 
  44      1030 4175 
  45 01c2 49C3 1716 		.ascii	"I\303\027\026\247\370\366\371\221\265\302f\244\317[U\363\276"
  45      A7F8 F6F9 
  45      91B5 C266 
  45      A4CF 5B55 
  45      F3BE 
  46 01d4 A679 67A9 		.ascii	"\246yg\251\217\201\301\341\361\371\263A\026\363\005I\365\370"
  46      8F81 C1E1 
  46      F1F9 B341 
  46      16F3 0549 
  46      F5F8 
  47 01e6 D583 52A0 		.ascii	"\325\203R\240\362\036\271\225{\\\377{\217\036\352\311%\302\\"
  47      F21E B995 
  47      7B5C FF7B 
  47      8F1E EAC9 
  47      25C2 5C
  48 01f9 E5E3 A305 		.ascii	"\345\343\243\005\317\027\370\r\300\215\025-\262Z\213\0325oj-"
  48      CF17 F80D 
  48      C08D 152D 
  48      B25A 8B1A 
  48      356F 6A2D 
  49 020d C2BC 1067 		.ascii	"\302\274\020g\336o\343\001\320\246>{2y\001\230X\221\210M\377"
  49      DE6F E301 
  49      D0A6 3E7B 
  49      3279 0198 
  49      5891 884D 
  50 0222 7CB7 AC74 		.ascii	"|\267\254t\021\240\022\223+%\362\253\333\241\223\035\314\257"
  50      11A0 1293 
  50      2B25 F2AB 
  50      DBA1 931D 
  50      CCAF 
  51 0234 5887 014D 		.ascii	"X\207\001M\341\277\331S\232\200\243\227\301\\]\206\271\t\305"
  51      E1BF D953 
  51      9A80 A397 
  51      C15C 5D86 
  51      B909 C5
  52 0247 D5EA 6A25 		.ascii	"\325\352j%{\225\312\232\b\326}\265\224\3738\335\254\320\316\366"
  52      7B95 CA9A 
  52      08D6 7DB5 
  52      94FB 38DD 
  52      ACD0 CEF6 
  53 025b B5B3 48BB 		.ascii	"\265\263H\273\017p\324{j\022\310\217\002z\361o\273i\357\236\246"
  53      0F70 D47B 
  53      6A12 C88F 
  53      027A F16F 
  53      BB69 EF9E 
  54 0270 2DCD B1D6 		.ascii	"-\315\261\326\316h\354\320\326\346hgkK\264\241ED*\275\370\276"
  54      CE68 ECD0 
  54      D6E6 6867 
  54      6B4B B4A1 
  54      4544 2ABD 
  55 0286 B3FD E0E1 		.ascii	"\263\375\340\341X{[[4\326p@\374\001U8\202\325"
  55      587B 5B5B 
  55      34D6 7040 
  55      FC01 5538 
  55      82D5 
  56               		.text
  57               		.section	.gnu.lto_.symbol_nodes.649245828da2dec6,"",@progbits
  58 0000 789C 6361 		.string	"x\234ca``\020\001b\006\246\003\f\365\f\f\023\3161\200\250]\r\212@!"
  58      6060 1001 
  58      6206 A603 
  58      0CF5 0C0C 
  58      13CE 3180 
  59 001b 34D1 0492 		.ascii	"4\321\004\222"
  60               		.text
  61               		.section	.gnu.lto_.refs.649245828da2dec6,"",@progbits
  62 0000 789C 6361 		.string	"x\234ca```\004b\006"
  62      6060 6004 
  62      6206 00
  63 000b 00        		.string	""
  64 000c 3200      		.string	"2"
  65 000e 06        		.ascii	"\006"
  66               		.text
  67               		.section	.gnu.lto_.decls.649245828da2dec6,"",@progbits
  68 0000 789C 8D52 		.ascii	"x\234\215R]l\fQ\024\276gf\324v\350O\032\244\211}h\372\324\027"
  68      5D6C 0C51 
  68      14BE 6766 
  68      D476 E84F 
  68      1AA4 897D 
  69 0018 BBC2 0B0F 		.ascii	"\273\302\013\017<\264\022D\203\220\326\233\311\352^\351\352v"
  69      3CB4 1244 
  69      8390 D69B 
  69      C9EA 5EE9 
  69      EA76 
  70 002a 5666 672B 		.ascii	"Vfg+$\342\226\324o\004/\b\252\233&h\353\247\245U\375\325\245"
  70      24E2 96D4 
  70      6F04 2F08 
  70      AA9B 2668 
  70      EBA7 A555 
  71 0041 DBA2 A86A 		.ascii	"\333\242\250j\037\224FT\020\342'\372@\360\320\324\271wvv\327"
  71      1F94 4654 
  71      10E2 27FA 
  71      40F0 D0D4 
  71      B977 7676 
  72 0056 5FE2 66CE 		.ascii	"_\342f\316\275\347\334s\316w\316\371\346*\304Z\033\025B^\341"
  72      BDE7 DC73 
  72      CE77 CEF9 
  72      E62A C45A 
  72      1B15 425E 
  73 006b 598A 3285 		.ascii	"Y\2122\205K\302\263\230$\026\240\\$\177.~\247\304b\235(-(\315"
  73      4BC2 B398 
  73      2416 A05C 
  73      247F 2E7E 
  73      A7C4 629D 
  74 0083 319F 12F3 		.ascii	"1\237\022\363\267\241\364\242\364\377%\177R\202\027oZ\313\306"
  74      B7A1 F4A2 
  74      F4FF 257F 
  74      5282 176F 
  74      5ACB C6
  75 0096 E029 C856 		.ascii	"\340)\310V\025^\f\254\035\204X&\b\023O\211X\212\270\001kO\250"
  75      155E 0CAC 
  75      1D84 5826 
  75      0813 4F89 
  75      588A B801 
  76 00ad E891 6C35 		.ascii	"\350\221l5\001&>\210\201M\331K\200X\3768\200\270\222\222\306"
  76      0126 3E88 
  76      814D D94B 
  76      8058 FE38 
  76      80B8 9292 
  77 00c2 B68A 0248 		.ascii	"\266\212\002H\374H\244\212J \356\355\036H\022\360o\255\331\315"
  77      FC48 A48A 
  77      4A20 EEED 
  77      1E48 12F0 
  77      6FAD D9CD 
  78 00d6 DBF5 6215 		.ascii	"\333\365b\025p\370\352\350d\267\"#8\352Co'\337\200\353\022\303"
  78      70F8 EAE8 
  78      64B7 2223 
  78      38EA 436F 
  78      27DF 80EB 
  79 00ec 7594 3169 		.ascii	"u\2241ii\202\242\367O\243\265\351\331\307\271'\302X\016@\361"
  79      6982 A2F7 
  79      4FA3 B5E9 
  79      D9C7 B927 
  79      C258 0E40 
  80 0101 1C58 E884 		.ascii	"\034X\350\204\371\31084@6\356\233\024+\362\363\261\023\337\034"
  80      F9C8 3834 
  80      4036 EE9B 
  80      142B F2F3 
  80      B113 DF1C 
  81 0115 B961 166E 		.ascii	"\271a\026nb\3435\355\013\252X\244\022\223$\036\005u C=\270x\027"
  81      62E3 35ED 
  81      0BAA 58A4 
  81      1293 241E 
  81      0575 2043 
  82 012d 759C 6D02 		.ascii	"u\234m\002\027`\f\033\272\b\271\230\3317\365-\222\361E\202,\025"
  82      1760 0C1B 
  82      BA08 B998 
  82      D937 F52D 
  82      92F1 4582 
  83 0143 2434 8727 		.ascii	"$4\207'\036T\317@s\226\n\231h6V\275\256w\240\351Ta\n\270\375"
  83      1E54 CF40 
  83      7396 0A99 
  83      6836 56BD 
  83      AE77 A0E9 
  84 015c B1FD 479A 		.ascii	"\261\375G\232e\363\262\3655u\3214y\t\327\245\326w\037\206$P\363"
  84      65F3 B2F5 
  84      3575 D134 
  84      7909 D7A5 
  84      D677 1F86 
  85 0173 F633 B69B 		.ascii	"\3663\266\233E\302,%\233\304\232\205k\220\3073x\023\320\bN\270"
  85      45C2 2C25 
  85      9BC4 9A85 
  85      6B90 C733 
  85      7813 D008 
  86 0189 024E 729E 		.ascii	"\002Nr\236O5~\272\177\347\313*\336\350UP\241)\321\250S\265\346"
  86      4F35 7EBA 
  86      7FE7 CB2A 
  86      DEE8 5550 
  86      A129 D1A8 
  87 01a0 BA3F 30D1 		.ascii	"\272?0\321\230\256\"\344\236\377\200\304\370\316\361s\243\251"
  87      98AE 22E4 
  87      9EFF 80C4 
  87      F8CE F173 
  87      A3A9 
  88 01b2 330F F216 		.ascii	"3\017\362\026\206\030S\263\241\031q/\243\377\022p\322Z`\246\370"
  88      8618 53B3 
  88      A119 712F 
  88      A3FF 1270 
  88      D25A 60A6 
  89 01c7 1B78 62F0 		.ascii	"\033xb\360\363\307\003\237\034\262)&i\270|\266)]\336%\364C\267"
  89      F3C7 039F 
  89      1CB2 2926 
  89      69B8 7CB6 
  89      295D DE25 
  90 01de 7BCF A428 		.ascii	"{\317\244(\370\340Z\005]\374\027\365|92\003\351\215 \275\235"
  90      F8E0 5A05 
  90      5DFC 17F5 
  90      7C39 3203 
  90      E98D 20BD 
  91 01f3 03DE AFE7 		.ascii	"\003\336\257\347*Y\023c\341\025 \b\276n\367\r7@\341V\202\343"
  91      2A59 1363 
  91      E115 2008 
  91      BE6E F70D 
  91      3740 E156 
  92 0209 36C1 71F3 		.ascii	"6\301q\363\340\310=Yn\200\177\240\357\035\253\254\225\345\016"
  92      E0C8 3D59 
  92      6E80 7FA0 
  92      EF1D ABAC 
  92      95E5 0E
  93 021c CBDD 7260 		.ascii	"\313\335r`\270M\270;m\367\303\276\221\223\323\345\207\302\255"
  93      B84D B83B 
  93      6DF7 C3BE 
  93      9193 D3E5 
  93      87C2 AD
  94 022f D4BC 3FDC 		.ascii	"\324\274?\334\243\342<\220\212\222w\2129\240\007R\311>\3019\013"
  94      A3E2 3C90 
  94      8A92 778A 
  94      39A0 0752 
  94      C93E C139 
  95 0244 E740 9CA0 		.ascii	"\347@\234\240[H\020w\021\270\211\341\021\034\377\024C\0363\305"
  95      5B48 1077 
  95      11B8 89E1 
  95      111C FF14 
  95      431E 33C5 
  96 0258 E579 FBB1 		.ascii	"\345y\373\261\021nB\267(e\277\272\211\321\357w\244\344W\307C"
  96      116E 42B7 
  96      2865 BFBA 
  96      89D1 EF77 
  96      A4E4 57C7 
  97 026d 042A 7481 		.ascii	"\004*t\201B\340\366//op\262z\310aQ\023\351z\"\t^\356J<\b\332"
  97      42E0 F62F 
  97      2F6F 70B2 
  97      7AC8 6151 
  97      13E9 7A22 
  98 0288 E3BC 7420 		.ascii	"\343\274t /\355\311\274\364\n^\256D\256v\246\313#\377\342\345"
  98      2FED C9BC 
  98      F40A 5EAE 
  98      44AE 76A6 
  98      CB23 FFE2 
  99 029d D1C4 DBDA 		.ascii	"\321\304\333\332\224\030\364\367gqhNy4\016\335\207\320\321d\350"
  99      9418 F4F7 
  99      6771 684E 
  99      7934 0EDD 
  99      87D0 D164 
 100 02b2 7EC8 2573 		.ascii	"~\310%s\213\326\347k\313h\205\257\204j\353\251\356]G\313\003"
 100      8BD6 E76B 
 100      CB68 85AF 
 100      846A EBA9 
 100      EE5D 47CB 
 101 02c7 26DD E029 		.ascii	"&\335\340)\243\241\255\216\345\253\213r\n\026/&\2631h\3362\303"
 101      A3A1 AD8E 
 101      E5AB 8B72 
 101      0A16 2F26 
 101      B331 68DE 
 102 02dd 5741 8DA0 		.ascii	"WA\215\240\333\nv\225\220\351!\237n.\322L\227\2734PN\335!c\213"
 102      DB0A 7695 
 102      90E9 219F 
 102      6E2E D24C 
 102      97BB 3450 
 103 02f6 A7DC A3BB 		.ascii	"\247\334\243\273=\025\206Y2\317\244A\223\253n\237^\342\017y\251"
 103      3D15 8659 
 103      32CF A441 
 103      93AB 6E9F 
 103      5EE2 0F79 
 104 030b 3B68 7A31 		.ascii	";hz1\334UJT^qma\241\266FO\363\370\267y\266\0075\237\356\367\351"
 104      DC55 4A54 
 104      5E71 6D61 
 104      A1B6 464F 
 104      F3F8 B779 
 105 0326 D499 5C05 		.ascii	"\324\231\\\005\365\202\200n\032\001\277\237\032\230\225ag\255"
 105      F582 806E 
 105      1A01 BF9F 
 105      1A98 9561 
 105      67AD 
 106 0338 0CAE A31E 		.ascii	"\f\256\243\036\357\366\254m\036C\327Bz(H\275\232A\203!\2779M"
 106      EFF6 AC6D 
 106      1E43 D742 
 106      7A28 48BD 
 106      9A41 8321 
 107 034f CB0F 04FC 		.ascii	"\313\017\004\374\231<\260\240p\225V\244o6(\335A\177\002\363\333"
 107      993C B0A0 
 107      7095 56A4 
 107      6F36 28DD 
 107      417F 02F3 
 108 0364 8204      		.ascii	"\202\004"
 109               		.text
 110               		.section	.gnu.lto_.symtab.649245828da2dec6,"",@progbits
 111 0000 5553 425F 		.string	"USB_Device_SendRemoteWakeup"
 111      4465 7669 
 111      6365 5F53 
 111      656E 6452 
 111      656D 6F74 
 112 001c 00        		.string	""
 113 001d 00        		.string	""
 114 001e 00        		.string	""
 115 001f 00        		.string	""
 116 0020 00        		.string	""
 117 0021 00        		.string	""
 118 0022 00        		.string	""
 119 0023 00        		.string	""
 120 0024 00        		.string	""
 121 0025 00        		.string	""
 122 0026 00        		.string	""
 123 0027 AB00      		.string	"\253"
 124 0029 00        		.string	""
 125 002a 00        		.string	""
 126               		.text
 127               		.section	.gnu.lto_.opts,"",@progbits
 128 0000 27        		.ascii	"'"
 129 0001 2D66 6D61 		.string	"-fmath-errno' '-fsigned-zeros' '-ftrapping-math' '-fno-trapv' '-fno-openmp' '-fno-openacc
 129      7468 2D65 
 129      7272 6E6F 
 129      2720 272D 
 129      6673 6967 
 130               		.text
 131               		.comm	__gnu_lto_v1,1,1
 132               		.comm	__gnu_lto_slim,1,1
 133               		.ident	"GCC: (GNU) 5.1.1 20150520"
DEFINED SYMBOLS
                            *ABS*:0000000000000000 Device.c
     /tmp/ccfF5L4G.s:2      *ABS*:000000000000003e __SP_H__
     /tmp/ccfF5L4G.s:3      *ABS*:000000000000003d __SP_L__
     /tmp/ccfF5L4G.s:4      *ABS*:000000000000003f __SREG__
     /tmp/ccfF5L4G.s:5      *ABS*:0000000000000000 __tmp_reg__
     /tmp/ccfF5L4G.s:6      *ABS*:0000000000000001 __zero_reg__
                            *COM*:0000000000000001 __gnu_lto_v1
                            *COM*:0000000000000001 __gnu_lto_slim

NO UNDEFINED SYMBOLS
