   1               		.file	"DeviceStandardReq.c"
   2               	__SP_H__ = 0x3e
   3               	__SP_L__ = 0x3d
   4               	__SREG__ = 0x3f
   5               	__tmp_reg__ = 0
   6               	__zero_reg__ = 1
   7               		.text
   8               	.Ltext0:
   9               		.section	.gnu.lto_.profile.8af83116ba8dfcb5,"",@progbits
  10 0000 789C 6361 		.ascii	"x\234ca```\003bF\206/L\017\031\001\006!\001\344"
  10      6060 6003 
  10      6246 862F 
  10      4C0F 1901 
  10      0621 01E4 
  11               		.text
  12               		.section	.gnu.lto_.icf.8af83116ba8dfcb5,"",@progbits
  13 0000 789C 6361 		.string	"x\234ca\200"
  13      8000 
  14 0006 7306 04E0 		.string	"s\006\004\340d\370\271\370\355\004^\246\007\r\307\177p1o\3725k\031\037K\317\353\336k\374\
  14      64F8 B9F8 
  14      ED04 5EA6 
  14      070D C77F 
  14      7031 6FFA 
  15 0045 037B 1ADD 		.ascii	"\003{\032\335"
  16               		.text
  17               		.section	.gnu.lto_.jmpfuncs.8af83116ba8dfcb5,"",@progbits
  18 0000 789C 6361 		.string	"x\234ca\200\200p\006\004\340"
  18      8080 7006 
  18      04E0 00
  19 000b 114C 40CC 		.string	"\021L@\314\f\304,@\314\006\246\030\031\031\030\37721.\2778\245\233\377\013S+3\003\243\026
  19      0CC4 2C40 
  19      CC06 A618 
  19      1919 18FF 
  19      3231 2EBF 
  20 0037 AA85 18C3 		.string	"\252\205\030\303\2110\026"
  20      8930 1600 
  21 003f 74FC 06B2 		.ascii	"t\374\006\262"
  22               		.text
  23               		.section	.gnu.lto_.inline.8af83116ba8dfcb5,"",@progbits
  24 0000 789C 6361 		.string	"x\234ca\200"
  24      8000 
  25 0006 6646 0638 		.string	"fF\0068\340``\220\340gd`\322h\353bd`[ \317\004\022d\344\002\022L\fZB@\t\237-\207\321$\230
  25      E060 6090 
  25      E067 6460 
  25      D268 EB62 
  25      6460 5B20 
  26 0032 6594 BEED 		.string	"e\224\276\355\340B\225aa\340\021\001J\b4\324\242\212\263i\251\\\346\005J\330\364\234\272\
  26      E042 9561 
  26      61E0 1101 
  26      4A08 34D4 
  26      A28A B369 
  27 008a 00        		.string	""
  28 008b 6FB0 1B86 		.ascii	"o\260\033\206"
  29               		.text
  30               		.section	.gnu.lto_.pureconst.8af83116ba8dfcb5,"",@progbits
  31 0000 789C 6361 		.string	"x\234ca``\020\002b\016\006)&)f)\026)\266]\214\354R\034R\234R"
  31      6060 1002 
  31      620E 0629 
  31      2629 6629 
  31      1629 B65D 
  32 001c 0FAA 01B7 		.ascii	"\017\252\001\267"
  33               		.text
  34               		.section	.gnu.lto_USB_Device_GetStatus.8af83116ba8dfcb5,"",@progbits
  35 0000 789C 9555 		.string	"x\234\225U]L\\U\020>s\316\335eY\330\313F\023\324\2044$\312C\037Zl\352\223\217Z|\364\241\2
  35      5D4C 5C55 
  35      103E 73CE 
  35      DD65 59D8 
  35      CB46 13D4 
  36 008e 7463 5880 		.string	"tcX\200\025r\241A!,\362U\016\315\305\223>\276\365\264\201\277\261@\303\033.\303\373\270W0
  36      1572 A141 
  36      212C F255 
  36      0ECD C593 
  36      3EBE F5B4 
  37 00d5 5481 C030 		.ascii	"T\201\3000\330\231\006O\247\311`\364\035\257]\373\330f.\242\364"
  37      D899 064F 
  37      A7C9 60F4 
  37      1DAF 5DFB 
  37      D866 2EA2 
  38 00ea E9F0 0D64 		.ascii	"\351\360\rd\250\304\360-\230\001\257\325\273\375F(\3441\374M"
  38      A8C4 F02D 
  38      9801 AFD5 
  38      BBFD 4628 
  38      E431 FC4D 
  39 00fe 8F        		.ascii	"\217"
  40 00ff 5E1E 4A4D 		.string	"^\036JM\025\314+\270\206F\230\350\316L\306B&\221\214\225L\022\031\033\031\235L\n\031;\032
  40      15CC 2BB8 
  40      8646 98E8 
  40      CE4C C642 
  40      2691 8C95 
  41 0200 F598 711C 		.ascii	"\365\230q\03489\340V\351hK\227\020;$\343\367\352?\255KFq\225"
  41      3839 E056 
  41      E968 4B97 
  41      103B 24E3 
  41      F7EA 3FAD 
  42 0218 A0B8 2EF5 		.ascii	"\240\270.\365\351aqY\240a\243\270\340<d`rDj>\341k\355\2518\260"
  42      E961 7159 
  42      A061 A3B8 
  42      E03C 6460 
  42      7244 6A3E 
  43 0232 5E6D FE2B 		.ascii	"^m\376+\201,r\221Z\013q\330(F\006>0c\226FYAt\354\211\322\361"
  43      812C 7291 
  43      5A0B 71D8 
  43      2846 063E 
  43      3063 9646 
  44 024d FAB9 8ECF 		.ascii	"\372\271\216\317\271z\374\235h?\372\353\364\214\215X)r\021+V"
  44      B97A FC9D 
  44      683F FAEB 
  44      F48C 8D58 
  44      2972 112B 
  45 0262 B808 6970 		.ascii	"\270\bip\201X\201KHD\270\214\007G\203\345\037\216\317\302\306"
  45      8158 814B 
  45      4844 B88C 
  45      0747 83E5 
  45      1F8E CFC2 
  46 0277 42DA 02C0 		.ascii	"B\332\002\300\303e\360\3702~\222e4\021S\026\334\\\251l\271\221"
  46      C365 F0F8 
  46      327E 9265 
  46      3411 5316 
  46      DC5C A96C 
  47 028d A2A0 6728 		.ascii	"\242\240g(\323\275\221\272vs,\264?\n}\031\241%\321/0\217HT\341"
  47      D3BD 91BA 
  47      7673 2CB4 
  47      3F0A 7D19 
  47      A125 D12F 
  48 02a6 7357 4F4C 		.ascii	"sWOL\350J0\351\320,%\356\251/\246\272\306@\201\330\321\027\035"
  48      E84A 30E9 
  48      D02C 25EE 
  48      A92F A6BA 
  48      C640 81D8 
  49 02bd ABEF FA96 		.ascii	"\253\357\372\226m\312\221A\213\034\207{\254r\242\227\307\274"
  49      6DCA 9141 
  49      8B1C 877B 
  49      AC72 A297 
  49      C7BC 
  50 02cf 2F77 662E 		.ascii	"/wf.\274Y\360\016\n\031\243h\231A+\024\304\314\355\277\317*\260"
  50      BC59 F00E 
  50      0A19 A368 
  50      9941 2B14 
  50      C4CC EDBF 
  51 02e6 FEFD C36F 		.ascii	"\376\375\303o\020\264\311\342\0362\273`\026\205<|vAI\332\317"
  51      10B4 C9E2 
  51      1E32 BB60 
  51      1685 3C7C 
  51      7641 49DA 
  52 02fb B28A 4D86 		.ascii	"\262\212M\206\323\216\fE\200h:\367+\364\215H\335\021\024\021"
  52      D38E 0C45 
  52      8068 3AF7 
  52      2BF4 8D48 
  52      DD11 1411 
  53 030f 8FD2 2151 		.ascii	"\217\322!Q\256\020kV\334\fT\226\364\353j4S4\032\177y\303\264"
  53      AE10 6B56 
  53      DC0C 5496 
  53      F4EB 6A34 
  53      5334 1A7F 
  54 0326 2516 B833 		.ascii	"%\026\2703\n|52\232\303\022T\345HQi*n\3751)\323Xa\t\240KUW\006"
  54      0A7C 3532 
  54      9AC3 1254 
  54      E548 5169 
  54      2A6E FD31 
  55 0344 E4B3 79D2 		.ascii	"\344\263y\322n)\265\0245\251\351G\302C\b\204\226\374R0I@\337"
  55      6E29 B514 
  55      35A9 E947 
  55      C243 0884 
  55      96FC 5230 
  56 035b F3DE D9CE 		.ascii	"\363\336\331\316\223I\364\230\fv|\234\257\032.\261\211W$\205"
  56      9349 F498 
  56      0C76 7C9C 
  56      AF1A 2EB1 
  56      8957 2485 
  57 036f AE95 D028 		.ascii	"\256\225\320(\377{\\^5.\033\364\252q\365 \3205\b\017\254O\016"
  57      FF7B 5C5E 
  57      352E 1BF4 
  57      AA71 F520 
  57      D035 080F 
  58 0386 6CA2 AAE1 		.ascii	"l\242\252\341\276\265`Y2\325W\206\037(\021UB?*A\276\365\301\362"
  58      BEB5 6059 
  58      32D5 5786 
  58      1F28 1155 
  58      423F 2A41 
  59 039e 853B 6371 		.ascii	"\205;cq\232\357\317\240\024aj\265xj\007$\265\203DK\022\346\224"
  59      9AEF CFA0 
  59      1461 6AB5 
  59      786A 0724 
  59      B583 444B 
  60 03b5 14F8 5ABF 		.ascii	"\024\370Z\277h:\254\323\"\272\207\026\036\344)\256\347(y\320"
  60      683A ACD3 
  60      22BA 8716 
  60      1EE4 29AE 
  60      E728 79D0 
  61 03c9 7BF6 DABA 		.ascii	"{\366\332\272!_\217\322rC\322\222$S\364\254>\021\216\337$\340"
  61      215F 8FD2 
  61      7243 D292 
  61      2453 F4AC 
  61      3E11 8EDF 
  62 03df 26A9 A225 		.ascii	"&\251\242%\242\212\266\345g7\024\377\336@\244pS|\341C\262\360"
  62      A28A B6E5 
  62      6737 14FF 
  62      DE40 A470 
  62      537C E143 
  63 03f5 612A DCB6 		.ascii	"a*\334\266\371\270~\211\321@\315\250\256bt\025v{t$\030\326\300"
  63      F9B8 7E89 
  63      D140 CDA8 
  63      AE62 7415 
  63      767B 7424 
  64 040c 1A83 91A8 		.ascii	"\032\203\221\250\006\206\377M\003\243\262Y\235M\201g\314;#5\020"
  64      0686 FF4D 
  64      03A3 B259 
  64      9D4D 8167 
  64      CC3B 2335 
  65 0421 7F4E E921 		.ascii	"\177N\351!NE\336\202B<\031S\344\211\240\311#\221\216\004y\302"
  65      4E45 DE82 
  65      423C 1953 
  65      E489 A0C9 
  65      2391 8E04 
  66 0437 4C83 DBAE 		.ascii	"L\203\333\256\016\370Y|\275p\013\317\217\364\227\366<\267m\227"
  66      0EF8 597C 
  66      BD70 0BCF 
  66      8FF4 97F6 
  66      3CB7 6D97 
  67 044b 33E7 90C3 		.ascii	"3\347\220\303y0s\227\343P\316>\307\236\274\275\271\331{\235\331"
  67      7930 7397 
  67      E350 CE3E 
  67      C79E BCBD 
  67      B9D9 7B9D 
  68 0460 BB1D 07B6 		.ascii	"\273\035\007\266\357c\266\347\363\235NGn\036\256\346\345\037"
  68      EF63 B6E7 
  68      F39D 4E47 
  68      6E1E AEE6 
  68      E51F 
  69 0472 D4B3 72B3 		.ascii	"\324\263r\263\337\336\237\223\233\367b\376[\2579\234\217\305"
  69      DFDE 9F93 
  69      9BF7 62FE 
  69      5BAF 399C 
  69      8FC5 
  70 0484 4647 B6B6 		.ascii	"FG\266\266\277\316\264\227\367;\263\377\002a\033\347}"
  70      BFCE B497 
  70      F73B B3FF 
  70      0261 1BE7 
  70      7D
  71               		.text
  72               		.section	.gnu.lto_USB_Device_ClearSetFeature.8af83116ba8dfcb5,"",@progbits
  73 0000 789C 9556 		.ascii	"x\234\225VYLTg\024\376\317\2753\367\336Y\0300e\017\261T\203\211"
  73      594C 5467 
  73      14FE CFBD 
  73      33F7 DE59 
  73      1830 650F 
  74 0018 6D94 2E0F 		.ascii	"m\224.\017\355sc\233\364\245\017\032\323g\225I\252Ii\245\326"
  74      ED73 639B 
  74      F4A5 0F1A 
  74      D367 9549 
  74      AA49 69A5 
  75 002d F4A9 DC61 		.ascii	"\364\251\334a\030\334\222\026b\004\002%\230VEl\253\003\025u\324"
  75      18DC 9216 
  75      6204 0225 
  75      9856 456C 
  75      AB03 1575 
  76 0042 B6C3 5E16 		.ascii	"\266\303^\026\261\"n\270\200\b#\fh\201 Z\003N\317\371\377;\223"
  76      B122 6EB8 
  76      8008 230C 
  76      6881 205A 
  76      034E CFF9 
  77 0059 2943 314C 		.ascii	")C1L2g\356\277\234\345\373\3162\327\304\304\307fc\354\023\374"
  77      3267 EEBF 
  77      9CE5 FBCE 
  77      32D7 C4C4 
  77      C766 63EC 
  78 006f 2DC4 2FD8 		.ascii	"-\304/\330\030H\305=\214\2714I\262^\\\311tM\356\313&)\231.\276"
  78      1848 C53D 
  78      8CB9 3449 
  78      B25E 5CC9 
  78      744D EECB 
  79 0088 CB74 ABA5 		.ascii	"\313t\253\245/\231\351v\2238\263\232\351\314n6V\n_)\222:\231"
  79      2F99 E976 
  79      9338 B39A 
  79      E9CC 6E36 
  79      560A 5F29 
  80 009f 842B EDF0 		.ascii	"\204+\355\360{\270R\301\"\314i\341\007\013X\305\203\025\200\036"
  80      7BB8 52C1 
  80      22CC 69E1 
  80      070B 58C5 
  80      8315 801E 
  81 00b3 740D 58BE 		.ascii	"t\rX\276$\233\314\212\252Y\254\220\017O\244y\t\232\366\004|\322"
  81      249B CC8A 
  81      AA59 AC90 
  81      0F4F A479 
  81      099A F604 
  82 00c9 DA1A 1D3F 		.ascii	"\332\032\035?\203#\343;\\\272'\325#3\026\222D\314P\003k\031^"
  82      8323 E33B 
  82      5CBA 27D5 
  82      2333 1692 
  82      44CC 5003 
  83 00e0 1BAA 7B71 		.ascii	"\033\252{q(N)\244k\231\342\020\216\203\002\370\203\207\265]c"
  83      284E 29A4 
  83      6B99 E210 
  83      8E83 02F8 
  83      8387 B55D 
  84 00f5 5576 7935 		.ascii	"Uvy5\320\305\023\305g\003Z\326\217\272^\240\373\275e\222\356"
  84      D0C5 13C5 
  84      6703 5AD6 
  84      8FBA 5EA0 
  84      FBBD 6592 
  85 010a D535 8F0C 		.ascii	"\3255\217\fP\0132j\301;\031\360f\2060|\002\262Nm\364\353\241"
  85      500B 326A 
  85      C13B 19F0 
  85      6686 307C 
  85      02B2 4E6D 
  86 0121 905B F74F 		.ascii	"\220[\367O%7\326\247\25761\217,\231Q\310\n\n\223JB\243\245\205"
  86      2537 D6A7 
  86      AF36 318F 
  86      2C99 51C8 
  86      0A0A 934A 
  87 0139 0EAC 5CC5 		.ascii	"\016\254\\\305F\217v\022q$\034$\342I$\220XA*\211\364\224D\"\231"
  87      468F 7612 
  87      7124 1C24 
  87      E249 2490 
  87      5841 2A89 
  88 0152 440A EDA5 		.ascii	"D\n\355\245\322S\032\211t\022\253H06\211_bfJ\222\350W\016@\301"
  88      D253 1A89 
  88      7412 AB48 
  88      3036 895F 
  88      6266 4A92 
  89 016b F9A9 3BAD 		.ascii	"\371\251;\255*As\313&DS\352i\272\254\316H\036\331\314\301\371"
  89      2A41 73CB 
  89      2644 53EA 
  89      69BA ACCE 
  89      481E D9CC 
  90 0181 7C13 B7D5 		.ascii	"|\023\267\325\374y}\257\256'\340\336>$\212\266\203\335\327Z\254"
  90      FC79 7DAF 
  90      AE27 E0DE 
  90      3E24 8AB6 
  90      83DD D75A 
  91 0196 D550 E5D2 		.ascii	"\325P\345\322\371\276\002?#\273?A\006?\374\366\234w\237\226\275"
  91      F9BE 023F 
  91      23BB 3F41 
  91      063F FCF6 
  91      9C77 9F96 
  92 01ab 8E48 F805 		.ascii	"\216H\370\005\252\341\005'\026NB6\013\200{\356C\346\226W\t_\007"
  92      AAE1 0527 
  92      164E 4236 
  92      0B80 7BEE 
  92      43E6 9657 
  93 01c2 8F9C F4C5 		.ascii	"\217\234\364\305\221/\t^\205S\250=\002n\335,bYE\261\334:2j.\201"
  93      912F 095E 
  93      8553 A83D 
  93      026E DD2C 
  93      6259 45B1 
  94 01dc EF5C 9805 		.ascii	"\357\\\230\005\177I?P\232\230.\003\231\363B\t%\2425\364\324\037"
  94      7F49 3F50 
  94      9A98 2E03 
  94      99F3 4209 
  94      25A2 35F4 
  95 01f2 2F4C 506E 		.ascii	"/LPn\177\030\350\nia\215\212\024T\200:\264\253\313<\177\365\250"
  95      7F18 E80A 
  95      6961 8D8A 
  95      1454 803A 
  95      B4AB CB3C 
  96 0209 C308 BCCC 		.ascii	"\303\b\274\314\372\262\345ap%\220/:$\036\352\0366X\204o\3632"
  96      FAB2 E561 
  96      7025 902F 
  96      3A24 1EEA 
  96      1E36 5884 
  97 0220 80FF BA18 		.ascii	"\200\377\272\030p\025Ns\340<\322\006\016\274`z\317\035\003\032"
  97      7015 4E73 
  97      E03C D206 
  97      0EBC 607A 
  97      CF1D 031A 
  98 0234 79E0 5428 		.ascii	"y\340T(b\255\342\026j\237\362\f\327j\004\305\004!\2003h\363>"
  98      62AD E216 
  98      6A9F F20C 
  98      D76A 04C5 
  98      0421 8033 
  99 024b 14F6 BB57 		.ascii	"\024\366\273W\032\227\340uQFS\222\211\215\277\3063W7q(~A\245"
  99      1A97 E075 
  99      5146 5392 
  99      898D BFC6 
  99      3357 3771 
 100 0263 52C5 F042 		.ascii	"R\305\360BE\307gIO[\006\226s\213c\361q,\234\301\363a,\023 \314"
 100      45C7 6749 
 100      4F5B 0696 
 100      738B 63F1 
 100      712C 9CC1 
 101 027d 5BD0 8381 		.ascii	"[\320\203\201\205\257\255\270\205\332\035\235e\307\355\204\005"
 101      85AF ADB8 
 101      85DA 1D9D 
 101      65C7 ED84 
 101      05
 102 028e 4085 0B68 		.ascii	"@\205\013hr\b$\272@\341\341%\201l\374d\252\241D\350'|\377\030"
 102      7208 24BA 
 102      40E1 E125 
 102      816C FC64 
 102      AAA1 44E8 
 103 02a6 B5C0 E022 		.ascii	"\265\300\340\"\204\261\232Yo\242<\004\005\t\024S\311\275\346"
 103      84B1 9A59 
 103      6FA2 3C04 
 103      0509 1453 
 103      C9BD E6
 104 02b9 1E59 7E8B 		.ascii	"\036Y~\213\027\346\354\231\357\353\355\330u\305\330u\003\327"
 104      17E6 EC99 
 104      EFEB EDD8 
 104      75C5 D875 
 104      03D7 
 105 02cb 1D85 BADF 		.ascii	"\035\205\272\337\225\351\2215\370-\246\355~\027.\003\320T\341"
 105      95E9 9135 
 105      F82D A6ED 
 105      7E17 2E03 
 105      D054 E1
 106 02de 6BB9 52B9 		.ascii	"k\271R\271\363\277\214\371\273\036o\246+\234\256\220\0041\255"
 106      F3BF 8CF9 
 106      BB1E 6FA6 
 106      2B9C AE90 
 106      0431 AD
 107 02f1 0F7F 7032 		.ascii	"\017\177p2\375\240Dw\207\205_\274q\272\363\260$\226cT\215\373"
 107      FDA0 4477 
 107      8785 5FBC 
 107      71BA F3B0 
 107      2496 6354 
 108 0307 EF07 C7E3 		.ascii	"\357\007\307\343\210\321B\0271j\205&\310\200F\002\003\315H\242"
 108      88D1 4217 
 108      316A 8526 
 108      C880 4602 
 108      03CD 48A2 
 109 031b 11C6 F3FD 		.ascii	"\021\306\363\375\355\345\223\245\361\013\343\370\273\001\300"
 109      EDE5 93A5 
 109      F10B E3F8 
 109      BB01 C0
 110 032a 8842 8A8D 		.ascii	"\210B\212\215\242\205G\321Jt%\342\341\334\321\346\233\361\302"
 110      A285 47D1 
 110      4A74 25E2 
 110      E1DC D1E6 
 110      9BF1 C2
 111 033d F338 799E 		.ascii	"\3638y\236\275[\337\241D{n\213xnG\317\221\316K\022\352\247[\332"
 111      BD5B DFA1 
 111      447B 6E8B 
 111      786E 47CF 
 111      91CE 4B12 
 112 0355 8B34 C136 		.ascii	"\2134\3016\300\237\341R\333*\322\221\024\305\277\302\272\355"
 112      C09F E152 
 112      DB2A D291 
 112      14C5 BFC2 
 112      BAED 
 113 0367 A2D6 9E34 		.ascii	"\242\326\2364\250\3428n\031\025\325\261\370X\350\344\025EJ\320"
 113      A8E2 386E 
 113      1915 D5B1 
 113      F858 E8E4 
 113      1545 4AD0 
 114 037b 8515 15ED 		.ascii	"\205\025\025\355\234\2547M{k\354\":\031\272#\261\250\254Y\226"
 114      9CAC 374D 
 114      7B6B EC22 
 114      3A19 BA23 
 114      B1A8 AC59 
 115 0390 0DFE CE54 		.ascii	"\r\376\316T;\026\360w`\326i\260'\307\262w\211\263\327C\016lK"
 115      3B16 F077 
 115      60D6 69B0 
 115      27C7 B277 
 115      89B3 D743 
 116 03a7 B375 D960 		.ascii	"\263u\331`\353Y\021w\"t\354Bm\352R\305\003\207\210+\023\376\302"
 116      EB59 1177 
 116      2274 EC42 
 116      6DEA 52C5 
 116      0387 882B 
 117 03be EB18 4C29 		.ascii	"\353\030L)\320\225\245m^\341\271\267s\020\032\333k\021 \202\337"
 117      D095 A56D 
 117      5EE1 B9B7 
 117      7310 1ADB 
 117      6B11 2082 
 118 03d3 2C44 3017 		.ascii	",D0\027F`\212E\320\313\021\\\245h\022\226\366\326\027\205\240"
 118      4660 8A45 
 118      D0CB 115C 
 118      A568 1296 
 118      F6D6 1785 
 119 03e8 1F11 709D 		.ascii	"\037\021p\2354\241\326;\331]e\023\b\022\340Z\004\301\325\227"
 119      34A1 D63B 
 119      D95D 6513 
 119      0812 E05A 
 119      04C1 D597 
 120 03fc 21B8 CE11 		.ascii	"!\270\316\021\244a\033\027\fz^\274MQ.\253\007o\204{\020GG{\371"
 120      A461 1B17 
 120      0C7A 5EBC 
 120      4D51 2EAB 
 120      076F 847B 
 121 0415 F4C1 C485 		.ascii	"\364\301\304\205\305?\347\244;\006|s,\374\233\034\376-\202\262"
 121      C53F E7A4 
 121      3B06 7C73 
 121      2CFC 9B1C 
 121      FE2D 82B2 
 122 0429 4258 724F 		.ascii	"BXrO\026qKb3\005\336\310\300#c\320\202\330L\305}\003\341-\321"
 122      1671 4B62 
 122      3305 DEC8 
 122      C023 63D0 
 122      82D8 4CC5 
 123 0442 BE65 D78E 		.ascii	"\276e\327\216)\242k\202\274_\275}3\366h\304\375\021\304\2679"
 123      29A2 6B82 
 123      BC5F BD7D 
 123      33F6 68C4 
 123      FD11 C4B7 
 124 0457 E254 529F 		.ascii	"\342TR\237)\2367\031\006\226P\270\203\n\321\023\302\212\315|"
 124      299E 3719 
 124      0696 50B8 
 124      830A D113 
 124      C28A CD7C 
 125 046b 5730 FC7C 		.ascii	"W0\374|\177\333>\267\2720\333\363\341l+\261p\357q\270\003\004"
 125      7FDB 3EB7 
 125      BA30 DBF3 
 125      E16C 2BB1 
 125      70EF 71B8 
 126 0481 C2B1 7466 		.ascii	"\302\261tf\006\243\262\355\035\032\004\241\224,\364*.\314t\232"
 126      06A3 B2ED 
 126      1D1A 04A1 
 126      942C F42A 
 126      2ECC 749A 
 127 0495 45BA 35B8 		.ascii	"E\2725\270\037I\367\300\313\322=\304\301'\363\202\265\260\206"
 127      1F49 F7C0 
 127      CBD2 3DC4 
 127      C127 F382 
 127      B5B0 86
 128 04a8 F4C8 048E 		.ascii	"\364\310\004\216\3128\275;5\352z\271nZ<\345\017 +\232\016|\025"
 128      CA38 BD3B 
 128      35EA 7AB9 
 128      6E5A 3CE5 
 128      0F20 2B9A 
 129 04bf 8361 11C1 		.ascii	"\203a\021\301\242c\370@\333\032R\341\377]\213\216\341\021NI@"
 129      A263 F840 
 129      DB1A 52E1 
 129      FF5D 8B8E 
 129      E111 4E49 
 130 04d4 A4E1 FFE7 		.ascii	"\244\341\377\347\354C\f=\354\210\006\305\263\312\230A\321\276"
 130      EC43 0C3D 
 130      EC88 06C5 
 130      B3CA 9841 
 130      D1BE 
 131 04e6 C6F0 A2C6 		.ascii	"\306\360\242\306z\031\345^\306\210C\032\320\255G\213\373\034"
 131      7A19 E55E 
 131      C688 431A 
 131      D0AD 478B 
 131      FB1C 
 132 04f8 A260 4629 		.ascii	"\242`F)\273\376\362\263A-\332q0\342x<<f\213\270Sa#]\230\251\034"
 132      BBFE F2B3 
 132      412D DA71 
 132      30E2 783C 
 132      3C66 8BB8 
 133 0513 7814 7088 		.ascii	"x\024p\210\242x\n0\021I\304\030G\263\204\321G<\021\351l\024\334"
 133      A278 0A30 
 133      1149 C418 
 133      47B3 84D1 
 133      473C 11E9 
 134 052a 839E 63AF 		.ascii	"\203\236c\257\360?\366\230\361k\013\341Ta\360\030\362\361%OL"
 134      F03F F698 
 134      F16B 0BE1 
 134      5461 F018 
 134      F2F1 254F 
 135 053f 192B 7FBB 		.ascii	"\031+\177\273\2437\034\376\276\024\244\364\361\317$R\213G\370"
 135      A337 1CFE 
 135      BE14 A4F4 
 135      F1CF 2452 
 135      8B47 F8
 136 0552 679E B979 		.ascii	"g\236\271y\323\373\3536\344m\337\355\314\3732{\203s\367\366m"
 136      D3FB EB36 
 136      E46D DFED 
 136      CCFB 327B 
 136      8373 F7F6 
 137 0567 CE4D BBB6 		.ascii	"\316M\273\266\344\346l\311\313\331\350\334\271~\033\213\373 "
 137      E4E6 6CC9 
 137      CBD9 E8DC 
 137      B97E 1B8B 
 137      FB20 
 138 0579 37E7 8BCF 		.ascii	"7\347\213\317\267\347\356\372(7\307\371\265#\274\372\370\253"
 138      B7E7 EEFA 
 138      2837 C7F9 
 138      B523 BCFA 
 138      F8AB 
 139 058b CFB6 3AF3 		.ascii	"\317\266:\363R\242\265\303G\353?e\377\002\257L\342\221"
 139      52A2 B5C3 
 139      47EB 3F65 
 139      FF02 AF4C 
 139      E291 
 140               		.text
 141               		.section	.gnu.lto_USB_Device_SetAddress.8af83116ba8dfcb5,"",@progbits
 142 0000 789C 7D54 		.string	"x\234}T\353oTE\024\237\337\314}\355\335\356v5!\032\2631\r\206\020L\240&|%&\0304\361+\204?
 142      EB6F 5445 
 142      149F DFCC 
 142      7DED DDEE 
 142      7635 211A 
 143 0026 D935 F44B 		.string	"\3315\364K\205\226\220\360i\357v\273-m\f6\"\370"
 143      8596 90F0 
 143      69EF 76BB 
 143      2D6D 0C36 
 143      22F8 00
 144 0039 52A3 A9BC 		.string	"R\243\251\274\224\362\250\300\"\312e\355\203\200i\325\224\304\310\007\020\342\2064\030w\3
 144      94F2 A8C0 
 144      22CA 65ED 
 144      8380 69D5 
 144      94C4 C807 
 145 00a6 6F02 0F22 		.string	"o\002\017\"'U\314\262\035\327CNZ\365$\376\2223\022\345\356JI\2568\024\320ws \332\222\017\
 145      2755 CCB2 
 145      1DD7 434E 
 145      5AF5 24FE 
 145      9233 12E5 
 146 01a6 4402 83E4 		.ascii	"D\002\203\344\363\026\244f\201\252#\024\231\224\377\355\235\030"
 146      F316 A466 
 146      81AA 2314 
 146      9994 FFED 
 146      9D18 
 147 01b8 BDB1 ED71 		.ascii	"\275\261\355q\316\302\253\303K5[\221\304B:\005N\300\241\034N"
 147      CEC2 ABC3 
 147      4B35 5B91 
 147      C442 3A05 
 147      4EC0 A11C 
 148 01cd 729C E4FC 		.ascii	"r\234\344\374*=\215\035\031\350\233L\232\343\035\3209\374\340"
 148      2A3D 8D1D 
 148      19E8 9B4C 
 148      9AE3 1DD0 
 148      39FC E0
 149 01e0 EC94 C7E5 		.ascii	"\354\224\307\345u\346\271<\211\323H\343\024\227\207!\252Hg\335"
 149      75E6 B93C 
 149      89D3 48E3 
 149      1497 8721 
 149      AA48 67DD 
 150 01f4 C529 188F 		.ascii	"\305)\030\217\215\306\351\376\033\277U\264\027\211\373\300\227"
 150      8DC6 E9FE 
 150      1BBF 55B4 
 150      1789 FBC0 
 150      97
 151 0205 04A7 54F7 		.ascii	"\004\247T\367\2011O\366y\206|\222\027q\007\205\233\277~"
 151      8131 4FF6 
 151      7986 7C92 
 151      1771 0785 
 151      9BBF 7E
 152 0218 F214 17B1 		.string	"\362\024\027\261\230\373XD-\0238\213\0345\322'FkR\t\032q\245\371\230=\2344,\306yP\303w\22
 152      98FB 5844 
 152      2D13 388B 
 152      1C35 D227 
 152      466B 5209 
 153 0319 C3F5 B97B 		.ascii	"\303\365\271{0\231\277\277\225q\204x',\217\330f\"n\363|\317\234"
 153      3099 BFBF 
 153      9571 8478 
 153      272C 8FD8 
 153      6622 6EF3 
 154 0330 EE5D 339F 		.ascii	"\356]3\237\370\221\271BGu\2414^\367\300\300\236\003\037\036s"
 154      F891 B942 
 154      4775 A134 
 154      5EF7 C0C0 
 154      9E03 1F1E 
 155 0345 CD48 2B8C 		.ascii	"\315H+\214!m\037?\323\273\204k\357\177\373\210o\364\022\227\221"
 155      216D 1F3F 
 155      D3BB 846B 
 155      EF7F FB88 
 155      6FF4 1297 
 156 035a 7698 778F 		.ascii	"v\230w\217\377Q\246\320\221\022u\246A\n\232\331\246\215\033^"
 156      FF51 A6D0 
 156      9112 75A6 
 156      410A 9AD9 
 156      A68D 1B5E 
 157 036e 59B9 AEAD 		.ascii	"Y\271\256\255eG\266\255\275y]vG\313\346\354\206\355\233Z3\233"
 157      6547 B6AD 
 157      BD79 5D76 
 157      47CB E6EC 
 157      86ED 9B5A 
 158 0384 DA32 EBB3 		.ascii	"\3322\353\263\333Vm\026\t\243\\\233\311\264e\333\333\237\231"
 158      DB56 6D16 
 158      09A3 5C9B 
 158      C9B4 65DB 
 158      DB9F 99
 159 0397 0F7F B535 		.ascii	"\017\177\2655\263\365\255\226\326\355\253\266\b\267~\277d\261"
 159      B3F5 AD96 
 159      D6ED ABB6 
 159      08B7 7EBF 
 159      64B1 
 160 03a9 3BBA FD1F 		.ascii	";\272\375\0370o\355Y"
 160      306F ED59 
 161               		.text
 162               		.section	.gnu.lto_USB_Device_GetConfiguration.8af83116ba8dfcb5,"",@progbits
 163 0000 789C 8552 		.string	"x\234\205RKkSA\030\235o\346&\271(\r\272ra\026\201\322E\027V\305\245\013\241\324\255\213\0
 163      4B6B 5341 
 163      189D 6FE6 
 163      26B9 280D 
 163      BA72 6116 
 164 00ba 833A 0F75 		.string	"\203:\017u>\352L\352\030\253\3401\022\260\3149\215\242\004\205\325s\305\251b\357\277\374\
 164      3EEA 4CEA 
 164      18AB E031 
 164      12B0 CC39 
 164      8DA2 0485 
 165 0128 DC45 384A 		.string	"\334E8J\315\002a\266\346\034ANdAx\177\326\376l\033t\213\224\020\265:\r\245\323\266\227\33
 165      CD02 61B6 
 165      E61C 414E 
 165      6441 787F 
 165      D6FE 6C1B 
 166 0168 9C28 11F9 		.string	"\234(\021\371u\346\242m\210\203\212\354Ju\262b4\335\220\231~\351\214^\020i\351$\203\226\3
 166      75E6 A26D 
 166      8883 8AEC 
 166      4A75 B262 
 166      34DD 9099 
 167 0194 9A50 0EDD 		.ascii	"\232P\016\335\346\352\317\334R\276g\263\361\263\215\004Y7\237"
 167      E6EA CFDC 
 167      52BE 67B3 
 167      F1B3 8D04 
 167      5937 9F
 168 01a7 D79B 3FA6 		.ascii	"\327\233?\246\314\177\250\024\270+\253q\355\36429=m\r\277j\250"
 168      CC7F A814 
 168      B82B AB71 
 168      EDF4 3239 
 168      3D6D 0DBF 
 169 01bd 7565 7CC3 		.ascii	"ue|\303\225G\312\025U\026\363N\177;\261\251\354\371\271?y\213"
 169      9547 CA15 
 169      5516 F34E 
 169      7F3B B1A9 
 169      ECF9 B93F 
 170 01d3 FA92 B62A 		.ascii	"\372\222\266*9A>\372\2666\377\361\337@\261\206>b\352S\237>~\230"
 170      3941 3EFA 
 170      B636 FFF1 
 170      DF40 B186 
 170      3E62 EA53 
 171 01eb 5E0F B4CA 		.ascii	"^\017\264\312\340\311F\240\023\377\013\364\251\222n\262EH\315"
 171      E0C9 46A0 
 171      13FF 0BF4 
 171      A992 6EB2 
 171      4548 CD
 172 01fe 5BE5 9DA4 		.ascii	"[\345\235\244\262>>\237\313\r\304>\203\004\276s\223\225\241\337"
 172      B23E 3E9F 
 172      CB0D C43E 
 172      8304 BE73 
 172      9395 A1DF 
 173 0212 7973 4441 		.ascii	"ysDA\251U\360e\342k\307\267\037<\332\321\272\247-\026\351\013"
 173      A955 F065 
 173      E26B C7B7 
 173      1F3C DAD1 
 173      BAA7 2D16 
 174 0228 C78E EF6D 		.ascii	"\307\216\357m\013\367E\272\302\035\361\316h\2503\026j\017\367"
 174      0BF7 45BA 
 174      C21D F1CE 
 174      68A8 3316 
 174      6A0F F7
 175 023b B674 B15D 		.ascii	"\266t\261]\265\200\303\321POw$\032o9\306\214\326\223\361\360"
 175      B580 C3D1 
 175      504F 7724 
 175      1A6F 39C6 
 175      8CD6 93F1 
 176 0250 6F8E 4548 		.ascii	"o\216EH\260"
 176      B0
 177               		.text
 178               		.section	.gnu.lto_USB_Device_GetInternalSerialDescriptor.8af83116ba8dfcb5,"",@progbits
 179 0000 789C 9D57 		.string	"x\234\235WkP\324\327\025\277\347\336}\357\002\"$\306)5 \303\3248\232U\323i\315\207v&\251\
 179      6B50 D4D7 
 179      15BF E7DE 
 179      7DEF 0222 
 179      24C6 2935 
 180 00c2 F457 B300 		.string	"\364W\263"
 181 00c6 CBE2 C260 		.string	"\313\342\302`4\231-\016\253\315\016Y\302\252\037\323\302 \b\020-\007\232?\345\303\034\032
 181      3499 2D0E 
 181      ABCD 0E59 
 181      C2AA 1FD3 
 181      C220 0810 
 182 011b 1520 500B 		.ascii	"\025 P\013\336\211\201y1R\027ew_\330\260&\242\227\007\004\207"
 182      DE89 8179 
 182      3152 1765 
 182      775F D8B0 
 182      26A2 9707 
 183 0131 D938 ADDF 		.ascii	"\3318\255\337P]\022FS\001\337\220\361!\355\037\r\026\261@\302"
 183      505D 1246 
 183      5301 DF90 
 183      F121 ED1F 
 183      0D16 B140 
 184 0146 3EAC B870 		.ascii	">\254\270p\316\202\260AM\013~Z\304\263\025\254\001\252\024l%"
 184      CE82 B041 
 184      4D0B 7E5A 
 184      C4B3 15AC 
 184      01AA 146C 
 185 015b C4C0 5E18 		.ascii	"\304\300^\030\003nk\337\2726l\326.:v\260\177\035h\232\005e\307"
 185      036E 6BDF 
 185      BA36 6CD6 
 185      2E3A 76B0 
 185      7F1D 689A 
 186 0172 4E2D 45BA 		.ascii	"N-E\272\016\214\374-\314\224K\"\261\260\037f\301>H\200=\220\240"
 186      0E8C FC2D 
 186      CC94 4B22 
 186      B1B0 1F66 
 186      C13E 4880 
 187 0189 A4A0 1A4C 		.ascii	"\244\240\032L\0302\363\350**\224m|\324k\020\213\345i\316\366"
 187      1832 F3E8 
 187      2A2A 946D 
 187      7CD4 6B10 
 187      8BE5 69CE 
 188 019e 1484 C20D 		.ascii	"\024\204\302\r(\b5 $\\\361\315\201\034\223\370P\356\0066g\237"
 188      2808 3520 
 188      245C F1CD 
 188      811C 93F8 
 188      50EE 0636 
 189 01b4 73E0 2E1C 		.ascii	"s\340.\034\004\001\007\300 \005\0326n?g\026\177\224\002\347\312"
 189      0401 07C0 
 189      2005 1A36 
 189      6E3F 6716 
 189      7F94 02E7 
 190 01c9 3796 5B75 		.ascii	"7\226[u\216\266\025q\255\206\316\007\360\3718\212\340\020\351"
 190      8EB6 1571 
 190      AD86 CE07 
 190      F0F9 388A 
 190      E010 E9
 191 01dc A181 C3D2 		.ascii	"\241\201\303\322\370\310\305\325"
 191      F8C8 C5D5 
 192 01e4 7961 6299 		.string	"yab\231\324\3764\347\306\261\b\245\255\025h\032(~\277\230\310/\034\221\232\215\315O\276\0
 192      D4FE 34E7 
 192      C6B1 08A5 
 192      AD15 681A 
 192      287E BF98 
 193 02e5 00        		.string	""
 194 02e6 1327 88E9 		.ascii	"\023'\210\351L\350O\376_\364\023\204.\223\271A\242\347\356?\273"
 194      4CE8 4FFE 
 194      5FF4 1384 
 194      2E93 B941 
 194      A2E7 EE3F 
 195 02fb 3A42 A1CF 		.ascii	":B\241\317\206\223\210\336\0059T\2422\327U\216?\274RY%\224H8"
 195      8693 88DE 
 195      0539 54A2 
 195      32D7 558E 
 195      3FBC 5259 
 196 0313 7C25 0FD0 		.ascii	"|%\017\3200P8r\3340\261`\220c\n\202\254\0234\320\b&\277\b\243"
 196      3050 3872 
 196      DC30 B160 
 196      9063 0A82 
 196      AC13 34D0 
 197 032c 3208 34B4 		.ascii	"2\b4\264H\017l2\356%\265k\347\250Y\007M/\225\227]6\224\301\326"
 197      480F 6C32 
 197      EE25 B56B 
 197      E7A8 5907 
 197      4D2F 9597 
 198 0345 EC5C 0808 		.ascii	"\354\\\b\b;4a\321\236\242\242\205\323P\006x\034N@\204\215`\354"
 198      3B34 61D1 
 198      9EA2 A285 
 198      D350 0678 
 198      1C4E 4084 
 199 035c 2E64 77D5 		.ascii	".dw\325\025\0366\276l:x\366n\274\264\027\3420\261\214\031|-O"
 199      151E 36BE 
 199      6C3A 78F6 
 199      6EBC B417 
 199      E230 B18C 
 200 0374 7346 8EAC 		.ascii	"sF\216\254\001p\277\242\376\344mG\\\023\224i%\230r\016R\351\331"
 200      0170 BFA2 
 200      FEE4 6D47 
 200      5C13 9469 
 200      2598 720E 
 201 038b 7FF0 B25D 		.ascii	"\177\360\262]\026\357Y\210\303\261\031+m\3246\371\204\277n.\030"
 201      16EF 5988 
 201      C3B1 192B 
 201      6DD4 36F9 
 201      84BF 6E2E 
 202 03a0 3657 8A6E 		.ascii	"6W\212nO~{\235o\242\373\265\344z#\231\231\270s\214v\316\351;"
 202      4F7E 7B9D 
 202      6FA2 FBB5 
 202      E47A 2399 
 202      99B8 738C 
 203 03b8 579B CF1F 		.ascii	"W\233\317\037p\210\026U\003\205\237}\"&Um\313\177\351\212/\341"
 203      7088 1655 
 203      0385 9F7D 
 203      2226 556D 
 203      CB7F E98A 
 204 03ce 7D43 78E7 		.ascii	"}Cx\347\245C\027\210\344\b\277\340HM.\247\251\300\334i%/\213"
 204      A543 1788 
 204      E408 BFE0 
 204      484D 2EA7 
 204      A9C0 DC69 
 205 03e5 D715 9719 		.ascii	"\327\025\227\031\342\272u/\303\be\270+p\323*\275\274H^\342\312"
 205      E2BA 752F 
 205      C308 65B8 
 205      2B70 D32A 
 205      BDBC 485E 
 206 03fb A9AE 4347 		.ascii	"\251\256CGM\324\226.\201\301/\246\340\316\267@\201\325\326\255"
 206      4DD4 962E 
 206      81C1 2FA6 
 206      E0CE B740 
 206      81D5 D6AD 
 207 040f 2F35 5194 		.ascii	"/5Q\224\214p\225\344\252[\256m\267\304=\325\301\302i)\347\346"
 207      8C70 95E4 
 207      AA5B AE6D 
 207      B7C4 3DD5 
 207      C1C2 6929 
 208 0425 9A4B AADF 		.ascii	"\232K\252\337]\321\301\232\373\272\036\207\021\330U0\300e\031"
 208      5DD1 C19A 
 208      FBBA 1E87 
 208      11D8 5530 
 208      C065 19
 209 0438 C456 8956 		.ascii	"\304V\211V\320\366\240\327Ahf\210\303\351\337\313\016\366\331"
 209      D0F6 A0D7 
 209      4168 6688 
 209      C3E9 DFCB 
 209      0EF6 D9
 210 044b E2FA C683 		.ascii	"\342\372\306\203\355\273yL\263H\260k:X\357\301\223k\215\004\326"
 210      EDBB 794C 
 210      B348 B06B 
 210      3A58 EFC1 
 210      936B 8D04 
 211 0460 8660 FF92 		.ascii	"\206`\377\222`\327%\330\241\007\375\303\366\270\301\361\332"
 211      60D7 25D8 
 211      A107 FDC3 
 211      F6B8 C1F1 
 211      DA
 212 0471 85ED 7B8E 		.string	"\205\355{\216\030\244\366\r]{\260%t\203\342\t\355\344W\004\356t\350\021E\212\210@r\026s]{
 212      18A4 F60D 
 212      5D7B B025 
 212      7483 E209 
 212      EDE4 5704 
 213 0572 5911 3844 		.string	"Y\0218D\033\326\016WA\017\tO\021\307\007W \177\206\241\301\355\200\344\230\364"
 213      1BD6 0E57 
 213      410F 094F 
 213      11C7 0757 
 213      207F 86A1 
 214 058d 14E7 8D8C 		.ascii	"\024\347\215\214\236\341Mu\206\306\216\023\353\354\004i\201\237"
 214      9EE1 4D75 
 214      86C6 8E13 
 214      EBEC 0469 
 214      819F 
 215 059f C33D 09D9 		.ascii	"\303=\t\331\315\315\343*\273\376\232\316\3304\277\210%\026\213"
 215      CDCD E32A 
 215      BBFE 9ACE 
 215      D834 BF88 
 215      2516 8B
 216 05b2 E57C 42AB 		.ascii	"\345|B\253u\005D\204j\265BU\350\300\327\245\363\346W\313\275"
 216      7505 4484 
 216      6AB5 4255 
 216      E8C0 D7A5 
 216      F3E6 57CB 
 217 05c7 52EC 6453 		.ascii	"R\354dS\340{p\"\353\362\006\273\017\363\021Nqr\276\256\304D\315"
 217      E07B 7022 
 217      EBF2 06BB 
 217      0FF3 114E 
 217      7172 BEAE 
 218 05de C02F A663 		.ascii	"\300/\246cD\306\202\213+\324Ap\225<\214E\367\215CO\223\360\324"
 218      44C6 828B 
 218      2BD4 4170 
 218      953C 8C45 
 218      F78D 434F 
 219 05f5 263A 9F85 		.ascii	"&:\237\205\341C\rTx\245\224q|\2549\021\327\342\277\273M(`\312"
 219      E143 0D54 
 219      78A5 9471 
 219      7CAC 3911 
 219      D7E2 BFBB 
 220 060d DDFC B63D 		.ascii	"\335\374\266=\305z@\242\340\207Q\346\270_D\332\22090#mF\277\210"
 220      C57A 40A2 
 220      E087 51E6 
 220      B85F 44DA 
 220      9039 3023 
 221 0625 A2C9 74F3 		.ascii	"\242\311t\363\351\371x\1779\330u\001\335\334\312\326\030\364"
 221      E9F9 787F 
 221      39D8 7501 
 221      DDDC CAD6 
 221      18F4 
 222 0637 AC3A 42E0 		.ascii	"\254:B\340\206\361\226\204*\201/\267q\325\336\251\036\253\037"
 222      86F1 9684 
 222      2A81 2FB7 
 222      71D5 DEA9 
 222      1EAB 1F
 223 064a D4F6 87A9 		.ascii	"\324\366\207\251"
 224 064e 1831 7830 		.string	"\0301x0jI\320U\301\257\367/\307\3439\320\230\201<\345C\375\026\252\022\007\371dC{\002%#\0
 224      6A49 D055 
 224      C1AF F72F 
 224      C7E3 39D0 
 224      9881 3CE5 
 225 074f 92E2 3EE5 		.ascii	"\222\342>\345\364@\341\335\323}\245\341\023\335~\036/_\004!l"
 225      F440 E1DD 
 225      D37D A5E1 
 225      13DD 7E1E 
 225      2F5F 0421 
 226 0764 8A93 5C1E 		.ascii	"\212\223\\\036\220G\037\244T\212\241\320\354\\\377m\270z\033"
 226      9047 1FA4 
 226      548A A1D0 
 226      EC5C FF6D 
 226      B87A 1B
 227 0777 DCA3 2B2C 		.ascii	"\334\243+,Xr\344\276e<\013Cc,\f\323\353@\366/iTa\304+\230\322"
 227      5872 E4BE 
 227      653C 0B43 
 227      632C 0CD3 
 227      EB40 F62F 
 228 0792 8E87 7724 		.ascii	"\216\207w$\214\035\235\205\021\365d\301*\036\224\016\277\002"
 228      8C1D 9D85 
 228      11F5 64C1 
 228      2A1E 940E 
 228      BF02 
 229 07a4 3424 A98D 		.ascii	"4$\251\215g\367 \320\271s$R>dP\243\266\366A\233\0313\013\257"
 229      67F7 20D0 
 229      B973 2452 
 229      3E64 50A3 
 229      B6F6 419B 
 230 07bc 6854 880A 		.ascii	"hT\210\na\353e\240\361,\332{|\272\244I\250\254\3236"
 230      61EB 65A0 
 230      F12C DA7B 
 230      7CBA A449 
 230      A8AC D336 
 231 07d0 223F D1F2 		.string	"\"?\321\362\277\003R\204l\2365\376\377\031#\276\260rxL"
 231      BF03 5284 
 231      6C9E 35FE 
 231      FF19 23BE 
 231      B072 784C 
 232 07e5 7B82 4E56 		.string	"{\202NV{\373$\262\206G\3112M&\313\317\211\254\\\216\216\306\275\332\217"
 232      7BFB 24B2 
 232      8647 C932 
 232      4D26 CBCF 
 232      89AC 5C8E 
 233 07ff 7F41 0E1A 		.ascii	"\177A\016\032Q:3\225\332\311\232\362\026\233\"g\220A\036\037"
 233      513A 3395 
 233      DAC9 9AF2 
 233      169B 2267 
 233      9041 1E1F 
 234 0813 2507 655E 		.ascii	"%\007e^\r\232\317\211\234\231$~\335(\337\207\373\344\373p|v\340"
 234      0D9A CF89 
 234      9C99 247E 
 234      DD28 DF87 
 234      FBE4 FB70 
 235 082a 33BC 802F 		.ascii	"3\274\200/d\367!\2473\020\262\252\207 \243\30710'f`\354\357\226"
 235      64F7 21A7 
 235      3310 B2AA 
 235      8720 A3C7 
 235      3130 2766 
 236 0842 BE3F 7791 		.ascii	"\276?w\221\317\273\322\343Kw.\362\254\364&z\226f\270S\223\334"
 236      CFBB D2E3 
 236      4B77 2EF2 
 236      ACF4 267A 
 236      9666 B853 
 237 0858 BEA4 259E 		.ascii	"\276\244%\236?\277\235\310\302\227z\227-\361\270\223\336KJ\362"
 237      3FBF 9DC8 
 237      C297 7A97 
 237      2DF1 B893 
 237      DE4B 4AF2 
 238 086c 79D2 D3A3 		.ascii	"y\322\323\243p\232\352\316\310\364y\026y\322\023}\336\025\031"
 238      709A EACE 
 238      C8F4 7916 
 238      79D2 137D 
 238      DE15 19
 239 087f 693E 9BCB 		.ascii	"i>\233\313\345]\342I\307/\217\335\345JL\366\270S3W\270\\\326"
 239      E55D E249 
 239      C72F 8FDD 
 239      E54A 4CF6 
 239      B853 3357 
 240 0896 749F 6799 		.ascii	"t\237g\231+\335\275\322cr\271~\233\266(-l\251\307\347u'\377j"
 240      2BDD BDD2 
 240      6372 B97E 
 240      9BB6 282D 
 240      6CA9 C7E7 
 241 08ae B9DB F741 		.ascii	"\271\333\367Af\212M\315\336_\225\3411}\340\375\370\343d\317;"
 241      668A 4DCD 
 241      DE5F 95E1 
 241      317D E0FD 
 241      F8E3 64CF 
 242 08c3 CEE5 6929 		.ascii	"\316\345i)\036g\246\357O\356\024w\252\323\275\322\227\22187\003"
 242      1E67 A6EF 
 242      4FEE 1477 
 242      AAD3 BDD2 
 242      9791 3837 
 243 08d8 81E9 D3E9 		.ascii	"\201\351\323\351MML\316L\302\355\fo\262\323\235\221\226\342M"
 243      4D4D 4CCE 
 243      4CC2 ED0C 
 243      6FB2 D39D 
 243      9196 E24D 
 244 08ec 7C7B 3933 		.ascii	"|{93$&{\2319\305\223\222\346[\305,.\027\236139\343\215\364\214"
 244      2426 7B99 
 244      39C5 9392 
 244      E65B C52C 
 244      2E17 9E31 
 245 0906 F4D8 84F9 		.ascii	"\364\330\204\371sb\023\026\330\254\311+Rb\023\346\315\211\375"
 245      7362 1316 
 245      D8AC C92B 
 245      5262 13E6 
 245      CD89 FD
 246 0919 C866 65E2 		.ascii	"\310fe\342\027>\306\275\214\343\370\027&\\\256t`\323\3063\360"
 246      173E C6BD 
 246      8CE3 F817 
 246      265C AE74 
 246      60D3 C633 
 247 092e EBD4 A415 		.ascii	"\353\324\244\025i\336\324\fD\376\017\020\034\002\006"
 247      69DE D40C 
 247      44FE 0F10 
 247      1C02 06
 248               		.text
 249               		.section	.gnu.lto_USB_Device_GetDescriptor.8af83116ba8dfcb5,"",@progbits
 250 0000 789C 9554 		.string	"x\234\225TKlSW\020\235\271\367\375p\022\307IKa\301\"R\233\005\013\210\304*,\330T\351\276J
 250      4B6C 5357 
 250      109D B9F7 
 250      FD70 12C7 
 250      494B 61C1 
 251 002b 13B1 E8C6 		.string	"\023\261\350\306\327\261\037\004*\020\255\224\024\t!RU\210~(8|\222\2306\355\303q\240Q\255
 251      D7B1 1F04 
 251      2A10 AD94 
 251      1409 2152 
 251      5588 7E28 
 252 007c 694F 0859 		.ascii	"iO\bY^\r*b\3657\203\252\226\350\030\267%\234\337\267\220\333"
 252      5E0D 2A62 
 252      F537 83AA 
 252      96E8 18B7 
 252      259C DFB7 
 253 0092 FE38 466E 		.ascii	"\3768Fn\033]\343v\346\017.\"\037\224\207\220\022\322\262\035"
 253      1B5D E376 
 253      E60F 2E22 
 253      1F94 8790 
 253      12D2 B21D 
 254 00a6 1753 F844 		.ascii	"\027S\370D<"
 254      3C
 255 00ab 1358 D83B 		.string	"\023X\330;\235\027\353O(Z\267\357\205\211\264\362\327\372\022 \024\246\r<\201\353\201\302
 255      9D17 EB4F 
 255      285A B7EF 
 255      8589 B4F2 
 255      D7FA 1220 
 256 01ac 8FE1 73AD 		.string	"\217\341s\255>\236\301&\270\203\331k\231\327\026\213\315\366\017\356\267\270\230\304I\027
 256      3E9E C126 
 256      B883 D96B 
 256      99D7 168B 
 256      CDF6 0FEE 
 257 0206 33B8 4755 		.string	"3\270GU\031\333[V\256*$\241\001\207\251MbL\031\024q6=Z\222\024\301k\247/\253\365\3252I\31
 257      19DB 5B56 
 257      AE2A 24A1 
 257      0187 A94D 
 257      624C 1914 
 258 02c2 16B4 F211 		.ascii	"\026\264\362\021\022\316\227u0\247\316\315\233/\252\363\303\303"
 258      12CE 9775 
 258      30A7 CECD 
 258      9B2F AAF3 
 258      C3C3 
 259 02d4 7975 ECE5 		.ascii	"yu\354\345\352\214ju\212\\4\366\362N\307\226\320\247\"&\247\316"
 259      EA8C 6A75 
 259      8A5C 34F6 
 259      F24E C796 
 259      D0A7 2226 
 260 02ea A48D E63E 		.ascii	"\244\215\346>\271\0221\364\377\004\274\264@\277\370_\364/k\372"
 260      B912 31F4 
 260      FF04 BCB4 
 260      40BF F85F 
 260      F42F 6BFA 
 261 02fe BAF9 494D 		.ascii	"\272\371IM\226\211S\312\001\365S\357\252\346A\325\203\364\272"
 261      9689 53CA 
 261      01F5 53EF 
 261      AAE6 41D5 
 261      83F4 BA
 262 0311 037E 8FCD 		.ascii	"\003~\217\315z\f\034\030)\360\213]\230\314\337\031w\376=~|.\336"
 262      7A0C 1C18 
 262      29F0 8B5D 
 262      98CC DF19 
 262      77FE 3D7E 
 263 0328 D51F 8259 		.ascii	"\325\037\202Y\354\216\231\217d\231\206\235<4\266\r\357\264\275"
 263      EC8E 998F 
 263      6499 869D 
 263      3C34 B60D 
 263      EFB4 BD
 264 033b B9A1 2599 		.ascii	"\271\241%\231\330\035O\356jj\211\357N\264\307\333\272\266vvl"
 264      D81D 4FEE 
 264      6A6A 89EF 
 264      4EB4 C7DB 
 264      BAB6 7676 
 265 0350 4D76 B4C6 		.ascii	"Mv\264\306wnl\207hK|W{2\261\243k{\262-\361~\274n\321|{{\242\263"
 265      776E 6C87 
 265      684B 7C57 
 265      7B32 B1A3 
 265      6B7B B22D 
 266 036e 2B9E 5CB3 		.ascii	"+\236\\\263\024\341\255\316\216\035\354\336\270\r\376\006)\352"
 266      14E1 ADCE 
 266      8E1D ECDE 
 266      B80D FE06 
 266      29EA 
 267 0380 EF90      		.ascii	"\357\220"
 268               		.text
 269               		.section	.gnu.lto_USB_Device_SetConfiguration.8af83116ba8dfcb5,"",@progbits
 270 0000 789C 9553 		.ascii	"x\234\225SML\023Q\020~\337{\273\333m)\245^\324CM\210\027B\fp"
 270      4D4C 1351 
 270      107E DF7B 
 270      BBDB 6D29 
 270      A55E D443 
 271 001a F7A0 89C1 		.ascii	"\367\240\211\301\243\027\210\361L\240\211\275\240 \341\332-\245"
 271      A317 88F1 
 271      4CA0 89BD 
 271      A020 E1DA 
 271      2DA5 
 272 002c 4235 2104 		.ascii	"B5!\004C#\021%\036\f\177j\001\177\240\340O[\301\023\321\213\177"
 272      4323 1125 
 272      1E0C 7F6A 
 272      017F A0E0 
 272      4F5B C113 
 273 0043 0989 A092 		.ascii	"\t\211\240\222\206\020L(\321\020\215P\347\355\253\200\001M\330"
 273      8610 4C28 
 273      D110 8D50 
 273      E7ED AB80 
 273      014D D8
 274 0056 64E7 ED7C 		.ascii	"d\347\355|;\373\315|3\263\032S\3279\215\261\343t\236\241\033"
 274      3BFB CD7C 
 274      33B3 1A53 
 274      D739 8DB1 
 274      E374 9EA1 
 275 006b 0E06 DEF9 		.ascii	"\016\006\336\371\212\261\220\311\271\321s\222Y.\261\356a\226"
 275      8AB1 90C9 
 275      B9D1 7392 
 275      592E B1EE 
 275      6196 
 276 007d 5B70 BDBD 		.ascii	"[p\275\275\204<MZ\267\006]\005\3510\324\203\001\310\007\313\004"
 276      843C 4D5A 
 276      B706 5D05 
 276      E930 D483 
 276      01C8 07CB 
 277 0092 0B72 A1E9 		.ascii	"\013r\241\351\006\202\370\31678\322m\231\004/\355\267\350Z\230"
 277      0682 F8CE 
 277      3738 D26D 
 277      9904 2FED 
 277      B7E8 5A98 
 278 00a6 190A 84AC 		.ascii	"\031\n\204\254\310\341\210`,\307Ur\364\243\224Q\330\347\321\315"
 278      C8E1 8860 
 278      2CC7 5572 
 278      F4A3 9451 
 278      D8E7 D1CD 
 279 00ba EE        		.ascii	"\356"
 280 00bb 42A3 5586 		.string	"B\243U\206\025\253\227\030\200\001:\343UI+\227\013[\311\367\256\324-\317\001\260\210\200F
 280      15AB 9718 
 280      8001 3AE3 
 280      5549 2B97 
 280      0B5B C9F7 
 281 01bc EBC0 030A 		.ascii	"\353\300\003\n\247Rc\2201\377\347|H\234\304\"{5\231HM|\204\022"
 281      A752 6390 
 281      31FF E77C 
 281      489C C422 
 281      7B35 9948 
 282 01d4 6EEE 6318 		.ascii	"n\356c\030\217\366\036\306\343\355a\214\377\031\306\242P\364"
 282      8FF6 1EC6 
 282      E3ED 618C 
 282      FF19 C6A2 
 282      50F4 
 283 01e6 4ECA 2091 		.ascii	"N\312 \221\330\355#\022\330\331\025\347\036\213\340\214\n\354"
 283      D8ED 2312 
 283      D8D9 15E7 
 283      1E8B E08C 
 283      0AEC 
 284 01f8 95DB 8504 		.ascii	"\225\333\205\004\345\236\260\205L\332B\234l\t\341dw\207-c7QA"
 284      E59E B085 
 284      4CDA 429C 
 284      6C09 E164 
 284      7787 2D63 
 285 020f 8E36 9161 		.ascii	"\2166\221a\nAZP\267]\301\350\313/\005\252(\367>\362>\331\312"
 285      0A41 5A50 
 285      B75D C1E8 
 285      CB2F 05AA 
 285      28F7 3EF2 
 286 0226 FB54 0E85 		.ascii	"\373T\016\205vf.<\204m\236\370J\342G\241\224\243\201\341\031"
 286      7666 2E3C 
 286      846D 9EF8 
 286      4AE2 47A1 
 286      94A3 81E1 
 287 023b D412 AD72 		.ascii	"\324\022\255r\215M9D\226~\036\265K1\344\325\247\223]%j\007N\220"
 287      8D4D 3944 
 287      967E 1EB5 
 287      4B31 E4D5 
 287      A793 5D25 
 288 0253 97C9 5D5B 		.ascii	"\227\311][-\314\217\313\322\345\274\236o\315+i\313\204-\263\327"
 288      2DCC 8FCB 
 288      D2E5 BC9E 
 288      6FCD 2B69 
 288      CB84 2DB3 
 289 0268 F34F 9534 		.ascii	"\363O\2254+\244\362*\331\032\344b\245\026\306\262\005jE4\244"
 289      2BA4 F22A 
 289      D91A E462 
 289      A516 C6B2 
 289      056A 4534 
 290 027d E113 B3D9 		.ascii	"\341\023\263\331\001\211G{{\206\035\n\027x\001\237&\267\335\260"
 290      0189 477B 
 290      7B86 1D0A 
 290      1778 019F 
 290      26B7 DDB0 
 291 0291 FFD7 65B4 		.ascii	"\377\327e\264xY\276tH\204\232W|\266\372TYec\240\331\337x\251"
 291      7859 BE74 
 291      4884 9A57 
 291      7CB6 FA54 
 291      5965 63A0 
 292 02a9 A2D2 DF1C 		.ascii	"\242\322\337\034\250\365W7\325\324\327\3254\326U\371\033\312"
 292      A8F5 5737 
 292      D5D4 D7D5 
 292      34D6 55F9 
 292      1BCA 
 293 02bb 6BD9 A19D 		.ascii	"k\331\241\235\001\247\353\353.^\b\3247\225\237g\277\001\225\376"
 293      01A7 EBEB 
 293      2E5E 08D4 
 293      3795 9F67 
 293      BF01 95FE 
 294 02cf 8D26      		.ascii	"\215&"
 295               		.text
 296               		.section	.gnu.lto_USB_Device_ProcessControlRequest.8af83116ba8dfcb5,"",@progbits
 297 0000 789C 9556 		.ascii	"x\234\225V\341ST\327\025\277\347\335}\273o\337\356\333]`YP\231"
 297      E153 54D7 
 297      15BF E7DD 
 297      7DBB 6FDF 
 297      EEDB 5D60 
 298 0017 D499 8E1F 		.string	"\324\231\216\0372\223h2\231L\22213\355d\322N?u:I\373\007\330\2603u\246\232\304\220t\362!\
 298      3293 6832 
 298      994C 9231 
 298      33ED 64D2 
 298      4E3F 753A 
 299 0118 7E2C 8262 		.string	"~,\202b\265\\\f@/\266\001\242\\\223.\335\3551\274\246\317o\005\202\241\274\374\202pa\244\
 299      B55C 0C40 
 299      2FB6 01A2 
 299      5C93 2EDD 
 299      ED31 BCA6 
 300 01ed 2B54 ACD0 		.ascii	"+T\254\320\fn,<\227\363\013\202\266\177\264\273\323%\177\311"
 300      0C6E 2C3C 
 300      97F3 0B82 
 300      B67F B4BB 
 300      D325 7FC9 
 301 0201 4C77 EAA7 		.ascii	"Lw\352\247\343\031\211\227\337\310\306}`.\027\264\300\212\246"
 301      E319 8997 
 301      DFC8 C67D 
 301      602E 17B4 
 301      C08A A6
 302 0214 E792 F6CC 		.ascii	"\347\222\366\314L\314N\366\353\243\301\037\201 \267h\204\216"
 302      4CCC 4EF6 
 302      EBA3 C11F 
 302      8120 B768 
 302      848E 
 303 0226 257F F7F2 		.ascii	"%\177\367\362\273)\342\322\355\347\005K\020c\200\026\362i(\242"
 303      BB29 E2D2 
 303      EDE7 054B 
 303      1063 8016 
 303      F269 28A2 
 304 023a A198 8625 		.ascii	"\241\230\206%8\300Rz[FC\t\rB\214\241h,\377\224\246\341C\016A"
 304      38C0 527A 
 304      5B46 4309 
 304      0D42 8CA1 
 304      682C FF94 
 305 0253 65F2 C23A 		.ascii	"e\362\302:\216\241\211u\327\304;\316z(\323:r\177\214\231#\213"
 305      8EA1 8975 
 305      D7C4 3BCE 
 305      7A28 D33A 
 305      727F 8C99 
 306 0269 8BC0 168D 		.ascii	"\213\300\026\215\271\026\036\016.\221\270y\311S~\337~\323\266"
 306      B916 1E0E 
 306      2E91 B879 
 306      C953 7EDF 
 306      7ED3 B6
 307 027c 43B8 B649 		.ascii	"C\270\266I\252\244]?\335\337e\356\204\035\0256\257\033p\b\312"
 307      AAA4 5D3F 
 307      DDDF 65EE 
 307      841D 1536 
 307      AF1B 7008 
 308 0291 E120 ED04 		.ascii	"\341 \355\004~\334u\357n\277_a\354\035@\236Za'\235\336\303P\316"
 308      7EDC 75EF 
 308      6EBF 5F61 
 308      EC1D 409E 
 308      5A61 279D 
 309 02a9 8497 DF98 		.ascii	"\204\227\337\230\233w\214\224S\215FGPJK\256\024@\261\t\336\346"
 309      9B77 8C94 
 309      538D 4647 
 309      504A 4BAE 
 309      1440 B109 
 310 02bf 9426 051E 		.ascii	"\224&\005\036r9\002\261\372\352\351V\235\254c\322\033\303Bz\204"
 310      7239 02B1 
 310      FAEA E956 
 310      9DAC 63D2 
 310      1BC3 427A 
 311 02d4 82D1 188E 		.ascii	"\202\321\030\216\221\340\242\030\201\216{ou\3277\017\017B._\362"
 311      91E0 A218 
 311      818E 7B6F 
 311      75D7 370F 
 311      0F42 2E5F 
 312 02e9 D4E1 A798 		.ascii	"\324\341\247\230hF\203\271% \240\215e\034%\307K\234*\274l;s\373"
 312      6846 83B9 
 312      2520 A08D 
 312      651C 25C7 
 312      4B9C 2ABC 
 313 0301 5E99 9AA5 		.ascii	"^\231\232\245\310kw\274\361\234E\211\250\252\240D\230\360\t\226"
 313      C86B 77BC 
 313      F19C 4589 
 313      A8AA A044 
 313      98F0 0996 
 314 0315 643B 6985 		.ascii	"d;i\205c\024"
 314      6314 
 315 031b F408 549E 		.string	"\364\bT\236\177k\212e9}\271\330\327Dw\357\233\376t\026m/\306Iq\374\203\301I\004#?\342c5\3
 315      7F6B 8A65 
 315      397D B9D8 
 315      D744 77EF 
 315      9BFE 7416 
 316 041c 4E21 A52D 		.ascii	"N!\245-\271\343\234V\230\203]\335\325\206\302\320\364^\"\265"
 316      B9E3 9C56 
 316      9883 5DDD 
 316      D586 C2D0 
 316      F45E 22B5 
 317 0430 DFCC 60EA 		.ascii	"\337\314`\352\335\204\371\2141\274\027g\024\246c\274y\217_ah"
 317      DD84 F98C 
 317      31BC 1767 
 317      14A6 63BC 
 317      798F 5F61 
 318 0445 4FCF DDDD 		.ascii	"O\317\335\335\375\241\226\301\374\2151gg1\347\024\246gw\333T"
 318      FDA1 96C1 
 318      FC8D 3167 
 318      6731 E714 
 318      A667 77DB 
 319 045a 1AA3 E374 		.ascii	"\032\243\343tG\363_\007\203\031\3149\306\374\2231.\302\234W\230"
 319      47F3 5F07 
 319      8319 CC39 
 319      C6FC 9331 
 319      2EC2 9C57 
 320 046f 2B93 8D6D 		.ascii	"+\223\215m\001\205\241\262\356\0358\376\271\225\301\2141\346"
 320      0185 A1B2 
 320      EE1D 38FE 
 320      B995 C18C 
 320      31E6 
 321 0481 73C6 E884 		.ascii	"s\306\350\204\351S\230\332\243\267{u\2051pz\343\333\367\343\201"
 321      E953 98DA 
 321      A3B7 7B75 
 321      8531 707A 
 321      E3DB F7E3 
 322 0496 0CE6 CF1E 		.ascii	"\f\346\317\036\302\3643\306M\230/\024f_kC\033(\214\027\247\323"
 322      C2F4 33C6 
 322      4D98 2F14 
 322      665F 6B43 
 322      1B28 8C17 
 323 04ac 7786 86B3 		.ascii	"w\206\206\263yka\314\005\306x\bs\0211\\\372n\261\023\344\025"
 323      796B 61CC 
 323      05C6 7808 
 323      7311 315C 
 323      FA6E B113 
 324 04c2 A808 D106 		.ascii	"\250\b\321\006\331\252\326\277\214M\256\236\255\301\326\221\236"
 324      D9AA D6BF 
 324      8C4D AE9E 
 324      ADC1 D691 
 324      9E
 325 04d3 93A6 F26B 		.ascii	"\223\246\362k\003\f\244\177AR\232Gl\002\311\326-\326\254\365"
 325      030C A47F 
 325      4152 9A47 
 325      6C02 C9D6 
 325      2DD6 ACF5 
 326 04e7 447C FB66 		.ascii	"D|\373f\267\262\256\004\3702km\210\247\3455\210%\377rR\343\336"
 326      B7B2 AE04 
 326      F832 6B6D 
 326      88A7 E535 
 326      8825 FF72 
 327 04fe 35AF CA7C 		.ascii	"5\257\312|3\330\206\005\\\302\266\027\307cI\255o[u\304\321\216"
 327      33D8 8605 
 327      5CC2 B617 
 327      C763 49AD 
 327      6F5B 75C4 
 328 0514 B307 59C7 		.ascii	"\263\007Y\307\203\374\257t\207\363\346\312\227J\376\360fOZ\021"
 328      83FC AF74 
 328      87F3 E6CA 
 328      974A FEF0 
 328      664F 5A11 
 329 0528 D78A 5260 		.ascii	"\327\212R`\212\224\230\2577\373\353\352\306\266p9k\354\023\330"
 329      8A94 98AF 
 329      37FB EBEA 
 329      C6B6 7039 
 329      6BEC 13D8 
 330 053c 1048 EFE1 		.ascii	"\020H\357\341E\364be\300\277\035z\023\263z\263\002\375\271\002"
 330      45F4 6265 
 330      C0BF 1D7A 
 330      13B3 7AB3 
 330      02FD B902 
 331 0550 5D4A E09E 		.ascii	"]J\340\236?- \320\022+\231\362\302\"\224XX\360\225\203r`\001"
 331      3F2D 20D0 
 331      122B 99F2 
 331      C222 9458 
 331      58F0 9583 
 332 0567 CA40 2EA5 		.ascii	"\312@.\245\256\372\342\231\272\213n\305\231\257\"\277\325P\377"
 332      AEFA E299 
 332      BA8B 6EC5 
 332      99AF 22BF 
 332      D550 FF
 333 057a AEA1 9A18 		.ascii	"\256\241\232\030\356\353 \202\271\315=\2206\342^\251\204\005"
 333      EEEB 2082 
 333      B9CD 3D90 
 333      36E2 5EA9 
 333      8405 
 334 058c 4521 0BBB 		.ascii	"E!\013\273\273\2100\254^\370\332!lr\001a\241\\an\225\213}[\262"
 334      BB88 30AC 
 334      5EF8 DA21 
 334      6C72 0161 
 334      A15C 616E 
 335 05a5 B998 2DAE 		.ascii	"\271\230-\256<\021a\312\367\272\277\237\222~y\206\034\224u\033"
 335      3C11 61CA 
 335      F7BA BF9F 
 335      927E 7986 
 335      1C94 751B 
 336 05b9 E753 E6E7 		.ascii	"\347S\346\347Rz\024\345\215-\013\244\277"
 336      527A 14E5 
 336      8D2D 0BA4 
 336      BF
 337 05c6 209D FEC4 		.string	" \235\376\304\"\224xv`\330Ayt\001\3120u\362YJH\377\2244Q\257\005\342\277\024k\332\252+~\3
 337      2294 7876 
 337      60D8 4179 
 337      7401 CA30 
 337      75F2 594A 
 338 06c7 992C EEF3 		.ascii	"\231,\356\363\277|\207)Q\367\260\241\027\347\336\301\262\201"
 338      BF7C 8729 
 338      51F7 B0A1 
 338      17E7 DEC1 
 338      B281 
 339 06d9 F8E6 07F2 		.ascii	"\370\346\007\362-\0072F\"\212\026\317m*\223[\024~\247.\2400\313"
 339      2D07 3246 
 339      228A 16CF 
 339      6D2A 935B 
 339      147E A72E 
 340 06f0 14AC EEAB 		.ascii	"\024\254\356\253\321\021\026n\302\004\300xV\371\030+_\304\351"
 340      D111 166E 
 340      C204 C078 
 340      56F9 182B 
 340      5FC4 E9
 341 0703 2D56 BE8C 		.ascii	"-V\276\214\267\243\230*\346:T\016^\2356\324\025U\3205\033p\031"
 341      B7A3 982A 
 341      E63A 540E 
 341      5E9D 36D4 
 341      1555 D035 
 342 071a 9BFB F2DF 		.ascii	"\233\373\362\337<\377\314\303\317nX\373Zt\303+\253\236\215\276"
 342      3CFF CCC3 
 342      CF6E 58FB 
 342      5A74 C32B 
 342      AB9E 8DBE 
 343 072e B6F6 85E8 		.ascii	"\266\366\205\350\363ek\326\227\256\331P\372\\\364\345\225/\b"
 343      F365 6BD6 
 343      97AE D950 
 343      FA5C F4E5 
 343      952F 08
 344 0741 EBB7 EBF0 		.ascii	"\353\267\353\360\345\325\350+e\277~\375\245\250\225~\377EtMi"
 344      E5D5 E82B 
 344      65BF 7EFD 
 344      A5A8 957E 
 344      FF45 744D 
 345 0756 7443 2033 		.ascii	"tC 3C\300\357\243\245y9\037\237y\275,Z\344\364\376\263\365\245"
 345      43C0 EFA3 
 345      A579 391F 
 345      9F79 BD2C 
 345      5AE4 F4FE 
 346 076d 2FBD B876 		.ascii	"/\275\270v}\331\312\337\211\377\003#\307\251A"
 346      7DD9 CADF 
 346      89FF 0323 
 346      C7A9 41
 347               		.text
 348               		.section	.gnu.lto_.symbol_nodes.8af83116ba8dfcb5,"",@progbits
 349 0000 789C 5DCE 		.ascii	"x\234]\316\301J\303@\020\200\341\177w\322$\233\266\n\202g\365"
 349      C14A C340 
 349      1080 E17F 
 349      77D2 249B 
 349      B60A 8267 
 350 0015 E0CD BB8F 		.ascii	"\340\315\273\21771\024/B\021\004A<\025\372\022z\322\032\022\255"
 350      3731 142F 
 350      4211 0441 
 350      3C15 FA12 
 350      7AD2 1A12 
 351 002a 9A7A B182 		.ascii	"\232z\261\202 H\310\321w\320\215 \230\\\366\207o\230a\003\340"
 351      2048 C8D1 
 351      77D0 8D20 
 351      985C F687 
 351      6F98 6103 
 352 003f C2F8 C7DE 		.ascii	"\302\370\307\336\243pZ\321\346*\235\245\002\203%\354\266\263"
 352      A370 5AD1 
 352      E62A 9DA5 
 352      0283 25EC 
 352      B6B3 
 353 0051 07D4 F466 		.ascii	"\007\324\364fv\201\332\276\345\250\364o\334`\216\266\332#\005"
 353      7681 DABE 
 353      E5A8 F46F 
 353      DC60 8EB6 
 353      DA23 05
 354 0064 1AF4 174A 		.ascii	"\032\364\027Jt\320\267;4\354\333-\032\375\331u\272\007\346\t"
 354      74D0 B73B 
 354      34EC DB2D 
 354      1AFD D975 
 354      BA07 E609 
 355 0078 8D7F 05D2 		.ascii	"\215\177\005\322\324\177\322\254P\327\201\nM:\360\214\016;\360"
 355      D47F D2AC 
 355      50D7 810A 
 355      4D3A F08C 
 355      0E3B F0
 356 008b 828E 3AF0 		.ascii	"\202\216:\360\210\216\377\203\220\220WE(6a~\376:\020I\230\034"
 356      888E FF83 
 356      9090 5745 
 356      2836 617E 
 356      FE3A 1049 
 357 00a1 7FED 48E0 		.ascii	"\177\355H\340\275m8\244\271\364\215B\352\317}\211\306\344\263"
 357      BD6D 38A4 
 357      B9F4 8D42 
 357      EACF 7D89 
 357      C6E4 B3
 358 00b4 0F23 D188 		.ascii	"\017#\321\210y\271\266\022'4\305\267\357\006\223\245\257\203"
 358      79B9 B612 
 358      2734 C5B7 
 358      EF06 93A5 
 358      AF83 
 359 00c6 C5C9 A138 		.ascii	"\305\311\2418K=-\2158\241^\035\210\213\310\316\266\305\005dk"
 359      4B3D 2D8D 
 359      38A1 5E1D 
 359      888B C8CE 
 359      B6C5 0564 
 360 00db 9F98 ECCD 		.ascii	"\237\230\354\315\343&\371{\023\360\003\333\262iD"
 360      E326 F97B 
 360      13F0 03DB 
 360      B269 44
 361               		.text
 362               		.section	.gnu.lto_.refs.8af83116ba8dfcb5,"",@progbits
 363 0000 789C 1D88 		.ascii	"x\234\035\210A\n\300 \020\304\022\335\245*\205R\372\243\376\377"
 363      410A C020 
 363      10C4 12DD 
 363      A52A 8552 
 363      FAA3 FEFF 
 364 0014 512E 1E66 		.ascii	"Q.\036fB\022\300_k`\303\214:\2138\361\263\227\031T\276N\217\030"
 364      4212 C05F 
 364      6B60 C38C 
 364      3A8B 38F1 
 364      B397 1954 
 365 002c 87C3 5CE4 		.ascii	"\207\303\\\344\335gs\341\203/\033(\311\001\025"
 365      DD67 73E1 
 365      832F 1B28 
 365      C901 15
 366               		.text
 367               		.section	.gnu.lto_.decls.8af83116ba8dfcb5,"",@progbits
 368 0000 789C 9558 		.string	"x\234\225XyPTW\272\357so\323@\013\350Sc\234\004\253|\023\223\342\315\242\346\245\336\253\
 368      7950 5457 
 368      BAEF 736F 
 368      D340 0BE8 
 368      5363 9C04 
 369 00e7 C6EF 202D 		.string	"\306\357 -\037\354\233\367\033\370\370\377\023>\022\007=\343\320\307x<\005\361d\230\230\3
 369      1FEC 9BF7 
 369      1BF8 F8FF 
 369      133E 1207 
 369      3DE3 D0C7 
 370 010b F21F 8C9B 		.string	"\362\037\214\233\232\323\217`\374c'N8\326^*N\223\214\223\257\023'\235*\036\023,w\230\213\
 370      9AD3 8F60 
 370      FC63 274E 
 370      38D6 5E2A 
 370      4E93 8C93 
 371 016d 908F 417E 		.string	"\220\217A~\001\362;D9\231@\326\201\324\261\370\257\200\337\237\202|\006\362kDk\001\333\02
 371      01F2 3B44 
 371      3999 40D6 
 371      81D4 B1F8 
 371      AF80 DF9F 
 372 0268 CE67 444F 		.string	"\316gDO>0\362"
 372      3E30 F200 
 373 0270 0EBF 1BBA 		.string	"\016\277\033\272\307\273\320\374\f\021>\321\242\310-PB\324\323^~\330g\366~|\307.\212s\021
 373      C7BB D0FC 
 373      0C11 3ED1 
 373      A2C8 2D50 
 373      42D4 D35E 
 374 02c9 A353 E887 		.string	"\243S\350\2070u`\240n\003\277\2100\211.\215\021(\210\375\3665N\314\006\204\217\tB\206\202
 374      3075 60A0 
 374      6E03 BF88 
 374      3089 2E8D 
 374      1128 88FD 
 375 038d 2315 309A 		.string	"#\0250\232\333\325\030\347\024\214sj\214B\202\221\177\344\352\270\033\277\213\026[\177\36
 375      DBD5 18E7 
 375      148C 736A 
 375      8C42 8291 
 375      7FE4 EAB8 
 376 03cc C746 C7FA 		.ascii	"\307F\307\372\371A\016\2550\302\262\340\341B\326\343\302\227"
 376      F941 0EAD 
 376      30C2 B2E0 
 376      E142 D6E3 
 376      C297 
 377 03de DEF4 02BE 		.ascii	"\336\364\002\276\177!\246\003*\3736U\276<9b\237\n\367\246\033"
 377      7F21 A603 
 377      2AFB 3655 
 377      BE3C 3962 
 377      9F0A F7A6 
 378 03f3 1107 C3A6 		.ascii	"\021\007\303\246\376\232\244)0\234iD\323\3069\256\364\334\225"
 378      FE9A A429 
 378      309C 6944 
 378      D3C6 39AE 
 378      F4DC 95
 379 0406 133C F233 		.ascii	"\023<\3623\036\307\005\356H\271\276\345N$\316\317%dD\245\n\231"
 379      1EC7 05EE 
 379      48B9 BEE5 
 379      4E24 CECF 
 379      2564 44A5 
 380 041c 1546 F8BF 		.ascii	"\025F\370\277C\024\267\212\r\242h\234\255C\027\221/\262#_\035"
 380      4314 B78A 
 380      0DA2 689C 
 380      AD43 1791 
 380      2FB2 235F 
 381 0431 2A43 7ED8 		.ascii	"*C~\330*\326C\027\340b\t\\\004+E\333\216t\031\365\260\324\b\022"
 381      2AD6 4317 
 381      E062 095C 
 381      042B 45DB 
 381      8E74 19F5 
 382 0449 AC10 B876 		.ascii	"\254\020\270v\332\361(\005\221k\277\366B\345\210^\313\030\313"
 382      DAF1 2805 
 382      916B BFF6 
 382      42E5 885E 
 382      CB18 CB
 383 045c A67A 3FF6 		.ascii	"\246z?\366%\213h\360\346\301\363n\374~\236PO8[\326\345\twQ\005"
 383      258B 68F0 
 383      E6C1 F36E 
 383      FC7E 9E50 
 383      4F38 5BD6 
 384 0475 50B9 0233 		.ascii	"P\271\0023\360\305\254\310\373\351\036\340\200/8\217T\276\373"
 384      F0C5 ACC8 
 384      FBE9 1EE0 
 384      802F 388F 
 384      54BE FB
 385 0488 52DF D353 		.ascii	"R\337\323S\322\312\275\371d\002\300\025<\354m\340\220\321\217"
 385      D2CA BDF9 
 385      6402 C015 
 385      3CEC 6DE0 
 385      90D1 8F
 386 049b 50B7 A78A 		.ascii	"P\267\247\212\006\240N\027/\252\005\342\276\214x\025\020\277"
 386      06A0 4E17 
 386      2FAA 05E2 
 386      BE8C 7815 
 386      10BF 
 387 04ad 0AC4 4910 		.ascii	"\n\304I\020\354\303\356\020\200\032\240]\255\004\300\327H\327"
 387      ECC3 EE10 
 387      801A A05D 
 387      AD04 C0D7 
 387      48D7 
 388 04bf 784B 7D55 		.ascii	"xK}U#\247\336\r\260\036AD\225\300\017\325\221\035\3412b[\302"
 388      23A7 DE0D 
 388      B01E 4144 
 388      95C0 0FD5 
 388      911D E132 
 389 04d6 B78D E752 		.ascii	"\267\215\347R\334\344T[\322\316\321T\203\026:\257\200\237\227"
 389      DCE4 545B 
 389      D2CE D154 
 389      8316 3AAF 
 389      809F 97
 390 04e9 525D 4F52 		.ascii	"R]OR\375(\267/\213\347\217\323\020\344\304\227=\362\244\b\366"
 390      FD28 B72F 
 390      8BE7 8FD3 
 390      10E4 C497 
 390      3DF2 A408 
 391 04fe E7C7 51A4 		.ascii	"\347\307Q\244X\206\310\364\006ez\2034\275\221LOj\233x\352\305"
 391      5886 C8F4 
 391      0665 7A83 
 391      34BD 914C 
 391      4F6A 9B78 
 392 0514 57D2 E95D 		.ascii	"W\322\351]\267\217\366\273y\355\2243\207\326x\311\271\323\241"
 392      B78F F6BB 
 392      79ED 9433 
 392      87D6 78C9 
 392      B9D3 A1
 393 0527 66E4 C576 		.ascii	"f\344\305v\271\212\007\031u\006\222\007\270\306\362\345(\310"
 393      B98A 0719 
 393      7506 9207 
 393      B8C6 F2E5 
 393      28C8 
 394 0539 BEEA 46AE 		.ascii	"\276\352F\256a'[h\302Ro\036k0\310\211m\245\027\267w\204\037\346"
 394      6127 5B68 
 394      C252 6F1E 
 394      6B30 C889 
 394      6DA5 17B7 
 395 0551 F97B D4E4 		.ascii	"\371{\324\344\231o\232\316a\rt\235\360\322$\371'4\3115Or\367"
 395      996F 9ACE 
 395      610D 749D 
 395      F0D2 24F9 
 395      2734 C935 
 396 0568 BB4B 796D 		.ascii	"\273KymGz\324Fqj\313\322\277\326\354\265\227\344\350\336\300"
 396      477A D446 
 396      716A CBD2 
 396      BFD6 ECB5 
 396      97E4 E8DE 
 397 057d D1ED 20D1 		.ascii	"\321\355 \321\275&E\367Y\361\311R)\272\267R\2664\035\t\267/$"
 397      BD26 45F7 
 397      59F1 C952 
 397      29BA B752 
 397      B634 1D09 
 398 0594 4AA8 4989 		.ascii	"J\250I\211N\223\024\235\2334\270\225u\373\246\362\337\352\t\325"
 398      4E93 149D 
 398      9B34 B895 
 398      75FB A6F2 
 398      DFEA 09D5 
 399 05a8 2B23 5DB9 		.ascii	"+#]\271>\f\240\365\236\177\245j%\336R\020nI\b\267\tBS\302\365"
 399      3E0C A0F5 
 399      9E7F A56A 
 399      25DE 5210 
 399      6E49 08B7 
 400 05c1 2746 BE92 		.ascii	"'F\276\222\"tu\037\273hd\351i\253\347\354\013\311\344Ner\247"
 400      2274 751F 
 400      BB68 64E9 
 400      69AB E7EC 
 400      0BC9 E44E 
 401 05d8 34D9 4126 		.ascii	"4\331A&\017\rGgy\360\317\350\344\370\342\301*7\2722=`x\366\351"
 401      0F0D 4767 
 401      79F0 CFE8 
 401      E4F8 E2C1 
 401      2A37 BA32 
 402 05f1 A9B3 DE74 		.ascii	"\251\263\336te\332\361\355\373c\231E>\364\266\001\206\215\021"
 402      65DA F1ED 
 402      FB63 9945 
 402      3EF4 B601 
 402      868D 11
 403 0604 D989 3C1D 		.ascii	"\331\211<\035\352ax\344zR\231\033\037\341F\220\0365\347\027\031"
 403      EA61 78E4 
 403      7A52 991B 
 403      1FE1 4690 
 403      1E35 E717 
 404 0619 F95D 74D0 		.ascii	"\371]t\320\224\033\353\320\363{\350\240\272\265=~*\237@\007\003"
 404      941B EBD0 
 404      F37B E8A0 
 404      BAB5 3D7E 
 404      2A9F 4007 
 405 062e 2F7B AF79 		.ascii	"/{\257y\361\351d\340\036\027\333\267\031\315\303\037\277\031"
 405      F1E9 64E0 
 405      1E17 DBB7 
 405      19CD C31F 
 405      BF19 
 406 0640 8771 8138 		.ascii	"\207q\2018\232{\177\227q\036\036\177\333\r$\343\217\300\213g"
 406      9A7B 7F97 
 406      711E 1E7F 
 406      DB0D 24E3 
 406      8FC0 8B67 
 407 0654 6886 B460 		.ascii	"h\206\264`\026\340\212\371\02070D\333\236\\\r\333\337B\222\242"
 407      16E0 8AF9 
 407      1037 3044 
 407      DB9E 5C0D 
 407      DBDF 4292 
 408 0669 074C 53DE 		.ascii	"\007LS\336\025\272\220\223r\266\242\334\343\254|\337Y9~\027Q"
 408      15BA 9093 
 408      72B6 A2DC 
 408      E3AC 7CDF 
 408      5939 7E17 
 409 067e C61C 1E6A 		.ascii	"\306\034\036j9,t\322LT`\273\235a\355\n,]\327\373v\371\210\242"
 409      392C 74D2 
 409      4C54 60BB 
 409      9D61 ED0A 
 409      2C5D D7FB 
 410 0696 0756 D2B1 		.ascii	"\007V\322\261\354\340O\f}\346\357\020q\233p\017&\337%\3630\024"
 410      ECE0 4F0C 
 410      7DE6 EF10 
 410      719B 700F 
 410      26DF 25F3 
 411 06ac 28A1 7ED8 		.ascii	"(\241~\330&z\321<\364\024\244\017\3441\310\0234O\352\016\222"
 411      267A D13C 
 411      F414 A40F 
 411      E431 C813 
 411      344F EA0E 
 412 06c1 ABDB C738 		.ascii	"\253\333\3078\276\236D\224\313K\024\243\247 \277\031\324\\\336"
 412      BE9E 4494 
 412      CB4B 14A3 
 412      A720 BF19 
 412      D45C DE
 413 06d4 2E1E 9B1B 		.ascii	".\036\233\033\004\240\347J=`\353.\214\242\001\260\365=\355\306"
 413      04A0 E74A 
 413      3D60 EB2E 
 413      8CA2 01B0 
 413      F53D EDC6 
 414 06e8 BE6C CB43 		.ascii	"\276l\313C\357\037!\225{\260\357O\361{\"\305\035\333\247\021"
 414      EF1F 2195 
 414      7BB0 EF4F 
 414      F17B 22C5 
 414      1DDB A711 
 415 06fc 6377 A831 		.ascii	"cw\2501\225/wH\1777\204\336\207\211\275\305\331\231<?F\353\241"
 415      952F 7748 
 415      7F37 84DE 
 415      8789 BDC5 
 415      D999 3C3F 
 416 0713 B9BD 270E 		.ascii	"\271\275'\016\243\244\036\206\216\245\344W\027E1\356c\022\366"
 416      A3A4 1E86 
 416      8EA5 E457 
 416      1745 31EE 
 416      6312 F6
 417 0726 6186 2135 		.ascii	"a\206!5:\303\004a\204 \324^n\216s\347\367\0320\202>\245\347\273"
 417      3AC3 0461 
 417      8420 D45E 
 417      6E8E 73E7 
 417      F71A 3082 
 418 073e 5223 1842 		.ascii	"R#\030B\236 ~\361\340\357(\362\324}M\222#\246Bg*e\356\025\370"
 418      9E20 7EF1 
 418      E0EF 28F2 
 418      D47D 4D92 
 418      23A6 4267 
 419 0757 836F E9D0 		.ascii	"\203o\351\320KP\037\003^\361\340\2768\215\\<.\365]:<D/\330\232"
 419      4B50 1F03 
 419      5EF1 E0BE 
 419      388D 5C3C 
 419      2EF5 5D3A 
 420 0770 C1F1 8231 		.ascii	"\301\361\2021\330\334]^<\340\243\336\306\006U\231\326\241q\272"
 420      D8DC 5D5E 
 420      3CE0 A3DE 
 420      C606 5599 
 420      D6A1 71BA 
 421 0784 8FE1 6F4C 		.ascii	"\217\341oL\360Rj\255\233\221m\371\321\377b\313G\023\310\210\227"
 421      F052 6AAD 
 421      9B91 6DF9 
 421      D1FF 62CB 
 421      4713 C888 
 422 0799 4955 7F96 		.ascii	"IU\177\226\017\236\263\355{<&p\257\3478\326\346\251&4\tQS\b\211"
 422      0F9E B3ED 
 422      7B3C 2670 
 422      AFE7 38D6 
 422      E6A9 2634 
 423 07b2 1C25 04DF 		.ascii	"\034%\004\337\270\205\334\027\036\353ed\217\317\350\177\371\370"
 423      B885 DC17 
 423      1EEB 6564 
 423      8FCF E87F 
 423      F9F8 
 424 07c4 44E1 1CA6 		.ascii	"D\341\034\246\024\227^\264\203S\233\300"
 424      1497 5EB4 
 424      8353 9BC0 
 425 07d0 3B8B 6262 		.ascii	";\213bb+3\261\225\230\270\374\264\265\327\300\037$IA'3\223\263"
 425      2B33 B195 
 425      98B8 FCB4 
 425      B5D7 C01F 
 425      2449 4127 
 426 07e7 7DF8 1C3A 		.ascii	"}\370\034:\330Uv)\221l\307\021\034\333\216_<n\314\342\344}\235"
 426      D855 7629 
 426      916C C711 
 426      1CDB 8E5F 
 426      3C6E CCE2 
 427 07fe EEF5 354D 		.ascii	"\356\3655M\345\261S\\t\271_sx\327\335\316\261]7\265\363\364o"
 427      E5B1 535C 
 427      74B9 5F73 
 427      78D7 DDCE 
 427      B15D 37B5 
 428 0815 5897 9BB0 		.ascii	"X\227\233\260w\343\340\261p\334\004\245\376\022a=\264\215c\225"
 428      77E3 E0B1 
 428      70DC 04A5 
 428      FE12 613D 
 428      B48D 6395 
 429 0829 8E22 393D 		.ascii	"\216\"9=\036)\215\320\016\016o\200\333#\243;\334\371RW\334^\177"
 429      1E29 8DD0 
 429      0E0E 6F80 
 429      DB23 A33B 
 429      DCF9 5257 
 430 0840 78F4 B7BD 		.ascii	"x\364\267\275\250\320<qq\205\320g\302.\240\204\276\345\324=\370"
 430      A8D0 3C71 
 430      7185 D067 
 430      C22E A084 
 430      BEE5 D43D 
 431 0855 8EF3 CD71 		.ascii	"\216\363\315q\036R\243\330I\372\263\324J\016+\241odj;\201\332"
 431      1E52 A3D8 
 431      49FA B3D4 
 431      4A0E 2BA1 
 431      6F64 6A3B 
 432 086b 376A 6ADF 		.ascii	"7jj\337\021j\243\273.\rO\341\233\\QK\036\f/\232\312\240\007;"
 432      116A A3BB 
 432      2E0D 4FE1 
 432      9B5C 514B 
 432      1E0C 2F9A 
 433 0883 6468 9C95 		.ascii	"dh\234\225(\031z7@G\251\241\243\ttKt\311K7\376\201+\3507uKO\016"
 433      2819 7A37 
 433      4047 A9A1 
 433      A309 744B 
 433      74C9 4B37 
 434 08a0 A4A5 702E 		.ascii	"\244\245p.2\022K|\336+e\344ee\3153O\306\254\177=\355\261\017"
 434      3212 4B7C 
 434      DE2B 65E4 
 434      6565 CD33 
 434      4FC6 AC7F 
 435 08b8 19B1 168A 		.ascii	"\031\261\026\212\221\231\355\001f1jf\373\b\263\276K\367\223\275"
 435      9199 ED01 
 435      6631 6A66 
 435      FB08 B3BE 
 435      4BF7 93BD 
 436 08cc F871 57CC 		.ascii	"\370qW\314z\212jN\2623\215=\376\266\306\351\3752\364\001\200"
 436      7A8A 6A4E 
 436      B233 8D3D 
 436      FEB6 C6E9 
 436      FD32 F401 
 437 08e1 DEAF 868E 		.ascii	"\336\257\206\216#\320\342\371\252\335\306\367\016\321\265\275"
 437      23D0 E2F9 
 437      AADD C6F7 
 437      0ED1 B5BD 
 438 08f1 1350 D7CE 		.ascii	"\023P\327\316\"\347\035\272\260\017r\357\341\272}\361<\221\243"
 438      22E7 1DBA 
 438      B00F 72EF 
 438      E1BA 7DF1 
 438      3C91 A3
 439 0904 3A8E 98F4 		.ascii	":\216\230\364\237l\023#\221V-\236\250\365\346\365\227\302\231"
 439      9F6C 1323 
 439      9156 2D9E 
 439      A8F5 E6F5 
 439      97C2 99
 440 0917 C2DD 05CB 		.ascii	"\302\335\005\313\207g\207\333\246\3105\371\305\220R\2238\361"
 440      8767 87DB 
 440      A6C8 35F9 
 440      C590 5293 
 440      38F1 
 441 0929 0932 D144 		.ascii	"\t2\321D \232\240&\232D\210v\366\224\304x\363\207\\\241?\032"
 441      209A A026 
 441      9A44 8876 
 441      F694 C478 
 441      F387 5CA1 
 442 093f DA57 2AC5 		.ascii	"\332W*\305 \267S\023\203d\031:\005\240\223\325\320\251\004\372"
 442      20B7 5313 
 442      8364 193A 
 442      05A0 93D5 
 442      D0A9 04FA 
 443 0953 6875 7FCB 		.ascii	"hu\177\313\024\276\330\025t\305\261\274ro\006}M\013}H\206>\f"
 443      14BE D815 
 443      74C5 B1BC 
 443      726F 067D 
 443      4D0B 7D48 
 444 096a D087 D4D0 		.ascii	"\320\207\324\320G\bt\367\263\202^O\276\336\025t\306@\355aw\351"
 444      4708 74F7 
 444      B382 5E4F 
 444      BEDE 1574 
 444      C640 ED61 
 445 0980 20D9 2C43 		.ascii	" \331,C\343EzT\206>\006\320G\325\320\307\tt\317\304x\2117\177"
 445      E345 7A54 
 445      863E 06D0 
 445      47D5 D0C7 
 445      0974 CFC4 
 446 0998 D715 74C4 		.ascii	"\327\025t\304\211\311\243\322A*q\235\\o\230\365\t\031:\r\240"
 446      89C9 A3D2 
 446      412A 719D 
 446      5C6F 98F5 
 446      0919 3A0D 
 447 09ad 4FA8 A1D3 		.ascii	"O\250\241\323\tty\325\236\024\037\347\242\310\224\262}\222d\273"
 447      0974 79D5 
 447      9E14 1FE7 
 447      A2C8 94B2 
 447      7D92 64BB 
 448 09c1 3CA6 7818 		.ascii	"<\246x\030IE\221?_.\nY\355\024Q\213\310\032\256\320\363c\256"
 448      4945 913F 
 448      5F2E 0A59 
 448      ED14 518B 
 448      C81A AED0 
 449 09d8 58EE DE7A 		.ascii	"X\356\336z\243b\252T\024\315k\207\265E\221!\023\315\004\242\031"
 449      A362 AA54 
 449      14CD 6B87 
 449      B545 9121 
 449      13CD 04A2 
 450 09ed 6AA2 A709 		.ascii	"j\242\247\t\321g\251\003\2479>\312\303\005\372\241\216\226\217"
 450      D167 A903 
 450      A739 3ECA 
 450      C305 FAA1 
 450      8E96 8F
 451 0a00 18F8 CD94 		.ascii	"\030\370\315\224/\232\341\311\t\016\035\245\233`\226\214\235"
 451      2F9A E1C9 
 451      090E 1DA5 
 451      9B60 968C 
 451      9D
 452 0a11 0DD8 596A 		.ascii	"\r\330Yj\354\034\202\335\332\322W\306\253\267\366\032\315\323"
 452      EC1C 82DD 
 452      DAD2 57C6 
 452      ABB7 F61A 
 452      CDD3 
 453 0a23 2397 6DED 		.ascii	"#\227m\355\271dk\037\315L\317r\347O\272\"\022}j\307\013\311\315"
 453      B964 6B1F 
 453      CD4C CF72 
 453      E74F BA22 
 453      127D 6AC7 
 454 0a3a F8BD 6171 		.ascii	"\370\275aq\364\255C\331L\302$Ofr\006\230\344\251\231\344\023"
 454      F4AD 43D9 
 454      4CC2 244F 
 454      6672 0698 
 454      E4A9 99E4 
 455 0a4f 2609 03B7 		.ascii	"&\t\003\267\036y\322\246\322\017\307\254!\245\303\203\265\240"
 455      1E79 D2A6 
 455      D20F C7AC 
 455      21A5 C383 
 455      B5A0 
 456 0a61 F8B0 381C 		.ascii	"\370\2608\0343Y\312\363\027\250\355\301\302\355\243\254\037\235"
 456      3359 CAF3 
 456      17A8 EDC1 
 456      C2ED A3AC 
 456      1F9D 
 457 0a73 811F 197B 		.ascii	"\201\037\031{\313\316L\305O5\22191]\355C\021\007'&\350\031Q!"
 457      CBCE 4CC5 
 457      4F35 9139 
 457      315D ED43 
 457      1107 2726 
 458 0a8b 471E 98F7 		.ascii	"G\036\230\367\016\327\035\341`\262?>\262\342c[\274\275\341\267"
 458      0ED7 1DE1 
 458      60B2 3F3E 
 458      B2E2 635B 
 458      BCBD E1B7 
 459 0a9f 74        		.ascii	"t"
 460 0aa0 2C8A 5BF0 		.string	",\212[\360\t9\256v\257\017_CLq-]\255Iz\345Tz`\313Er*-\345\214\250\204\223{)\177v*\025_;\2
 460      0939 AE76 
 460      AF0F 5F43 
 460      4C71 2D5D 
 460      AD49 7AE5 
 461 0ba1 8217 FBF8 		.string	"\202\027\373\370\234\342\255P\277<N\005:\007\024\032"
 461      9CE2 AD50 
 461      BF3C 4E05 
 461      3A07 141A 
 461      00
 462 0bb2 5B4A D0EB 		.string	"[J\320\353\035\375\313(\204\3716\340\310\345\261\315\201D\003\356\215\327\315\211$\221\30
 462      1DFD CB28 
 462      84F9 36E0 
 462      C8E5 B1CD 
 462      8144 03EE 
 463 0be0 89EA C0A9 		.ascii	"\211\352\300\251zp\252\2269\205o\340\025\374\242d\324\213O A"
 463      7A70 AA96 
 463      3985 6FE0 
 463      15FC A264 
 463      D48B 4F20 
 464 0bf5 D427 EEAB 		.ascii	"\324'\356\2538\b}?t\300\360gT5\263\255P^\215\234\334\314\222"
 464      3808 7D3F 
 464      74C0 F067 
 464      5435 B3AD 
 464      505E 8D9C 
 465 0c0c 8EB7 FFEF 		.ascii	"\216\267\377\357\370\262\016\267\312\370\373\ro&\232"
 465      F8B2 0EB7 
 465      CAF8 FB0D 
 465      6F26 9A
 466 0c1b C064 2B59 		.string	"\300d+Y>-@\247\031{\336J:\302\222m\367'\334\\\256\270k\322\212\273O[\324\301\235\221#\354
 466      3E2D 40A7 
 466      197B DE4A 
 466      3AC2 926D 
 466      F727 DC5C 
 467 0d1c 1E3F 4CF8 		.ascii	"\036?L\370\033\177\307\363\377qT\b\037\036\255\320\034\025pp"
 467      1B7F C7F3 
 467      FF71 5408 
 467      1F1E ADD0 
 467      1C15 7070 
 468 0d30 255A 8F08 		.ascii	"%Z\217\b\255\207Rg\272/\263\3670\356\024\032\360+\361\2349\354"
 468      AD87 5267 
 468      BA2F B3F7 
 468      30EE 141A 
 468      F02B F19C 
 469 0d46 95F8 D699 		.ascii	"\225\370\326\231X\017=\220\037N\335\360pz\240\346\326C\270\245"
 469      580F 3D90 
 469      1F4E DDF0 
 469      707A A0E6 
 469      D643 B8A5 
 470 0d5a 1C78 3AA8 		.ascii	"\034x:\250\347G)\271\370\2123\223\236\204\n$\201Q\311?\324z\320"
 470      E747 29B9 
 470      F88A 3393 
 470      9E84 0A24 
 470      8151 C93F 
 471 0d71 DD45 8FFC 		.ascii	"\335E\217\374\2040y,1)\272\232\230\316^D;\212O\231\342\372cE"
 471      8430 792C 
 471      3129 BA9A 
 471      98CE 5E44 
 471      3B8A 4F99 
 472 0d89 71BB 2846 		.ascii	"q\273(F =\326D\275J\220z\325D\236\022\"\035\0272\322\334\370"
 472      203D D644 
 472      BD4A 907A 
 472      D544 9E12 
 472      221D 1732 
 473 0da0 48A3 8B28 		.ascii	"H\243\213(}\027=\320\344.\267\237kG\224N\003\267D}\262\233\375"
 473      7D17 3DD0 
 473      E42E B79F 
 473      6B47 944E 
 473      03B7 447D 
 474 0db7 E066 9F1A 		.ascii	"\340f\237\032\375\031A\337\226\330\270\333\240\256\220\016M9"
 474      FD19 41DF 
 474      96D8 B8DB 
 474      A0AE 900E 
 474      4D39 
 475 0dc9 3D67 15F2 		.ascii	"=g\025\362\234T\310\265o\343\262\275\371\003\256\250\274~~\232"
 475      9C54 C8B5 
 475      6FE3 B2BD 
 475      F903 AEA8 
 475      BC7E 7E9A 
 476 0ddd ACBE 33E2 		.ascii	"\254\2763\342\361\3467\226C\370\3744\254)\244\033\367\342\032"
 476      F1E6 3796 
 476      43F8 FC34 
 476      AC29 A41B 
 476      F7E2 1A
 477 0df0 A5F7 F549 		.ascii	"\245\367\365I\367\374\225\276\006\324\320\200\354\311 x2\240"
 477      F7FC 95BE 
 477      06D4 D080 
 477      ECC9 2078 
 477      32A0 
 478 0e02 F664 8478 		.ascii	"\366d\204x\222ux[\201\007\177\322\025\271\221\324\201\034\251"
 478      9275 785B 
 478      8107 7FD2 
 478      15B9 91D4 
 478      811C A9
 479 0e15 912E EE78 		.ascii	"\221.\356x[n\034q?\366B\306~\t\330/\324\330\243\264\030\276~"
 479      5B6E 1C71 
 479      3FF6 42C6 
 479      7E09 D82F 
 479      D4D8 A3B4 
 480 0e2c 1563 706E 		.ascii	"\025cpn\034\013\245\216p\214t\204\221;\363\333<\244\306q\350"
 480      1C0B A58E 
 480      708C 7484 
 480      913B F3DB 
 480      3CA4 C671 
 481 0e41 5D31 CD43 		.ascii	"]1\315C\253\365\212h\r&\211\335\354\\bO4\354\344\264:\343D\247"
 481      ABF5 8A68 
 481      0D26 89DD 
 481      EC5C 624F 
 481      34EC E4B4 
 482 0e59 26E6 C688 		.ascii	"&\346\306\210\033\323ixMg\202\350\344_\271\020\347\315t\372_"
 482      1BD3 6978 
 482      4D67 82E8 
 482      E45F B910 
 482      E7CD 74FA 
 483 0e6e D399 243A 		.ascii	"\323\231$:Q\375%\361\354|c\337\343\356\254#\362X\347\364\303"
 483      51FD 25F1 
 483      EC7C 63DF 
 483      E3EE AC23 
 483      F258 E7F4 
 484 0e83 E367 186B 		.ascii	"\343g\030k{\356k:\341\374{\272\231kV-\016\370D\370\312\034(\004"
 484      7BEE 6B3A 
 484      E1FC 7BBA 
 484      996B 562D 
 484      0EF8 44F8 
 485 0e9b 7C26 D856 		.ascii	"|&\330V\331L\266\260P\217\317\226\257\231\273\344\347?\327\315"
 485      D94C B6B0 
 485      508F CF96 
 485      AF99 BBE4 
 485      E73F D7CD 
 486 0eaf 85BB 3FFD 		.ascii	"\205\273?\375\304j\376J\260\206.\240Z\240a\t2Y\203V\n\177\234"
 486      C46A FE4A 
 486      B086 2EA0 
 486      5AA0 6109 
 486      3259 8356 
 487 0ec6 1FA8 7B47 		.ascii	"\037\250{G5}I\260`\262\256\022l\237\n\200a\025\336R\335\202\253"
 487      357D 49B0 
 487      60B2 AE12 
 487      6C9F 0A80 
 487      6115 DE52 
 488 0edd 8B82 82AC 		.ascii	"\213\202\202\254Bh\350\273Z{KB,\377g^\037f5\331\314!\226\017"
 488      4268 E8BB 
 488      5A7B 4B42 
 488      2CFF 675E 
 488      1F66 35D9 
 489 0ef5 B4F7 9659 		.ascii	"\264\367\226Yl\202\325b\n^%X\315\246\340O\204\320@\253\371K["
 489      6C82 D562 
 489      0A5E 2558 
 489      CDA6 E04F 
 489      84D0 40AB 
 490 0f0c 8875 B656 		.ascii	"\210u\266VM\271\361\256\326\242\006{\256\352\236\2775$\020\250"
 490      4DB9 F1AE 
 490      D6A2 067B 
 490      AEEA 9EBF 
 490      3524 10A8 
 491 0f20 C07D 9B35 		.ascii	"\300}\2335$\030\034\t\023Bm?Xj\t\3722\304l\2611?H \340\377z\341"
 491      2418 1C09 
 491      1342 6D3F 
 491      586A 09FA 
 491      32C4 6CB1 
 492 0f3c 6D75 1024 		.ascii	"mu\020$\255\371\033ts\345\031_X\3156\360\237\342\005\254\262"
 492      ADF9 1B74 
 492      73E5 195F 
 492      58CD 36F0 
 492      9FE2 05AC 
 493 0f51 5905 D3C6 		.ascii	"Y\005\323\306\200\317\227z\204\301\315\017\377;\3006\177\301"
 493      80CF 977A 
 493      84C1 CD0F 
 493      FF3B C036 
 493      7FC1 
 494 0f63 8690 8DC2 		.ascii	"\206\220\215\302\2020\353\357M\033M\226\005\246\257\254\266\300"
 494      8230 EBEF 
 494      4D1B 4D96 
 494      05A6 AFAC 
 494      B6C0 
 495 0f75 9FDA C028 		.ascii	"\237\332\300(\376\271\300l\t\f\016\013\022\026\204\332\202(\260"
 495      FEB9 C06C 
 495      090C 0E0B 
 495      1216 84DA 
 495      8228 B0
 496 0f88 BB25 C462 		.ascii	"\273%\304b\t\013\016v\307\363\177\026`\373w\027\206\374eK\357"
 496      090B 0E76 
 496      C7F3 7F16 
 496      60FB 7717 
 496      86FC 654B 
 497 0f9d 2C59 F4   		.ascii	",Y\364"
 498 0fa0 F9E7 8B17 		.string	"\371\347\213\027-\371\237"
 498      2DF9 9F00 
 499 0fa8 ECA6 2628 		.string	"\354\246&(\3237\231\254\226\2000KX\250\020\024"
 499      D337 99AC 
 499      9680 304B 
 499      58A8 1014 
 499      00
 500 0fb9 1908 0BB6 		.string	"\031\b\013\266\275\365zV\301\352\373K\327.]\276:@\235Pu"
 500      BDF5 7A56 
 500      C1EA FB4B 
 500      D72E 5DBE 
 500      3A40 9D50 
 501 0fcf 976C 3059 		.ascii	"\227l0Y\326\013A\232\271K\277\022,\266P\230\353\367\332\3345"
 501      D60B 419A 
 501      B94B BF12 
 501      2CB6 5098 
 501      EBF7 DADC 
 502 0fe4 16D0 0F0A 		.ascii	"\026\320\017\n\026\202\264Q\236\216U\264\227\f\233\226Y\202\204"
 502      1682 B451 
 502      9E8E 55B4 
 502      970C 9B96 
 502      5982 84
 503 0ff7 3F19 36AD 		.ascii	"?\0316\2555\005\207\t\036"
 503      3505 8709 
 503      1E
 504 1000 EBD8 65EF 		.string	"\353\330e\357u\033\331\257\325\233\277\024\3347}.X\326\3336\314Q\233_e\013R\251"
 504      751B D9AF 
 504      D59B BF14 
 504      DC37 7D2E 
 504      58D6 DB36 
 505 101d 0D52 CCEC 		.string	"\rR\314\354R\300/\005S\220`\r\260\315RO\201\337\253M\241\177"
 505      52C0 2F05 
 505      5390 600D 
 505      B0CD 524F 
 505      81DF AB4D 
 506 1034 DD        		.ascii	"\335"
 507 1035 B719 13C5 		.string	"\267\031\023\305\303\345a\033\327\tV\267\200\305!!\301o\313!_%\004\013\2016i\350m\n\336d\
 507      C3E5 611B 
 507      D709 56B7 
 507      80C5 2121 
 507      C16F CB21 
 508 1136 9782 FE01 		.ascii	"\227\202\376\001\035\034\250\311"
 508      1D1C A8C9 
 509               		.text
 510               		.section	.gnu.lto_.symtab.8af83116ba8dfcb5,"",@progbits
 511 0000 5553 425F 		.string	"USB_ConfigurationNumber"
 511      436F 6E66 
 511      6967 7572 
 511      6174 696F 
 511      6E4E 756D 
 512 0018 00        		.string	""
 513 0019 04        		.ascii	"\004"
 514 001a 00        		.string	""
 515 001b 0100      		.string	"\001"
 516 001d 00        		.string	""
 517 001e 00        		.string	""
 518 001f 00        		.string	""
 519 0020 00        		.string	""
 520 0021 00        		.string	""
 521 0022 00        		.string	""
 522 0023 F700      		.string	"\367"
 523 0025 00        		.string	""
 524 0026 00        		.string	""
 525 0027 5553 425F 		.string	"USB_Device_ProcessControlRequest"
 525      4465 7669 
 525      6365 5F50 
 525      726F 6365 
 525      7373 436F 
 526 0048 00        		.string	""
 527 0049 00        		.string	""
 528 004a 00        		.string	""
 529 004b 00        		.string	""
 530 004c 00        		.string	""
 531 004d 00        		.string	""
 532 004e 00        		.string	""
 533 004f 00        		.string	""
 534 0050 00        		.string	""
 535 0051 00        		.string	""
 536 0052 00        		.string	""
 537 0053 B900      		.string	"\271"
 538 0055 00        		.string	""
 539 0056 00        		.string	""
 540 0057 5553 425F 		.string	"USB_ControlRequest"
 540      436F 6E74 
 540      726F 6C52 
 540      6571 7565 
 540      7374 00
 541 006a 00        		.string	""
 542 006b 02        		.ascii	"\002"
 543 006c 00        		.string	""
 544 006d 00        		.string	""
 545 006e 00        		.string	""
 546 006f 00        		.string	""
 547 0070 00        		.string	""
 548 0071 00        		.string	""
 549 0072 00        		.string	""
 550 0073 00        		.string	""
 551 0074 00        		.string	""
 552 0075 F500      		.string	"\365"
 553 0077 00        		.string	""
 554 0078 00        		.string	""
 555 0079 456E 6470 		.string	"Endpoint_ClearStatusStage"
 555      6F69 6E74 
 555      5F43 6C65 
 555      6172 5374 
 555      6174 7573 
 556 0093 00        		.string	""
 557 0094 02        		.ascii	"\002"
 558 0095 00        		.string	""
 559 0096 00        		.string	""
 560 0097 00        		.string	""
 561 0098 00        		.string	""
 562 0099 00        		.string	""
 563 009a 00        		.string	""
 564 009b 00        		.string	""
 565 009c 00        		.string	""
 566 009d 00        		.string	""
 567 009e BB00      		.string	"\273"
 568 00a0 00        		.string	""
 569 00a1 00        		.string	""
 570 00a2 456E 6470 		.string	"Endpoint_Write_Control_Stream_LE"
 570      6F69 6E74 
 570      5F57 7269 
 570      7465 5F43 
 570      6F6E 7472 
 571 00c3 00        		.string	""
 572 00c4 02        		.ascii	"\002"
 573 00c5 00        		.string	""
 574 00c6 00        		.string	""
 575 00c7 00        		.string	""
 576 00c8 00        		.string	""
 577 00c9 00        		.string	""
 578 00ca 00        		.string	""
 579 00cb 00        		.string	""
 580 00cc 00        		.string	""
 581 00cd 00        		.string	""
 582 00ce CF00      		.string	"\317"
 583 00d0 00        		.string	""
 584 00d1 00        		.string	""
 585 00d2 456E 6470 		.string	"Endpoint_Write_Control_PStream_LE"
 585      6F69 6E74 
 585      5F57 7269 
 585      7465 5F43 
 585      6F6E 7472 
 586 00f4 00        		.string	""
 587 00f5 02        		.ascii	"\002"
 588 00f6 00        		.string	""
 589 00f7 00        		.string	""
 590 00f8 00        		.string	""
 591 00f9 00        		.string	""
 592 00fa 00        		.string	""
 593 00fb 00        		.string	""
 594 00fc 00        		.string	""
 595 00fd 00        		.string	""
 596 00fe 00        		.string	""
 597 00ff D100      		.string	"\321"
 598 0101 00        		.string	""
 599 0102 00        		.string	""
 600 0103 4341 4C4C 		.string	"CALLBACK_USB_GetDescriptor"
 600      4241 434B 
 600      5F55 5342 
 600      5F47 6574 
 600      4465 7363 
 601 011e 00        		.string	""
 602 011f 02        		.ascii	"\002"
 603 0120 00        		.string	""
 604 0121 00        		.string	""
 605 0122 00        		.string	""
 606 0123 00        		.string	""
 607 0124 00        		.string	""
 608 0125 00        		.string	""
 609 0126 00        		.string	""
 610 0127 00        		.string	""
 611 0128 00        		.string	""
 612 0129 DC00      		.string	"\334"
 613 012b 00        		.string	""
 614 012c 00        		.string	""
 615 012d 4556 454E 		.string	"EVENT_USB_Device_ConfigurationChanged"
 615      545F 5553 
 615      425F 4465 
 615      7669 6365 
 615      5F43 6F6E 
 616 0153 00        		.string	""
 617 0154 02        		.ascii	"\002"
 618 0155 00        		.string	""
 619 0156 00        		.string	""
 620 0157 00        		.string	""
 621 0158 00        		.string	""
 622 0159 00        		.string	""
 623 015a 00        		.string	""
 624 015b 00        		.string	""
 625 015c 00        		.string	""
 626 015d 00        		.string	""
 627 015e DE00      		.string	"\336"
 628 0160 00        		.string	""
 629 0161 00        		.string	""
 630 0162 4556 454E 		.string	"EVENT_USB_Device_UnhandledControlRequest"
 630      545F 5553 
 630      425F 4465 
 630      7669 6365 
 630      5F55 6E68 
 631 018b 00        		.string	""
 632 018c 02        		.ascii	"\002"
 633 018d 00        		.string	""
 634 018e 00        		.string	""
 635 018f 00        		.string	""
 636 0190 00        		.string	""
 637 0191 00        		.string	""
 638 0192 00        		.string	""
 639 0193 00        		.string	""
 640 0194 00        		.string	""
 641 0195 00        		.string	""
 642 0196 E000      		.string	"\340"
 643 0198 00        		.string	""
 644 0199 00        		.string	""
 645               		.text
 646               		.section	.gnu.lto_.opts,"",@progbits
 647 0000 27        		.ascii	"'"
 648 0001 2D66 6D61 		.string	"-fmath-errno' '-fsigned-zeros' '-ftrapping-math' '-fno-trapv' '-fno-openmp' '-fno-openacc
 648      7468 2D65 
 648      7272 6E6F 
 648      2720 272D 
 648      6673 6967 
 649               		.text
 650               		.comm	__gnu_lto_v1,1,1
 651               		.comm	__gnu_lto_slim,1,1
 652               		.ident	"GCC: (GNU) 5.1.1 20150520"
DEFINED SYMBOLS
                            *ABS*:0000000000000000 DeviceStandardReq.c
     /tmp/ccGGOPVT.s:2      *ABS*:000000000000003e __SP_H__
     /tmp/ccGGOPVT.s:3      *ABS*:000000000000003d __SP_L__
     /tmp/ccGGOPVT.s:4      *ABS*:000000000000003f __SREG__
     /tmp/ccGGOPVT.s:5      *ABS*:0000000000000000 __tmp_reg__
     /tmp/ccGGOPVT.s:6      *ABS*:0000000000000001 __zero_reg__
                            *COM*:0000000000000001 __gnu_lto_v1
                            *COM*:0000000000000001 __gnu_lto_slim

NO UNDEFINED SYMBOLS
