   1               		.file	"Events.c"
   2               	__SP_H__ = 0x3e
   3               	__SP_L__ = 0x3d
   4               	__SREG__ = 0x3f
   5               	__tmp_reg__ = 0
   6               	__zero_reg__ = 1
   7               		.text
   8               	.Ltext0:
   9               		.section	.gnu.lto_.profile.b01cbc5c7637e27,"",@progbits
  10 0000 789C 6366 		.string	"x\234cf```a\200"
  10      6060 6061 
  10      8000 
  11 000a 4606 2646 		.string	"F\006&F"
  11      00
  12 000f 00        		.string	""
  13 0010 7900      		.string	"y"
  14 0012 0C        		.ascii	"\f"
  15               		.text
  16               		.section	.gnu.lto_.jmpfuncs.b01cbc5c7637e27,"",@progbits
  17 0000 789C 6366 		.string	"x\234cf\300\016X\2414#\210"
  17      C00E 58A1 
  17      3423 8800 
  18 000c 00        		.string	""
  19 000d 00        		.string	""
  20 000e DA00      		.string	"\332"
  21 0010 0A        		.ascii	"\n"
  22               		.text
  23               		.section	.gnu.lto_.inline.b01cbc5c7637e27,"",@progbits
  24 0000 789C 6366 		.string	"x\234cf\300\016D\2404#\003\0033\023#\003\023\220\311\266@\236\t,\006"
  24      C00E 44A0 
  24      3423 0303 
  24      3313 2303 
  24      1390 C9B6 
  25 001a 09AB 00   		.string	"\t\253"
  26 001d E8        		.ascii	"\350"
  27               		.text
  28               		.section	.gnu.lto_.pureconst.b01cbc5c7637e27,"",@progbits
  29 0000 789C 6366 		.string	"x\234cf``\020f\200"
  29      6060 1066 
  29      8000 
  30 000a 4E06 0646 		.string	"N\006\006F\t&\tf\t\026\tV\t6\tv\t\016\t"
  30      0926 0966 
  30      0916 0956 
  30      0936 0976 
  30      090E 0900 
  31 001e 0A18 0104 		.ascii	"\n\030\001\004"
  32               		.text
  33               		.section	.gnu.lto_USB_Event_Stub.b01cbc5c7637e27,"",@progbits
  34 0000 789C 6366 		.string	"x\234cf\300\004R@\\\002\304\342@\314\310\314\300\3104\341\034\003C#\007\023##\210\301\300
  34      C004 5240 
  34      5C02 C4E2 
  34      40CC C8CC 
  34      C0C8 34E1 
  35 004a D57C 6CF9 		.string	"\325|l\371{\235\233\255\005\250F"
  35      7B9D 9BAD 
  35      05A8 4600 
  36 0056 22C7 B882 		.string	"\"\307\270\202\221\215\021H\257\027:\320\360\377\377\346e\007\3470\002\205\237"
  36      918D 1148 
  36      AF17 3AD0 
  36      F0FF FFE6 
  36      6507 E730 
  37 006e 31C8 FCA7 		.string	"1\310\374\247LL \232\371\036##H!\310\244'L\214 !\240\002\321\320`']\227\242\314\262\324\2
  37      4C4C 209A 
  37      F91E 2323 
  37      4821 C8A4 
  37      274C 8C20 
  38 009c D681 305E 		.ascii	"\326\2010^"
  39               		.text
  40               		.section	.gnu.lto_.symbol_nodes.b01cbc5c7637e27,"",@progbits
  41 0000 789C 55C7 		.ascii	"x\234U\307\271\r\200@\fE\301\207\367\362\002=\177\242\215\021"
  41      B90D 8040 
  41      0C45 C187 
  41      F7F2 023D 
  41      7FA2 8D11 
  42 0014 0520 2AA2 		.ascii	"\005 *\242&\022\220\360d\223\200\203\227\255\202\375\006\211"
  42      2612 90F0 
  42      6493 8083 
  42      97AD 82FD 
  42      0689 
  43 0026 F372 6CD1 		.ascii	"\363rl\321\364}l\035\233e\341])\334\225\303\233JxU\r/j\341Y\376"
  43      F47D 6C1D 
  43      9B65 E15D 
  43      29DC 95C3 
  43      9B4A 7855 
  44 0040 3F0F A9DE 		.ascii	"?\017\251\336$\205"
  44      2485 
  45               		.text
  46               		.section	.gnu.lto_.refs.b01cbc5c7637e27,"",@progbits
  47 0000 789C 6366 		.string	"x\234cf``\320d\200"
  47      6060 D064 
  47      8000 
  48 000a 4646 6620 		.string	"FFf \301\004\"\230A\004\013\210`\005\021l \202\035Dp"
  48      C104 2298 
  48      4104 0B88 
  48      6005 116C 
  48      2082 1D44 
  49 0020 0906 00   		.string	"\t\006"
  50 0023 0DC5 00   		.string	"\r\305"
  51 0026 71        		.ascii	"q"
  52               		.text
  53               		.section	.gnu.lto_.decls.b01cbc5c7637e27,"",@progbits
  54 0000 789C 8DD1 		.string	"x\234\215\321oL[U\024"
  54      6F4C 5B55 
  54      1400 
  55 000a F07B DE2D 		.ascii	"\360{\336-\244T\326.K\034\244\306\320/.3A\375\342\367%\002\372"
  55      A454 D62E 
  55      4B1C A4C6 
  55      D02F 2E33 
  55      41FD E2F7 
  56 0021 6D2E 20CE 		.ascii	"m. \316h\f>\313\333h\006\005\333\202~|\2269\033\304\310BF\352"
  56      680C 3ECB 
  56      DB68 0605 
  56      DB82 7E7C 
  56      9639 1BC4 
  57 0039 9639 D816 		.ascii	"\2269\330\026\367\007Pp2\244\374+\033\214?c\310\330\370\267\311"
  57      F707 5070 
  57      32A4 FC2B 
  57      1B8C 3F63 
  57      C8D8 F8B7 
  58 004e 06B3 202B 		.ascii	"\006\263 +S\221\251#qK=\367\336\276n\265&\274\233\234\366\335"
  58      5391 A923 
  58      714B 3DF7 
  58      DEBE 6EB5 
  58      26BC 9B9C 
  59 0064 7BCE BDF7 		.ascii	"{\316\275\367\367\336\241\204\2202\214\b\216\222dB\362\200\020"
  59      F7DE A184 
  59      9032 8C08 
  59      8E92 6442 
  59      F280 10
  60 0077 09E7 BBC8 		.ascii	"\t\347\273\310\343\221\202\321\204\021\304\270\2041\2121\201"
  60      E391 82D1 
  60      8411 C4B8 
  60      8431 8A31 
  60      81
  61 0088 3183 710B 		.ascii	"1\203q\013#\204\021&\211\203\355\201'\316\202\350\332\177\307"
  61      2384 1126 
  61      8983 ED81 
  61      27CE 82E8 
  61      DA7F C7
  62 009b 1F        		.ascii	"\037"
  63 009c 121C 58E9 		.string	"\022\034X\351hMI;\244\342\b\252j:\201][!\323\n\317[q\327)H\303\337w\f\2422|\330\237N%`\21
  63      684D 493B 
  63      A4E2 08AA 
  63      6A3A 815D 
  63      5B21 D30A 
  64 019d 4CC0 79BC 		.ascii	"L\300y\274\252\035\330g\357\340Wo\267\302\017\342\346\271\320"
  64      AA1D D867 
  64      EFE0 576F 
  64      B7C2 0FE2 
  64      E6B9 D0
  65 01b0 5F6B C95B 		.ascii	"_k\311[jX9\376l\006\376b\337cy\033/\017\300\026m\023\253nk\232"
  65      6A58 39FE 
  65      6C06 FE62 
  65      DF63 791B 
  65      2F0F C016 
  66 01ca 18DE 94F1 		.ascii	"\030\336\224\361\356Q\325o\343)\\\232\b\237\330o\304N\020\350"
  66      EE51 D56F 
  66      E329 5C9A 
  66      089F D86F 
  66      C44E 10E8 
  67 01de 840C 5E74 		.ascii	"\204\f^t\243\322\267f\241%\374\033~2\266\262FY\237\272\265>\375"
  67      A3D2 B766 
  67      A125 FC1B 
  67      7E32 B6B2 
  67      4659 9FBA 
  68 01f5 BE30 58C7 		.ascii	"\2760X\307\352\341\033lJ\027\030\240\007[\202\353\377ty\317\001"
  68      EAE1 1B6C 
  68      4A17 18A0 
  68      075B 82EB 
  68      FF74 79CF 
  69 020a F6AF BE7E 		.ascii	"\366\257\276~5\\\271\366\366UU=\260\1775\022\261\210\0166\307"
  69      355C B9F6 
  69      F655 553D 
  69      B07F 3512 
  69      B188 0E36 
  70 021f 3AD8 CB3A 		.ascii	":\330\313:\330\254u0\310;8\331[\353K\245>\200\r\215\027\242\306"
  70      D8AC 7530 
  70      C83B 38D9 
  70      5BEB 4BA5 
  70      3E80 0D8D 
  71 0236 0D5C 17D1 		.ascii	"\r\\\027\321\325/\\KG\356\325\231\271\253\276\267\021\3745\301"
  71      D52F 5C4B 
  71      47EE D599 
  71      B9AB BEB7 
  71      11FC 35C1 
  72 024a 4864 0727 		.ascii	"Hd\007'\365\305H\003\214\324\247\221.qRU\353\231\257\215\364"
  72      F5C5 4803 
  72      8CD4 A791 
  72      2E71 5255 
  72      EB99 AF8D 
  73 025f 980E D290 		.ascii	"\230\016\322\220>\3220\222F\004)r\361~@\022\244\2368\322`\214"
  73      3ED2 3092 
  73      4604 2972 
  73      F17E 4012 
  73      A49E 38D2 
  74 0275 7499 9106 		.ascii	"t\231\221\0065\322('\365\177\331\0206\322v\035\2441}\244\037"
  74      35D2 2827 
  74      F57F D910 
  74      36D2 761D 
  74      A431 7DA4 
  75 028a 9134 2E48 		.ascii	"\2214.H\375S\367j\222\004\251;\216t%F\272\312HW4\322\004'\r\255"
  75      FD53 F76A 
  75      9204 A93B 
  75      8E74 2546 
  75      BACA 4857 
  76 02a4 04BF 48A5 		.ascii	"\004\277H\245\343:H\327\365\221&\2214%H\217\032\202#\233\004"
  76      E33A 48D7 
  76      F591 2691 
  76      3425 488F 
  76      1A82 239B 
  77 02b9 A92B 8E74 		.ascii	"\251+\216t-F\232f\244k\032i\206\223\232\307\036\2366\323\277"
  77      2D46 9A66 
  77      A46B 1A69 
  77      8693 9AC7 
  77      1E9E 36D3 
  78 02ce 7590 6EE8 		.ascii	"u\220n\350#\335D\322O\202\364k_\367\200I\220:\343H\2631\322\034"
  78      23DD 44D2 
  78      4F82 F46B 
  78      5FF7 8049 
  78      903A E348 
  79 02e6 23CD 6AA4 		.ascii	"#\315j\244[\234\024X\272\320\236B\217I\033\223\346\365\221\026"
  79      5B9C 1458 
  79      BAD0 9E42 
  79      8F49 1B93 
  79      E6F5 9116 
  80 02fa 9074 4790 		.ascii	"\220tG\220\002SS\265\321\306\005\342H\267c\244\237\031\351\266"
  80      0253 53B5 
  80      D1C6 05E2 
  80      48B7 63A4 
  80      9F19 E9B6 
  81 030e 460A 71D2 		.ascii	"F\nq\322\\\365\361v#\355\324AZ\322G\372\005I\313\202t\367\267"
  81      5CF5 F176 
  81      23ED D441 
  81      5AD2 47FA 
  81      0549 CB82 
  82 0325 F5CF 5204 		.ascii	"\365\317R\004\251#\216\264\030#\335e\244E\215\024\006\0331\347"
  82      A923 8EB4 
  82      1823 DD65 
  82      A445 8D14 
  82      061B 31E7 
  83 0339 E7BD 5290 		.ascii	"\347\275R\220S\2418=\005y\236\362\367\223_\333\231o\313\"I\366"
  83      53A1 383D 
  83      0579 9EF2 
  83      F793 5FDB 
  83      996F CB22 
  84 034f 52A7 DBF3 		.ascii	"R\247\333\3634\346^\310v9*\024\227\373%^\343~\321N\236\315y3"
  84      34E6 5EC8 
  84      7639 2A14 
  84      97FB 255E 
  84      E37E D14E 
  85 0367 67E7 1B05 		.ascii	"g\347\033\005l_\266R\341\260+\270Qvy^\337\363\252K.Q\222\344"
  85      6C5F B652 
  85      E1B0 2BB8 
  85      5176 795E 
  85      DFF3 AA4B 
  86 037f 6287 EC36 		.ascii	"b\207\3546\330\213d\227%\376hb\370P\221\367\375\337\231Edk\302"
  86      D88B 6497 
  86      25FE 6862 
  86      F850 91F7 
  86      FDDF 9945 
  87 0396 99B9 8A5B 		.ascii	"\231\271\212[\361\244%,\357\226\367)\371e\351\211\204rw\231\342"
  87      F1A4 252C 
  87      EF96 F729 
  87      F965 E989 
  87      8472 7799 
  88 03ab 2C7C 2E21 		.ascii	",|.!\221U\352\334\343\330[\356\222=\216RgV\221\354\334\253\024"
  88      9155 EADC 
  88      E3D8 5BEE 
  88      923D 8E52 
  88      6756 91EC 
  89 03c2 6E4F A8CA 		.ascii	"nO\250\312wb\246\260X)\304r\217\253\2648W\371\240\\q{\236I(\314"
  89      7762 A6B0 
  89      5829 C472 
  89      8FAB B438 
  89      57F9 A05C 
  90 03dc 76B8 F1D3 		.ascii	"v\270\361\3238\025\273'\321\220%\022\377\002\tD\177w"
  90      3815 BB27 
  90      D190 2512 
  90      FF02 0944 
  90      7F77 
  91               		.text
  92               		.section	.gnu.lto_.symtab.b01cbc5c7637e27,"",@progbits
  93 0000 5553 425F 		.string	"USB_Event_Stub"
  93      4576 656E 
  93      745F 5374 
  93      7562 00
  94 000f 00        		.string	""
  95 0010 00        		.string	""
  96 0011 00        		.string	""
  97 0012 00        		.string	""
  98 0013 00        		.string	""
  99 0014 00        		.string	""
 100 0015 00        		.string	""
 101 0016 00        		.string	""
 102 0017 00        		.string	""
 103 0018 00        		.string	""
 104 0019 00        		.string	""
 105 001a AC00      		.string	"\254"
 106 001c 00        		.string	""
 107 001d 00        		.string	""
 108 001e 4556 454E 		.string	"EVENT_USB_Device_StartOfFrame"
 108      545F 5553 
 108      425F 4465 
 108      7669 6365 
 108      5F53 7461 
 109 003c 00        		.string	""
 110 003d 0100      		.string	"\001"
 111 003f 00        		.string	""
 112 0040 00        		.string	""
 113 0041 00        		.string	""
 114 0042 00        		.string	""
 115 0043 00        		.string	""
 116 0044 00        		.string	""
 117 0045 00        		.string	""
 118 0046 00        		.string	""
 119 0047 C000      		.string	"\300"
 120 0049 00        		.string	""
 121 004a 00        		.string	""
 122 004b 4556 454E 		.string	"EVENT_USB_Device_Reset"
 122      545F 5553 
 122      425F 4465 
 122      7669 6365 
 122      5F52 6573 
 123 0062 00        		.string	""
 124 0063 0100      		.string	"\001"
 125 0065 00        		.string	""
 126 0066 00        		.string	""
 127 0067 00        		.string	""
 128 0068 00        		.string	""
 129 0069 00        		.string	""
 130 006a 00        		.string	""
 131 006b 00        		.string	""
 132 006c 00        		.string	""
 133 006d C600      		.string	"\306"
 134 006f 00        		.string	""
 135 0070 00        		.string	""
 136 0071 4556 454E 		.string	"EVENT_USB_Device_WakeUp"
 136      545F 5553 
 136      425F 4465 
 136      7669 6365 
 136      5F57 616B 
 137 0089 00        		.string	""
 138 008a 0100      		.string	"\001"
 139 008c 00        		.string	""
 140 008d 00        		.string	""
 141 008e 00        		.string	""
 142 008f 00        		.string	""
 143 0090 00        		.string	""
 144 0091 00        		.string	""
 145 0092 00        		.string	""
 146 0093 00        		.string	""
 147 0094 CC00      		.string	"\314"
 148 0096 00        		.string	""
 149 0097 00        		.string	""
 150 0098 4556 454E 		.string	"EVENT_USB_Device_Suspend"
 150      545F 5553 
 150      425F 4465 
 150      7669 6365 
 150      5F53 7573 
 151 00b1 00        		.string	""
 152 00b2 0100      		.string	"\001"
 153 00b4 00        		.string	""
 154 00b5 00        		.string	""
 155 00b6 00        		.string	""
 156 00b7 00        		.string	""
 157 00b8 00        		.string	""
 158 00b9 00        		.string	""
 159 00ba 00        		.string	""
 160 00bb 00        		.string	""
 161 00bc D200      		.string	"\322"
 162 00be 00        		.string	""
 163 00bf 00        		.string	""
 164 00c0 4556 454E 		.string	"EVENT_USB_Device_ConfigurationChanged"
 164      545F 5553 
 164      425F 4465 
 164      7669 6365 
 164      5F43 6F6E 
 165 00e6 00        		.string	""
 166 00e7 0100      		.string	"\001"
 167 00e9 00        		.string	""
 168 00ea 00        		.string	""
 169 00eb 00        		.string	""
 170 00ec 00        		.string	""
 171 00ed 00        		.string	""
 172 00ee 00        		.string	""
 173 00ef 00        		.string	""
 174 00f0 00        		.string	""
 175 00f1 D800      		.string	"\330"
 176 00f3 00        		.string	""
 177 00f4 00        		.string	""
 178 00f5 4556 454E 		.string	"EVENT_USB_Device_UnhandledControlRequest"
 178      545F 5553 
 178      425F 4465 
 178      7669 6365 
 178      5F55 6E68 
 179 011e 00        		.string	""
 180 011f 0100      		.string	"\001"
 181 0121 00        		.string	""
 182 0122 00        		.string	""
 183 0123 00        		.string	""
 184 0124 00        		.string	""
 185 0125 00        		.string	""
 186 0126 00        		.string	""
 187 0127 00        		.string	""
 188 0128 00        		.string	""
 189 0129 DE00      		.string	"\336"
 190 012b 00        		.string	""
 191 012c 00        		.string	""
 192 012d 4556 454E 		.string	"EVENT_USB_Device_Disconnect"
 192      545F 5553 
 192      425F 4465 
 192      7669 6365 
 192      5F44 6973 
 193 0149 00        		.string	""
 194 014a 0100      		.string	"\001"
 195 014c 00        		.string	""
 196 014d 00        		.string	""
 197 014e 00        		.string	""
 198 014f 00        		.string	""
 199 0150 00        		.string	""
 200 0151 00        		.string	""
 201 0152 00        		.string	""
 202 0153 00        		.string	""
 203 0154 E400      		.string	"\344"
 204 0156 00        		.string	""
 205 0157 00        		.string	""
 206 0158 4556 454E 		.string	"EVENT_USB_Device_Connect"
 206      545F 5553 
 206      425F 4465 
 206      7669 6365 
 206      5F43 6F6E 
 207 0171 00        		.string	""
 208 0172 0100      		.string	"\001"
 209 0174 00        		.string	""
 210 0175 00        		.string	""
 211 0176 00        		.string	""
 212 0177 00        		.string	""
 213 0178 00        		.string	""
 214 0179 00        		.string	""
 215 017a 00        		.string	""
 216 017b 00        		.string	""
 217 017c EA00      		.string	"\352"
 218 017e 00        		.string	""
 219 017f 00        		.string	""
 220               		.text
 221               		.section	.gnu.lto_.opts,"",@progbits
 222 0000 272D 666E 		.string	"'-fno-trapv' '-mmcu=atmega16u2' '-gdwarf-2' '-O3' '-funsigned-char' '-fpack-struct' '-fno
 222      6F2D 7472 
 222      6170 7627 
 222      2027 2D6D 
 222      6D63 753D 
 223               		.text
 224               		.comm	__gnu_lto_v1,1,1
 225               		.comm	__gnu_lto_slim,1,1
 226               		.ident	"GCC: (GNU) 4.9.2 20141224 (prerelease)"
DEFINED SYMBOLS
                            *ABS*:0000000000000000 Events.c
     /tmp/cc182HTb.s:2      *ABS*:000000000000003e __SP_H__
     /tmp/cc182HTb.s:3      *ABS*:000000000000003d __SP_L__
     /tmp/cc182HTb.s:4      *ABS*:000000000000003f __SREG__
     /tmp/cc182HTb.s:5      *ABS*:0000000000000000 __tmp_reg__
     /tmp/cc182HTb.s:6      *ABS*:0000000000000001 __zero_reg__
                            *COM*:0000000000000001 __gnu_lto_v1
                            *COM*:0000000000000001 __gnu_lto_slim

NO UNDEFINED SYMBOLS
