   1               		.file	"Pipe.c"
   2               	__SP_H__ = 0x3e
   3               	__SP_L__ = 0x3d
   4               	__SREG__ = 0x3f
   5               	__tmp_reg__ = 0
   6               	__zero_reg__ = 1
   7               		.text
   8               	.Ltext0:
   9               		.section	.gnu.lto_.profile.49e5db0c26f102f6,"",@progbits
  10 0000 789C 6361 		.string	"x\234ca```\004b\006"
  10      6060 6004 
  10      6206 00
  11 000b 00        		.string	""
  12 000c 3200      		.string	"2"
  13 000e 06        		.ascii	"\006"
  14               		.text
  15               		.section	.gnu.lto_.icf.49e5db0c26f102f6,"",@progbits
  16 0000 789C 6361 		.string	"x\234ca\200"
  16      8000 
  17 0006 2606 6400 		.string	"&\006d"
  18 000a 00        		.string	""
  19 000b 00        		.string	""
  20 000c 8A00      		.string	"\212"
  21 000e 07        		.ascii	"\007"
  22               		.text
  23               		.section	.gnu.lto_.jmpfuncs.49e5db0c26f102f6,"",@progbits
  24 0000 789C 6361 		.string	"x\234ca\200"
  24      8000 
  25 0006 2606 6400 		.string	"&\006d"
  26 000a 00        		.string	""
  27 000b 00        		.string	""
  28 000c 8A00      		.string	"\212"
  29 000e 07        		.ascii	"\007"
  30               		.text
  31               		.section	.gnu.lto_.inline.49e5db0c26f102f6,"",@progbits
  32 0000 789C 6361 		.string	"x\234ca\200"
  32      8000 
  33 0006 2606 6400 		.string	"&\006d"
  34 000a 00        		.string	""
  35 000b 00        		.string	""
  36 000c 8A00      		.string	"\212"
  37 000e 07        		.ascii	"\007"
  38               		.text
  39               		.section	.gnu.lto_.pureconst.49e5db0c26f102f6,"",@progbits
  40 0000 789C 6361 		.string	"x\234ca```\004b\006"
  40      6060 6004 
  40      6206 00
  41 000b 00        		.string	""
  42 000c 3200      		.string	"2"
  43 000e 06        		.ascii	"\006"
  44               		.text
  45               		.section	.gnu.lto_.symbol_nodes.49e5db0c26f102f6,"",@progbits
  46 0000 789C 6361 		.string	"x\234ca```b"
  46      6060 6062 
  46      00
  47 0009 0100      		.string	"\001"
  48 000b 00        		.string	""
  49 000c 3E00      		.string	">"
  50 000e 07        		.ascii	"\007"
  51               		.text
  52               		.section	.gnu.lto_.refs.49e5db0c26f102f6,"",@progbits
  53 0000 789C 6361 		.string	"x\234ca```\004b\006"
  53      6060 6004 
  53      6206 00
  54 000b 00        		.string	""
  55 000c 3200      		.string	"2"
  56 000e 06        		.ascii	"\006"
  57               		.text
  58               		.section	.gnu.lto_.decls.49e5db0c26f102f6,"",@progbits
  59 0000 789C 6361 		.string	"x\234ca@"
  59      4000 
  60 0006 4620 5601 		.string	"F V\001\342\377@"
  60      E2FF 4000 
  61 000e 6287 3110 		.string	"b\2071\020"
  61      00
  62 0013 00        		.string	""
  63 0014 B053 047D 		.ascii	"\260S\004}"
  64               		.text
  65               		.section	.gnu.lto_.symtab.49e5db0c26f102f6,"",@progbits
  66               		.text
  67               		.section	.gnu.lto_.opts,"",@progbits
  68 0000 27        		.ascii	"'"
  69 0001 2D66 6D61 		.string	"-fmath-errno' '-fsigned-zeros' '-ftrapping-math' '-fno-trapv' '-fno-openmp' '-fno-openacc
  69      7468 2D65 
  69      7272 6E6F 
  69      2720 272D 
  69      6673 6967 
  70               		.text
  71               		.comm	__gnu_lto_v1,1,1
  72               		.comm	__gnu_lto_slim,1,1
  73               		.ident	"GCC: (GNU) 5.1.1 20150520"
DEFINED SYMBOLS
                            *ABS*:0000000000000000 Pipe.c
     /tmp/ccF6hgNI.s:2      *ABS*:000000000000003e __SP_H__
     /tmp/ccF6hgNI.s:3      *ABS*:000000000000003d __SP_L__
     /tmp/ccF6hgNI.s:4      *ABS*:000000000000003f __SREG__
     /tmp/ccF6hgNI.s:5      *ABS*:0000000000000000 __tmp_reg__
     /tmp/ccF6hgNI.s:6      *ABS*:0000000000000001 __zero_reg__
                            *COM*:0000000000000001 __gnu_lto_v1
                            *COM*:0000000000000001 __gnu_lto_slim

NO UNDEFINED SYMBOLS
