   1               		.file	"USBController.c"
   2               	__SP_H__ = 0x3e
   3               	__SP_L__ = 0x3d
   4               	__SREG__ = 0x3f
   5               	__tmp_reg__ = 0
   6               	__zero_reg__ = 1
   7               		.text
   8               	.Ltext0:
   9               		.section	.gnu.lto_.profile.e1e436bd079bc30e,"",@progbits
  10 0000 789C 6366 		.string	"x\234cf```a\200"
  10      6060 6061 
  10      8000 
  11 000a 4686 126B 		.string	"F\206\022k"
  11      00
  12 000f 0197 00   		.string	"\001\227"
  13 0012 B8        		.ascii	"\270"
  14               		.text
  15               		.section	.gnu.lto_.jmpfuncs.e1e436bd079bc30e,"",@progbits
  16 0000 789C 6366 		.string	"x\234cf\300\016\004\24143\230d\001b6\210"
  16      C00E 04A1 
  16      3433 9864 
  16      0162 3688 
  16      00
  17 0011 00        		.string	""
  18 0012 02F6 00   		.string	"\002\366"
  19 0015 22        		.ascii	"\""
  20               		.text
  21               		.section	.gnu.lto_.inline.e1e436bd079bc30e,"",@progbits
  22 0000 789C 6366 		.string	"x\234cf\300\016b\24043\003\203\366\023\006F\006&\237\033'9\031\330\026\3103\201D\031\271`
  22      C00E 62A0 
  22      3433 0383 
  22      F613 0646 
  22      0626 9F1B 
  23 003c 0C38 08F3 		.ascii	"\f8\b\363"
  24               		.text
  25               		.section	.gnu.lto_.pureconst.e1e436bd079bc30e,"",@progbits
  26 0000 789C 6366 		.string	"x\234cf```g\200"
  26      6060 6067 
  26      8000 
  27 000a 6606 2916 		.string	"f\006)\026)6)"
  27      2936 2900 
  28 0012 01D0 00   		.string	"\001\320"
  29 0015 66        		.ascii	"f"
  30               		.text
  31               		.section	.gnu.lto_USB_ResetInterface.e1e436bd079bc30e,"",@progbits
  32 0000 789C 8D56 		.string	"x\234\215V\353O\223g\024\177\316\333\366m)E\031\004\"\210\334\374`\310n_\315\346\226\335\
  32      EB4F 9367 
  32      147F CEDB 
  32      F66D 2945 
  32      1904 2288 
  33 0093 1D05 88A3 		.string	"\035\005\210\243\212N\257\032"
  33      8A4E AF1A 
  33      00
  34 009c 0F12 795A 		.string	"\017\022yZ\231Q\240\300QQ\034\271\353\234\246i\336\276\376b\rr,\213\212\020s\212L\201\237
  34      9951 A0C0 
  34      5151 1CB9 
  34      EB9C A669 
  34      DEBE FE62 
  35 00f2 1740 87A5 		.ascii	"\027@\207\245\360\\\"d$\372\274\301E\330Y\035\343\320\226\227"
  35      F05C 2264 
  35      24FA BCC1 
  35      45D8 591D 
  35      E3D0 9697 
  36 0106 9B66 2EE4 		.ascii	"\233f.\344\274\2627#B,*\212\231\357G\322\251\205B\024\205\255"
  36      BCB2 3723 
  36      422C 2A8A 
  36      99EF 47D2 
  36      A985 4214 
  37 011c 14A2 29C4 		.ascii	"\024\242)\304P\210\245\020G!\236\3026\n\t\024\266SH\242\260\203"
  37      5088 A510 
  37      4721 9EC2 
  37      360A 0914 
  37      B653 48A2 
  38 0132 4232 8514 		.ascii	"B2\205\024\n\251\024\322(\244S\020b\002\177\330)\017\236\333"
  38      0AA9 14D2 
  38      28A4 5310 
  38      6202 7FD8 
  38      290F 9EDB 
  39 0146 8CBA 61C8 		.ascii	"\214\272a\310u\330\217\003\371\"'\245\375_\\R\262\237hy\232i"
  39      75D8 8F03 
  39      F922 27A5 
  39      FD5F 5C52 
  39      B29F 6879 
  40 015c 5141 DDE4 		.ascii	"QA\335\344\265\002\262\261R/(\325i\016\225\211\250P\351\313\034"
  40      B502 B2B1 
  40      522F 28D5 
  40      690E 9589 
  40      A850 E9CB 
  41 0171 8236 AFD7 		.ascii	"\2026\257\327\365\243\201r1\365\262\263\354v\324\224\262\250"
  41      F5A3 8172 
  41      31F5 B2B3 
  41      EC76 D494 
  41      B2A8 
  42 0183 185E A54A 		.ascii	"\030^\245J\367DO\257\211/\005]:[\026\362\325\0228m\265Y\035x"
  42      F744 4FAF 
  42      892F 055D 
  42      3A5B 16F2 
  42      D512 386D 
  43 019b 5385 2A48 		.ascii	"S\205*H\204K\200\275\202j(\201\300\002\025\357\325\340\223!\310"
  43      844B 80BD 
  43      826A 2881 
  43      C002 15EF 
  43      D5E0 9321 
  44 01b0 F1D6 0CD7 		.ascii	"\361\326\f\327\032}\370k\244"
  44      1A7D F86B 
  44      A4
  45 01b9 1897 689D 		.string	"\030\227h\235\002\253\214|Yn\265\235\001\242\321(\313\004\227!\033j\231\345\347 \026\023\
  45      02AB 8C7C 
  45      596E B59D 
  45      01A2 D128 
  45      CB04 9721 
  46 02ba 0B30 DB7A 		.string	"\0130\333z\276\351\204\221\263\021\266\003\344\3360\2013\216\273\031x\360\345\300\267S\26
  46      BEE9 8491 
  46      B311 B603 
  46      E4DE 3081 
  46      338E BB19 
  47 0331 8E0D 1D94 		.string	"\216\r\035\224\210)\022\361T\363\231\242\b\356\211\206-\354\336,d\017C\246\310)\354v\277\
  47      8829 12F1 
  47      54F3 99A2 
  47      08EE 8986 
  47      2DEC DE2C 
  48 03f6 E988 11D0 		.string	"\351\210\021\320\347a\326\034\022\301\315\232\323\245\346oZ\337\226/\344V\032\347\256\242
  48      E761 D61C 
  48      12C1 CD9A 
  48      D3A5 E66F 
  48      5ADF 962F 
  49 042d B995 87AC 		.ascii	"\271\225\207\254\276\307\002\242\245\200\377^\226\0201X1\332"
  49      BEC7 02A2 
  49      A580 FF5E 
  49      9610 3158 
  49      31DA 
  50 043f 69CF 97DF 		.ascii	"i\317\227\337\305{\314\377\303\203\276*XE\370\323\2170\261\272"
  50      C57B CCFF 
  50      C383 BE2A 
  50      5845 F8D3 
  50      8F30 B1BA 
  51 0453 7F72 712C 		.ascii	"\177rq,\326\363~\023\310\037\262\332\303\374\261\222\277m\217"
  51      D6F3 7E13 
  51      C81F B2DA 
  51      C3FC B192 
  51      BF6D 8F
  52 0466 8488 0BA7 		.ascii	"\204\210\013\247\370~\220\337x\231_=[\331\316\273\212\372\030"
  52      F87E 90DF 
  52      7899 5F3D 
  52      5BD9 CEBB 
  52      8AFA 18
  53 0479 8766 72B3 		.ascii	"\207fr\263\376\247\230?^\362w\372\370\267\205S<\035\3447A\346"
  53      FEA7 983F 
  53      5EF2 77FA 
  53      F8B7 8553 
  53      3C1D E437 
  54 048f 9F3D F575 		.ascii	"\237=\365u\245\2017\013\223\200\007\233\265\377\027\323'\210"
  54      A581 370B 
  54      9380 079B 
  54      B5FF 17D3 
  54      2788 
  55 04a1 51B0 3AEC 		.ascii	"Q\260:\354\357\362\1773\274\357\002\356\267\270\023'}\360\336"
  55      EFF2 7F33 
  55      BCEF 02EE 
  55      B7B8 1327 
  55      7DF0 DE
  56 04b4 1BCF BF95 		.ascii	"\033\317\277\225\365\321\347\231Y\237\276\210\347o\036:\370Y"
  56      F5D1 E799 
  56      599F BE88 
  56      E76F 1E3A 
  56      F859 
  57 04c6 D6A1 0307 		.ascii	"\326\241\003\0072\263^\330'\364\357g~|8L\306\207\342\177\326"
  57      32B3 5ED8 
  57      27F4 EF67 
  57      7E7C 384C 
  57      C687 E27F 
  58 04db 1BA8 C8   		.ascii	"\033\250\310"
  59               		.text
  60               		.section	.gnu.lto_USB_Init.e1e436bd079bc30e,"",@progbits
  61 0000 789C 658F 		.string	"x\234e\217\275K\003A\020\305\347\315\235\311A\n\305R\30466\352\377\240\202\177\200\330\01
  61      BD4B 0341 
  61      10C5 E7CD 
  61      9DC9 410A 
  61      C552 C436 
  62 00e9 CDDD 5A69 		.ascii	"\315\335ZiPy\027\204sQ^a\303\353\271^\036\322\270\320\230b>\272"
  62      5079 1784 
  62      7351 5E61 
  62      C3EB B95E 
  62      1ED2 B8D0 
  63 0101 303F 3D31 		.ascii	"0?=1\353/\257\347\374\325)\351g\n+k~!\237\317\371\223K\364\013"
  63      EB2F AFE7 
  63      FCD5 29E9 
  63      670A 2B6B 
  63      7E21 9FCF 
  64 011a D9C4 6A01 		.ascii	"\331\304j\001"
  65               		.text
  66               		.section	.gnu.lto_USB_ShutDown.e1e436bd079bc30e,"",@progbits
  67 0000 789C 7D53 		.string	"x\234}SAL\023A\024\375\177v\273\333\320=4\036\211\007O\022\017\352]o\352E\256\306\304;!\3
  67      414C 1341 
  67      14FD 7F76 
  67      BBDB D03D 
  67      341E 8907 
  68 008d 05E1 00   		.string	"\005\341"
  69 0090 E17D 6C02 		.string	"\341}l\002\312\312G7?\373\264(e\371\2355L\240\2064\016\356\261\314b\261\360\353fn\277\360
  69      CACA 4737 
  69      3FFB B428 
  69      65F9 9D35 
  69      4CA0 8634 
  70 00be 9668 2713 		.string	"\226h'\023\310\n\301\243\362\r#\326\3045d,.\322\367\351\306\200\b\3763\273L\257-D\201w\34
  70      C80A C1A3 
  70      F20D 23D6 
  70      C435 642C 
  70      2ED2 F7E9 
  71 014a 09C2 9134 		.string	"\t\302\2214\373\363H\245\242\253\033\333\212\224\032EO\244\242\0243PX\301\364\374-M*\370\
  71      FBF3 48A5 
  71      A2AB 1BDB 
  71      8A94 1A45 
  71      4FA4 A214 
  72 017e 180E 46FF 		.string	"\030\016F\377\362VNJ\360\204"
  72      F256 4E4A 
  72      F084 00
  73 0189 9F95 25A4 		.ascii	"\237\225%\244\244\204\272\200\317\245\004\003\250\201\213\231"
  73      A484 BA80 
  73      CFA5 0403 
  73      A881 8B99 
  74 0199 0D7F BD06 		.ascii	"\r\177\275\006\222\2638Rj \367zV\257\227\351\241\314\321\235"
  74      92B3 3852 
  74      6A20 F77A 
  74      56AF 97E9 
  74      A1CC D19D 
  75 01ad 56AF ACF7 		.ascii	"V\257\254\367\317%\365Jc2[\373J\306h5\306\274\220\306\2149\244"
  75      CF25 F54A 
  75      6332 5BFB 
  75      4AC6 6835 
  75      C6BC 90C6 
  76 01c4 B3D3 1F51 		.ascii	"\263\323\037Q\272r\222\363~[\321)\335%b\274,\342%\211p\237\003"
  76      BA72 92F3 
  76      7E5B D129 
  76      DD25 62BC 
  76      2CE2 2589 
  77 01db E630 E138 		.ascii	"\3460\3418@Gmx\246\243\2521\305\355\306\3505\365_\311\372\223"
  77      4047 6D78 
  77      A6A3 AA31 
  77      C5ED C6E8 
  77      35F5 5FC9 
  78 01f1 EC2B B38E 		.ascii	"\354+\263\216'V\347\rI\241\205SW\207\262\275\302E\301*Sx\275"
  78      2756 E70D 
  78      49A1 8553 
  78      5787 B2BD 
  78      C245 C12A 
  79 0208 73B6 A89E 		.ascii	"s\266\250\236\003\240\022\206\3530MJQ\365!\322\262\025\252tm"
  79      03A0 1286 
  79      EB30 4D4A 
  79      51F5 21D2 
  79      B215 AA74 
  80 021d 349F 38C3 		.ascii	"4\2378\303\024\253\r\3266\371\312\272\265jr\372\303\274gKoLF"
  80      14AB 0DD6 
  80      36F9 CABA 
  80      B56A 72FA 
  80      C3BC 674B 
  81 0234 D5F1 0D06 		.ascii	"\325\361\r\006\361\255D\315Ty\243\323\277w\264\262\200ak\244"
  81      F1AD 44CD 
  81      5479 A3D3 
  81      BF77 B4B2 
  81      8061 6BA4 
  82 0248 5976 11F8 		.ascii	"Yv\021\370>#\337c\002\337{\372\324\261\203'\002\347.\267\006"
  82      3E23 DF63 
  82      02DF 7BFA 
  82      D4B1 8327 
  82      02E7 2EB7 
  83 025d 2E1E A6EF 		.ascii	".\036\246\357\343\355\347/\005\332\333\332Z\003\207Zv[<\013\377"
  83      E3ED E72F 
  83      05DA DBDA 
  83      5A03 875A 
  83      765B 3C0B 
  84 0272 016D D3A2 		.ascii	"\001m\323\242\351"
  84      E9
  85               		.text
  86               		.section	.gnu.lto_.symbol_nodes.e1e436bd079bc30e,"",@progbits
  87 0000 789C 55CA 		.ascii	"x\234U\312A\016\2020\020F\341\327\016-]r\003\217:,\214kO@\300"
  87      410E 8230 
  87      1046 E1D7 
  87      0E2D 5D72 
  87      038F 3A2C 
  88 0019 F420 A828 		.ascii	"\364 \250(\256<\003\007\360\f\3046HRg\363\345\177\031\001\006"
  88      AE3C 0307 
  88      F00C C436 
  88      4852 67F3 
  88      E57F 1901 
  89 002e 7E67 6F28 		.ascii	"~go(\234\337\240J\327\007\334\023\032\305\315\230\314\013\233"
  89      9CDF A04A 
  89      D707 DC13 
  89      1AC5 CD98 
  89      CC0B 9B
  90 0041 B023 6AFE 		.ascii	"\260#j\376\276\356H\356W\324\226\335<P\331\002m\233\366\204V"
  90      BEEE 48EE 
  90      57D4 96DD 
  90      3C50 D902 
  90      6D9B F684 
  91 0056 C516 0271 		.ascii	"\305\026\002qY\215P3e+\270d\375n\340x\372\034\304\327\304$_z"
  91      598D 5033 
  91      652B B864 
  91      FD6E E078 
  91      FA1C C4D7 
  92 006e 2C2B D4   		.ascii	",+\324"
  93               		.text
  94               		.section	.gnu.lto_.refs.e1e436bd079bc30e,"",@progbits
  95 0000 789C 6366 		.string	"x\234cf``\020c\200"
  95      6060 1063 
  95      8000 
  96 000a 6606 4646 		.string	"f\006FF\026F&VFf6 \315\312\304\310\306\310\312\307"
  96      1646 2656 
  96      4666 3620 
  96      CDCA C4C8 
  96      C6C8 CAC7 
  97 001f 00        		.string	""
  98 0020 058B 00   		.string	"\005\213"
  99 0023 5D        		.ascii	"]"
 100               		.text
 101               		.section	.gnu.lto_.decls.e1e436bd079bc30e,"",@progbits
 102 0000 789C 8D94 		.string	"x\234\215\224mLSW\030\307\357\351)\003J\005g\0260l\211$f&KT\276n\373\262\250\03053J@\263%
 102      6D4C 5357 
 102      18C7 EFE9 
 102      2903 4A05 
 102      6716 306C 
 103 0048 5141 9057 		.string	"QA\220W\261(/\002\302\252\030\304\005\275{\316\271\267\245m\354\334I\376pz\317\363\374\23
 103      B128 2F02 
 103      C2AA 18C4 
 103      05BD 7BCE 
 103      B9B7 A56D 
 104 00a3 B583 EE80 		.ascii	"\265\203\356\200\252A\235\240:)\317_\312\255\224ju\201\372@\203"
 104      AA41 9DA0 
 104      3A29 CF5F 
 104      CAAD 946A 
 104      7581 FA40 
 105 00b8 A047 201B 		.ascii	"\240G \033\350)\b{\324w\035\245\222\357H\227\232c\240\026i]&"
 105      E829 087B 
 105      D477 1DA5 
 105      92EF 4897 
 105      9A63 A016 
 106 00cf C590 3AE8 		.ascii	"\305\220:\350=\336\311>\375\244\374\367\371ve\371I\361\2045\t"
 106      3DDE C93E 
 106      FDA4 FCF7 
 106      F976 65F9 
 106      49F1 8435 
 107 00e4 9A76 F13E 		.ascii	"\232v\361>\013\262{\251\361B\206Rgj+\374C\216\3630\254<\277\232"
 107      0BB2 7BA9 
 107      F142 8652 
 107      676A 2BFC 
 107      438E F330 
 108 00fc 4191 C168 		.ascii	"A\221\301h}(\372\"\0242\nQ\b\374\375A.F\216\247w\237\305X\206"
 108      7D28 FA22 
 108      1432 0A51 
 108      08FC FD41 
 108      2E46 8EA7 
 109 0115 C83C 3F77 		.ascii	"\310<?w\264G\261\276\030\222\322y\313\025\264\214[J\312\252\221"
 109      B447 B1BE 
 109      1892 D279 
 109      CB15 B48C 
 109      5B4A CAAA 
 110 012a 87FD C9DB 		.ascii	"\207\375\311\333\312\355\365\3272p\n_\316\363\202\3603e\241\013"
 110      CAED F5D7 
 110      3270 0A5F 
 110      CEF3 82F0 
 110      3365 A10B 
 111 013e 08A3 22B4 		.ascii	"\b\243\"\264\236\204\2229\315A\305(\f\362F^\366\314)\361W\024"
 111      9E84 9239 
 111      CD41 C528 
 111      0CF2 465E 
 111      F6CC 29F1 
 112 0154 3E37 7CB9 		.ascii	">7|\271L\t\fK\271e0\203\017K\344\227\004\001S@\211\013\240\304"
 112      4C09 0C4B 
 112      B965 3083 
 112      0F4B E497 
 112      0401 5340 
 113 016c 0128 A580 		.ascii	"\001(\245\200\245\334$\213\fo\246\200\356\267\231E\201\"`8\037"
 113      A5DC 248B 
 113      0C6F A680 
 113      EEB7 9945 
 113      8122 6038 
 114 0181 E5F2 5641 		.ascii	"\345\362VA\370\206\346\227\271\344\2279\362/\322\374\213\257"
 114      F886 E697 
 114      B9E4 9739 
 114      F22F D2FC 
 114      8BAF 
 115 0193 7F7B ED83 		.ascii	"\177{\355\203w\323\374\264\242\354[\n\262\t\336>\230\374r{\027"
 115      77D3 FCB4 
 115      A2EC 5B0A 
 115      B209 DE3E 
 115      98FC 727B 
 116 01a8 9F9E CADB 		.ascii	"\237\236\312\333\005!H\334\305%\027\310%\007\244\234BJ\353\217"
 116      0521 48DC 
 116      C525 17C8 
 116      2507 A49C 
 116      424A EB8F 
 117 01bc F629 702A 		.ascii	"\366)p*\242\224\346\023\013\211JJ\261\264\345'\256t\261Q\341"
 117      A294 E613 
 117      0B89 4A4A 
 117      B1B4 E527 
 117      AE74 B151 
 118 01d1 42A8 7010 		.ascii	"B\250p\020*)\341DW\177\265\034\347\213\204\304\363u\231\276\317"
 118      2A29 E144 
 118      577F B51C 
 118      E78B 84C4 
 118      F375 99BE 
 119 01e6 6428 5841 		.ascii	"d(XA\3176\253\343T3\246?\005\262,\023\332\033\337\006\241u\212"
 119      CF36 ABE3 
 119      5433 A63F 
 119      05B2 2C13 
 119      DA1B DF06 
 120 01fd 02B8 06FB 		.ascii	"\002\270\006\373\320\370\273\203I|\030\252F\nt\331\311\247\251"
 120      D0F8 BB83 
 120      497C 18AA 
 120      460A 74D9 
 120      C9A7 A9
 121 0210 64A4 F37C 		.ascii	"d\244\363|\022oM\267&\002Y\272_t\025\255\203u\032\211\256\240"
 121      126F 4DB7 
 121      2602 59BA 
 121      5F74 15AD 
 121      8375 1A89 
 122 0226 5054 8542 		.ascii	"PT\205BI\231\242\347\2133+\360M\321\302D\331\335\204\265y\274"
 122      4999 A2E7 
 122      8B33 2BF0 
 122      4DD1 C244 
 122      D9DD 84B5 
 123 023c 25C9 DE98 		.ascii	"%\311\336\2306\377\375u8\211l~QX\263\206\326\251"
 123      36FF FD75 
 123      3889 6C7E 
 123      5158 B386 
 123      D6A9 
 124 024e 11EB 38FB 		.string	"\021\3538\373\245F\334\013\252Ek\311Vr:N\373b\201r\3447/\034\371G\201\374C\327\205\246Q'|
 124      A546 DC0B 
 124      AA45 6BC9 
 124      5672 3A4E 
 124      FB62 8172 
 125 034f FF21 7A30 		.string	"\377!z0\257\360\254?1\220\374?\373\354T[\225-\310\r\337\016=\265\214\357\220\360\035\024\
 125      AFF0 AC3F 
 125      3190 FC3F 
 125      FBEC 545B 
 125      952D C80D 
 126 03b1 DE6A 6BB9 		.string	"\336jk\271}\261\344\345\341n\236\027\277\r\226t\031=\236\273\216w\017\335Gr\206\374\024_\
 126      7DB1 E4E5 
 126      E16E 9E17 
 126      BF0D 9674 
 126      193D 9EBB 
 127 043a 0F52 70CB 		.string	"\017Rp\313\355so\224\270\323\033\270\360\341\365\007r\021\374\274\304\003<\344\004\017\02
 127      ED73 6F94 
 127      B8D3 1BB8 
 127      F0E1 F507 
 127      7211 FCBC 
 128 04e5 3847 EE05 		.string	"8G\356\005\234\2718\237\023(\201=oz\306\t~N\3003\016\360,\0057\215\246\345\"|\316\033\270
 128      9CB9 389F 
 128      1328 813D 
 128      6F7A C609 
 128      7E4E C033 
 129 0517 DB51 18B3 		.ascii	"\333Q\030\263jo\364fU\024kdM;\f&\226\323\252c\330\217\266\355"
 129      6A6F F466 
 129      5514 6B64 
 129      4D3B 0C26 
 129      96D3 AA63 
 130 052f DA1B B6   		.ascii	"\332\033\266"
 131 0532 85F9 0C56 		.string	"\205\371\fV6Dp\272C,g\f\207\371\2268\203\211\213\323\353Ync\f\343G\322v\030t&%\231D\307\2
 131      3644 70BA 
 131      432C 670C 
 131      87F9 9638 
 131      8389 8BD3 
 132 0633 ED30 46B1 		.ascii	"\3550F\261jM\302'\322\216\245$\361\002i\265\250\255\333\240\332"
 132      6A4D C227 
 132      D28E A524 
 132      F102 69B5 
 132      A8AD DBA0 
 133 0648 4ABA BEF3 		.ascii	"J\272\276\363[\325^\203\226c\331\303,]\333d2\251cb\3514\202%"
 133      5BD5 5E83 
 133      9663 D9C3 
 133      2C5D DB64 
 133      32A9 6362 
 134 0660 D360 0F8C 		.ascii	"\323`\017\214t\376\001N\333Zm\200\023\252\325\376\013\\\366\320"
 134      74FE 014E 
 134      DB5A 6D80 
 134      13AA D5FE 
 134      0B5C F6D0 
 135 0674 90        		.ascii	"\220"
 136               		.text
 137               		.section	.gnu.lto_.symtab.e1e436bd079bc30e,"",@progbits
 138 0000 5553 425F 		.string	"USB_ResetInterface"
 138      5265 7365 
 138      7449 6E74 
 138      6572 6661 
 138      6365 00
 139 0013 00        		.string	""
 140 0014 00        		.string	""
 141 0015 00        		.string	""
 142 0016 00        		.string	""
 143 0017 00        		.string	""
 144 0018 00        		.string	""
 145 0019 00        		.string	""
 146 001a 00        		.string	""
 147 001b 00        		.string	""
 148 001c 00        		.string	""
 149 001d 00        		.string	""
 150 001e AA00      		.string	"\252"
 151 0020 00        		.string	""
 152 0021 00        		.string	""
 153 0022 5553 425F 		.string	"USB_Init"
 153      496E 6974 
 153      00
 154 002b 00        		.string	""
 155 002c 00        		.string	""
 156 002d 00        		.string	""
 157 002e 00        		.string	""
 158 002f 00        		.string	""
 159 0030 00        		.string	""
 160 0031 00        		.string	""
 161 0032 00        		.string	""
 162 0033 00        		.string	""
 163 0034 00        		.string	""
 164 0035 00        		.string	""
 165 0036 AC00      		.string	"\254"
 166 0038 00        		.string	""
 167 0039 00        		.string	""
 168 003a 5553 425F 		.string	"USB_ShutDown"
 168      5368 7574 
 168      446F 776E 
 168      00
 169 0047 00        		.string	""
 170 0048 00        		.string	""
 171 0049 00        		.string	""
 172 004a 00        		.string	""
 173 004b 00        		.string	""
 174 004c 00        		.string	""
 175 004d 00        		.string	""
 176 004e 00        		.string	""
 177 004f 00        		.string	""
 178 0050 00        		.string	""
 179 0051 00        		.string	""
 180 0052 AE00      		.string	"\256"
 181 0054 00        		.string	""
 182 0055 00        		.string	""
 183 0056 5553 425F 		.string	"USB_ConfigurationNumber"
 183      436F 6E66 
 183      6967 7572 
 183      6174 696F 
 183      6E4E 756D 
 184 006e 00        		.string	""
 185 006f 0200      		.string	"\002"
 186 0071 00        		.string	""
 187 0072 00        		.string	""
 188 0073 00        		.string	""
 189 0074 00        		.string	""
 190 0075 00        		.string	""
 191 0076 00        		.string	""
 192 0077 00        		.string	""
 193 0078 00        		.string	""
 194 0079 B900      		.string	"\271"
 195 007b 00        		.string	""
 196 007c 00        		.string	""
 197 007d 5553 425F 		.string	"USB_RemoteWakeupEnabled"
 197      5265 6D6F 
 197      7465 5761 
 197      6B65 7570 
 197      456E 6162 
 198 0095 00        		.string	""
 199 0096 0200      		.string	"\002"
 200 0098 00        		.string	""
 201 0099 00        		.string	""
 202 009a 00        		.string	""
 203 009b 00        		.string	""
 204 009c 00        		.string	""
 205 009d 00        		.string	""
 206 009e 00        		.string	""
 207 009f 00        		.string	""
 208 00a0 C000      		.string	"\300"
 209 00a2 00        		.string	""
 210 00a3 00        		.string	""
 211 00a4 5553 425F 		.string	"USB_CurrentlySelfPowered"
 211      4375 7272 
 211      656E 746C 
 211      7953 656C 
 211      6650 6F77 
 212 00bd 00        		.string	""
 213 00be 0200      		.string	"\002"
 214 00c0 00        		.string	""
 215 00c1 00        		.string	""
 216 00c2 00        		.string	""
 217 00c3 00        		.string	""
 218 00c4 00        		.string	""
 219 00c5 00        		.string	""
 220 00c6 00        		.string	""
 221 00c7 00        		.string	""
 222 00c8 C200      		.string	"\302"
 223 00ca 00        		.string	""
 224 00cb 00        		.string	""
 225 00cc 5553 425F 		.string	"USB_IsInitialized"
 225      4973 496E 
 225      6974 6961 
 225      6C69 7A65 
 225      6400 
 226 00de 00        		.string	""
 227 00df 0200      		.string	"\002"
 228 00e1 00        		.string	""
 229 00e2 00        		.string	""
 230 00e3 00        		.string	""
 231 00e4 00        		.string	""
 232 00e5 00        		.string	""
 233 00e6 00        		.string	""
 234 00e7 00        		.string	""
 235 00e8 00        		.string	""
 236 00e9 C500      		.string	"\305"
 237 00eb 00        		.string	""
 238 00ec 00        		.string	""
 239 00ed 5553 425F 		.string	"USB_INT_ClearAllInterrupts"
 239      494E 545F 
 239      436C 6561 
 239      7241 6C6C 
 239      496E 7465 
 240 0108 00        		.string	""
 241 0109 0200      		.string	"\002"
 242 010b 00        		.string	""
 243 010c 00        		.string	""
 244 010d 00        		.string	""
 245 010e 00        		.string	""
 246 010f 00        		.string	""
 247 0110 00        		.string	""
 248 0111 00        		.string	""
 249 0112 00        		.string	""
 250 0113 B000      		.string	"\260"
 251 0115 00        		.string	""
 252 0116 00        		.string	""
 253 0117 5553 425F 		.string	"USB_INT_DisableAllInterrupts"
 253      494E 545F 
 253      4469 7361 
 253      626C 6541 
 253      6C6C 496E 
 254 0134 00        		.string	""
 255 0135 0200      		.string	"\002"
 256 0137 00        		.string	""
 257 0138 00        		.string	""
 258 0139 00        		.string	""
 259 013a 00        		.string	""
 260 013b 00        		.string	""
 261 013c 00        		.string	""
 262 013d 00        		.string	""
 263 013e 00        		.string	""
 264 013f B200      		.string	"\262"
 265 0141 00        		.string	""
 266 0142 00        		.string	""
 267               		.text
 268               		.section	.gnu.lto_.opts,"",@progbits
 269 0000 272D 666E 		.string	"'-fno-trapv' '-mmcu=atmega16u2' '-gdwarf-2' '-O3' '-funsigned-char' '-fpack-struct' '-fno
 269      6F2D 7472 
 269      6170 7627 
 269      2027 2D6D 
 269      6D63 753D 
 270               		.text
 271               		.comm	__gnu_lto_v1,1,1
 272               		.comm	__gnu_lto_slim,1,1
 273               		.ident	"GCC: (GNU) 4.9.2 20141224 (prerelease)"
DEFINED SYMBOLS
                            *ABS*:0000000000000000 USBController.c
     /tmp/ccvGYcDV.s:2      *ABS*:000000000000003e __SP_H__
     /tmp/ccvGYcDV.s:3      *ABS*:000000000000003d __SP_L__
     /tmp/ccvGYcDV.s:4      *ABS*:000000000000003f __SREG__
     /tmp/ccvGYcDV.s:5      *ABS*:0000000000000000 __tmp_reg__
     /tmp/ccvGYcDV.s:6      *ABS*:0000000000000001 __zero_reg__
                            *COM*:0000000000000001 __gnu_lto_v1
                            *COM*:0000000000000001 __gnu_lto_slim

NO UNDEFINED SYMBOLS
