   1               		.file	"USBInterrupt.c"
   2               	__SP_H__ = 0x3e
   3               	__SP_L__ = 0x3d
   4               	__SREG__ = 0x3f
   5               	__tmp_reg__ = 0
   6               	__zero_reg__ = 1
   7               		.text
   8               	.Ltext0:
   9               		.section	.gnu.lto_.profile.f29159d3def237c,"",@progbits
  10 0000 789C 6366 		.string	"x\234cf```e\200"
  10      6060 6065 
  10      8000 
  11 000a 4686 3D8C 		.string	"F\206=\214\225"
  11      9500 
  12 0010 0339 0140 		.ascii	"\0039\001@"
  13               		.text
  14               		.section	.gnu.lto_.jmpfuncs.f29159d3def237c,"",@progbits
  15 0000 789C 6366 		.string	"x\234cf\300\016B\2404\013\0203200\201\330\314L\037\231\030\357?9\177\221\343\005\323O\220
  15      C00E 42A0 
  15      340B 1033 
  15      3230 3081 
  15      D8CC 4C1F 
  16 0046 00        		.string	""
  17 0047 7913 1474 		.ascii	"y\023\024t"
  18               		.text
  19               		.section	.gnu.lto_.inline.f29159d3def237c,"",@progbits
  20 0000 789C 6366 		.string	"x\234cf\300\016*\2414\013\02013201]\340g`[ \317\004\022c\304\024bbx\306`\r\244\2660~9\305
  20      C00E 2AA1 
  20      340B 1031 
  20      3332 3031 
  20      5DE0 6760 
  21 0046 00        		.string	""
  22 0047 192B 0B80 		.ascii	"\031+\013\200"
  23               		.text
  24               		.section	.gnu.lto_.pureconst.f29159d3def237c,"",@progbits
  25 0000 789C 6366 		.string	"x\234cf``\340d\200"
  25      6060 E064 
  25      8000 
  26 000a 1606 2946 		.string	"\026\006)F)&)\026+"
  26      2926 2916 
  26      2B00 
  27 0014 02E7 00   		.string	"\002\347"
  28 0017 A0        		.ascii	"\240"
  29               		.text
  30               		.section	.gnu.lto_USB_INT_DisableAllInterrupts.f29159d3def237c,"",@progbits
  31 0000 789C 6366 		.string	"x\234cf\300\004R@|\035\210e\201\230\221\231\201\221i\3029\006\206F\016&FF\020\203\201\221
  31      C004 5240 
  31      7C1D 8865 
  31      8198 9199 
  31      8191 69C2 
  32 004a AAF9 D8F2 		.string	"\252\371\330\362\367:7[\013P\215"
  32      F73A 375B 
  32      0B50 8D00 
  33 0056 448E 7105 		.string	"D\216q\005#\033#\220^/t\240\341\377\377\317K\017^\001\332\302\360\004(\0052\377)\023\023\
  33      231B 2390 
  33      5E2F 74A0 
  33      E1FF FFCF 
  33      4B0F 5E01 
  34 00bb 5AC3 B806 		.string	"Z\303\270\006(s\217\261\361\300UV\220\361 \307>\001\032\004\264\025()\035\032\354\244\353
  34      2873 8FB1 
  34      F1C0 5556 
  34      90F1 20C7 
  34      3E01 1A04 
  35 00ee 00        		.string	""
  36 00ef 69DE 59A8 		.ascii	"i\336Y\250"
  37               		.text
  38               		.section	.gnu.lto_USB_INT_ClearAllInterrupts.f29159d3def237c,"",@progbits
  39 0000 789C 6366 		.string	"x\234cf\300\004R@|\003\210e\201\230\221\231\201\221i\3029\006\206F\016&FF\020\203\201\221
  39      C004 5240 
  39      7C03 8865 
  39      8198 9199 
  39      8191 69C2 
  40 004a AAF9 D8F2 		.string	"\252\371\330\362\367:7[\013P\215"
  40      F73A 375B 
  40      0B50 8D00 
  41 0056 448E 7105 		.string	"D\216q\005#\033#\220^/t\240\341\377\377\317\333\016Nacf`x\002\224\002\231\377\224\211\tD3
  41      231B 2390 
  41      5E2F 74A0 
  41      E1FF FFCF 
  41      DB0E 4E61 
  42 009d 719F 5DFA 		.string	"q\237]\372\332\3177\227qvcK\343\001\240 \023\343JF)\306U\214@\2570\256f\234\313\210\254\0
  42      DACF 3797 
  42      7176 634B 
  42      E301 A020 
  42      13E3 4A46 
  43 00f2 00        		.string	""
  44 00f3 E277 5A34 		.ascii	"\342wZ4"
  45               		.text
  46               		.section	.gnu.lto___vector_11.f29159d3def237c,"",@progbits
  47 0000 789C 8D58 		.string	"x\234\215XkPU\327\025>k\237\373\342\336\013\367\nJ+\022`\302\304\307\250\350\2178:\261\32
  47      6B50 55D7 
  47      153E 6B9F 
  47      FBE2 DE0B 
  47      F70A 4A2B 
  48 00c5 A7BC 708A 		.string	"\247\274p\212H~\357\342\367\221\"\212\035p\261\003Q\340\222F.\341\276:\013\037G\237J\300\
  48      487E EFE2 
  48      F791 228A 
  48      1D70 B103 
  48      51E0 9246 
  49 00f4 74A1 8092 		.string	"t\241\200\222%T\223\331b\265\305D\330\035\316\310(\227{\\4d\2516\271\020Y\337\213n\001\00
  49      2554 93D9 
  49      62B5 C544 
  49      D81D CEC8 
  49      2897 7B5C 
  50 014d 6550 800D 		.string	"eP\200\rAD\020\330\t\034\004N\202H\002\027\201\233 \232 \206`\002A,\301D\2028\202I\004\36
  50      4144 10D8 
  50      091C 044E 
  50      8248 0217 
  50      819B 209A 
  51 01f5 C4C1 E710 		.ascii	"\304\301\347\020\207\313|\020\366\200r\023r\037[$\327+\222\356"
  51      87CB 7C10 
  51      F680 7213 
  51      721F 5B24 
  51      D72B 92EE 
  52 0209 C29E FB47 		.ascii	"\302\236\373GM4\\\200\002ehy\r\2747rc5\0334\310\376\364d\276"
  52      4D34 5C80 
  52      0265 6879 
  52      0DBC 3772 
  52      6335 1B34 
  53 0222 950D 90E4 		.ascii	"\225\r\220\344\013\242\302\237vT\313\213\222\336\365\231\245"
  53      0BA2 C29F 
  53      7654 CB8B 
  53      92DE F599 
  53      A5
  54 0233 B11D 8D9B 		.ascii	"\261\035\215\233k\316l\223\316\334a\347>\356\250\377\002\002"
  54      6BCE 6C93 
  54      CEDC 61E7 
  54      3EEE A8FF 
  54      0202 
  55 0245 DE1C F27B 		.ascii	"\336\034\362{sX\347M\004\216\017\310?\024\332\323 A\223\262\325"
  55      7358 E74D 
  55      048E 0FC8 
  55      3F14 DAD3 
  55      2041 93B2 
  56 025a 2405 9B77 		.ascii	"$\005\233wk\203\234F\363=\242S\210\224\366;v|\2717\212<\204!"
  56      6B83 9C46 
  56      F33D A253 
  56      8894 F63B 
  56      767C B937 
  57 0272 9C70 399A 		.ascii	"\234p9\232\"g!\220\215\021\333QdC\016\205\035\350\230$)]F3<\246"
  57      2267 2190 
  57      8D11 DB51 
  57      6443 0E85 
  57      1DE8 9824 
  58 028c D377 A37D 		.ascii	"\323w\243}\210\336\250\243\277d=\267\324\353\321\364\242\215"
  58      88DE A8A3 
  58      BF64 3DB7 
  58      D4EB D1F4 
  58      A28D 
  59 029e 46FC 43D3 		.ascii	"F\374C\323\353\323\364b\244\375\305;\217{\235\034>\267\002\377"
  59      EBD3 F462 
  59      A4FD C53B 
  59      8F7B 9D1C 
  59      3EB7 02FF 
  60 02b2 1CAB FC71 		.ascii	"\034\253\374q\226\217\221\362\003\271\215\033GTn\313\346\236"
  60      968F 91F2 
  60      03B9 8D1B 
  60      4754 6ECB 
  60      E69E 
  61 02c4 9F73 DDF6 		.ascii	"\237s\335\366\n\320\3274|\005\026$8A.\274F\351Y\373\355{\026"
  61      0AD0 D734 
  61      7C05 1624 
  61      3841 2EBC 
  61      46E9 59FB 
  62 02db CE88 26B6 		.ascii	"\316\210&\266-n\316\233F\212E\3316\222\254\360K\236\364\371\277"
  62      2D6E CE9B 
  62      468A 45D9 
  62      3692 ACF0 
  62      4B9E F4F9 
  63 02f0 85F4 24C1 		.ascii	"\205\364$\3012\311q\342P\337%\007\317!I\201S\3769\234\3409\214"
  63      32C9 71E2 
  63      50DF 2507 
  63      CF21 4981 
  63      53FE 399C 
  64 0307 4A78 9AE7 		.ascii	"Jx\232\347\260\214\214\273\n\036\230G\316\240\275g\2526\003\021"
  64      B08C 8CBB 
  64      0A1E 9847 
  64      CEA0 BD67 
  64      AA36 0311 
  65 031b 3283 7FF1 		.ascii	"2\203\177\361\f\316H\366\366\332z`\367_%\273\236J\357\005"
  65      0CCE 48F6 
  65      F6DA 7A60 
  65      F75F 25BB 
  65      9E4A EF05 
  66 032f 6B90 5AA5 		.string	"k\220Z\245_\355,\252\005W#\2664\250\222\256v\035\271Wn\326V\274\274v\337%Y\275\277$\276\3
  66      5FED 2CAA 
  66      0557 23B6 
  66      34A8 92AE 
  66      761D B957 
  67 0430 3964 398E 		.string	"9d9\216\362\265\337\246s\027\037\355Se\\\226\373\343\322\206\335"
  67      F2B5 DFA6 
  67      7317 1FED 
  67      5365 5C96 
  67      FBE3 D286 
  68 0446 0F23 D08E 		.ascii	"\017#\320\216[\262\214\017.W\253\2761T?\3655\006K\210\207\365"
  68      5BB2 8C0F 
  68      2E57 ABBE 
  68      3154 3FF5 
  68      3506 4B88 
  69 045c EC61 03D1 		.ascii	"\354a\003\321>gT\267W\003\016"
  69      3E67 54B7 
  69      5703 0E
  70 0467 22BF 1CB0 		.string	"\"\277\034\260B\216\2518\325pEF\3556\256\3045\377\n7\030w\202\353\274\300+d\214?x\274J\31
  70      428E A938 
  70      D570 4546 
  70      ED36 AEC4 
  70      35FF 0A37 
  71 0568 BFAF 09CF 		.string	"\277\257\t\317\b\022\210\362\237\266\316\037\320\006\3152\232\320=\235\302li\177\270\247\
  71      0812 88F2 
  71      9FB6 CE1F 
  71      D006 CD32 
  71      9AD0 3D9D 
  72 0588 57EB FE58 		.string	"W\353\376X\353\345{\216\322l\271y^:j\375\351\270v\310\266~\245\345\334v>\355"
  72      EBE5 7B8E 
  72      D26C B979 
  72      5E3A 6AFD 
  72      E9B8 76C8 
  73 05a5 76E0 1F58 		.ascii	"v\340\037X.\247\253+\300\020>\035\365\371\327\351\317\277\007"
  73      2EA7 AB2B 
  73      C010 3E1D 
  73      F5F9 D7E9 
  73      CFBF 07
  74 05b8 BA5D 9D12 		.ascii	"\272]\235\022\343\241o\267x\350[\231\027\215\346\362\243ne\346"
  74      E3A1 6FB7 
  74      78E8 5B99 
  74      178D E6F2 
  74      A36E 65E6 
  75 05cc A0FD D8CF 		.ascii	"\240\375\330\317\235]\274\022s\264s\3404I1\327(\326\335:\275"
  75      9D5D BC12 
  75      73B4 73E0 
  75      3449 31D7 
  75      28D6 DD3A 
  76 05e1 7968 3FF6 		.ascii	"yh?\366sg\017\353\315\223zO4\275\227\214F\364\352:\307|\264\037"
  76      7367 0FEB 
  76      CD93 7A4F 
  76      34BD 978C 
  76      46F4 EA3A 
  77 05f9 FB41 B38F 		.ascii	"\373A\263\217\365\346s=\326\333G\253G\374\316\204GZ=^\007\241"
  77      F5E6 733D 
  77      D6DB 47AB 
  77      47FC CE84 
  77      475A 3D5E 
  78 060f 9156 546D 		.ascii	"\221VTm\267\252\363\371T\371\241\267\372CS\362>OANK\376\337\335"
  78      B7AA F3F9 
  78      54F9 A1B7 
  78      FA43 53F2 
  78      3E4F 414E 
  79 0627 2D9E 02FC 		.ascii	"-\236\002\374\224\314\032\0246\350\007\025\2772aF\034L\213\323"
  79      94CC 1A14 
  79      36E8 0715 
  79      BF32 6146 
  79      1C4C 8BD3 
  80 063b 3EDB 3115 		.ascii	">\3331\025\223\203cJ\344\217\321\231\353\220S\331P\343\363x\340"
  80      9383 634A 
  80      E48F D199 
  80      EB90 53D9 
  80      50E3 F378 
  81 0650 4C5E BE43 		.ascii	"L^\276C]\310\354\247[K\257E\204c\037\f\303\376\004\222\303\320"
  81      5DC8 ECA7 
  81      5B4B AF45 
  81      8463 1F0C 
  81      C3FE 0492 
  82 0666 5597 B57E 		.ascii	"U\227\265~\342T\2270]\327\215\232^5\034\335\3230t\377\013K\327"
  82      E254 9730 
  82      5DD7 8D9A 
  82      5E35 1CDD 
  82      D330 74FF 
  83 067d 545B 3E41 		.ascii	"T[>A\375\r\263\371\017\370\021n%\370\fb\347\203m\305\275-\215"
  83      FD0D B3F9 
  83      0FF8 116E 
  83      25F8 0C62 
  83      E783 6DC5 
  84 0694 7ED7 C7FB 		.ascii	"~\327\307\373\265\034\360Lj\ra$\206\301\257\346\021\2644M\373"
  84      B51C F04C 
  84      6A0D 6124 
  84      86C1 AFE6 
  84      11B4 344D 
  85 06a9 3A77 F221 		.ascii	":w\362!\325\201m([\350\305K\3677>r\250o\262zgKeV\270\251\344"
  85      D581 6D28 
  85      5BE8 C54B 
  85      F737 3E72 
  85      A86F B27A 
  86 06c4 88D0 A9E4 		.ascii	"\210\320\251\344\n\377T\244\253\0377nu\252\277c\236\343\336\343"
  86      0AFF 54A4 
  86      AB1F 376E 
  86      75AA BF63 
  86      9EE3 DEE3 
  87 06d8 9B2D 4CD4 		.ascii	"\233-L\324U\323Z\021{x\253\207\311\022\207Ur\326+\3029\273\031"
  87      55D3 5A11 
  87      7B78 AB87 
  87      C912 8755 
  87      72D6 2BC2 
  88 06ef F97C DE95 		.ascii	"\371|\336\225\034\353f\236\007m\035E.\365\035\276>\371\303\231"
  88      1CEB 669E 
  88      076D 1D45 
  88      2EF5 1DBE 
  88      3EF9 C399 
  89 0703 12E2 F4E4 		.ascii	"\022\342\364\344x\274\236\331\336\226\341\341D\252\356-a\\\373"
  89      78BC 9ED9 
  89      DE96 E1E1 
  89      44AA EE2D 
  89      615C FB
  90 0716 0B52 3DD4 		.ascii	"\013R=\324V\371\3101\036}\256\270c\275\232\003|]\370Q\341\021"
  90      56F9 C831 
  90      1E7D AEB8 
  90      63BD 9A03 
  90      7C5D F851 
  91 072c 8D69 B39F 		.ascii	"\215i\263\237\311\tya\335\372\353\3105t\342\032n\025\332\254"
  91      C909 7961 
  91      DDFA EBC8 
  91      3574 E21A 
  91      6E15 DAAC 
  92 0740 E965 D09D 		.ascii	"\351e\320\235O\366\026l\251\354=6Mw\334\373|\"/\031\306\204\263"
  92      4FF6 166C 
  92      A9EC 3D36 
  92      4D77 DCFB 
  92      7C22 2F19 
  93 0757 8012 0B53 		.ascii	"\200\022\013SW;_E\204\234\257\266\321n\n\371\"\264\202\"{\361"
  93      573B 5F45 
  93      849C AFB6 
  93      D16E 0AF9 
  93      22B4 8222 
  94 076d E39A 5EC3 		.ascii	"\343\232^\303\337\304&Nv\352\364tB\035\304F\317\245^5]V\357\313"
  94      DFC4 264E 
  94      76EA F474 
  94      421D C446 
  94      CFA5 5E35 
  95 0785 F42F 819E 		.ascii	"\364/\201\236]m\234Bj\027\317\376rA\331\2209P\274\357\n_\361"
  95      5D6D 9C42 
  95      6A17 CFFE 
  95      7241 D990 
  95      3950 BCEF 
  96 079c 6E17 234B 		.ascii	"n\027#K\177\001\216\347m%\270\364G\035] \250\364\027p\351\367"
  96      7F01 8EE7 
  96      6D25 B8F4 
  96      471D 5D20 
  96      A8F4 1770 
  97 07b2 8F5A FA0E 		.ascii	"\217Z\372\016\264\334!\002\3377\256\300N{P\333i\027\0315\320"
  97      B4DC 2102 
  97      DF37 AEC0 
  97      4E7B 50DB 
  97      6917 1935 
  98 07c7 4231 B21D 		.ascii	"B1\262\035\246H\373\212\302"
  98      A648 FB8A 
  98      C2
  99 07d0 6F8A 7963 		.ascii	"o\212yc\302\017\txO\214\334iS\2026B\267R4N\352\335\322v\332\305"
  99      C20F 0978 
  99      4F8C DC69 
  99      5382 3642 
  99      B752 344E 
 100 07ea 46FD AC48 		.ascii	"F\375\254H'\227\212\366\001\376;\332N\233\032$0Ni\262h;m\231"
 100      2797 8AF6 
 100      01FE 3BDA 
 100      4E9B 1A24 
 100      304E 69B2 
 101 0802 3668 89D1 		.ascii	"6h\211\321\204\336\327),\225\366\237U\337;\313\371\206]D\201"
 101      84DE D729 
 101      2C95 F69F 
 101      55DF 3BCB 
 101      F986 5D44 
 102 0817 9D62 8CFB 		.ascii	"\235b\214\373\313\007\034\204\245\034\204\"\307hAp\242eqP\020"
 102      CB07 1C84 
 102      A51C 8422 
 102      C768 4170 
 102      A265 7150 
 103 082c A229 08CD 		.ascii	"\242)\b\315\220]Y\362k\036\302\2471\300\207\270\241N\372\355"
 103      905D 59F2 
 103      6B1E C2A7 
 103      31C0 87B8 
 103      A14E FAED 
 104 0840 EB0B 67A6 		.ascii	"\353\013g\246f\254\376sZ\306\206Yx\375jzfZF\306\306\365\231)"
 104      66AC FE73 
 104      5AC6 8659 
 104      78FD 6A7A 
 104      665A 46C6 
 105 0858 AB94 78DD 		.ascii	"\253\224x\335\273E\353\32233\326\255]\233\226\221\362\226bY\261"
 105      BB45 EBD2 
 105      3333 D6AD 
 105      5D9B 9691 
 105      F296 6259 
 106 086d F18F BF4F 		.ascii	"\361\217\277O\3130\275\361\366\372\264\210\324\325\031i\2532"
 106      CB30 BDF1 
 106      F6FA B488 
 106      D4D5 1969 
 106      AB32 
 107 087f 57AF 4B37 		.ascii	"W\257K7\275\276\372\2354\363\302\225\351k6\230\027\276\235\231"
 107      BDBE FA9D 
 107      34F3 C295 
 107      E96B 3698 
 107      17BE 9D99 
 108 0893 B6E1 67C1 		.ascii	"\266\341g\301\034\213\323\377\260~\335\352\364L\034n]\276r\303"
 108      1C8B D3FF 
 108      B07E DDEA 
 108      F44C 1C6E 
 108      5DBE 72C3 
 109 08a7 9A37 57AE 		.ascii	"\2327W\256\265/z+m\325\0326\375?\311\001\020\304"
 109      B52F 7A2B 
 109      6DD5 1A36 
 109      FD3F C901 
 109      10C4 
 110               		.text
 111               		.section	.gnu.lto___vector_12.f29159d3def237c,"",@progbits
 112 0000 789C 9555 		.string	"x\234\225UmL[e\024~\317{o?X\213\024?bD#K\370\261it\230\370\333\375\320-\306?:\235\376nj\2
 112      6D4C 5B65 
 112      147E CF7B 
 112      6F3F 588B 
 112      143F 6244 
 113 0095 E89C 012B 		.string	"\350\234\001+\346\222\254\203b.k\2003\374\032\207\352\300\241=\246\r\r\252\252\316~=\357W
 113      E692 AC83 
 113      622E 6B80 
 113      33FC 1A87 
 113      EAC0 A13D 
 114 010a 3FB0 AF6D 		.string	"?\260\257mP\257\201\317\004-a\265Z\215\307\213\t\372\320rhh\201\254\266\007\003(\021\271\
 114      50AF 81CF 
 114      042D 61B5 
 114      5A8D C78B 
 114      09FA D072 
 115 01aa 0383 2328 		.ascii	"\003\203#(}\001|\302)\301\033\261\210'\234^P\270\276\256r:Mz"
 115      7D01 7CC2 
 115      29C1 1BB1 
 115      8827 9C5E 
 115      50B8 BEAE 
 116 01c2 4318 8F37 		.ascii	"C\030\2177\1771\315\221\300j_x\264\351.\201:\370~\005\002; k"
 116      7F31 CD91 
 116      C06A 5F78 
 116      B4E9 2E81 
 116      3AF8 7E05 
 117 01da B1BF 3A3C 		.ascii	"\261\277:<:\212\266\220\223\272\356\276\361]\206\245\234\234"
 117      3A8A B690 
 117      93BA EEBE 
 117      F15D 86A5 
 117      9C9C 
 118 01ec 8CA6 9346 		.ascii	"\214\246\223F\202\026\276\214\226c\202\226N\341\322\352Awa\320"
 118      8216 BE8C 
 118      9663 8296 
 118      4EE1 D2EA 
 118      4177 61D0 
 119 0200 492B 7315 		.ascii	"I+s\025\267^ \264('\235\340\365\372)I\3606"
 119      B75E 20B4 
 119      2827 9DE0 
 119      F5FA 2949 
 119      F036 
 120 0212 2B42 19AC 		.string	"+B\031\254n\271\255#\f?\020D\367\035\210\236$ozM\331\240\351\267]o\031\320\223\276\034\30
 120      6EB9 AD23 
 120      0C3F 1044 
 120      F71D 889E 
 120      246F 7A4D 
 121 0313 0424 339C 		.ascii	"\004$3\234R\022\336ZD\027G1\272\363\340\277(\221 \276\320\340"
 121      5212 DE5A 
 121      4417 4731 
 121      BAF3 E0BF 
 121      2891 20BE 
 122 0329 69EC AD34 		.ascii	"i\354\2554P\334\344\322i\241\306\376\002\272\031\256o,\321\272"
 122      50DC E4D2 
 122      69A1 C6FE 
 122      02BA 19AE 
 122      6F2C D1BA 
 123 033d 0513 7F06 		.ascii	"\005\023\177\0062\270\340E\"X\0355y\302k\224\034\255\251\351"
 123      32B8 E045 
 123      2258 1D35 
 123      79C2 6B94 
 123      1CAD A9E9 
 124 0351 346F 6C24 		.ascii	"4ol$~bM\265\353\345\030OI6\303\257\260\221\214\034l\n\222\353"
 124      7E62 4DB5 
 124      EBE5 184F 
 124      4936 C3AF 
 124      B091 8C1C 
 125 0369 2830 F372 		.ascii	"(0\363r\214\257\023i\240\260\3407\f@\270\207RjsE\257Aj\007\255"
 125      8CAF 1369 
 125      A0B0 E037 
 125      0C40 B887 
 125      526A 7345 
 126 0382 1626 6F46 		.ascii	"\026&oF\314d\335$\356\352C\3237D\031\233E\213\\i\257\351\222"
 126      CC64 DD24 
 126      EEEA 43D3 
 126      3744 199B 
 126      458B 5C69 
 127 0399 4509 CC7E 		.ascii	"E\t\314~\330\360\345\023\245j\273Z\036\300:\300*L\201A\255\020"
 127      D8F0 E513 
 127      A56A BB5A 
 127      1EC0 3AC0 
 127      2A4C 8141 
 128 03af 86B0 18CF 		.ascii	"\206\260\030\317\302\235\266\034F\223\350\r\345\265?\376\310"
 128      C29D B61C 
 128      4693 E80D 
 128      E5B5 3FFE 
 128      C8
 129 03c0 B2AC D27D 		.ascii	"\262\254\322}\"\263\272e\231='r:\242e\266c\315\314\376.2{\036"
 129      22B3 BA65 
 129      993D 2772 
 129      3AA2 65B6 
 129      63CD CCFE 
 130 03d8 33AB 15D1 		.ascii	"3\253\025\321\300\353I\335\3565u/\b\335\220\250\n\237%A\360\335"
 130      C0EB 49DD 
 130      EE35 752F 
 130      08DD 90A8 
 130      0A9F 2541 
 131 03ee F943 DF93 		.ascii	"\371C\337\223E_\207\225'\320\037\030\352\375F\316|:\211\254:"
 131      455F 8795 
 131      27D0 1F18 
 131      EAFD 46CE 
 131      7C3A 89AC 
 132 0403 722E 0A5F 		.ascii	"r.\n_G\327\0309\227\226\216\234\315\332\3240\337o(\214%F\314"
 132      47D7 1839 
 132      9796 8E9C 
 132      CDDA D430 
 132      DF6F 288C 
 133 041a 8DC4 8849 		.ascii	"\215\304\210I\325\344\017|Z\327\242\023%hd0\376_'\314\204\230"
 133      D5E4 0F7C 
 133      5AD7 A213 
 133      2568 6430 
 133      FE5F 27CC 
 134 0430 30A9 8B26 		.ascii	"0\251\213&\366\377\232\322\227\251\033,\253QTz;\235$V\245(,("
 134      F6FF 9AD2 
 134      97A9 1B2C 
 134      AB51 547A 
 134      3B9D 2456 
 135 0448 FA73 0D8A 		.ascii	"\372s\r\212&\205\213\0266\001\336@\3445m\344\320\247\022\260"
 135      2685 8B16 
 135      3601 DE40 
 135      E435 6DE4 
 135      D0A7 12B0 
 136 045c 7D30 D78F 		.ascii	"}0\327\217\277\265\375\305g\267\270\034E\212\2530\033\367\257"
 136      BFB5 FDC5 
 136      67B7 B81C 
 136      458A AB30 
 136      1BF7 AF
 137 046f E4B9 1597 		.ascii	"\344\271\025\227\313S\340\336dg\017os)E\333\025\247bw+9[\363"
 137      CB53 E0DE 
 137      6467 0F6F 
 137      7329 45DB 
 137      15A7 6277 
 138 0487 720A F21D 		.ascii	"r\n\362\035yn\275\325\372f\376\226\374G\027\353%\3576\275\313"
 138      796E BDD5 
 138      FA66 FE96 
 138      FC47 17EB 
 138      25EF 36BD 
 139 049c 1E48 EE5F 		.ascii	"\036H\356_\365\344\276\255\270R\n]\312;\326B[\221b\262Z\355N"
 139      F5E4 BEAD 
 139      B852 0A5D 
 139      CA3B D642 
 139      5B91 62B2 
 140 04b3 C596 E729 		.ascii	"\305\226\347)\260Zq\357x\311\351\330fs\331r3\263=\205\256l[\221"
 140      B05A 71EF 
 140      78C9 E9D8 
 140      6673 D972 
 140      33B3 3D85 
 141 04cb 2BDB 9167 		.ascii	"+\333\221gwzr\224l\217\333\341\314\266\271\363s\035v\004\224"
 141      777A 7294 
 141      6C8F DBE1 
 141      CCB6 B9F3 
 141      731D 7604 
 142 04e0 0B15 0733 		.ascii	"\013\025\0073\344*\271\371\256\035L\262Z\013e\273\323\201U\374"
 142      E42A B9F9 
 142      AE1D 4CB2 
 142      5A0B 65BB 
 142      D381 55FC 
 143 04f4 2F85 2C0B 		.ascii	"/\205,\013v"
 143      76
 144               		.text
 145               		.section	.gnu.lto_.symbol_nodes.f29159d3def237c,"",@progbits
 146 0000 789C 55C8 		.string	"x\234U\310;\n\302`\020E\341\223\231\274m\\\207{pm\223\"\013\260\266\020\213lC\360\235h\30
 146      3B0A C260 
 146      1045 E193 
 146      99BC 6D5C 
 146      877B 706D 
 147 0039 3326 D318 		.ascii	"3&\323\030Y`\336_Xb\362\013\2476\004\033\350\033\262\302\324"
 147      5960 DE5F 
 147      5862 F20B 
 147      A736 041B 
 147      E81B B2C2 
 148 004e EDDE 0EF3 		.ascii	"\355\336\016\363?\201,k]a\201\353=\026\272.\261\310\365\026\213"
 148      3F81 2C6B 
 148      5D61 81EB 
 148      3D16 BA2E 
 148      B1C8 F516 
 149 0063 5DAF B1C4 		.ascii	"]\257\261\304u\215\245\216UR\212\372(*\t\315\370\251*1\371\271"
 149      758D A58E 
 149      5552 8AFA 
 149      282A 09CD 
 149      F8A9 2A31 
 150 0079 1AA8 4434 		.ascii	"\032\250D4\327\356C\232[\367\001\305\3752T\277G^\276f\001o\241"
 150      D7EE 439A 
 150      5BF7 01C5 
 150      FD32 54BF 
 150      475E BE66 
 151 0090 7A46 9A   		.ascii	"zF\232"
 152               		.text
 153               		.section	.gnu.lto_.refs.f29159d3def237c,"",@progbits
 154 0000 789C 6366 		.string	"x\234cf``\340d\200"
 154      6060 E064 
 154      8000 
 155 000a 2626 0666 		.string	"&&\006f}Ff;\006"
 155      7D46 663B 
 155      0600 
 156 0014 0295 00   		.string	"\002\225"
 157 0017 85        		.ascii	"\205"
 158               		.text
 159               		.section	.gnu.lto_.decls.f29159d3def237c,"",@progbits
 160 0000 789C 8D56 		.string	"x\234\215V}PSW\026\177\367\275@B\b\3408.8\261\355\322\351\254\263;\343\226qgv\247\263\377
 160      7D50 5357 
 160      167F F7BD 
 160      4042 08E0 
 160      382E 38B1 
 161 008b 8966 E813 		.string	"\211f\350\023\016R\tR\215}@\232@\316\201\264\202\\\006\271\002r\r\244\033\244\007\004`\23
 161      0E52 0952 
 161      8D7D 409A 
 161      40CE 81B4 
 161      825C 06B9 
 162 00cb 390E E201 		.string	"9\016\342\001)\227\342\212\004\321\201\f\202\334\007y"
 162      2997 E28A 
 162      04D1 810C 
 162      82DC 0779 
 162      00
 163 00dc D229 E144 		.ascii	"\322)\341DHX^\220GRL\343 \223 /\2448q\274,\242\261\267J\271\230"
 163      4858 5E90 
 163      4752 4CE3 
 163      2093 202F 
 163      A438 71BC 
 164 00f7 2FE6 2609 		.ascii	"/\346&\t/^Z[\346\324/\361\320\241Y~\021\210r\224\271\341'T\302"
 164      2F5E 5A5B 
 164      E6D4 2FF1 
 164      D0A1 597E 
 164      1188 7294 
 165 0110 5808 7331 		.ascii	"X\bs1 zD\363\373\006z5\376q\026\035*\270sM\273\354\250(\212\231"
 165      207A 44F3 
 165      FB06 7A35 
 165      FE71 161D 
 165      2AB8 734D 
 166 012a A24B 33AB 		.ascii	"\242K3\253w|s\332\251\036bQ\264\226\fs:\n\23382\364!<\336\333"
 166      777C 73DA 
 166      A91E 6251 
 166      B496 0C73 
 166      3A0A 9B38 
 167 0144 D553 ABE2 		.ascii	"\325S\253\342\302\360;\353\273pf&\n-\325\036\006\220\261\262"
 167      C2F0 3BEB 
 167      BB70 6626 
 167      0A2D D51E 
 167      0690 B1B2 
 168 0158 6719 31A2 		.ascii	"g\0311\242\310\242r\244EG\021\207J\3202\034(\206\301O\246(\246"
 168      C8A2 72A4 
 168      4547 1187 
 168      4AD0 321C 
 168      2886 C14F 
 169 016f 8AEE 4CB7 		.ascii	"\212\356L\267\003!\006-\323\243\337\350\031t\f-\205yb\211J\221"
 169      0321 062D 
 169      D3A3 DFE8 
 169      1974 0C2D 
 169      8579 6289 
 170 0185 1E95 213D 		.ascii	"\036\225!=^\242\272\243\361\231F+9\264\374\224\003\252@ZpJ\367"
 170      5EA2 BAA3 
 170      F199 462B 
 170      39B4 FC94 
 170      03AA 405A 
 171 019c 9EAA 0A8B 		.ascii	"\236\252\n\213\311\007&\242[\024\0273(>Z\362b\320q\024\003\277"
 171      C907 26A2 
 171      5B14 1733 
 171      283E 5AF2 
 171      62D0 7114 
 172 01b2 1FAB 6880 		.ascii	"\037\253h\200\345\r;nh\271e$\232\233\215\267\275(\366k\321U9"
 172      E50D 3B6E 
 172      68B9 6524 
 172      9A9B 8DB7 
 172      BD28 F66B 
 173 01c9 B6EF DC2E 		.ascii	"\266\357\334.n\273X)\212>\337V\342\202N\370\243`\360;-\250J\024"
 173      6EBB 5829 
 173      8A3E DF56 
 173      E282 4EF8 
 173      A360 F03B 
 174 01e1 0B7E C727 		.ascii	"\013~\307'wM\206p<\301\330=\323\271\210@\270F\262\305X\2078\355"
 174      774D 8670 
 174      3CC1 D83D 
 174      D3B9 8840 
 174      B846 B2C5 
 175 01f9 F371 C4BF 		.ascii	"\363q\304\277J\341_%\373W\023\377\362]GRu\234\210(\t\307\310"
 175      4AE1 5F25 
 175      FB57 13FF 
 175      F25D 4752 
 175      759C 8828 
 176 0210 888E 73D2 		.ascii	"\210\216s\322\301\275\306\234\374\b.\217\016\246\217\212\217"
 176      C1BD C69C 
 176      FC08 2E8F 
 176      0EA6 8F8A 
 176      8F
 177 0221 B55C 091D 		.ascii	"\265\\\t\035\354\310)*\b\341\312\351 +gpB\255b\031TK\200A\223"
 177      ECC8 292A 
 177      08E1 CAE9 
 177      202B 6770 
 177      42AD 6219 
 178 023a 5BD8 D08C 		.ascii	"[\330\320\214\260\346?\240AuH\205\225\205\342\376\342p\254\254"
 178      B0E6 3FA0 
 178      4175 4885 
 178      9585 E2FE 
 178      E270 ACAC 
 179 024e C1CA 5354 		.ascii	"\301\312ST\331Zp\332\035\212\225\337be=U\356\033w\216\252I\030"
 179      D95A 70DA 
 179      1D8A 95DF 
 179      6265 3D55 
 179      EE1B 778E 
 180 0265 1EE7 A13C 		.ascii	"\036\347\241<\021yD\361\245\317\347`I$'\345H\320i\260\306C\032"
 180      1179 44F1 
 180      A5CF E760 
 180      4924 27E5 
 180      48D0 69B0 
 181 027c 4C03 0966 		.ascii	"L\003\tft\244\253)\234;\371\363\210\235\231\217\330Y\252<}\261"
 181      74A4 AB29 
 181      9C3B F9F3 
 181      889D 998F 
 181      D859 AA3C 
 182 0292 392B 9CA6 		.ascii	"9+\234\246\262\257\304\241)\020\335>\337\331?\021\006\215~\006"
 182      B2AF C4A1 
 182      2910 DD3E 
 182      DFD9 3F11 
 182      068D 7E06 
 183 02a6 6ECC A051 		.ascii	"n\314\240Qf\320D\030\\L\313\310Vqg)\203\372\274\364\301\020@"
 183      66D0 4418 
 183      5C4C CBC8 
 183      5671 6729 
 183      83FA BCF4 
 184 02bd F188 638D 		.ascii	"\361\210c\215\031w\377\322%f\246\213c>_\024\335\324f\305\246"
 184      1977 FFD2 
 184      2566 A68B 
 184      633E 5F14 
 184      DDD4 66C5 
 185 02d2 34CB 28E7 		.ascii	"4\313(\347\b\312\365\263\2733u\334\023\212Rx*c\224#(\256\241"
 185      08CA F5B3 
 185      BB33 75DC 
 185      138A 5278 
 185      2A63 9423 
 186 02e9 32C7      		.ascii	"2\307"
 187 02eb 02C2 E55D 		.string	"\002\302\345]\202\320\242@h\221\021Z\t\302\336=\035Ej.\233\305\b\252\357J\263^hQ\230~\251
 187      82D0 A240 
 187      6891 115A 
 187      09C2 DE3D 
 187      1D45 6A2E 
 188 03ec 8C97 B60E 		.string	"\214\227\266\016\253\270<\216"
 188      ABB8 3C8E 
 188      00
 189 03f5 0CEE 2F3F 		.string	"\f\356/?\022E\020*GGK\320v\267\262\177\334P\200\334\220Az\bH\331\310\2247\202\353\226@*:\
 189      1245 102A 
 189      4747 4BD0 
 189      76B7 B27F 
 189      DC50 80DC 
 190 048f B647 B2F6 		.ascii	"\266G\262\366\020k\371\016ZM\357\240\275\336\251o5d\b\255\025"
 190      106B F90E 
 190      5A4D EFA0 
 190      BDDE A96F 
 190      3564 08AD 
 191 04a4 2BF2 2F7C 		.ascii	"+\362/|\2653\204{D\322\307\026\264=(\r\361\337B/\350-t\037\320"
 191      B533 847B 
 191      44D2 C716 
 191      B43D 280D 
 191      F1DF 422F 
 192 04bd BF9F BD85 		.ascii	"\277\237\275\205V+o!J\200\361\257\216\356A\266VK\331\272\003"
 192      562B 6F21 
 192      4A80 F1AF 
 192      8EEE 41B6 
 192      564B D9BA 
 193 04d2 CABB 345B 		.ascii	"\312\2734[\315'\272k#\264\222K\313O\273\240Ar\023\245\025\325"
 193      CD27 BA6B 
 193      23B4 924B 
 193      CB4F BBA0 
 193      4172 13A5 
 194 04e8 DD08 4C4C 		.ascii	"\335\bLLg@b\036H\241> \241>\366\366\244\251\270IZ\t\007\206{"
 194      6740 621E 
 194      48A1 3E20 
 194      A13E F6F6 
 194      A4A9 B849 
 195 0501 776A B974 		.ascii	"wj\271t\025\031\214\266\275<\211\017.\032\226;\351\310D\373c"
 195      1519 8CB6 
 195      BD3C 890F 
 195      2E1A 963B 
 195      E9C8 44FB 
 196 0516 5CF4 EECA 		.ascii	"\\\364\356\312\261\362\252\272\337\237\310\026I\227\336\352\330"
 196      B1F2 AABA 
 196      DF9F C816 
 196      4997 DEEA 
 196      D8
 197 0527 F626 49FE 		.ascii	"\366&I\376\220\277I>\304MrH\2569/\251\271\347G{\017q\\U0p\347"
 197      90BF 493E 
 197      C44D 7248 
 197      AE39 2FA9 
 197      B9E7 477B 
 198 0542 D493 3D91 		.ascii	"\324\223=\221\004\334\325s\f\321\336+\036\320\020\340\021?\360"
 198      04DC D573 
 198      0CD1 DE2B 
 198      1ED0 10E0 
 198      113F F0
 199 0555 2806 1E91 		.ascii	"(\006\036\221\201\037\021\340\355\025\351Ot\\c0\340\341\276\236"
 199      811F 11E0 
 199      ED15 E94F 
 199      745C 6330 
 199      E0E1 BE9E 
 200 0569 54CA DAD5 		.ascii	"T\312\332\325>\027\370\261\037x\f\003?\226\201\307\t\260\373"
 200      3E17 F8B1 
 200      1F78 0C03 
 200      3F96 81C7 
 200      09B0 FB
 201 057c C860 BA8E 		.ascii	"\310`\272\216;O\201\207/OwDb\340\037d\340\301\323]O\325\3636"
 201      3B4F 8187 
 201      2F4F 7744 
 201      62E0 1F64 
 201      E0C1 D35D 
 202 0594 31F4 04A3 		.ascii	"1\364\004\243=\r\270\366[|\356?r\375\301H\326V\324\374\212r\274"
 202      3D0D B8F6 
 202      5B7C EE3F 
 202      72FD C148 
 202      D656 D4FC 
 203 05ab ADE4 0810 		.ascii	"\255\344\b\020h\302\317\361\031F\235\2209N\022\216\316\314\361"
 203      68C2 CFF1 
 203      1946 9D90 
 203      394E 128E 
 203      CECC F1
 204 05be 1EC4 7983 		.ascii	"\036\304y\203\341\026\354\374\242!\212\0027T\314\t~\312\017\374"
 204      E116 ECFC 
 204      A221 8A02 
 204      3754 CC09 
 204      7ECA 0FFC 
 205 05d2 1C03 4FC9 		.ascii	"\034\003O\311\300/\b\360|\r\376\330\315\262\006\226\350p}\377"
 205      C02F 08F0 
 205      7C0D FED8 
 205      CDB2 0696 
 205      E870 7DFF 
 206 05e6 487B 7955 		.ascii	"H{yU\377\200G\3537\234\246\312\324\321\361\214\331\256?C\225"
 206      FF80 47EB 
 206      379C A6CA 
 206      D4D1 F18C 
 206      D9AE 3F43 
 207 05fb 597D 87CF 		.ascii	"Y}\207\317\262~\345K\252lq>=\252\013v\025\210,N\241O\276\nn]"
 207      B27E E54B 
 207      AA6C 713E 
 207      3DAA 0B76 
 207      1588 2C4E 
 208 0615 299D 09E5 		.ascii	")\235\t\345\246i\260\335\023?\334D$\264\312\201\341\372h\371"
 208      A669 B0DD 
 208      133F DC44 
 208      24B4 CA81 
 208      E1FA 68F9 
 209 0629 DBE9 4DEC 		.ascii	"\333\351M\354\204\034\354l\357\203w\032X*\213\003;\177\254\370"
 209      841C EC6C 
 209      EF83 771A 
 209      582A 8B03 
 209      3B7F ACF8 
 210 063d 1F5C 7108 		.ascii	"\037\\q\b\271#k\332'\235\360\005\251\327k\345k/\203\325\2424"
 210      B923 6BDA 
 210      279D F005 
 210      A9D7 6BE5 
 210      6B2F 83D5 
 211 0653 76EE B537 		.ascii	"v\356\2657\365.\236 w$\376\237\357cr\033\273\224\3141(\235\325"
 211      F52E 9E20 
 211      7724 FE9F 
 211      EF63 721B 
 211      BB94 CC31 
 212 066a A3ED 2C39 		.ascii	"\243\355,9\302\016w\305U5ix\357\340\341\344!\217\027\221\206"
 212      C20E 77C5 
 212      5535 6978 
 212      EFE0 E1E4 
 212      218F 1791 
 213 067f A7C6 C35D 		.ascii	"\247\306\303]\333\353\352\"\3110\224\264\231;]\344\263S\224\317"
 213      DBEB EA22 
 213      C930 94B4 
 213      993B 5DE4 
 213      B353 94CF 
 214 0693 AD4E D9A1 		.ascii	"\255N\331\241v\020\354_\353Q6\205\256\313\250\277\247Z\230\213"
 214      7610 EC5F 
 214      EB51 3685 
 214      AECB A8BF 
 214      A75A 988B 
 215 06a7 CDE1 6701 		.ascii	"\315\341g\001\"\3143a\351,\026\233;\331\205\262\023\031\200G"
 215      22CC 3361 
 215      E92C 169B 
 215      3BD9 85B2 
 215      1319 8047 
 216 06bb 4FF5 BD6E 		.ascii	"O\365\275n6\2401T\004\364\300/X\332\030\340\177\336z\177~\354"
 216      36A0 3154 
 216      04F4 C02F 
 216      58DA 18E0 
 216      7FDE 7A7F 
 217 06d1 E048 B872 		.ascii	"\340H\270r\247\360.\322z\317a\241\200v\262\312z\257\363=\234"
 217      A7F0 2ED2 
 217      7ACF 61A1 
 217      8076 B2CA 
 217      7AAF F33D 
 218 06e6 E0B8 8321 		.ascii	"\340\270\203!A\n\323w\260\350\033\035\331=\317\211\366NVt\212"
 218      410A D377 
 218      B0E8 1B1D 
 218      D93D CF89 
 218      F64E 5674 
 219 06fb 1E9F 6FBF 		.ascii	"\036\237o\277{\001\213aP\256\274}\350K\214\234+\357\340.6Xi\366"
 219      7B01 8B61 
 219      50AE BC7D 
 219      E84B 8C9C 
 219      2BEF E02E 
 220 0713 165E EF0C 		.ascii	"\026^\357\f\017\362\375\235G\210\355f%f5\216\376sj\356L0fO'j"
 220      0FF2 FD9D 
 220      4788 ED66 
 220      2566 358E 
 220      FE73 6AEE 
 221 072d 8BE9 91F1 		.ascii	"\213\351\221\361\364\rw(\231\001\016\312\3673\333\203\231\345"
 221      F40D 7728 
 221      9901 0ECA 
 221      F733 DB83 
 221      99E5 
 222 073f CBCC F612 		.ascii	"\313\314\366\022f\327\006\235\347\330yS\004&\005\001\371iu9\353"
 222      66D7 069D 
 222      E7D8 7953 
 222      0426 0501 
 222      F969 7539 
 223 0754 43B9 6ECA 		.ascii	"C\271n\312\242\376\314\350q\025\355\254\035\265C\177\277*\212"
 223      A2FE CCE8 
 223      7115 EDAC 
 223      1DB5 437F 
 223      BF2A 8A
 224 0767 F473 C2A5 		.ascii	"\364s\302\245\301^h\237\242\232\367\311+\026\222\025\177\234"
 224      C15E 689F 
 224      A29A F7C9 
 224      2B16 9215 
 224      7F9C 
 225 0779 BC2B 4691 		.ascii	"\274+F\221\\\300\266I\271x\224_\356\r\r\222\213\"B\342+9\027"
 225      5CC0 B649 
 225      B978 945F 
 225      EE0D 0D92 
 225      8B22 42E2 
 226 0790 3959 5F4E 		.ascii	"9Y_Nk\270\264Pz\242\356\235\332\204I\270<3c\213\244\017\360m"
 226      6BB8 B450 
 226      7AA2 EE9D 
 226      DA84 49B8 
 226      3C33 638B 
 227 07a8 08BB A062 		.ascii	"\b\273\240b\005\203b\231\301\327l,\023\372\301\272\215\261+\030"
 227      0583 6299 
 227      C1D7 6C2C 
 227      13FA C1BA 
 227      8DB1 2B18 
 228 07bc B5DD 64B1 		.ascii	"\265\335d\261\275c\260\351\343\354V!\316\230\"\304\231,\tf"
 228      BD63 B0E9 
 228      E3EC 5621 
 228      CE98 22C4 
 228      992C 0966 
 229 07d0 7B22 1F67 		.ascii	"{\"\037g\265%\302\324\333\2372\257m\334\360\236a\315\272\277"
 229      B525 C2D4 
 229      DB9F 32AF 
 229      6DDC F09E 
 229      61CD BABF 
 230 07e4 1956 9AAC 		.ascii	"\031V\232\254\306Mf\376\317f\363\032\213\215\027\004\373g6\353"
 230      C64D 66FE 
 230      CF66 F31A 
 230      8B8D 1704 
 230      FB67 36EB 
 231 07f8 1298 FCED 		.ascii	"\022\230\374\355J\301\224\302\013\3268x\367\317\274\235\300\350"
 231      4AC1 94C2 
 231      0BD6 3878 
 231      F7CF BC9D 
 231      C0E8 
 232 080a 65C7 1566 		.ascii	"e\307\025f\336(\004\270\205\033\f)|\202-Y0,_\256N2\033m6\336"
 232      DE28 04B8 
 232      851B 0C29 
 232      7C82 2D59 
 232      302C 5FAE 
 233 0824 B290 FF17 		.ascii	"\262\220\377\027L[\214f\363\026C\212\311j\202\245Tv+\237\030"
 233      4C5B 8C66 
 233      F316 438A 
 233      C96A 82A5 
 233      5476 2B9F 
 234 0839 6A35 7D02 		.ascii	"j5}\002Z\205\313\357^_\365\321*\300\305\370+\371\024S\002o\330"
 234      5A85 CBEF 
 234      5E5F F5D1 
 234      2AC0 C5F8 
 234      2BF9 1453 
 235 0850 6033 0AB6 		.ascii	"`3\n\266\017\223\336\027\214\233\371_(9\255J\341-6+\204\021\375"
 235      0F93 DE17 
 235      8C9B F95F 
 235      2839 AD4A 
 235      E12D 362B 
 236 0867 8ACF 7ADE 		.ascii	"\212\317z\336\312\333B\f\357%'\233\337XeI\374,\031\3425\254H"
 236      CADB 420C 
 236      EF25 279B 
 236      DF58 6549 
 236      FC2C 19E2 
 237 087e B624 993E 		.ascii	"\266$\231>\261\013\274_\023/\244\304\004 J\023\200\0313\353\206"
 237      B10B BC5F 
 237      132F A4C4 
 237      0420 4A13 
 237      8019 33EB 
 238 0893 4394 47D6 		.ascii	"C\224G\326\305\257\254\005\260\026`\277\344\225\tHj\002\235\213"
 238      C5AF AC05 
 238      B016 60BF 
 238      E495 0948 
 238      6A02 9D8B 
 239 08a7 5568 E385 		.ascii	"Uh\343\205\344\004\336j\005/\233\220l^\317\377\323\316[\211\201"
 239      E404 DE6A 
 239      052F 9B90 
 239      6C5E CFFF 
 239      D3CE 5B89 
 240 08bc 9F05 3584 		.ascii	"\237\0055\204\260-\211F!\021,0\035\214 \007`\264\231\222-\353"
 240      B02D 8946 
 240      2111 2C30 
 240      1D8C 2007 
 240      60B4 9992 
 241 08d2 EC9B 37F1 		.ascii	"\354\2337\361\202\006o\362\362?\030l\221\304`\355_\r\357\013"
 241      8206 6FF2 
 241      F23F 186C 
 241      91C4 60ED 
 241      5F0D EF0B 
 242 08e6 3CFF 6F3E 		.ascii	"<\377o>\302h\376\334\270\305j0Y\314&\013\377\332\234\255\224"
 242      C268 FEDC 
 242      B8C5 6A30 
 242      59CC 260B 
 242      FFDA 9CAD 
 243 08fb 1637 F302 		.ascii	"\0267\363\002@\207c\317\370\265k\r\037&%i\375\357\226\205\237"
 243      4087 63CF 
 243      F8B5 6B0D 
 243      1F26 2569 
 243      FDEF 9685 
 244 0910 1B05 8BC1 		.ascii	"\033\005\213\301n\301\373d\020x\253\335l\213\222g\327X\327\363"
 244      6EC1 FB64 
 244      1078 ABDD 
 244      6C8B 9267 
 244      D758 D7F3 
 245 0924 C6C4 2D0B 		.ascii	"\306\304-\013\34457Z\222\310\252\261\301s\r\341\330L\t\252\204"
 245      E435 375A 
 245      92C8 AAB1 
 245      C173 0DE1 
 245      D84C 09AA 
 246 0939 4F8D C212 		.ascii	"O\215\302\022\277\325\007\274m\205]\020`\033e\325l\3327\360f"
 246      BFD5 07BC 
 246      6D85 5D10 
 246      601B 65D5 
 246      6CDA 37F0 
 247 094e C89C 3CD4 		.ascii	"\310\234<\324\031\f\246\r\274i=o\373\310h\376\345+\025m\267\231"
 247      190C A60D 
 247      BC69 3D6F 
 247      FBC8 68FE 
 247      E52B 156D 
 248 0964 CC71 465B 		.ascii	"\314qF[\362fS\002\216\b\214W\230M\361F(\231\377\001\214\006\212"
 248      F266 5302 
 248      8E08 8C57 
 248      984D F146 
 248      2899 FF01 
 249 097b 2F        		.ascii	"/"
 250               		.text
 251               		.section	.gnu.lto_.symtab.f29159d3def237c,"",@progbits
 252 0000 5553 425F 		.string	"USB_INT_DisableAllInterrupts"
 252      494E 545F 
 252      4469 7361 
 252      626C 6541 
 252      6C6C 496E 
 253 001d 00        		.string	""
 254 001e 00        		.string	""
 255 001f 00        		.string	""
 256 0020 00        		.string	""
 257 0021 00        		.string	""
 258 0022 00        		.string	""
 259 0023 00        		.string	""
 260 0024 00        		.string	""
 261 0025 00        		.string	""
 262 0026 00        		.string	""
 263 0027 00        		.string	""
 264 0028 B000      		.string	"\260"
 265 002a 00        		.string	""
 266 002b 00        		.string	""
 267 002c 5553 425F 		.string	"USB_INT_ClearAllInterrupts"
 267      494E 545F 
 267      436C 6561 
 267      7241 6C6C 
 267      496E 7465 
 268 0047 00        		.string	""
 269 0048 00        		.string	""
 270 0049 00        		.string	""
 271 004a 00        		.string	""
 272 004b 00        		.string	""
 273 004c 00        		.string	""
 274 004d 00        		.string	""
 275 004e 00        		.string	""
 276 004f 00        		.string	""
 277 0050 00        		.string	""
 278 0051 00        		.string	""
 279 0052 B200      		.string	"\262"
 280 0054 00        		.string	""
 281 0055 00        		.string	""
 282 0056 5F5F 7665 		.string	"__vector_11"
 282      6374 6F72 
 282      5F31 3100 
 283 0062 00        		.string	""
 284 0063 00        		.string	""
 285 0064 00        		.string	""
 286 0065 00        		.string	""
 287 0066 00        		.string	""
 288 0067 00        		.string	""
 289 0068 00        		.string	""
 290 0069 00        		.string	""
 291 006a 00        		.string	""
 292 006b 00        		.string	""
 293 006c 00        		.string	""
 294 006d BC00      		.string	"\274"
 295 006f 00        		.string	""
 296 0070 00        		.string	""
 297 0071 5F5F 7665 		.string	"__vector_12"
 297      6374 6F72 
 297      5F31 3200 
 298 007d 00        		.string	""
 299 007e 00        		.string	""
 300 007f 00        		.string	""
 301 0080 00        		.string	""
 302 0081 00        		.string	""
 303 0082 00        		.string	""
 304 0083 00        		.string	""
 305 0084 00        		.string	""
 306 0085 00        		.string	""
 307 0086 00        		.string	""
 308 0087 00        		.string	""
 309 0088 C100      		.string	"\301"
 310 008a 00        		.string	""
 311 008b 00        		.string	""
 312 008c 5553 425F 		.string	"USB_ConfigurationNumber"
 312      436F 6E66 
 312      6967 7572 
 312      6174 696F 
 312      6E4E 756D 
 313 00a4 00        		.string	""
 314 00a5 0200      		.string	"\002"
 315 00a7 00        		.string	""
 316 00a8 00        		.string	""
 317 00a9 00        		.string	""
 318 00aa 00        		.string	""
 319 00ab 00        		.string	""
 320 00ac 00        		.string	""
 321 00ad 00        		.string	""
 322 00ae 00        		.string	""
 323 00af DA00      		.string	"\332"
 324 00b1 00        		.string	""
 325 00b2 00        		.string	""
 326 00b3 4556 454E 		.string	"EVENT_USB_Device_StartOfFrame"
 326      545F 5553 
 326      425F 4465 
 326      7669 6365 
 326      5F53 7461 
 327 00d1 00        		.string	""
 328 00d2 0200      		.string	"\002"
 329 00d4 00        		.string	""
 330 00d5 00        		.string	""
 331 00d6 00        		.string	""
 332 00d7 00        		.string	""
 333 00d8 00        		.string	""
 334 00d9 00        		.string	""
 335 00da 00        		.string	""
 336 00db 00        		.string	""
 337 00dc C300      		.string	"\303"
 338 00de 00        		.string	""
 339 00df 00        		.string	""
 340 00e0 4556 454E 		.string	"EVENT_USB_Device_Reset"
 340      545F 5553 
 340      425F 4465 
 340      7669 6365 
 340      5F52 6573 
 341 00f7 00        		.string	""
 342 00f8 0200      		.string	"\002"
 343 00fa 00        		.string	""
 344 00fb 00        		.string	""
 345 00fc 00        		.string	""
 346 00fd 00        		.string	""
 347 00fe 00        		.string	""
 348 00ff 00        		.string	""
 349 0100 00        		.string	""
 350 0101 00        		.string	""
 351 0102 C500      		.string	"\305"
 352 0104 00        		.string	""
 353 0105 00        		.string	""
 354 0106 456E 6470 		.string	"Endpoint_ConfigureEndpoint_Prv"
 354      6F69 6E74 
 354      5F43 6F6E 
 354      6669 6775 
 354      7265 456E 
 355 0125 00        		.string	""
 356 0126 0200      		.string	"\002"
 357 0128 00        		.string	""
 358 0129 00        		.string	""
 359 012a 00        		.string	""
 360 012b 00        		.string	""
 361 012c 00        		.string	""
 362 012d 00        		.string	""
 363 012e 00        		.string	""
 364 012f 00        		.string	""
 365 0130 D000      		.string	"\320"
 366 0132 00        		.string	""
 367 0133 00        		.string	""
 368 0134 456E 6470 		.string	"Endpoint_ClearEndpoints"
 368      6F69 6E74 
 368      5F43 6C65 
 368      6172 456E 
 368      6470 6F69 
 369 014c 00        		.string	""
 370 014d 0200      		.string	"\002"
 371 014f 00        		.string	""
 372 0150 00        		.string	""
 373 0151 00        		.string	""
 374 0152 00        		.string	""
 375 0153 00        		.string	""
 376 0154 00        		.string	""
 377 0155 00        		.string	""
 378 0156 00        		.string	""
 379 0157 D200      		.string	"\322"
 380 0159 00        		.string	""
 381 015a 00        		.string	""
 382 015b 4556 454E 		.string	"EVENT_USB_Device_Connect"
 382      545F 5553 
 382      425F 4465 
 382      7669 6365 
 382      5F43 6F6E 
 383 0174 00        		.string	""
 384 0175 0200      		.string	"\002"
 385 0177 00        		.string	""
 386 0178 00        		.string	""
 387 0179 00        		.string	""
 388 017a 00        		.string	""
 389 017b 00        		.string	""
 390 017c 00        		.string	""
 391 017d 00        		.string	""
 392 017e 00        		.string	""
 393 017f D400      		.string	"\324"
 394 0181 00        		.string	""
 395 0182 00        		.string	""
 396 0183 4556 454E 		.string	"EVENT_USB_Device_Disconnect"
 396      545F 5553 
 396      425F 4465 
 396      7669 6365 
 396      5F44 6973 
 397 019f 00        		.string	""
 398 01a0 0200      		.string	"\002"
 399 01a2 00        		.string	""
 400 01a3 00        		.string	""
 401 01a4 00        		.string	""
 402 01a5 00        		.string	""
 403 01a6 00        		.string	""
 404 01a7 00        		.string	""
 405 01a8 00        		.string	""
 406 01a9 00        		.string	""
 407 01aa D600      		.string	"\326"
 408 01ac 00        		.string	""
 409 01ad 00        		.string	""
 410 01ae 5553 425F 		.string	"USB_Device_ProcessControlRequest"
 410      4465 7669 
 410      6365 5F50 
 410      726F 6365 
 410      7373 436F 
 411 01cf 00        		.string	""
 412 01d0 0200      		.string	"\002"
 413 01d2 00        		.string	""
 414 01d3 00        		.string	""
 415 01d4 00        		.string	""
 416 01d5 00        		.string	""
 417 01d6 00        		.string	""
 418 01d7 00        		.string	""
 419 01d8 00        		.string	""
 420 01d9 00        		.string	""
 421 01da D800      		.string	"\330"
 422 01dc 00        		.string	""
 423 01dd 00        		.string	""
 424               		.text
 425               		.section	.gnu.lto_.opts,"",@progbits
 426 0000 272D 666E 		.string	"'-fno-trapv' '-mmcu=atmega16u2' '-gdwarf-2' '-O3' '-funsigned-char' '-fpack-struct' '-fno
 426      6F2D 7472 
 426      6170 7627 
 426      2027 2D6D 
 426      6D63 753D 
 427               		.text
 428               		.comm	__gnu_lto_v1,1,1
 429               		.comm	__gnu_lto_slim,1,1
 430               		.ident	"GCC: (GNU) 4.9.2 20141224 (prerelease)"
DEFINED SYMBOLS
                            *ABS*:0000000000000000 USBInterrupt.c
     /tmp/ccP1eWSZ.s:2      *ABS*:000000000000003e __SP_H__
     /tmp/ccP1eWSZ.s:3      *ABS*:000000000000003d __SP_L__
     /tmp/ccP1eWSZ.s:4      *ABS*:000000000000003f __SREG__
     /tmp/ccP1eWSZ.s:5      *ABS*:0000000000000000 __tmp_reg__
     /tmp/ccP1eWSZ.s:6      *ABS*:0000000000000001 __zero_reg__
                            *COM*:0000000000000001 __gnu_lto_v1
                            *COM*:0000000000000001 __gnu_lto_slim

NO UNDEFINED SYMBOLS
