   1               		.file	"USBTask.c"
   2               	__SP_H__ = 0x3e
   3               	__SP_L__ = 0x3d
   4               	__SREG__ = 0x3f
   5               	__tmp_reg__ = 0
   6               	__zero_reg__ = 1
   7               		.text
   8               	.Ltext0:
   9               		.section	.gnu.lto_.profile.b1a10d42f35a884f,"",@progbits
  10 0000 789C 6361 		.string	"x\234ca```\001bF\006e~"
  10      6060 6001 
  10      6246 0665 
  10      7E00 
  11 000e 00        		.string	""
  12 000f B500      		.string	"\265"
  13 0011 3C        		.ascii	"<"
  14               		.text
  15               		.section	.gnu.lto_.icf.b1a10d42f35a884f,"",@progbits
  16 0000 789C 6361 		.string	"x\234ca\200"
  16      8000 
  17 0006 1106 0460 		.string	"\021\006\004`f\370\264\361\334\016\016\306\343\267w>bc\352\377\373\3769/\003"
  17      66F8 B4F1 
  17      DC0E 0EC6 
  17      E3B7 773E 
  17      6263 EAFF 
  18 0020 696B 0A02 		.ascii	"ik\n\002"
  19               		.text
  20               		.section	.gnu.lto_.jmpfuncs.b1a10d42f35a884f,"",@progbits
  21 0000 789C 6361 		.string	"x\234ca\200"
  21      8000 
  22 0006 2E06 0460 		.string	".\006\004`\002\021\214 \002"
  22      0211 8C20 
  22      0200 
  23 0010 018B 00   		.string	"\001\213"
  24 0013 12        		.ascii	"\022"
  25               		.text
  26               		.section	.gnu.lto_.inline.b1a10d42f35a884f,"",@progbits
  27 0000 789C 6361 		.string	"x\234ca\200"
  27      8000 
  28 0006 4306 0460 		.string	"C\006\004`b`\340\347ad`\022\233P\315\300\266@\236\t$\306\310\005\"\030X@\342@\026\2120\00
  28      6260 E0E7 
  28      6164 6012 
  28      9B50 CDC0 
  28      B640 9E09 
  29 0029 6867 032F 		.ascii	"hg\003/"
  30               		.text
  31               		.section	.gnu.lto_.pureconst.b1a10d42f35a884f,"",@progbits
  32 0000 789C 6361 		.string	"x\234ca```\005b&\006)F\t"
  32      6060 6005 
  32      6226 0629 
  32      4609 00
  33 000f 00        		.string	""
  34 0010 E000      		.string	"\340"
  35 0012 3F        		.ascii	"?"
  36               		.text
  37               		.section	.gnu.lto_USB_DeviceTask.b1a10d42f35a884f,"",@progbits
  38 0000 789C 9553 		.string	"x\234\225S[HTA\030\236\177\346\234\263\353\262+=\031\204\204/K\370\220&=\364\346C\224O\02
  38      5B48 5441 
  38      189E 7FE6 
  38      9CB3 EBB2 
  38      2B3D 1984 
  39 0091 0DA4 1D98 		.string	"\r\244\035\230\227\013M7\300\013_\370\"\207\360\271h\210g6K\374>4\215\247\312\026\023\202
  39      970B 4D37 
  39      C00B 5FF8 
  39      2287 F0B9 
  39      6888 6736 
  40 00c0 A565 A845 		.ascii	"\245e\250Eh\001\003\260o\335c\312X\314/\315E}\332\351\324XP\200"
  40      6801 03B0 
  40      6FDD 63CA 
  40      58CC 2FCD 
  40      457D DAE9 
  41 00d8 418D 0D1B 		.ascii	"A\215\r\033\236B#\0075\214\315\341.\342\360\211s\352E\024\302"
  41      9E42 2307 
  41      358C CDE1 
  41      2EE2 F089 
  41      73EA 4514 
  42 00ed DF2A 968E 		.ascii	"\337*\226\216Q\035\277\320\020\343Z0<j\233\347A\201\331\304\314"
  42      511D BFD0 
  42      10E3 5A30 
  42      3C6A 9BE7 
  42      4181 D9C4 
  43 0102 BCBC 4145 		.ascii	"\274\274AE\271\030EcW\346\\\365P\347\013 ?\rnB:\334\200t\244"
  43      B918 4563 
  43      57E6 5CF5 
  43      50E7 0B20 
  43      3F0D 6E42 
  44 011b 710B EA81 		.ascii	"q\013\352\201M@`\314\237\366\253T\353lh\301E\233\001\030\334"
  44      4D40 60CC 
  44      9FF6 AB54 
  44      EB6C 68C1 
  44      459B 0118 
  45 0130 A63C 46C0 		.ascii	"\246<F\300\202E\262\025\356hcU\031U}\361\262\315%r,\274\206\300"
  45      8245 B215 
  45      EE68 6355 
  45      1955 7DF1 
  45      B2CD 2572 
  46 0148 78B7 C3DD 		.ascii	"x\267\303\335(e9:1y\260_\312j\251\241\006\270\003\002\025\303"
  46      2865 393A 
  46      3179 B05F 
  46      CA6A A9A1 
  46      06B8 0302 
  47 015e E674 D8A4 		.ascii	"\346t\330\244\n%\371\001w\301m\331\221\260\2421h\005#\306a\225"
  47      0A25 F901 
  47      77C1 6DD9 
  47      91B0 A231 
  47      6805 23C6 
  48 0174 79D0 4689 		.ascii	"y\320F\211\320NT\r\\|\3239\334\300\225\316i\300\270bb\346\243"
  48      D04E 540D 
  48      5C7C D339 
  48      DCC0 95CE 
  48      69C0 B862 
  49 018b 12EA 936B 		.ascii	"\022\352\223kHj\307\212\324{$5\n\376\037g\221~\211*aSU\236\016"
  49      486A C78A 
  49      D47B 2435 
  49      0AFE 1F67 
  49      917E 892A 
  50 01a4 57B5 38A9 		.ascii	"W\2658\251\n\007\033tb\366$\224\243\212\267@4,\2028\303)\300"
  50      0A07 1B74 
  50      62F6 2494 
  50      A38A B740 
  50      342C 8238 
  51 01bb E44B EF07 		.ascii	"\344K\357\007F\204\310\265\270}\355\256\355p\242\352\312ri~/"
  51      4684 C8B5 
  51      B87D EDAE 
  51      ED70 A2EA 
  51      CA72 697E 
  52 01d0 0948 D397 		.ascii	"\tH\323\227\021\024:t%k\206np'\236\221\216\306\366 \016\272Y"
  52      1114 3A74 
  52      256B 866E 
  52      7027 9E91 
  52      8EC6 F620 
  53 01e7 B350 FBEE 		.ascii	"\263P\373\356\202\355w\235\346\263\301\034\332\262l\003_m\303"
  53      82ED 779D 
  53      E6B3 C11C 
  53      DAB2 6C03 
  53      5F6D C3
  54 01fa 7DCB 8690 		.ascii	"}\313\206\220E\350/\232\037\240\3468\020\036\333\347\261\262"
  54      45E8 2F9A 
  54      1FA0 E638 
  54      101E DBE7 
  54      B1B2 
  55 020c 64A0 A1A2 		.ascii	"d\240\241\242e\020\261\032\244\327\002\351#\243Rpq\260\2512\222"
  55      6510 B11A 
  55      A4D7 02E9 
  55      23A3 5270 
  55      71B0 A932 
  56 0221 AABC 9E22 		.ascii	"\252\274\236\"\257\315\352\236\031{\"\356\303\025\334Gq\257\363"
  56      AFCD EA9E 
  56      197B 22EE 
  56      C315 DC47 
  56      71AF F3
  57 0234 985F 38D4 		.ascii	"\230_8\324\366\232\336\371a]\335*;<\3064\353\332\255#t\314I\270"
  57      F69A DEF9 
  57      615D DD2A 
  57      3B3C C634 
  57      EBDA AD23 
  58 024c 671A 9B76 		.ascii	"g\032\233v\211)\360\233uC\226\347D,\024\232\035\263y\027\345"
  58      8929 F09B 
  58      7543 96E7 
  58      442C 149A 
  58      1DB3 7917 
  59 0261 7949 5048 		.ascii	"yIPH\027\2375\230\340\305\307a\2636\351t9\361\330\326\374\327"
  59      179F 3598 
  59      E0C5 C761 
  59      B336 E974 
  59      39F1 D8D6 
  60 0277 B1F4 831B 		.ascii	"\261\364\203\033/\001\271\363\252b\364\365\365\242$w.>\317\241"
  60      2F01 B9F3 
  60      AA62 F4F5 
  60      F5A2 2477 
  60      2E3E CFA1 
  61 028b 943F 1F43 		.ascii	"\224?\037C\330rh\340_\307\360\004\355\360/\0235\254\347;\003"
  61      D872 68E0 
  61      5FC7 F004 
  61      EDF0 2F13 
  61      35AC E73B 
  62 02a0 E566 579E 		.ascii	"\345fW\236\272\366\214^7\3204\276\361\264\375{\267n\334\346)"
  62      BAF6 8C5E 
  62      37D0 34BE 
  62      F1B4 FD7B 
  62      B76E DCE6 
  63 02b5 28CD F714 		.ascii	"(\315\367\024g\343x\337\241\342\023YG\330\332\304\351\355\205"
  63      67E3 78DF 
  63      A1E2 1359 
  63      47D8 DAC4 
  63      E9ED 85
  64 02c8 474F 9F2A 		.ascii	"GO\237*(<\223u\2349w{\362K\343qj|\260\253\344\344\341|\317O8"
  64      283C 9375 
  64      9C39 777B 
  64      F24B E371 
  64      6A7C B0AB 
  65 02e3 F09A B7   		.ascii	"\360\232\267"
  66               		.text
  67               		.section	.gnu.lto_USB_USBTask.b1a10d42f35a884f,"",@progbits
  68 0000 789C 6361 		.string	"x\234ca\200\200\225@,\001\304\322@\314\310\314\300\3104\341\034\003C#\007\023##\210\321\3
  68      8080 9540 
  68      2C01 C4D2 
  68      40CC C8CC 
  68      C0C8 34E1 
  69 0035 C183 A3D3 		.string	"\301\203\243\323\231\033V\034`lef`\370\317\0041\212q9\243&\003P\331\243\215\377\246\362\2
  69      991B 561C 
  69      606C 6566 
  69      60F8 CF04 
  69      318A 7139 
  70 00cb 51DC 4520 		.ascii	"Q\334E "
  71               		.text
  72               		.section	.gnu.lto_.symbol_nodes.b1a10d42f35a884f,"",@progbits
  73 0000 789C 358A 		.ascii	"x\2345\212\271\r\2000\020\004\347\3744@\005P\027\305\370\b v"
  73      B90D 8030 
  73      1004 E7FC 
  73      3440 0550 
  73      17C5 F808 
  74 0016 0BD0 0544 		.ascii	"\013\320\005D|15\020P\0021\302F\"X\315j4\016\250\3230\033\001"
  74      7C31 3510 
  74      5002 31C2 
  74      4622 58CD 
  74      6A34 0EA8 
  75 002e E241 C6A8 		.ascii	"\342A\306\250\275\332\344V\202\374n\322\n\374\002M\221r?#m>\262"
  75      BDDA E456 
  75      82FC 6ED2 
  75      0AFC 024D 
  75      9172 3F23 
  76 0045 13CC D780 		.ascii	"\023\314\327\200j\t\026\307\325\335\306\n\f\347#\274\376\276"
  76      6A09 16C7 
  76      D5DD C60A 
  76      0CE7 23BC 
  76      FEBE 
  77 0057 15C0      		.ascii	"\025\300"
  78               		.text
  79               		.section	.gnu.lto_.refs.b1a10d42f35a884f,"",@progbits
  80 0000 789C 6361 		.string	"x\234ca```\004b\006"
  80      6060 6004 
  80      6206 00
  81 000b 00        		.string	""
  82 000c 3200      		.string	"2"
  83 000e 06        		.ascii	"\006"
  84               		.text
  85               		.section	.gnu.lto_.decls.b1a10d42f35a884f,"",@progbits
  86 0000 789C 8D55 		.string	"x\234\215UkLTG\024\276\347\336\005\226\313\313W\224\244\333\204\030M\350\017YL\223\246\37
  86      6B4C 5447 
  86      14BE E7DE 
  86      0596 CBCB 
  86      5794 A4DB 
  87 00c4 5341 0902 		.string	"SA\t\002(O`\246\270\300\\\374\3479\245\303\"\240<\003]\034\341}\335"
  87      284F 60A6 
  87      B8C0 5CFC 
  87      E739 A5C3 
  87      22A0 3C03 
  88 00de 19FB 814A 		.string	"\031\373\201J6\341k\214D\031\367\023\260\020\357\227\007\234R\024\200\247\177\201TV\tX\33
  88      36E1 6B8C 
  88      4419 F713 
  88      B010 EF97 
  88      079C 5214 
  89 012e 489B 096F 		.string	"H\233\to\353 \031\337\034\034\202x|\256\325(\310\037\312j\236F\314v\022\217\233x\237<^\33
  89      EB20 19DF 
  89      1C1C 8278 
  89      7CAE D528 
  89      C81F CA6A 
  90 0162 7A51 5005 		.ascii	"zQP\005\314\306\314\277\207\372\033#\205\371LI\357\315\237+\303"
  90      CCC6 CCBF 
  90      87FA 1B23 
  90      85F9 4C49 
  90      EFCD 9F2B 
  91 0177 91C5 E926 		.ascii	"\221\305\351&\236S=<q#\307B\306Q\031\340\250\f\346\250b\034e"
  91      9E53 3D3C 
  91      7123 C742 
  91      C651 19E0 
  91      A80C E6A8 
  92 018e 55A7 DCBC 		.ascii	"U\247\334\274\360\036\3438\271\355aV4rx\t\361\276lY\261\2754"
  92      F01E E338 
  92      B9ED 6156 
  92      3472 7809 
  92      F1BE 6C59 
  93 01a5 CB93 CCD4 		.ascii	"\313\223\314\324Bu\200\243\232q`\307\305\362\237<\315wi\205\257"
  93      4275 80A3 
  93      9A71 60C7 
  93      C5F2 9F3C 
  93      CD77 6985 
  94 01ba 587E E189 		.ascii	"X~\341\211\307\255a\217y\230&\202\026\335\272\373\025u1\350\316"
  94      C7AD 618F 
  94      7998 2682 
  94      16DD BAFB 
  94      1575 31E8 
  95 01cf 10C1 4387 		.ascii	"\020\301C\207\007_T5\304*\303\341\3506O\214{\342\024\227G\267"
  95      075F 5435 
  95      C42A C3E1 
  95      E836 4F8C 
  95      7BE2 1497 
  96 01e5 73EC E29E 		.ascii	"s\354\342\236(\005=\005\335\216\257\335E\2022\252A\267\364\332"
  96      2805 3D05 
  96      DD8E AFDD 
  96      4582 32AA 
  96      41B7 F4DA 
  97 01f9 9EC6 3061 		.ascii	"\236\3060a;\260:\373\376z1F\307V\210\370"
  97      3BB0 3AFB 
  97      FE7A 3146 
  97      C756 88F8 
  98 0209 7A05 0CB8 		.string	"z\005\f\270\356\036\177\036\243\004\350\370\351m\275C\242\260\233\201\3713\365-\007\004H\
  98      EE1E 7F1E 
  98      A304 E8F8 
  98      E96D BD43 
  98      A2B0 9B81 
  99 030a EDA9 50DA 		.string	"\355\251P\332\232"
  99      9A00 
 100 0310 ADB2 4A3B 		.ascii	"\255\262J;\363b\t\321R\020\247.\022m\333\224\255\232K\350\356"
 100      F362 09D1 
 100      5210 A72E 
 100      126D DB94 
 100      AD9A 4BE8 
 101 0325 3E82 C987 		.ascii	">\202\311\207Y\036\245B\020\264\341\242\267\300\034\370\025\255"
 101      591E A542 
 101      10B4 E1A2 
 101      B7C0 1CF8 
 101      15AD 
 102 0337 15ED 3CDA 		.ascii	"\025\355<\332\005\230\343\333\324{\333z^\360\302\036\266\367"
 102      0598 E3DB 
 102      D47B DB7A 
 102      5EF0 C21E 
 102      B6F7 
 103 0349 F9A3 4524 		.ascii	"\371\243E$?\n\022\247+\345\216\346\t\264\334e$\272\024x-\264"
 103      3F0A 12A7 
 103      2BE5 8EE6 
 103      09B4 DC65 
 103      24BA 1478 
 104 035f FA2B 8AC2 		.ascii	"\372+\212\302oX\353\177\326m\256\037\031\214\233[J\234\2707\237"
 104      6F58 EB7F 
 104      D66D AE1F 
 104      198C 9B5B 
 104      4A9C B837 
 105 0374 B86D DBF1 		.ascii	"\270m\333\361\210X\310J\271\225RA3q\263C\271\035\346bZuY\375"
 105      8858 C84A 
 105      B995 5241 
 105      3371 B343 
 105      B91D E662 
 106 038c 1651 38A2 		.ascii	"\026Q8\242\034U\227\232\273\n\"\204&\346h\212G~<#b\016D\242%"
 106      1C55 979A 
 106      BB0A 2284 
 106      26E6 688A 
 106      477E 3C23 
 107 03a5 16A2 F0DF 		.ascii	"\026\242\360\337!\222\373\226\2552q&\200\377+\274\212\302\350"
 107      2192 FB96 
 107      AD32 7126 
 107      80FF 2BBC 
 107      8AC2 E8
 108 03b8 1007 5D08 		.ascii	"\020\007]\b\277\202%\nq\036d\n\013\356\367\235{\034u\241S=\031"
 108      BF82 250A 
 108      711E 640A 
 108      0BEE F79D 
 108      7B1C 75A1 
 109 03cf 14CD 2517 		.ascii	"\024\315%\027~j\215\212D\312\354\327R\"\232\f\334\356\213\302"
 109      7E6A 8D8A 
 109      44CA ECD7 
 109      5222 9A0C 
 109      DCEE 8BC2 
 110 03e3 1996 9512 		.ascii	"\031\226\225\022\317\256\251$[\013\327\220\261C\235\236\357\340"
 110      CFAE A924 
 110      5B0B D790 
 110      B143 9D9E 
 110      EFE0 
 111 03f5 EC60 93EB 		.ascii	"\354`\223\353f\223kk\035s\305\212\271\214\377\265\033\007\361"
 111      6693 6B6B 
 111      1D73 C58A 
 111      B98C FFB5 
 111      1B07 F1
 112 0408 27BC FBBA 		.ascii	"'\274\373\272#\243\277\367oq\274\276D\377\347\303\301u\210f\247"
 112      23A3 BFF7 
 112      6F71 BCBE 
 112      44FF E7C3 
 112      C175 8866 
 113 041d 1AFE D3C5 		.ascii	"\032\376\323\305:\347\274\024&\252\2732\3775\344x\232\212\230"
 113      3AE7 BC14 
 113      26AA BB32 
 113      FF35 E478 
 113      9A8A 98
 114 0430 5350 DE90 		.ascii	"SP\336\220\313\007\027\240\007g\240@\237Z\240\217\025p\216u\266"
 114      CB07 17A0 
 114      0767 A040 
 114      9F5A A08F 
 114      1570 8E75 
 115 0445 C409 ADCA 		.ascii	"\304\t\255\312\2539T\265\327\035+\f)N^\343\271\242p\r.\351\237"
 115      AB39 54B5 
 115      D71D 2B0C 
 115      294E 5EE3 
 115      B9A2 700D 
 116 045c 6C39 31F2 		.ascii	"l91\362MoV\211@\317;\352\324|\327Y\317"
 116      4D6F 5689 
 116      40CF 3BEA 
 116      D47C D759 
 116      CF
 117 046d 86BD BEE1 		.string	"\206\275\276\341\211\266\201qm\360MCw\022\223\013\003\240\341\340\306\244\333&g\353\311\2
 117      89B6 8171 
 117      6DF0 4D43 
 117      7712 930B 
 117      03A0 E1E0 
 118 056e 5365 A3D5 		.ascii	"Se\243\325d\264\231\020\221\264\216\233F\031&\347\204g\246XM"
 118      64B4 9910 
 118      91B4 8E9B 
 118      4619 26E7 
 118      8467 A658 
 119 0583 D2E7 5A87 		.ascii	"\322\347Z\207\331*\317\177\307 '\351\327el\220\364\016\333\247"
 119      D92A CF7F 
 119      C720 27E9 
 119      D765 6C90 
 119      F40E DBA7 
 120 0597 C60D 46AB 		.ascii	"\306\rF\253\336\270\311&\247\317\223\021H\273z\2635\335\3420"
 120      DEB8 C926 
 120      A7CF 9311 
 120      48BB 7AB3 
 120      35DD E230 
 121 05ab 497A BB6C 		.ascii	"Iz\273lB<2\206g\246\031-\016I\273V\245\213\240<\357\032\344\230"
 121      423C 3286 
 121      67A6 192D 
 121      0E49 BB56 
 121      A58B A03C 
 122 05c3 B51B D4C8 		.ascii	"\265\033\324\310\352\315\033\245\210\314\367%\353'\362\2727\203"
 122      EACD 1BA5 
 122      88CC F725 
 122      EB27 F2BA 
 122      3783 
 123 05d5 05A6 CAA6 		.ascii	"\005\246\312\246 \br\315\240\352\324\220a\271d4I6\203<\225\006"
 123      2008 72CD 
 123      A0EA D490 
 123      61B9 6434 
 123      4936 833C 
 124 05eb 53EC 2956 		.ascii	"S\354)V\263l6Z\314_H\2460\303\242\214\f\313\033K\255\246\215"
 124      B36C 365A 
 124      CC5F 48A6 
 124      30C3 A28C 
 124      0CCB 1B4B 
 125 0602 1958 CCB0 		.ascii	"\031X\314\260L\222\027;l6\311*\373B1FK\246q\263\335`\266Z\314"
 125      4C92 173B 
 125      6C36 C92A 
 125      FB42 3146 
 125      4BA6 71B3 
 126 061b 5669 5AA6 		.ascii	"ViZ\246\321f58\254\016\273d2\330$\273\303\"\317\n\326\341\313"
 126      D166 3538 
 126      AC0E BB64 
 126      32D8 24BB 
 126      C322 CF0A 
 127 0632 4205 B3FC 		.ascii	"B\005\263\374\244\251\222EJ\367\023\306\373\343)\366\324\245"
 127      A4A9 9245 
 127      4AF7 13C6 
 127      FBE3 29F6 
 127      D4A5 
 128 0644 ABD7 AC5C 		.ascii	"\253\327\254\\%\245K\230m\372\0078-RJ"
 128      25A5 4B98 
 128      6DFA 0738 
 128      2D52 4A
 129               		.text
 130               		.section	.gnu.lto_.symtab.b1a10d42f35a884f,"",@progbits
 131 0000 5553 425F 		.string	"USB_USBTask"
 131      5553 4254 
 131      6173 6B00 
 132 000c 00        		.string	""
 133 000d 00        		.string	""
 134 000e 00        		.string	""
 135 000f 00        		.string	""
 136 0010 00        		.string	""
 137 0011 00        		.string	""
 138 0012 00        		.string	""
 139 0013 00        		.string	""
 140 0014 00        		.string	""
 141 0015 00        		.string	""
 142 0016 00        		.string	""
 143 0017 AD00      		.string	"\255"
 144 0019 00        		.string	""
 145 001a 00        		.string	""
 146 001b 5553 425F 		.string	"USB_ControlRequest"
 146      436F 6E74 
 146      726F 6C52 
 146      6571 7565 
 146      7374 00
 147 002e 00        		.string	""
 148 002f 04        		.ascii	"\004"
 149 0030 00        		.string	""
 150 0031 0800      		.string	"\b"
 151 0033 00        		.string	""
 152 0034 00        		.string	""
 153 0035 00        		.string	""
 154 0036 00        		.string	""
 155 0037 00        		.string	""
 156 0038 00        		.string	""
 157 0039 D000      		.string	"\320"
 158 003b 00        		.string	""
 159 003c 00        		.string	""
 160 003d 5553 425F 		.string	"USB_IsInitialized"
 160      4973 496E 
 160      6974 6961 
 160      6C69 7A65 
 160      6400 
 161 004f 00        		.string	""
 162 0050 04        		.ascii	"\004"
 163 0051 00        		.string	""
 164 0052 0100      		.string	"\001"
 165 0054 00        		.string	""
 166 0055 00        		.string	""
 167 0056 00        		.string	""
 168 0057 00        		.string	""
 169 0058 00        		.string	""
 170 0059 00        		.string	""
 171 005a D800      		.string	"\330"
 172 005c 00        		.string	""
 173 005d 00        		.string	""
 174 005e 5553 425F 		.string	"USB_Device_ProcessControlRequest"
 174      4465 7669 
 174      6365 5F50 
 174      726F 6365 
 174      7373 436F 
 175 007f 00        		.string	""
 176 0080 02        		.ascii	"\002"
 177 0081 00        		.string	""
 178 0082 00        		.string	""
 179 0083 00        		.string	""
 180 0084 00        		.string	""
 181 0085 00        		.string	""
 182 0086 00        		.string	""
 183 0087 00        		.string	""
 184 0088 00        		.string	""
 185 0089 00        		.string	""
 186 008a AF00      		.string	"\257"
 187 008c 00        		.string	""
 188 008d 00        		.string	""
 189               		.text
 190               		.section	.gnu.lto_.opts,"",@progbits
 191 0000 27        		.ascii	"'"
 192 0001 2D66 6D61 		.string	"-fmath-errno' '-fsigned-zeros' '-ftrapping-math' '-fno-trapv' '-fno-openmp' '-fno-openacc
 192      7468 2D65 
 192      7272 6E6F 
 192      2720 272D 
 192      6673 6967 
 193               		.text
 194               		.comm	__gnu_lto_v1,1,1
 195               		.comm	__gnu_lto_slim,1,1
 196               		.ident	"GCC: (GNU) 5.1.1 20150520"
DEFINED SYMBOLS
                            *ABS*:0000000000000000 USBTask.c
     /tmp/ccmgWko1.s:2      *ABS*:000000000000003e __SP_H__
     /tmp/ccmgWko1.s:3      *ABS*:000000000000003d __SP_L__
     /tmp/ccmgWko1.s:4      *ABS*:000000000000003f __SREG__
     /tmp/ccmgWko1.s:5      *ABS*:0000000000000000 __tmp_reg__
     /tmp/ccmgWko1.s:6      *ABS*:0000000000000001 __zero_reg__
                            *COM*:0000000000000001 __gnu_lto_v1
                            *COM*:0000000000000001 __gnu_lto_slim

NO UNDEFINED SYMBOLS
